<?xml version="1.0" encoding="UTF-8"?>
<testsuites>
  <testsuite name="abnormal" timestamp="2023-11-29T14:11:02Z" hostname="566394995c29" tests="14" skipped="7" failures="0" errors="0" time="0.825">
    <testcase time="0.0190000000000001" classname="abnormal" name="s_count_abnormal_works_with_healthy_input_and_default_arguments"/>
    <testcase time="0.0569999999999999" classname="abnormal" name="s_count_abnormal_works_with_healthy_input_and_default_arguments">
      <skipped message="Reason: On CRAN ('test-abnormal.R:24:3')"/>
    </testcase>
    <testcase time="0.091" classname="abnormal" name="s_count_abnormal_works_when_excluding_patients_with_abnormality_at_baseline"/>
    <testcase time="0.00500000000000012" classname="abnormal" name="s_count_abnormal_works_when_excluding_patients_with_abnormality_at_baseline">
      <skipped message="Reason: On CRAN ('test-abnormal.R:51:3')"/>
    </testcase>
    <testcase time="0.0309999999999999" classname="abnormal" name="s_count_abnormal_also_works_with_tibble_and_custom_arguments"/>
    <testcase time="0.146" classname="abnormal" name="s_count_abnormal_also_works_with_tibble_and_custom_arguments">
      <skipped message="Reason: On CRAN ('test-abnormal.R:80:3')"/>
    </testcase>
    <testcase time="0.118" classname="abnormal" name="count_abnormal_works_with_default_arguments"/>
    <testcase time="0.0310000000000001" classname="abnormal" name="count_abnormal_works_with_default_arguments">
      <skipped message="Reason: On CRAN ('test-abnormal.R:103:3')"/>
    </testcase>
    <testcase time="0.0699999999999998" classname="abnormal" name="count_abnormal_works_with_custom_arguments"/>
    <testcase time="0.0910000000000002" classname="abnormal" name="count_abnormal_works_with_custom_arguments">
      <skipped message="Reason: On CRAN ('test-abnormal.R:134:3')"/>
    </testcase>
    <testcase time="0.115" classname="abnormal" name="count_abnormal_works_with_default_arguments_and_visit"/>
    <testcase time="0.0310000000000001" classname="abnormal" name="count_abnormal_works_with_default_arguments_and_visit">
      <skipped message="Reason: On CRAN ('test-abnormal.R:160:3')"/>
    </testcase>
    <testcase time="0.0149999999999997" classname="abnormal" name="s_count_abnormal_works_with_healthy_input_and_grouped_abnormal_arguments"/>
    <testcase time="0.00500000000000034" classname="abnormal" name="s_count_abnormal_works_with_healthy_input_and_grouped_abnormal_arguments">
      <skipped message="Reason: On CRAN ('test-abnormal.R:186:3')"/>
    </testcase>
  </testsuite>
  <testsuite name="abnormal_by_baseline" timestamp="2023-11-29T14:11:03Z" hostname="566394995c29" tests="13" skipped="5" failures="0" errors="0" time="0.326">
    <testcase time="0.0249999999999999" classname="abnormal_by_baseline" name="s_count_abnormal_by_baseline_works_with_healthy_input_and_default_arguments"/>
    <testcase time="0.00499999999999989" classname="abnormal_by_baseline" name="s_count_abnormal_by_baseline_works_with_healthy_input_and_default_arguments">
      <skipped message="Reason: On CRAN ('test-abnormal_by_baseline.R:16:3')"/>
    </testcase>
    <testcase time="0.0150000000000001" classname="abnormal_by_baseline" name="s_count_abnormal_by_baseline_also_works_with_tibble_and_custom_arguments"/>
    <testcase time="0.00499999999999989" classname="abnormal_by_baseline" name="s_count_abnormal_by_baseline_also_works_with_tibble_and_custom_arguments">
      <skipped message="Reason: On CRAN ('test-abnormal_by_baseline.R:46:3')"/>
    </testcase>
    <testcase time="0.028" classname="abnormal_by_baseline" name="count_abnormal_by_baseline_throws_warning_with_character_var"/>
    <testcase time="0.00099999999999989" classname="abnormal_by_baseline" name="count_abnormal_by_baseline_throws_warning_with_character_var"/>
    <testcase time="0.004" classname="abnormal_by_baseline" name="count_abnormal_by_baseline_throws_warning_with_character_var">
      <skipped message="Reason: On CRAN ('test-abnormal_by_baseline.R:80:3')"/>
    </testcase>
    <testcase time="0.0880000000000001" classname="abnormal_by_baseline" name="count_abnormal_by_baseline_works_with_default_arguments"/>
    <testcase time="0.0329999999999999" classname="abnormal_by_baseline" name="count_abnormal_by_baseline_works_with_default_arguments">
      <skipped message="Reason: On CRAN ('test-abnormal_by_baseline.R:94:3')"/>
    </testcase>
    <testcase time="0.0680000000000001" classname="abnormal_by_baseline" name="count_abnormal_by_baseline_works_with_custom_arguments"/>
    <testcase time="0.0310000000000001" classname="abnormal_by_baseline" name="count_abnormal_by_baseline_works_with_custom_arguments">
      <skipped message="Reason: On CRAN ('test-abnormal_by_baseline.R:113:3')"/>
    </testcase>
    <testcase time="0.0179999999999998" classname="abnormal_by_baseline" name="s_count_abnormal_by_baseline_gives_error_for_NA_input"/>
    <testcase time="0.00500000000000034" classname="abnormal_by_baseline" name="s_count_abnormal_by_baseline_gives_error_for_NA_input"/>
  </testsuite>
  <testsuite name="abnormal_by_marked" timestamp="2023-11-29T14:11:04Z" hostname="566394995c29" tests="7" skipped="3" failures="0" errors="0" time="2.424">
    <testcase time="0.739" classname="abnormal_by_marked" name="s_count_abnormal_by_marked_works_as_expected"/>
    <testcase time="0.00499999999999989" classname="abnormal_by_marked" name="s_count_abnormal_by_marked_works_as_expected">
      <skipped message="Reason: On CRAN ('test-abnormal_by_marked.R:80:3')"/>
    </testcase>
    <testcase time="0.469" classname="abnormal_by_marked" name="s_count_abnormal_by_marked_works_as_expected"/>
    <testcase time="0.00500000000000034" classname="abnormal_by_marked" name="s_count_abnormal_by_marked_works_as_expected">
      <skipped message="Reason: On CRAN ('test-abnormal_by_marked.R:135:3')"/>
    </testcase>
    <testcase time="0.478" classname="abnormal_by_marked" name="s_count_abnormal_by_marked_returns_an_error_when_abn_dir_contains_two_direction_values"/>
    <testcase time="0.679" classname="abnormal_by_marked" name="count_abnormal_by_marked_works_as_expected"/>
    <testcase time="0.0489999999999995" classname="abnormal_by_marked" name="count_abnormal_by_marked_works_as_expected">
      <skipped message="Reason: On CRAN ('test-abnormal_by_marked.R:254:3')"/>
    </testcase>
  </testsuite>
  <testsuite name="abnormal_by_worst_grade" timestamp="2023-11-29T14:11:06Z" hostname="566394995c29" tests="5" skipped="2" failures="0" errors="0" time="0.246">
    <testcase time="0.0340000000000007" classname="abnormal_by_worst_grade" name="s_count_abnormal_by_worst_grade_works_as_expected"/>
    <testcase time="0.00499999999999989" classname="abnormal_by_worst_grade" name="s_count_abnormal_by_worst_grade_works_as_expected">
      <skipped message="Reason: On CRAN ('test-abnormal_by_worst_grade.R:43:3')"/>
    </testcase>
    <testcase time="0.109999999999999" classname="abnormal_by_worst_grade" name="count_abnormal_by_worst_grade_works_as_expected"/>
    <testcase time="0.0410000000000004" classname="abnormal_by_worst_grade" name="count_abnormal_by_worst_grade_works_as_expected">
      <skipped message="Reason: On CRAN ('test-abnormal_by_worst_grade.R:71:3')"/>
    </testcase>
    <testcase time="0.056" classname="abnormal_by_worst_grade" name="count_abnormal_by_worst_grade_returns_an_error_when_variables_param_and_variables_grade_dir_are_taking_variable_names_not_used_for_splitting_the_layout_in_rows."/>
  </testsuite>
  <testsuite name="abnormal_by_worst_grade_worsen" timestamp="2023-11-29T14:11:06Z" hostname="566394995c29" tests="20" skipped="8" failures="0" errors="0" time="0.641">
    <testcase time="0.0880000000000001" classname="abnormal_by_worst_grade_worsen" name="h_adlb_worsen_stacks_data_correctly_simple_case_"/>
    <testcase time="0.00699999999999967" classname="abnormal_by_worst_grade_worsen" name="h_adlb_worsen_stacks_data_correctly_simple_case_">
      <skipped message="Reason: On CRAN ('test-abnormal_by_worst_grade_worsen.R:64:3')"/>
    </testcase>
    <testcase time="0.0339999999999998" classname="abnormal_by_worst_grade_worsen" name="h_adlb_worsen_stacks_data_correctly"/>
    <testcase time="0.00500000000000078" classname="abnormal_by_worst_grade_worsen" name="h_adlb_worsen_stacks_data_correctly">
      <skipped message="Reason: On CRAN ('test-abnormal_by_worst_grade_worsen.R:82:3')"/>
    </testcase>
    <testcase time="0.016" classname="abnormal_by_worst_grade_worsen" name="h_worsen_counter_counts_data_low_correctly"/>
    <testcase time="0.00399999999999956" classname="abnormal_by_worst_grade_worsen" name="h_worsen_counter_counts_data_low_correctly">
      <skipped message="Reason: On CRAN ('test-abnormal_by_worst_grade_worsen.R:102:3')"/>
    </testcase>
    <testcase time="0.0149999999999997" classname="abnormal_by_worst_grade_worsen" name="h_worsen_counter_counts_data_high_correctly"/>
    <testcase time="0.00400000000000045" classname="abnormal_by_worst_grade_worsen" name="h_worsen_counter_counts_data_high_correctly">
      <skipped message="Reason: On CRAN ('test-abnormal_by_worst_grade_worsen.R:122:3')"/>
    </testcase>
    <testcase time="0.0149999999999997" classname="abnormal_by_worst_grade_worsen" name="h_worsen_counter_counts_data_low_no_high_correctly"/>
    <testcase time="0.00400000000000045" classname="abnormal_by_worst_grade_worsen" name="h_worsen_counter_counts_data_low_no_high_correctly">
      <skipped message="Reason: On CRAN ('test-abnormal_by_worst_grade_worsen.R:142:3')"/>
    </testcase>
    <testcase time="0.0149999999999997" classname="abnormal_by_worst_grade_worsen" name="h_worsen_counter_counts_data_low_no_low_correctly"/>
    <testcase time="0.00400000000000045" classname="abnormal_by_worst_grade_worsen" name="h_worsen_counter_counts_data_low_no_low_correctly">
      <skipped message="Reason: On CRAN ('test-abnormal_by_worst_grade_worsen.R:162:3')"/>
    </testcase>
    <testcase time="0.0149999999999997" classname="abnormal_by_worst_grade_worsen" name="s_count_abnormal_lab_worsen_by_baseline"/>
    <testcase time="0.00499999999999989" classname="abnormal_by_worst_grade_worsen" name="s_count_abnormal_lab_worsen_by_baseline">
      <skipped message="Reason: On CRAN ('test-abnormal_by_worst_grade_worsen.R:184:3')"/>
    </testcase>
    <testcase time="0.245" classname="abnormal_by_worst_grade_worsen" name="count_abnormal_lab_worsen_by_baseline"/>
    <testcase time="0.113" classname="abnormal_by_worst_grade_worsen" name="count_abnormal_lab_worsen_by_baseline">
      <skipped message="Reason: On CRAN ('test-abnormal_by_worst_grade_worsen.R:211:3')"/>
    </testcase>
    <testcase time="0.0270000000000001" classname="abnormal_by_worst_grade_worsen" name="h_adlb_worsen_all_high"/>
    <testcase time="0.00300000000000011" classname="abnormal_by_worst_grade_worsen" name="h_adlb_worsen_all_high"/>
    <testcase time="0.0190000000000001" classname="abnormal_by_worst_grade_worsen" name="h_adlb_worsen_all_low"/>
    <testcase time="0.00300000000000011" classname="abnormal_by_worst_grade_worsen" name="h_adlb_worsen_all_low"/>
  </testsuite>
  <testsuite name="analyze_variables" timestamp="2023-11-29T14:11:07Z" hostname="566394995c29" tests="80" skipped="31" failures="0" errors="0" time="2.747">
    <testcase time="0.0199999999999996" classname="analyze_variables" name="s_summary_return_NA_for_x_length_0L"/>
    <testcase time="0.00500000000000078" classname="analyze_variables" name="s_summary_return_NA_for_x_length_0L">
      <skipped message="Reason: On CRAN ('test-analyze_variables.R:7:3')"/>
    </testcase>
    <testcase time="0.0149999999999997" classname="analyze_variables" name="s_summary_handles_NA"/>
    <testcase time="0.00399999999999956" classname="analyze_variables" name="s_summary_handles_NA">
      <skipped message="Reason: On CRAN ('test-analyze_variables.R:17:3')"/>
    </testcase>
    <testcase time="0.0150000000000006" classname="analyze_variables" name="s_summary_returns_right_results_for_n_2"/>
    <testcase time="0.00399999999999956" classname="analyze_variables" name="s_summary_returns_right_results_for_n_2">
      <skipped message="Reason: On CRAN ('test-analyze_variables.R:31:3')"/>
    </testcase>
    <testcase time="0.0150000000000006" classname="analyze_variables" name="s_summary_returns_right_results_for_n_8"/>
    <testcase time="0.00499999999999989" classname="analyze_variables" name="s_summary_returns_right_results_for_n_8">
      <skipped message="Reason: On CRAN ('test-analyze_variables.R:39:3')"/>
    </testcase>
    <testcase time="0.0139999999999993" classname="analyze_variables" name="s_summary_works_with_factors"/>
    <testcase time="0.00400000000000045" classname="analyze_variables" name="s_summary_works_with_factors">
      <skipped message="Reason: On CRAN ('test-analyze_variables.R:48:3')"/>
    </testcase>
    <testcase time="0.0170000000000003" classname="analyze_variables" name="s_summary_fails_with_factors_that_have_no_levels_or_have_empty_string_levels"/>
    <testcase time="0.00399999999999956" classname="analyze_variables" name="s_summary_fails_with_factors_that_have_no_levels_or_have_empty_string_levels"/>
    <testcase time="0.00699999999999967" classname="analyze_variables" name="s_summary_works_when_factors_have_NA_levels"/>
    <testcase time="0.00400000000000045" classname="analyze_variables" name="s_summary_works_when_factors_have_NA_levels">
      <skipped message="Reason: On CRAN ('test-analyze_variables.R:62:3')"/>
    </testcase>
    <testcase time="0.0140000000000002" classname="analyze_variables" name="s_summary_works_with_factors_with_NA_values_handled_and_correctly_removes_them_by_default"/>
    <testcase time="0.00499999999999989" classname="analyze_variables" name="s_summary_works_with_factors_with_NA_values_handled_and_correctly_removes_them_by_default">
      <skipped message="Reason: On CRAN ('test-analyze_variables.R:72:3')"/>
    </testcase>
    <testcase time="0.0129999999999999" classname="analyze_variables" name="s_summary_works_with_length_0_factors_that_have_levels"/>
    <testcase time="0.00999999999999979" classname="analyze_variables" name="s_summary_works_with_length_0_factors_that_have_levels">
      <skipped message="Reason: On CRAN ('test-analyze_variables.R:81:3')"/>
    </testcase>
    <testcase time="0.0129999999999999" classname="analyze_variables" name="s_summary_works_with_factors_and_different_denominator_choices"/>
    <testcase time="0.00499999999999989" classname="analyze_variables" name="s_summary_works_with_factors_and_different_denominator_choices">
      <skipped message="Reason: On CRAN ('test-analyze_variables.R:90:3')"/>
    </testcase>
    <testcase time="0.016" classname="analyze_variables" name="s_summary_works_with_characters_by_converting_to_character"/>
    <testcase time="0.00400000000000045" classname="analyze_variables" name="s_summary_works_with_characters_by_converting_to_character"/>
    <testcase time="0.00899999999999945" classname="analyze_variables" name="s_summary_works_with_characters_by_converting_to_character_and_handling_empty_strings"/>
    <testcase time="0.00200000000000067" classname="analyze_variables" name="s_summary_works_with_characters_by_converting_to_character_and_handling_empty_strings"/>
    <testcase time="0.00399999999999956" classname="analyze_variables" name="s_summary_works_with_characters_by_converting_to_character_and_handling_empty_strings">
      <skipped message="Reason: On CRAN ('test-analyze_variables.R:113:3')"/>
    </testcase>
    <testcase time="0.0170000000000003" classname="analyze_variables" name="s_summary_does_not_work_for_length_0_character_vectors"/>
    <testcase time="0.00600000000000023" classname="analyze_variables" name="s_summary_works_with_logical_vectors"/>
    <testcase time="0.00499999999999989" classname="analyze_variables" name="s_summary_works_with_logical_vectors">
      <skipped message="Reason: On CRAN ('test-analyze_variables.R:127:3')"/>
    </testcase>
    <testcase time="0.0129999999999999" classname="analyze_variables" name="s_summary_works_with_length_0_logical_vectors"/>
    <testcase time="0.00499999999999989" classname="analyze_variables" name="s_summary_works_with_length_0_logical_vectors">
      <skipped message="Reason: On CRAN ('test-analyze_variables.R:134:3')"/>
    </testcase>
    <testcase time="0.0129999999999999" classname="analyze_variables" name="s_summary_works_with_logical_vectors_and_by_default_removes_NA"/>
    <testcase time="0.00400000000000045" classname="analyze_variables" name="s_summary_works_with_logical_vectors_and_by_default_removes_NA">
      <skipped message="Reason: On CRAN ('test-analyze_variables.R:143:3')"/>
    </testcase>
    <testcase time="0.0139999999999993" classname="analyze_variables" name="s_summary_works_with_logical_vectors_and_by_if_requested_does_not_remove_NA_from_n"/>
    <testcase time="0.00400000000000045" classname="analyze_variables" name="s_summary_works_with_logical_vectors_and_by_if_requested_does_not_remove_NA_from_n">
      <skipped message="Reason: On CRAN ('test-analyze_variables.R:152:3')"/>
    </testcase>
    <testcase time="0.0169999999999995" classname="analyze_variables" name="a_summary_work_with_healthy_input."/>
    <testcase time="0.00400000000000045" classname="analyze_variables" name="a_summary_work_with_healthy_input."/>
    <testcase time="0.00300000000000011" classname="analyze_variables" name="a_summary_work_with_healthy_input."/>
    <testcase time="0.00699999999999967" classname="analyze_variables" name="a_summary_work_with_healthy_input.">
      <skipped message="Reason: On CRAN ('test-analyze_variables.R:171:3')"/>
    </testcase>
    <testcase time="0.016" classname="analyze_variables" name="a_summary_works_with_custom_input."/>
    <testcase time="0.00499999999999989" classname="analyze_variables" name="a_summary_works_with_custom_input.">
      <skipped message="Reason: On CRAN ('test-analyze_variables.R:228:3')"/>
    </testcase>
    <testcase time="0.0170000000000003" classname="analyze_variables" name="a_summary_works_with_healthy_input_when_compare_TRUE."/>
    <testcase time="0.00600000000000023" classname="analyze_variables" name="a_summary_works_with_healthy_input_when_compare_TRUE.">
      <skipped message="Reason: On CRAN ('test-analyze_variables.R:245:3')"/>
    </testcase>
    <testcase time="0.016" classname="analyze_variables" name="a_summary_works_with_custom_input_when_compare_TRUE."/>
    <testcase time="0.00899999999999945" classname="analyze_variables" name="a_summary_works_with_custom_input_when_compare_TRUE.">
      <skipped message="Reason: On CRAN ('test-analyze_variables.R:275:3')"/>
    </testcase>
    <testcase time="0.0390000000000006" classname="analyze_variables" name="_analyze_vars_works_with_healthy_input_default_na.rm_TRUE_."/>
    <testcase time="0.0229999999999997" classname="analyze_variables" name="_analyze_vars_works_with_healthy_input_default_na.rm_TRUE_.">
      <skipped message="Reason: On CRAN ('test-analyze_variables.R:295:3')"/>
    </testcase>
    <testcase time="0.0419999999999998" classname="analyze_variables" name="_analyze_vars_works_with_healthy_input_and_control_function."/>
    <testcase time="0.0250000000000004" classname="analyze_variables" name="_analyze_vars_works_with_healthy_input_and_control_function.">
      <skipped message="Reason: On CRAN ('test-analyze_variables.R:310:3')"/>
    </testcase>
    <testcase time="0.04" classname="analyze_variables" name="_analyze_vars_works_with_healthy_input_alternative_na.rm_FALSE_"/>
    <testcase time="0.0219999999999994" classname="analyze_variables" name="_analyze_vars_works_with_healthy_input_alternative_na.rm_FALSE_">
      <skipped message="Reason: On CRAN ('test-analyze_variables.R:321:3')"/>
    </testcase>
    <testcase time="0.0420000000000007" classname="analyze_variables" name="_analyze_vars_works_with_healthy_factor_input"/>
    <testcase time="0.0209999999999999" classname="analyze_variables" name="_analyze_vars_works_with_healthy_factor_input">
      <skipped message="Reason: On CRAN ('test-analyze_variables.R:332:3')"/>
    </testcase>
    <testcase time="0.04" classname="analyze_variables" name="_analyze_vars_works_with_healthy_factor_input_alternative_na.rm_FALSE_"/>
    <testcase time="0.024" classname="analyze_variables" name="_analyze_vars_works_with_healthy_factor_input_alternative_na.rm_FALSE_">
      <skipped message="Reason: On CRAN ('test-analyze_variables.R:343:3')"/>
    </testcase>
    <testcase time="0.372" classname="analyze_variables" name="_analyze_vars_works_with_factors_and_different_denominators"/>
    <testcase time="0.00399999999999956" classname="analyze_variables" name="_analyze_vars_works_with_factors_and_different_denominators"/>
    <testcase time="0.00100000000000033" classname="analyze_variables" name="_analyze_vars_works_with_factors_and_different_denominators"/>
    <testcase time="0.0910000000000002" classname="analyze_variables" name="_analyze_vars_works_with_factors_and_different_denominators">
      <skipped message="Reason: On CRAN ('test-analyze_variables.R:378:3')"/>
    </testcase>
    <testcase time="0.405" classname="analyze_variables" name="analyze_vars_works_in_demographic_table_example"/>
    <testcase time="0.323" classname="analyze_variables" name="analyze_vars_works_in_demographic_table_example">
      <skipped message="Reason: On CRAN ('test-analyze_variables.R:389:3')"/>
    </testcase>
    <testcase time="0.0510000000000002" classname="analyze_variables" name="_analyze_vars_works_with_character_input_and_gives_the_same_result_as_with_factor"/>
    <testcase time="0.0229999999999997" classname="analyze_variables" name="_analyze_vars_works_with_character_input_and_gives_the_same_result_as_with_factor"/>
    <testcase time="0.0489999999999995" classname="analyze_variables" name="_analyze_vars_does_not_work_with_sparse_character_input_due_to_missing_statistics"/>
    <testcase time="0.0259999999999998" classname="analyze_variables" name="_analyze_vars_does_not_work_with_sparse_character_input_due_to_missing_statistics"/>
    <testcase time="0.0259999999999998" classname="analyze_variables" name="_analyze_vars_works_with_logical_input"/>
    <testcase time="0.0179999999999989" classname="analyze_variables" name="_analyze_vars_works_with_logical_input">
      <skipped message="Reason: On CRAN ('test-analyze_variables.R:437:3')"/>
    </testcase>
    <testcase time="0.0400000000000009" classname="analyze_variables" name="_analyze_vars_works_with_healthy_logical_input_alternative_na.rm_FALSE_"/>
    <testcase time="0.0229999999999997" classname="analyze_variables" name="_analyze_vars_works_with_healthy_logical_input_alternative_na.rm_FALSE_">
      <skipped message="Reason: On CRAN ('test-analyze_variables.R:448:3')"/>
    </testcase>
    <testcase time="0.0540000000000003" classname="analyze_variables" name="_analyze_vars_works_with_empty_named_numeric_variables"/>
    <testcase time="0.0289999999999999" classname="analyze_variables" name="_analyze_vars_works_with_empty_named_numeric_variables">
      <skipped message="Reason: On CRAN ('test-analyze_variables.R:474:3')"/>
    </testcase>
    <testcase time="0.119999999999999" classname="analyze_variables" name="analyze_vars_na_str_argument_works_as_expected"/>
    <testcase time="0.0650000000000013" classname="analyze_variables" name="analyze_vars_na_str_argument_works_as_expected">
      <skipped message="Reason: On CRAN ('test-analyze_variables.R:492:3')"/>
    </testcase>
    <testcase time="0.0139999999999993" classname="analyze_variables" name="control_analyze_vars_works_with_customized_parameters"/>
    <testcase time="0.00500000000000078" classname="analyze_variables" name="control_analyze_vars_works_with_customized_parameters">
      <skipped message="Reason: On CRAN ('test-analyze_variables.R:502:3')"/>
    </testcase>
    <testcase time="0.0169999999999995" classname="analyze_variables" name="control_analyze_vars_fails_wrong_inputs"/>
    <testcase time="0.00499999999999901" classname="analyze_variables" name="control_analyze_vars_fails_wrong_inputs"/>
    <testcase time="0.0240000000000009" classname="analyze_variables" name="create_afun_summary_creates_an_afun_that_works_and_throws_a_warning"/>
    <testcase time="0.173" classname="analyze_variables" name="create_afun_summary_creates_an_afun_that_works_and_throws_a_warning"/>
    <testcase time="0.0329999999999995" classname="analyze_variables" name="analyze_vars_works_correctly_with_auto_formats"/>
    <testcase time="0.0290000000000017" classname="analyze_variables" name="analyze_vars_works_correctly_with_auto_formats">
      <skipped message="Reason: On CRAN ('test-analyze_variables.R:547:3')"/>
    </testcase>
  </testsuite>
  <testsuite name="analyze_vars_in_cols" timestamp="2023-11-29T14:11:09Z" hostname="566394995c29" tests="15" skipped="7" failures="0" errors="0" time="2.133">
    <testcase time="0.196" classname="analyze_vars_in_cols" name="analyze_vars_in_cols_works_correctly"/>
    <testcase time="0.0589999999999993" classname="analyze_vars_in_cols" name="analyze_vars_in_cols_works_correctly">
      <skipped message="Reason: On CRAN ('test-analyze_vars_in_cols.R:11:3')"/>
    </testcase>
    <testcase time="0.0229999999999997" classname="analyze_vars_in_cols" name="analyze_vars_in_cols_throws_error_when_vars_and_.stats_lengths_differ_in_len"/>
    <testcase time="0.116" classname="analyze_vars_in_cols" name="custom_labels_can_be_set_with_row_labels_for_analyze_colvars"/>
    <testcase time="0.0380000000000003" classname="analyze_vars_in_cols" name="custom_labels_can_be_set_with_row_labels_for_analyze_colvars">
      <skipped message="Reason: On CRAN ('test-analyze_vars_in_cols.R:53:3')"/>
    </testcase>
    <testcase time="0.110000000000001" classname="analyze_vars_in_cols" name="custom_labels_can_be_set_with_row_labels_and_summarize"/>
    <testcase time="0.0339999999999989" classname="analyze_vars_in_cols" name="custom_labels_can_be_set_with_row_labels_and_summarize">
      <skipped message="Reason: On CRAN ('test-analyze_vars_in_cols.R:105:3')"/>
    </testcase>
    <testcase time="0.357000000000001" classname="analyze_vars_in_cols" name="summarize_works_with_nested_analyze"/>
    <testcase time="0.103" classname="analyze_vars_in_cols" name="summarize_works_with_nested_analyze">
      <skipped message="Reason: On CRAN ('test-analyze_vars_in_cols.R:180:3')"/>
    </testcase>
    <testcase time="0.0579999999999998" classname="analyze_vars_in_cols" name="analyze_vars_in_cols_works_well_with_categorical_data"/>
    <testcase time="0.244" classname="analyze_vars_in_cols" name="analyze_vars_in_cols_works_well_with_categorical_data">
      <skipped message="Reason: On CRAN ('test-analyze_vars_in_cols.R:251:3')"/>
    </testcase>
    <testcase time="0.343999999999999" classname="analyze_vars_in_cols" name="analyze_vars_in_cols_works_with_imputation_rule"/>
    <testcase time="0.0780000000000012" classname="analyze_vars_in_cols" name="analyze_vars_in_cols_works_with_imputation_rule">
      <skipped message="Reason: On CRAN ('test-analyze_vars_in_cols.R:319:3')"/>
    </testcase>
    <testcase time="0.288" classname="analyze_vars_in_cols" name="analyze_vars_in_cols_works_with_caching"/>
    <testcase time="0.0849999999999991" classname="analyze_vars_in_cols" name="analyze_vars_in_cols_works_with_caching">
      <skipped message="Reason: On CRAN ('test-analyze_vars_in_cols.R:422:3')"/>
    </testcase>
  </testsuite>
  <testsuite name="combination_function" timestamp="2023-11-29T14:11:12Z" hostname="566394995c29" tests="16" skipped="0" failures="0" errors="0" time="0.08">
    <testcase time="0.0180000000000007" classname="combination_function" name="CombinationFunction_class_can_be_used_with_standard_constructor"/>
    <testcase time="0.00300000000000011" classname="combination_function" name="CombinationFunction_class_can_be_used_with_standard_constructor"/>
    <testcase time="0.00300000000000011" classname="combination_function" name="CombinationFunction_class_can_be_used_with_standard_constructor"/>
    <testcase time="0.00799999999999912" classname="combination_function" name="CombinationFunction_custom_constructor_works"/>
    <testcase time="0.00500000000000078" classname="combination_function" name="CombinationFunction_method_works"/>
    <testcase time="0.00300000000000011" classname="combination_function" name="CombinationFunction_method_works"/>
    <testcase time="0.00399999999999956" classname="combination_function" name="CombinationFunction_method_works"/>
    <testcase time="0.00499999999999901" classname="combination_function" name="CombinationFunction_method_works"/>
    <testcase time="0.00400000000000134" classname="combination_function" name="CombinationFunction_method_works"/>
    <testcase time="0.00299999999999834" classname="combination_function" name="CombinationFunction_method_works"/>
    <testcase time="0.00500000000000078" classname="combination_function" name="CombinationFunction_method_works"/>
    <testcase time="0.00300000000000011" classname="combination_function" name="CombinationFunction_method_works"/>
    <testcase time="0.00399999999999956" classname="combination_function" name="CombinationFunction_method_works"/>
    <testcase time="0.00600000000000023" classname="combination_function" name="CombinationFunction_chain_of_logical_combinations_works"/>
    <testcase time="0.00300000000000011" classname="combination_function" name="CombinationFunction_chain_of_logical_combinations_works"/>
    <testcase time="0.00300000000000011" classname="combination_function" name="CombinationFunction_chain_of_logical_combinations_works"/>
  </testsuite>
  <testsuite name="compare_variables" timestamp="2023-11-29T14:11:12Z" hostname="566394995c29" tests="29" skipped="9" failures="0" errors="0" time="0.555">
    <testcase time="0.0109999999999992" classname="compare_variables" name="s_compare_works_for_numeric"/>
    <testcase time="0.00200000000000067" classname="compare_variables" name="s_compare_works_for_numeric"/>
    <testcase time="0.00399999999999956" classname="compare_variables" name="s_compare_works_for_numeric">
      <skipped message="Reason: On CRAN ('test-compare_variables.R:9:3')"/>
    </testcase>
    <testcase time="0.0150000000000006" classname="compare_variables" name="s_compare_for_numeric_does_not_give_p_value_when_not_at_least_2_values_in_each_group"/>
    <testcase time="0.000999999999999446" classname="compare_variables" name="s_compare_for_numeric_does_not_give_p_value_when_not_at_least_2_values_in_each_group"/>
    <testcase time="0.00399999999999956" classname="compare_variables" name="s_compare_for_numeric_does_not_give_p_value_when_not_at_least_2_values_in_each_group">
      <skipped message="Reason: On CRAN ('test-compare_variables.R:20:3')"/>
    </testcase>
    <testcase time="0.0150000000000006" classname="compare_variables" name="s_compare_for_factor_works_in_usual_case"/>
    <testcase time="0.00199999999999889" classname="compare_variables" name="s_compare_for_factor_works_in_usual_case"/>
    <testcase time="0.00399999999999956" classname="compare_variables" name="s_compare_for_factor_works_in_usual_case">
      <skipped message="Reason: On CRAN ('test-compare_variables.R:29:3')"/>
    </testcase>
    <testcase time="0.0150000000000006" classname="compare_variables" name="s_compare_for_factor_handles_explicit_NAs_as_expected"/>
    <testcase time="0.00200000000000067" classname="compare_variables" name="s_compare_for_factor_handles_explicit_NAs_as_expected"/>
    <testcase time="0.00399999999999956" classname="compare_variables" name="s_compare_for_factor_handles_explicit_NAs_as_expected">
      <skipped message="Reason: On CRAN ('test-compare_variables.R:47:3')"/>
    </testcase>
    <testcase time="0.0190000000000001" classname="compare_variables" name="s_compare_for_character_works_as_expected"/>
    <testcase time="0.00699999999999967" classname="compare_variables" name="s_compare_for_character_works_as_expected"/>
    <testcase time="0.00600000000000023" classname="compare_variables" name="s_compare_for_character_works_as_expected">
      <skipped message="Reason: On CRAN ('test-compare_variables.R:69:3')"/>
    </testcase>
    <testcase time="0.0150000000000006" classname="compare_variables" name="s_compare_for_logical_works_as_expected"/>
    <testcase time="0.00199999999999889" classname="compare_variables" name="s_compare_for_logical_works_as_expected"/>
    <testcase time="0.00399999999999956" classname="compare_variables" name="s_compare_for_logical_works_as_expected">
      <skipped message="Reason: On CRAN ('test-compare_variables.R:78:3')"/>
    </testcase>
    <testcase time="0.0140000000000011" classname="compare_variables" name="s_compare_for_logical_handles_NAs_as_FALSE_if_not_removed"/>
    <testcase time="0.00300000000000011" classname="compare_variables" name="s_compare_for_logical_handles_NAs_as_FALSE_if_not_removed"/>
    <testcase time="0.0849999999999991" classname="compare_variables" name="compare_vars_works_with_default_settings_in_rtables_layout_pipeline"/>
    <testcase time="0.0449999999999999" classname="compare_variables" name="compare_vars_works_with_default_settings_in_rtables_layout_pipeline">
      <skipped message="Reason: On CRAN ('test-compare_variables.R:100:3')"/>
    </testcase>
    <testcase time="0.0850000000000009" classname="compare_variables" name="compare_vars_works_with_custom_settings"/>
    <testcase time="0.0380000000000003" classname="compare_variables" name="compare_vars_works_with_custom_settings">
      <skipped message="Reason: On CRAN ('test-compare_variables.R:115:3')"/>
    </testcase>
    <testcase time="0.0629999999999988" classname="compare_variables" name="compare_vars_na_str_argument_works_as_expected"/>
    <testcase time="0.0330000000000013" classname="compare_variables" name="compare_vars_na_str_argument_works_as_expected">
      <skipped message="Reason: On CRAN ('test-compare_variables.R:125:3')"/>
    </testcase>
    <testcase time="0.0289999999999999" classname="compare_variables" name="create_afun_compare_returns_error_message"/>
    <testcase time="0.0169999999999995" classname="compare_variables" name="a_compare_returns_correct_output_and_warning_message"/>
    <testcase time="0.0109999999999992" classname="compare_variables" name="a_compare_returns_correct_output_and_warning_message"/>
  </testsuite>
  <testsuite name="control_logistic" timestamp="2023-11-29T14:11:12Z" hostname="566394995c29" tests="4" skipped="1" failures="0" errors="0" time="0.04">
    <testcase time="0.0130000000000017" classname="control_logistic" name="control_logistic_works_with_customized_parameters"/>
    <testcase time="0.00599999999999845" classname="control_logistic" name="control_logistic_works_with_customized_parameters">
      <skipped message="Reason: On CRAN ('test-control_logistic.R:8:3')"/>
    </testcase>
    <testcase time="0.0170000000000012" classname="control_logistic" name="control_logistic_fails_wrong_inputs"/>
    <testcase time="0.00399999999999956" classname="control_logistic" name="control_logistic_fails_wrong_inputs"/>
  </testsuite>
  <testsuite name="control_step" timestamp="2023-11-29T14:11:12Z" hostname="566394995c29" tests="5" skipped="1" failures="0" errors="0" time="0.039">
    <testcase time="0.00900000000000034" classname="control_step" name="control_step_works_with_customized_parameters"/>
    <testcase time="0.00399999999999956" classname="control_step" name="control_step_works_with_customized_parameters">
      <skipped message="Reason: On CRAN ('test-control_step.R:5:3')"/>
    </testcase>
    <testcase time="0.0169999999999995" classname="control_step" name="control_step_fails_wrong_inputs"/>
    <testcase time="0.00400000000000134" classname="control_step" name="control_step_fails_wrong_inputs"/>
    <testcase time="0.00499999999999901" classname="control_step" name="control_step_fails_wrong_inputs"/>
  </testsuite>
  <testsuite name="control_survival" timestamp="2023-11-29T14:11:12Z" hostname="566394995c29" tests="14" skipped="3" failures="0" errors="0" time="0.102">
    <testcase time="0.00900000000000034" classname="control_survival" name="control_coxph_works_with_customized_parameters"/>
    <testcase time="0.00399999999999956" classname="control_survival" name="control_coxph_works_with_customized_parameters">
      <skipped message="Reason: On CRAN ('test-control_survival.R:7:3')"/>
    </testcase>
    <testcase time="0.016" classname="control_survival" name="control_coxph_fails_wrong_inputs"/>
    <testcase time="0.00500000000000078" classname="control_survival" name="control_coxph_fails_wrong_inputs"/>
    <testcase time="0.00499999999999901" classname="control_survival" name="control_surv_time_works_with_customized_parameters"/>
    <testcase time="0.00399999999999956" classname="control_survival" name="control_surv_time_works_with_customized_parameters">
      <skipped message="Reason: On CRAN ('test-control_survival.R:21:3')"/>
    </testcase>
    <testcase time="0.016" classname="control_survival" name="control_surv_time_fails_wrong_inputs"/>
    <testcase time="0.00399999999999956" classname="control_survival" name="control_surv_time_fails_wrong_inputs"/>
    <testcase time="0.00500000000000078" classname="control_survival" name="control_surv_time_fails_wrong_inputs"/>
    <testcase time="0.00499999999999901" classname="control_survival" name="control_surv_timepoint_works_with_customized_parameters"/>
    <testcase time="0.00500000000000078" classname="control_survival" name="control_surv_timepoint_works_with_customized_parameters">
      <skipped message="Reason: On CRAN ('test-control_survival.R:36:3')"/>
    </testcase>
    <testcase time="0.016" classname="control_survival" name="control_surv_timepoint_fails_wrong_inputs"/>
    <testcase time="0.00399999999999956" classname="control_survival" name="control_surv_timepoint_fails_wrong_inputs"/>
    <testcase time="0.00399999999999956" classname="control_survival" name="control_surv_timepoint_fails_wrong_inputs"/>
  </testsuite>
  <testsuite name="count_cumulative" timestamp="2023-11-29T14:11:12Z" hostname="566394995c29" tests="12" skipped="6" failures="0" errors="0" time="0.203">
    <testcase time="0.00900000000000034" classname="count_cumulative" name="h_count_cumulative_works_with_healthy_input_and_default_arguments"/>
    <testcase time="0.00400000000000134" classname="count_cumulative" name="h_count_cumulative_works_with_healthy_input_and_default_arguments">
      <skipped message="Reason: On CRAN ('test-count_cumulative.R:12:3')"/>
    </testcase>
    <testcase time="0.0129999999999999" classname="count_cumulative" name="h_count_cumulative_works_with_customized_arguments"/>
    <testcase time="0.00399999999999956" classname="count_cumulative" name="h_count_cumulative_works_with_customized_arguments">
      <skipped message="Reason: On CRAN ('test-count_cumulative.R:30:3')"/>
    </testcase>
    <testcase time="0.0139999999999993" classname="count_cumulative" name="s_count_cumulative_works_with_healthy_input_and_default_arguments"/>
    <testcase time="0.00400000000000134" classname="count_cumulative" name="s_count_cumulative_works_with_healthy_input_and_default_arguments">
      <skipped message="Reason: On CRAN ('test-count_cumulative.R:44:3')"/>
    </testcase>
    <testcase time="0.0199999999999996" classname="count_cumulative" name="s_count_cumulative_works_with_customized_arguments"/>
    <testcase time="0.00499999999999901" classname="count_cumulative" name="s_count_cumulative_works_with_customized_arguments">
      <skipped message="Reason: On CRAN ('test-count_cumulative.R:62:3')"/>
    </testcase>
    <testcase time="0.0419999999999998" classname="count_cumulative" name="count_cumulative_works_with_default_arguments"/>
    <testcase time="0.0230000000000015" classname="count_cumulative" name="count_cumulative_works_with_default_arguments">
      <skipped message="Reason: On CRAN ('test-count_cumulative.R:81:3')"/>
    </testcase>
    <testcase time="0.0419999999999998" classname="count_cumulative" name="count_cumulative_works_with_customized_arguments"/>
    <testcase time="0.0229999999999997" classname="count_cumulative" name="count_cumulative_works_with_customized_arguments">
      <skipped message="Reason: On CRAN ('test-count_cumulative.R:103:3')"/>
    </testcase>
  </testsuite>
  <testsuite name="count_missed_doses" timestamp="2023-11-29T14:11:13Z" hostname="566394995c29" tests="10" skipped="5" failures="0" errors="0" time="0.156">
    <testcase time="0.0169999999999995" classname="count_missed_doses" name="s_count_nonmissing_works_with_numeric_input"/>
    <testcase time="0.00399999999999956" classname="count_missed_doses" name="s_count_nonmissing_works_with_numeric_input">
      <skipped message="Reason: On CRAN ('test-count_missed_doses.R:8:3')"/>
    </testcase>
    <testcase time="0.0140000000000011" classname="count_missed_doses" name="s_count_nonmissing_also_works_with_character_input"/>
    <testcase time="0.00399999999999956" classname="count_missed_doses" name="s_count_nonmissing_also_works_with_character_input">
      <skipped message="Reason: On CRAN ('test-count_missed_doses.R:17:3')"/>
    </testcase>
    <testcase time="0.0129999999999999" classname="count_missed_doses" name="d_count_missed_doses_works_as_expected"/>
    <testcase time="0.00500000000000078" classname="count_missed_doses" name="d_count_missed_doses_works_as_expected">
      <skipped message="Reason: On CRAN ('test-count_missed_doses.R:24:3')"/>
    </testcase>
    <testcase time="0.0129999999999999" classname="count_missed_doses" name="s_count_missed_doses_works_as_expected"/>
    <testcase time="0.00499999999999901" classname="count_missed_doses" name="s_count_missed_doses_works_as_expected">
      <skipped message="Reason: On CRAN ('test-count_missed_doses.R:35:3')"/>
    </testcase>
    <testcase time="0.0549999999999997" classname="count_missed_doses" name="count_missed_doses_works_as_expected"/>
    <testcase time="0.0260000000000016" classname="count_missed_doses" name="count_missed_doses_works_as_expected">
      <skipped message="Reason: On CRAN ('test-count_missed_doses.R:55:3')"/>
    </testcase>
  </testsuite>
  <testsuite name="count_occurrences" timestamp="2023-11-29T14:11:13Z" hostname="566394995c29" tests="23" skipped="8" failures="0" errors="0" time="0.825">
    <testcase time="0.020999999999999" classname="count_occurrences" name="s_count_occurrences_functions_as_expected_with_valid_input_and_default_arguments"/>
    <testcase time="0.00500000000000078" classname="count_occurrences" name="s_count_occurrences_functions_as_expected_with_valid_input_and_default_arguments">
      <skipped message="Reason: On CRAN ('test-count_occurrences.R:10:3')"/>
    </testcase>
    <testcase time="0.016" classname="count_occurrences" name="s_count_occurrences_drops_non_appearing_levels_by_default"/>
    <testcase time="0.00799999999999912" classname="count_occurrences" name="s_count_occurrences_keeps_non_appearing_levels_if_requested"/>
    <testcase time="0.00300000000000011" classname="count_occurrences" name="s_count_occurrences_keeps_non_appearing_levels_if_requested"/>
    <testcase time="0.00300000000000011" classname="count_occurrences" name="s_count_occurrences_keeps_non_appearing_levels_if_requested"/>
    <testcase time="0.00900000000000034" classname="count_occurrences" name="s_count_occurrences_fails_when_it_receives_empty_.df_row_and_drop_TRUE"/>
    <testcase time="0.00600000000000023" classname="count_occurrences" name="s_count_occurrences_functions_as_expected_when_requesting_different_denominator"/>
    <testcase time="0.00399999999999956" classname="count_occurrences" name="s_count_occurrences_functions_as_expected_when_requesting_different_denominator">
      <skipped message="Reason: On CRAN ('test-count_occurrences.R:65:3')"/>
    </testcase>
    <testcase time="0.0169999999999995" classname="count_occurrences" name="a_count_occurrences_works_with_healthy_input."/>
    <testcase time="0.00400000000000134" classname="count_occurrences" name="a_count_occurrences_works_with_healthy_input."/>
    <testcase time="0.00699999999999967" classname="count_occurrences" name="a_count_occurrences_works_with_custom_input."/>
    <testcase time="0.00600000000000023" classname="count_occurrences" name="a_count_occurrences_works_with_custom_input.">
      <skipped message="Reason: On CRAN ('test-count_occurrences.R:109:3')"/>
    </testcase>
    <testcase time="0.0459999999999994" classname="count_occurrences" name="count_occurrences_functions_as_expected_with_valid_input_and_default_arguments"/>
    <testcase time="0.208" classname="count_occurrences" name="count_occurrences_functions_as_expected_with_valid_input_and_default_arguments">
      <skipped message="Reason: On CRAN ('test-count_occurrences.R:135:3')"/>
    </testcase>
    <testcase time="0.0359999999999996" classname="count_occurrences" name="count_occurrences_functions_as_expected_with_label_row_specified"/>
    <testcase time="0.0190000000000001" classname="count_occurrences" name="count_occurrences_functions_as_expected_with_label_row_specified">
      <skipped message="Reason: On CRAN ('test-count_occurrences.R:161:3')"/>
    </testcase>
    <testcase time="0.0790000000000006" classname="count_occurrences" name="count_occurrences_works_as_expected_with_risk_difference_column"/>
    <testcase time="0.0609999999999999" classname="count_occurrences" name="count_occurrences_works_as_expected_with_risk_difference_column">
      <skipped message="Reason: On CRAN ('test-count_occurrences.R:175:3')"/>
    </testcase>
    <testcase time="0.0729999999999986" classname="count_occurrences" name="summarize_occurrences_functions_as_expected_with_valid_input_and_default_arguments"/>
    <testcase time="0.0420000000000016" classname="count_occurrences" name="summarize_occurrences_functions_as_expected_with_valid_input_and_default_arguments">
      <skipped message="Reason: On CRAN ('test-count_occurrences.R:230:3')"/>
    </testcase>
    <testcase time="0.0960000000000001" classname="count_occurrences" name="summarize_occurrences_works_as_expected_with_risk_difference_column"/>
    <testcase time="0.0559999999999992" classname="count_occurrences" name="summarize_occurrences_works_as_expected_with_risk_difference_column">
      <skipped message="Reason: On CRAN ('test-count_occurrences.R:245:3')"/>
    </testcase>
  </testsuite>
  <testsuite name="count_occurrences_by_grade" timestamp="2023-11-29T14:11:14Z" hostname="566394995c29" tests="27" skipped="13" failures="0" errors="1" time="1.206">
    <testcase time="0.0199999999999996" classname="count_occurrences_by_grade" name="h_append_grade_groups_works_with_valid_input"/>
    <testcase time="0.00500000000000078" classname="count_occurrences_by_grade" name="h_append_grade_groups_works_with_valid_input">
      <skipped message="Reason: On CRAN ('test-count_occurrences_by_grade.R:26:3')"/>
    </testcase>
    <testcase time="0.0129999999999999" classname="count_occurrences_by_grade" name="h_append_grade_groups_works_with_valid_input_with_revers_order_and_one_element_grade_groups"/>
    <testcase time="0.00399999999999956" classname="count_occurrences_by_grade" name="h_append_grade_groups_works_with_valid_input_with_revers_order_and_one_element_grade_groups">
      <skipped message="Reason: On CRAN ('test-count_occurrences_by_grade.R:40:3')"/>
    </testcase>
    <testcase time="0.0169999999999995" classname="count_occurrences_by_grade" name="s_count_occurrences_by_grade_works_with_valid_input_and_default_arguments_for_grade"/>
    <testcase time="0.00400000000000134" classname="count_occurrences_by_grade" name="s_count_occurrences_by_grade_works_with_valid_input_and_default_arguments_for_grade">
      <skipped message="Reason: On CRAN ('test-count_occurrences_by_grade.R:48:3')"/>
    </testcase>
    <testcase time="0.0149999999999988" classname="count_occurrences_by_grade" name="s_count_occurrences_by_grade_sorts_grade_levels_so_that_missing_level_appears_last"/>
    <testcase time="0.00400000000000134" classname="count_occurrences_by_grade" name="s_count_occurrences_by_grade_sorts_grade_levels_so_that_missing_level_appears_last">
      <skipped message="Reason: On CRAN ('test-count_occurrences_by_grade.R:67:3')"/>
    </testcase>
    <testcase time="0.0139999999999993" classname="count_occurrences_by_grade" name="s_count_occurrences_by_grade_works_with_valid_input_for_grade_grouping"/>
    <testcase time="0.00499999999999901" classname="count_occurrences_by_grade" name="s_count_occurrences_by_grade_works_with_valid_input_for_grade_grouping">
      <skipped message="Reason: On CRAN ('test-count_occurrences_by_grade.R:84:3')"/>
    </testcase>
    <testcase time="0.0140000000000011" classname="count_occurrences_by_grade" name="s_count_occurrences_by_grade_works_with_valid_input_for_intensity_and_custom_arguments"/>
    <testcase time="0.00399999999999956" classname="count_occurrences_by_grade" name="s_count_occurrences_by_grade_works_with_valid_input_for_intensity_and_custom_arguments">
      <skipped message="Reason: On CRAN ('test-count_occurrences_by_grade.R:119:3')"/>
    </testcase>
    <testcase time="0.0679999999999996" classname="count_occurrences_by_grade" name="count_occurrences_by_grade_works_with_default_arguments_for_intensity"/>
    <testcase time="0.0310000000000006" classname="count_occurrences_by_grade" name="count_occurrences_by_grade_works_with_default_arguments_for_intensity">
      <skipped message="Reason: On CRAN ('test-count_occurrences_by_grade.R:133:3')"/>
    </testcase>
    <testcase time="0.0719999999999992" classname="count_occurrences_by_grade" name="count_occurrences_by_grade_label_works_when_more_than_one_variables_are_analyzed"/>
    <testcase time="0.0440000000000005" classname="count_occurrences_by_grade" name="count_occurrences_by_grade_label_works_when_more_than_one_variables_are_analyzed">
      <skipped message="Reason: On CRAN ('test-count_occurrences_by_grade.R:158:3')"/>
    </testcase>
    <testcase time="0.0560000000000009" classname="count_occurrences_by_grade" name="count_occurrences_by_grade_works_with_custom_arguments_for_grade"/>
    <testcase time="0.0380000000000003" classname="count_occurrences_by_grade" name="count_occurrences_by_grade_works_with_custom_arguments_for_grade">
      <skipped message="Reason: On CRAN ('test-count_occurrences_by_grade.R:184:3')"/>
    </testcase>
    <testcase time="0.0639999999999983" classname="count_occurrences_by_grade" name="summarize_occurrences_by_grade_works_with_default_arguments_for_intensity"/>
    <testcase time="0.0330000000000013" classname="count_occurrences_by_grade" name="summarize_occurrences_by_grade_works_with_default_arguments_for_intensity">
      <skipped message="Reason: On CRAN ('test-count_occurrences_by_grade.R:204:3')"/>
    </testcase>
    <testcase time="0.0800000000000001" classname="count_occurrences_by_grade" name="summarize_occurrences_by_grade_works_with_custom_arguments_for_grade"/>
    <testcase time="0.0619999999999994" classname="count_occurrences_by_grade" name="summarize_occurrences_by_grade_works_with_custom_arguments_for_grade">
      <skipped message="Reason: On CRAN ('test-count_occurrences_by_grade.R:251:3')"/>
    </testcase>
    <testcase time="0.0600000000000005" classname="count_occurrences_by_grade" name="count_occurrences_by_grade_works_with_trim_levels_in_group_split_function"/>
    <testcase time="0.0309999999999988" classname="count_occurrences_by_grade" name="count_occurrences_by_grade_works_with_trim_levels_in_group_split_function">
      <skipped message="Reason: On CRAN ('test-count_occurrences_by_grade.R:283:3')"/>
    </testcase>
    <testcase time="0.334000000000001" classname="count_occurrences_by_grade" name="summarize__and_count_occurrences_by_grade_works_with_pagination_and_sorting">
      <error type="error" message="Error in `to_string_matrix(pag_result[[1]])[3:4, 1]`: incorrect number of dimensions ('test-count_occurrences_by_grade.R:343:3')">Error in `to_string_matrix(pag_result[[1]])[3:4, 1]`: incorrect number of dimensions
Backtrace:
    x
 1. \-testthat::expect_identical(...) at test-count_occurrences_by_grade.R:343:3
 2.   \-testthat::quasi_label(enquo(object), label, arg = "object")
 3.     \-rlang::eval_bare(expr, quo_get_env(quo))</error>
    </testcase>
    <testcase time="0.0800000000000001" classname="count_occurrences_by_grade" name="count_occurrences_by_grade_works_as_expected_with_risk_difference_column"/>
    <testcase time="0.0339999999999989" classname="count_occurrences_by_grade" name="count_occurrences_by_grade_works_as_expected_with_risk_difference_column">
      <skipped message="Reason: On CRAN ('test-count_occurrences_by_grade.R:363:3')"/>
    </testcase>
  </testsuite>
  <testsuite name="count_patients_events_in_cols" timestamp="2023-11-29T14:11:15Z" hostname="566394995c29" tests="8" skipped="4" failures="0" errors="0" time="0.173">
    <testcase time="0.0200000000000014" classname="count_patients_events_in_cols" name="s_count_patients_and_multiple_events_works_as_expected"/>
    <testcase time="0.00399999999999956" classname="count_patients_events_in_cols" name="s_count_patients_and_multiple_events_works_as_expected">
      <skipped message="Reason: On CRAN ('test-count_patients_events_in_cols.R:23:3')"/>
    </testcase>
    <testcase time="0.0139999999999993" classname="count_patients_events_in_cols" name="s_count_patients_and_multiple_events_can_have_empty_stats_if_requested"/>
    <testcase time="0.00399999999999956" classname="count_patients_events_in_cols" name="s_count_patients_and_multiple_events_can_have_empty_stats_if_requested">
      <skipped message="Reason: On CRAN ('test-count_patients_events_in_cols.R:39:3')"/>
    </testcase>
    <testcase time="0.0500000000000007" classname="count_patients_events_in_cols" name="summarize_patients_events_in_cols_works_well_with_default_arguments"/>
    <testcase time="0.0280000000000005" classname="count_patients_events_in_cols" name="summarize_patients_events_in_cols_works_well_with_default_arguments">
      <skipped message="Reason: On CRAN ('test-count_patients_events_in_cols.R:55:3')"/>
    </testcase>
    <testcase time="0.0359999999999996" classname="count_patients_events_in_cols" name="summarize_patients_events_in_cols_works_well_with_custom_arguments"/>
    <testcase time="0.0169999999999995" classname="count_patients_events_in_cols" name="summarize_patients_events_in_cols_works_well_with_custom_arguments">
      <skipped message="Reason: On CRAN ('test-count_patients_events_in_cols.R:75:3')"/>
    </testcase>
  </testsuite>
  <testsuite name="count_patients_with_event" timestamp="2023-11-29T14:11:15Z" hostname="566394995c29" tests="12" skipped="6" failures="0" errors="0" time="0.302">
    <testcase time="0.0170000000000012" classname="count_patients_with_event" name="s_count_patients_with_event_handles_NA"/>
    <testcase time="0.00499999999999901" classname="count_patients_with_event" name="s_count_patients_with_event_handles_NA">
      <skipped message="Reason: On CRAN ('test-count_patients_with_event.R:14:3')"/>
    </testcase>
    <testcase time="0.0150000000000006" classname="count_patients_with_event" name="s_count_patients_with_event_handles_multiple_columns"/>
    <testcase time="0.00499999999999901" classname="count_patients_with_event" name="s_count_patients_with_event_handles_multiple_columns">
      <skipped message="Reason: On CRAN ('test-count_patients_with_event.R:31:3')"/>
    </testcase>
    <testcase time="0.0579999999999998" classname="count_patients_with_event" name="count_patients_with_event_works_as_expected"/>
    <testcase time="0.0230000000000015" classname="count_patients_with_event" name="count_patients_with_event_works_as_expected">
      <skipped message="Reason: On CRAN ('test-count_patients_with_event.R:63:3')"/>
    </testcase>
    <testcase time="0.0579999999999998" classname="count_patients_with_event" name="count_patients_with_event_works_as_expected_for_different_column_count"/>
    <testcase time="0.0229999999999997" classname="count_patients_with_event" name="count_patients_with_event_works_as_expected_for_different_column_count">
      <skipped message="Reason: On CRAN ('test-count_patients_with_event.R:101:3')"/>
    </testcase>
    <testcase time="0.0139999999999993" classname="count_patients_with_event" name="s_count_patients_with_event_works_with_factor_filters"/>
    <testcase time="0.00400000000000134" classname="count_patients_with_event" name="s_count_patients_with_event_works_with_factor_filters">
      <skipped message="Reason: On CRAN ('test-count_patients_with_event.R:121:3')"/>
    </testcase>
    <testcase time="0.0549999999999997" classname="count_patients_with_event" name="count_patients_with_flags_works_as_expected_with_risk_difference_column"/>
    <testcase time="0.0249999999999986" classname="count_patients_with_event" name="count_patients_with_flags_works_as_expected_with_risk_difference_column">
      <skipped message="Reason: On CRAN ('test-count_patients_with_event.R:137:3')"/>
    </testcase>
  </testsuite>
  <testsuite name="count_patients_with_flags" timestamp="2023-11-29T14:11:15Z" hostname="566394995c29" tests="16" skipped="8" failures="0" errors="0" time="0.563">
    <testcase time="0.0200000000000014" classname="count_patients_with_flags" name="s_count_patients_with_flags_handles_NA"/>
    <testcase time="0.00399999999999956" classname="count_patients_with_flags" name="s_count_patients_with_flags_handles_NA">
      <skipped message="Reason: On CRAN ('test-count_patients_with_flags.R:14:3')"/>
    </testcase>
    <testcase time="0.0139999999999993" classname="count_patients_with_flags" name="s_count_patients_with_flags_handles_multiple_columns"/>
    <testcase time="0.00500000000000078" classname="count_patients_with_flags" name="s_count_patients_with_flags_handles_multiple_columns">
      <skipped message="Reason: On CRAN ('test-count_patients_with_flags.R:31:3')"/>
    </testcase>
    <testcase time="0.016" classname="count_patients_with_flags" name="s_count_patients_with_flags_custom_variable_label_behaviour_works"/>
    <testcase time="0.00499999999999901" classname="count_patients_with_flags" name="s_count_patients_with_flags_custom_variable_label_behaviour_works">
      <skipped message="Reason: On CRAN ('test-count_patients_with_flags.R:52:3')"/>
    </testcase>
    <testcase time="0.0620000000000012" classname="count_patients_with_flags" name="count_patients_with_flags_works_as_expected"/>
    <testcase time="0.0229999999999997" classname="count_patients_with_flags" name="count_patients_with_flags_works_as_expected">
      <skipped message="Reason: On CRAN ('test-count_patients_with_flags.R:130:3')"/>
    </testcase>
    <testcase time="0.0619999999999994" classname="count_patients_with_flags" name="count_patients_with_flags_works_as_expected_when_specifying_table_names"/>
    <testcase time="0.0289999999999999" classname="count_patients_with_flags" name="count_patients_with_flags_works_as_expected_when_specifying_table_names">
      <skipped message="Reason: On CRAN ('test-count_patients_with_flags.R:178:3')"/>
    </testcase>
    <testcase time="0.0870000000000015" classname="count_patients_with_flags" name="count_patients_with_flags_works_with_label_row_specified"/>
    <testcase time="0.0399999999999991" classname="count_patients_with_flags" name="count_patients_with_flags_works_with_label_row_specified">
      <skipped message="Reason: On CRAN ('test-count_patients_with_flags.R:217:3')"/>
    </testcase>
    <testcase time="0.0619999999999994" classname="count_patients_with_flags" name="count_patients_with_flags_custom_variable_label_behaviour_works_with_var_labels_specified"/>
    <testcase time="0.032" classname="count_patients_with_flags" name="count_patients_with_flags_custom_variable_label_behaviour_works_with_var_labels_specified">
      <skipped message="Reason: On CRAN ('test-count_patients_with_flags.R:243:3')"/>
    </testcase>
    <testcase time="0.072000000000001" classname="count_patients_with_flags" name="count_patients_with_flags_works_as_expected_with_risk_difference_column"/>
    <testcase time="0.0299999999999994" classname="count_patients_with_flags" name="count_patients_with_flags_works_as_expected_with_risk_difference_column">
      <skipped message="Reason: On CRAN ('test-count_patients_with_flags.R:320:3')"/>
    </testcase>
  </testsuite>
  <testsuite name="count_values" timestamp="2023-11-29T14:11:16Z" hostname="566394995c29" tests="20" skipped="10" failures="0" errors="0" time="0.289">
    <testcase time="0.0180000000000007" classname="count_values" name="s_count_values_works_for_character_input_without_NAs"/>
    <testcase time="0.00399999999999956" classname="count_values" name="s_count_values_works_for_character_input_without_NAs">
      <skipped message="Reason: On CRAN ('test-count_values.R:8:3')"/>
    </testcase>
    <testcase time="0.0129999999999999" classname="count_values" name="s_count_values_works_for_character_input_with_NAs"/>
    <testcase time="0.00399999999999956" classname="count_values" name="s_count_values_works_for_character_input_with_NAs">
      <skipped message="Reason: On CRAN ('test-count_values.R:24:3')"/>
    </testcase>
    <testcase time="0.0140000000000011" classname="count_values" name="s_count_values_can_pass_options_to_s_summary_s_logical_method"/>
    <testcase time="0.00399999999999956" classname="count_values" name="s_count_values_can_pass_options_to_s_summary_s_logical_method">
      <skipped message="Reason: On CRAN ('test-count_values.R:39:3')"/>
    </testcase>
    <testcase time="0.0129999999999999" classname="count_values" name="s_count_values_for_factor_gives_same_result_as_for_character"/>
    <testcase time="0.00399999999999956" classname="count_values" name="s_count_values_for_factor_gives_same_result_as_for_character">
      <skipped message="Reason: On CRAN ('test-count_values.R:47:3')"/>
    </testcase>
    <testcase time="0.0129999999999999" classname="count_values" name="s_count_values_for_factor_gives_the_same_result_as_for_character_for_values_not_in_factor_level"/>
    <testcase time="0.00400000000000134" classname="count_values" name="s_count_values_for_factor_gives_the_same_result_as_for_character_for_values_not_in_factor_level">
      <skipped message="Reason: On CRAN ('test-count_values.R:55:3')"/>
    </testcase>
    <testcase time="0.0329999999999995" classname="count_values" name="count_values_works_as_expected_with_a_single_value"/>
    <testcase time="0.0140000000000011" classname="count_values" name="count_values_works_as_expected_with_a_single_value">
      <skipped message="Reason: On CRAN ('test-count_values.R:64:3')"/>
    </testcase>
    <testcase time="0.0429999999999993" classname="count_values" name="count_values_works_as_expected_with_multiple_values_and_variables"/>
    <testcase time="0.0259999999999998" classname="count_values" name="count_values_works_as_expected_with_multiple_values_and_variables">
      <skipped message="Reason: On CRAN ('test-count_values.R:81:3')"/>
    </testcase>
    <testcase time="0.0139999999999993" classname="count_values" name="s_count_values_for_logical_vector"/>
    <testcase time="0.00400000000000134" classname="count_values" name="s_count_values_for_logical_vector">
      <skipped message="Reason: On CRAN ('test-count_values.R:91:3')"/>
    </testcase>
    <testcase time="0.0129999999999999" classname="count_values" name="s_count_values_for_logical_vector_with_NA"/>
    <testcase time="0.00499999999999901" classname="count_values" name="s_count_values_for_logical_vector_with_NA">
      <skipped message="Reason: On CRAN ('test-count_values.R:101:3')"/>
    </testcase>
    <testcase time="0.032" classname="count_values" name="count_values_works_as_expected_with_multiple_values_and_variables"/>
    <testcase time="0.0140000000000011" classname="count_values" name="count_values_works_as_expected_with_multiple_values_and_variables">
      <skipped message="Reason: On CRAN ('test-count_values.R:118:3')"/>
    </testcase>
  </testsuite>
  <testsuite name="coxph" timestamp="2023-11-29T14:11:16Z" hostname="566394995c29" tests="16" skipped="5" failures="0" errors="0" time="0.19">
    <testcase time="0.0169999999999995" classname="coxph" name="univariate_works_correctly"/>
    <testcase time="0.00200000000000067" classname="coxph" name="univariate_works_correctly"/>
    <testcase time="0.00399999999999956" classname="coxph" name="univariate_works_correctly">
      <skipped message="Reason: On CRAN ('test-coxph.R:5:3')"/>
    </testcase>
    <testcase time="0.0129999999999999" classname="coxph" name="rht_works_correctly"/>
    <testcase time="0.00199999999999889" classname="coxph" name="rht_works_correctly"/>
    <testcase time="0.00400000000000134" classname="coxph" name="rht_works_correctly">
      <skipped message="Reason: On CRAN ('test-coxph.R:17:3')"/>
    </testcase>
    <testcase time="0.0269999999999992" classname="coxph" name="estimate_coef_works_correctly"/>
    <testcase time="0.00399999999999956" classname="coxph" name="estimate_coef_works_correctly">
      <skipped message="Reason: On CRAN ('test-coxph.R:41:3')"/>
    </testcase>
    <testcase time="0.0310000000000006" classname="coxph" name="try_car_anova_works_correctly"/>
    <testcase time="0.00399999999999956" classname="coxph" name="try_car_anova_works_correctly">
      <skipped message="Reason: On CRAN ('test-coxph.R:56:3')"/>
    </testcase>
    <testcase time="0.016" classname="coxph" name="check_formula_returns_correct_error"/>
    <testcase time="0.0080000000000009" classname="coxph" name="check_covariate_formulas_works_correctly"/>
    <testcase time="0.0129999999999999" classname="coxph" name="name_covariate_names_works_correctly"/>
    <testcase time="0.00799999999999912" classname="coxph" name="check_increments_gives_correct_warning"/>
    <testcase time="0.0289999999999999" classname="coxph" name="s_cox_multivariate_works_correctly_with_character_input"/>
    <testcase time="0.0080000000000009" classname="coxph" name="s_cox_multivariate_works_correctly_with_character_input">
      <skipped message="Reason: On CRAN ('test-coxph.R:108:3')"/>
    </testcase>
  </testsuite>
  <testsuite name="coxreg" timestamp="2023-11-29T14:11:16Z" hostname="566394995c29" tests="74" skipped="24" failures="0" errors="0" time="1.005">
    <testcase time="0.0340000000000007" classname="coxreg" name="h_coxreg_univar_formulas_creates_formulas_with_covariate"/>
    <testcase time="0.00599999999999845" classname="coxreg" name="h_coxreg_univar_formulas_creates_formulas_with_covariate">
      <skipped message="Reason: On CRAN ('test-coxreg.R:44:3')"/>
    </testcase>
    <testcase time="0.0200000000000014" classname="coxreg" name="h_coxreg_univar_formulas_creates_formulas_with_strata"/>
    <testcase time="0.00599999999999845" classname="coxreg" name="h_coxreg_univar_formulas_creates_formulas_with_strata">
      <skipped message="Reason: On CRAN ('test-coxreg.R:56:3')"/>
    </testcase>
    <testcase time="0.0200000000000014" classname="coxreg" name="h_coxreg_univar_formulas_creates_formula_for_reference_when_treatment_is_only_considered"/>
    <testcase time="0.00499999999999901" classname="coxreg" name="h_coxreg_univar_formulas_creates_formula_for_reference_when_treatment_is_only_considered">
      <skipped message="Reason: On CRAN ('test-coxreg.R:67:3')"/>
    </testcase>
    <testcase time="0.0129999999999999" classname="coxreg" name="h_coxreg_univar_formulas_creates_formulas_with_interactions"/>
    <testcase time="0.00400000000000134" classname="coxreg" name="h_coxreg_univar_formulas_creates_formulas_with_interactions">
      <skipped message="Reason: On CRAN ('test-coxreg.R:80:3')"/>
    </testcase>
    <testcase time="0.0129999999999999" classname="coxreg" name="h_coxreg_univar_formulas_creates_formula_without_treatment_arm"/>
    <testcase time="0.00399999999999956" classname="coxreg" name="h_coxreg_univar_formulas_creates_formula_without_treatment_arm">
      <skipped message="Reason: On CRAN ('test-coxreg.R:92:3')"/>
    </testcase>
    <testcase time="0.016" classname="coxreg" name="h_coxreg_univar_formulas_fails_when_requesting_interaction_without_treatment_arm"/>
    <testcase time="0.00799999999999912" classname="coxreg" name="h_coxreg_univar_formulas_fails_when_requesting_interaction_without_covariates"/>
    <testcase time="0.00600000000000023" classname="coxreg" name="h_coxreg_univar_formulas_creates_formulas_with_multiple_strata"/>
    <testcase time="0.00400000000000134" classname="coxreg" name="h_coxreg_univar_formulas_creates_formulas_with_multiple_strata">
      <skipped message="Reason: On CRAN ('test-coxreg.R:124:3')"/>
    </testcase>
    <testcase time="0.0279999999999987" classname="coxreg" name="h_coxreg_multivar_extract_extracts_correct_coxph_results_when_covariate_names_overlap"/>
    <testcase time="0.00500000000000078" classname="coxreg" name="h_coxreg_multivar_extract_extracts_correct_coxph_results_when_covariate_names_overlap">
      <skipped message="Reason: On CRAN ('test-coxreg.R:136:3')"/>
    </testcase>
    <testcase time="0.0220000000000002" classname="coxreg" name="h_coxreg_multivar_extract_extracts_correct_coxph_results_when_covariate_is_a_factor"/>
    <testcase time="0.00999999999999979" classname="coxreg" name="h_coxreg_multivar_extract_extracts_correct_coxph_results_when_covariate_is_a_factor">
      <skipped message="Reason: On CRAN ('test-coxreg.R:147:3')"/>
    </testcase>
    <testcase time="0.0139999999999993" classname="coxreg" name="h_coxreg_multivar_formula_creates_formula_without_covariate"/>
    <testcase time="0.00399999999999956" classname="coxreg" name="h_coxreg_multivar_formula_creates_formula_without_covariate">
      <skipped message="Reason: On CRAN ('test-coxreg.R:158:3')"/>
    </testcase>
    <testcase time="0.0129999999999999" classname="coxreg" name="h_coxreg_multivar_formula_creates_formulas_with_a_strata"/>
    <testcase time="0.00500000000000078" classname="coxreg" name="h_coxreg_multivar_formula_creates_formulas_with_a_strata">
      <skipped message="Reason: On CRAN ('test-coxreg.R:170:3')"/>
    </testcase>
    <testcase time="0.0129999999999999" classname="coxreg" name="h_coxreg_multivar_formula_creates_formulas_with_multiple_strata"/>
    <testcase time="0.00399999999999956" classname="coxreg" name="h_coxreg_multivar_formula_creates_formulas_with_multiple_strata">
      <skipped message="Reason: On CRAN ('test-coxreg.R:182:3')"/>
    </testcase>
    <testcase time="0.0129999999999999" classname="coxreg" name="h_coxreg_multivar_formula_creates_formula_with_covariate"/>
    <testcase time="0.00400000000000134" classname="coxreg" name="h_coxreg_multivar_formula_creates_formula_with_covariate">
      <skipped message="Reason: On CRAN ('test-coxreg.R:193:3')"/>
    </testcase>
    <testcase time="0.0129999999999999" classname="coxreg" name="h_coxreg_multivar_formula_creates_formula_without_treatment_arm"/>
    <testcase time="0.00499999999999901" classname="coxreg" name="h_coxreg_multivar_formula_creates_formula_without_treatment_arm">
      <skipped message="Reason: On CRAN ('test-coxreg.R:204:3')"/>
    </testcase>
    <testcase time="0.0130000000000017" classname="coxreg" name="h_coxreg_multivar_formula_creates_formulas_with_multiple_strata_and_without_arm"/>
    <testcase time="0.00399999999999778" classname="coxreg" name="h_coxreg_multivar_formula_creates_formulas_with_multiple_strata_and_without_arm">
      <skipped message="Reason: On CRAN ('test-coxreg.R:216:3')"/>
    </testcase>
    <testcase time="0.0130000000000017" classname="coxreg" name="control_coxreg_returns_a_standard_list_of_parameters"/>
    <testcase time="0.00399999999999778" classname="coxreg" name="control_coxreg_returns_a_standard_list_of_parameters">
      <skipped message="Reason: On CRAN ('test-coxreg.R:225:3')"/>
    </testcase>
    <testcase time="0.0240000000000009" classname="coxreg" name="fit_coxreg_univar_returns_model_results_as_expected"/>
    <testcase time="0.00900000000000034" classname="coxreg" name="fit_coxreg_univar_returns_model_results_as_expected">
      <skipped message="Reason: On CRAN ('test-coxreg.R:248:3')"/>
    </testcase>
    <testcase time="0.022000000000002" classname="coxreg" name="fit_coxreg_univar_runs_with_non_represented_level_of_a_factor"/>
    <testcase time="0.00899999999999679" classname="coxreg" name="fit_coxreg_univar_is_stopped_when_there_are_not_2_arms"/>
    <testcase time="0.00900000000000034" classname="coxreg" name="fit_coxreg_univar_is_stopped_when_likelihood_method_is_used_together_with_strata"/>
    <testcase time="0.0100000000000016" classname="coxreg" name="fit_coxreg_univar_works_without_treatment_arm"/>
    <testcase time="0.00199999999999889" classname="coxreg" name="fit_coxreg_univar_works_without_treatment_arm"/>
    <testcase time="0.00400000000000134" classname="coxreg" name="fit_coxreg_univar_works_without_treatment_arm">
      <skipped message="Reason: On CRAN ('test-coxreg.R:298:3')"/>
    </testcase>
    <testcase time="0.0210000000000008" classname="coxreg" name="tidy.summary.coxph_method_tidies_up_the_Cox_regression_model"/>
    <testcase time="0.00499999999999901" classname="coxreg" name="tidy.summary.coxph_method_tidies_up_the_Cox_regression_model">
      <skipped message="Reason: On CRAN ('test-coxreg.R:309:3')"/>
    </testcase>
    <testcase time="0.0189999999999984" classname="coxreg" name="h_coxreg_univar_extract_extracts_coxph_results"/>
    <testcase time="0.00500000000000256" classname="coxreg" name="h_coxreg_univar_extract_extracts_coxph_results">
      <skipped message="Reason: On CRAN ('test-coxreg.R:320:3')"/>
    </testcase>
    <testcase time="0.0309999999999988" classname="coxreg" name="muffled_car_anova_muffles_notes_about_dropped_strata_term"/>
    <testcase time="0.00900000000000034" classname="coxreg" name="muffled_car_anova_muffles_notes_about_dropped_strata_term"/>
    <testcase time="0.0219999999999985" classname="coxreg" name="muffled_car_anova_gives_a_hint_in_the_error_message_when_an_error_occurs"/>
    <testcase time="0.0459999999999994" classname="coxreg" name="tidy.coxreg.univar_method_tidies_up_the_univariate_Cox_regression_model"/>
    <testcase time="0.00800000000000267" classname="coxreg" name="tidy.coxreg.univar_method_tidies_up_the_univariate_Cox_regression_model">
      <skipped message="Reason: On CRAN ('test-coxreg.R:360:3')"/>
    </testcase>
    <testcase time="0.0470000000000006" classname="coxreg" name="tidy.coxreg.univar_method_works_with_only_numeric_covariates_with_strata"/>
    <testcase time="0.00799999999999912" classname="coxreg" name="tidy.coxreg.univar_method_works_with_only_numeric_covariates_with_strata">
      <skipped message="Reason: On CRAN ('test-coxreg.R:374:3')"/>
    </testcase>
    <testcase time="0.0519999999999996" classname="coxreg" name="tidy.coxreg.univar_method_works_without_treatment_arm"/>
    <testcase time="0.00199999999999889" classname="coxreg" name="tidy.coxreg.univar_method_works_without_treatment_arm"/>
    <testcase time="0.00600000000000023" classname="coxreg" name="tidy.coxreg.univar_method_works_without_treatment_arm">
      <skipped message="Reason: On CRAN ('test-coxreg.R:388:3')"/>
    </testcase>
    <testcase time="0.0410000000000004" classname="coxreg" name="h_coxreg_extract_interaction_works_with_factor_as_covariate"/>
    <testcase time="0.0069999999999979" classname="coxreg" name="h_coxreg_extract_interaction_works_with_factor_as_covariate"/>
    <testcase time="0.032" classname="coxreg" name="h_coxreg_inter_effect_works_with_numerics_as_covariate"/>
    <testcase time="0.00400000000000134" classname="coxreg" name="h_coxreg_inter_effect_works_with_numerics_as_covariate"/>
    <testcase time="0.00999999999999801" classname="coxreg" name="h_coxreg_inter_effect_works_with_numerics_as_covariate"/>
    <testcase time="0.022000000000002" classname="coxreg" name="h_coxreg_inter_effect.numerics_works_with_____in_effect_levels"/>
    <testcase time="0.0159999999999982" classname="coxreg" name="h_coxreg_inter_effect.numerics_works_with_____in_effect_levels"/>
    <testcase time="0.00700000000000145" classname="coxreg" name="h_coxreg_inter_effect.numerics_works_with_____in_effect_levels"/>
    <testcase time="0.0180000000000007" classname="coxreg" name="h_coxreg_inter_effect_works_with_character_covariate"/>
    <testcase time="0.00399999999999778" classname="coxreg" name="h_coxreg_inter_effect_works_with_character_covariate"/>
    <testcase time="0.00900000000000034" classname="coxreg" name="h_coxreg_inter_effect_works_with_character_covariate"/>
    <testcase time="0.0130000000000017" classname="coxreg" name="h_coxreg_inter_estimations_results_identical_to_soon_deprecated_estimate_coef"/>
    <testcase time="0.0150000000000006" classname="coxreg" name="fit_coxreg_multivar_returns_model_results_as_expected"/>
    <testcase time="0.00499999999999901" classname="coxreg" name="fit_coxreg_multivar_returns_model_results_as_expected">
      <skipped message="Reason: On CRAN ('test-coxreg.R:533:3')"/>
    </testcase>
    <testcase time="0.0169999999999995" classname="coxreg" name="fit_coxreg_multivar_is_stopped_when_likelihood_method_is_used_together_with_strata"/>
    <testcase time="0.0120000000000005" classname="coxreg" name="fit_coxreg_multivar_works_correctly_also_without_treatment_arm"/>
    <testcase time="0.00199999999999889" classname="coxreg" name="fit_coxreg_multivar_works_correctly_also_without_treatment_arm"/>
    <testcase time="0.00300000000000011" classname="coxreg" name="fit_coxreg_multivar_works_correctly_also_without_treatment_arm"/>
    <testcase time="0.0429999999999993" classname="coxreg" name="tidy.coxreg.multivar_method_tidies_up_the_multivariate_Cox_regression_model"/>
    <testcase time="0.00900000000000034" classname="coxreg" name="tidy.coxreg.multivar_method_tidies_up_the_multivariate_Cox_regression_model">
      <skipped message="Reason: On CRAN ('test-coxreg.R:585:3')"/>
    </testcase>
  </testsuite>
  <testsuite name="decorate_grob" timestamp="2023-11-29T14:11:17Z" hostname="566394995c29" tests="8" skipped="2" failures="0" errors="0" time="0.614">
    <testcase time="0.0440000000000005" classname="decorate_grob" name="decorate_grob_returns_no_warnings_when_creating_an_empty_plot"/>
    <testcase time="0.0289999999999999" classname="decorate_grob" name="decorate_grob_returns_no_warnings_when_creating_a_non_empty_plot"/>
    <testcase time="0.00900000000000034" classname="decorate_grob" name="split_string_works_with_default_settings"/>
    <testcase time="0.00700000000000145" classname="decorate_grob" name="split_string_works_with_default_settings">
      <skipped message="Reason: On CRAN ('test-decorate_grob.R:51:3')"/>
    </testcase>
    <testcase time="0.0240000000000009" classname="decorate_grob" name="decorate_grob_factory_returns_page_warning_correctly"/>
    <testcase time="0.349999999999998" classname="decorate_grob" name="decorate_grob_set_returns_no_warnings_when_creating_a_non_empty_plot"/>
    <testcase time="0.0640000000000001" classname="decorate_grob" name="decorate_grob_set_returns_no_warnings_when_creating_a_non_empty_plot"/>
    <testcase time="0.0869999999999997" classname="decorate_grob" name="text_wrapping_works_as_expected">
      <skipped message="Reason: On CRAN ('test-decorate_grob.R:115:3')"/>
    </testcase>
  </testsuite>
  <testsuite name="desctools_binom_diff" timestamp="2023-11-29T14:11:18Z" hostname="566394995c29" tests="10" skipped="5" failures="0" errors="0" time="0.192">
    <testcase time="0.0199999999999996" classname="desctools_binom_diff" name="desctools_binom_produces_correct_output"/>
    <testcase time="0.00400000000000134" classname="desctools_binom_diff" name="desctools_binom_produces_correct_output">
      <skipped message="Reason: On CRAN ('test-desctools_binom_diff.R:18:3')"/>
    </testcase>
    <testcase time="0.0189999999999984" classname="desctools_binom_diff" name="desctools_binom_produces_correct_output_for_all_methods"/>
    <testcase time="0.00500000000000256" classname="desctools_binom_diff" name="desctools_binom_produces_correct_output_for_all_methods">
      <skipped message="Reason: On CRAN ('test-desctools_binom_diff.R:33:3')"/>
    </testcase>
    <testcase time="0.0129999999999981" classname="desctools_binom_diff" name="desctools_binomci_produces_correct_output_with_default_settings"/>
    <testcase time="0.00499999999999901" classname="desctools_binom_diff" name="desctools_binomci_produces_correct_output_with_default_settings">
      <skipped message="Reason: On CRAN ('test-desctools_binom_diff.R:42:3')"/>
    </testcase>
    <testcase time="0.0130000000000017" classname="desctools_binom_diff" name="desctools_binomci_produces_correct_output_with_custom_settings"/>
    <testcase time="0.00499999999999901" classname="desctools_binom_diff" name="desctools_binomci_produces_correct_output_with_custom_settings">
      <skipped message="Reason: On CRAN ('test-desctools_binom_diff.R:51:3')"/>
    </testcase>
    <testcase time="0.103000000000002" classname="desctools_binom_diff" name="desctools_binomci_produces_correct_output_for_all_methods"/>
    <testcase time="0.00499999999999901" classname="desctools_binom_diff" name="desctools_binomci_produces_correct_output_for_all_methods">
      <skipped message="Reason: On CRAN ('test-desctools_binom_diff.R:63:3')"/>
    </testcase>
  </testsuite>
  <testsuite name="df_explicit_na" timestamp="2023-11-29T14:11:18Z" hostname="566394995c29" tests="17" skipped="5" failures="0" errors="0" time="0.151">
    <testcase time="0.0210000000000008" classname="df_explicit_na" name="Default_fill_in_of_missing_values_and_conversion_to_factor_works_as_expected"/>
    <testcase time="0.00600000000000023" classname="df_explicit_na" name="Default_fill_in_of_missing_values_and_conversion_to_factor_works_as_expected">
      <skipped message="Reason: On CRAN ('test-df_explicit_na.R:22:3')"/>
    </testcase>
    <testcase time="0.0150000000000006" classname="df_explicit_na" name="Default_settings_work_when_input_data_does_not_have_labels"/>
    <testcase time="0.00499999999999901" classname="df_explicit_na" name="Default_settings_work_when_input_data_does_not_have_labels">
      <skipped message="Reason: On CRAN ('test-df_explicit_na.R:36:3')"/>
    </testcase>
    <testcase time="0.0150000000000006" classname="df_explicit_na" name="Only_replace_missing_values_without_modifying_character_or_logical_variables"/>
    <testcase time="0.00600000000000023" classname="df_explicit_na" name="Only_replace_missing_values_without_modifying_character_or_logical_variables">
      <skipped message="Reason: On CRAN ('test-df_explicit_na.R:44:3')"/>
    </testcase>
    <testcase time="0.0139999999999993" classname="df_explicit_na" name="Conversion_to_factor_works_with_some_variables_omitted"/>
    <testcase time="0.00499999999999901" classname="df_explicit_na" name="Conversion_to_factor_works_with_some_variables_omitted">
      <skipped message="Reason: On CRAN ('test-df_explicit_na.R:57:3')"/>
    </testcase>
    <testcase time="0.0160000000000018" classname="df_explicit_na" name="Only_convert_logical_variables_but_not_character_variables"/>
    <testcase time="0.00499999999999901" classname="df_explicit_na" name="Only_convert_logical_variables_but_not_character_variables">
      <skipped message="Reason: On CRAN ('test-df_explicit_na.R:70:3')"/>
    </testcase>
    <testcase time="0.0169999999999995" classname="df_explicit_na" name="Check_Errors"/>
    <testcase time="0.00400000000000134" classname="df_explicit_na" name="Check_Errors"/>
    <testcase time="0.00499999999999901" classname="df_explicit_na" name="Check_Errors"/>
    <testcase time="0.00400000000000134" classname="df_explicit_na" name="Check_Errors"/>
    <testcase time="0.00399999999999778" classname="df_explicit_na" name="Check_Errors"/>
    <testcase time="0.00600000000000023" classname="df_explicit_na" name="df_explicit_na_just_returns_unmodified_data_if_all_columns_are_omitted"/>
    <testcase time="0.00300000000000011" classname="df_explicit_na" name="df_explicit_na_just_returns_unmodified_data_if_all_columns_are_omitted"/>
  </testsuite>
  <testsuite name="estimate_incidence_rate" timestamp="2023-11-29T14:11:18Z" hostname="566394995c29" tests="20" skipped="8" failures="0" errors="0" time="0.249">
    <testcase time="0.0100000000000016" classname="estimate_incidence_rate" name="control_incidence_rate_works_with_customized_parameters"/>
    <testcase time="0.00499999999999901" classname="estimate_incidence_rate" name="control_incidence_rate_works_with_customized_parameters">
      <skipped message="Reason: On CRAN ('test-estimate_incidence_rate.R:10:3')"/>
    </testcase>
    <testcase time="0.0160000000000018" classname="estimate_incidence_rate" name="control_incidence_rate_fails_with_wrong_input"/>
    <testcase time="0.00499999999999901" classname="estimate_incidence_rate" name="control_incidence_rate_fails_with_wrong_input"/>
    <testcase time="0.00999999999999801" classname="estimate_incidence_rate" name="control_incidence_rate_fails_with_wrong_input"/>
    <testcase time="0.00500000000000256" classname="estimate_incidence_rate" name="control_incidence_rate_fails_with_wrong_input"/>
    <testcase time="0.00600000000000023" classname="estimate_incidence_rate" name="h_incidence_rate_normal_works_as_expected_with_healthy_input"/>
    <testcase time="0.00499999999999901" classname="estimate_incidence_rate" name="h_incidence_rate_normal_works_as_expected_with_healthy_input">
      <skipped message="Reason: On CRAN ('test-estimate_incidence_rate.R:24:3')"/>
    </testcase>
    <testcase time="0.0129999999999981" classname="estimate_incidence_rate" name="h_incidence_rate_normal_log_works_as_expected_with_healthy_input"/>
    <testcase time="0.00400000000000134" classname="estimate_incidence_rate" name="h_incidence_rate_normal_log_works_as_expected_with_healthy_input">
      <skipped message="Reason: On CRAN ('test-estimate_incidence_rate.R:31:3')"/>
    </testcase>
    <testcase time="0.0139999999999993" classname="estimate_incidence_rate" name="h_incidence_rate_exact_works_as_expected_with_healthy_input"/>
    <testcase time="0.00400000000000134" classname="estimate_incidence_rate" name="h_incidence_rate_exact_works_as_expected_with_healthy_input">
      <skipped message="Reason: On CRAN ('test-estimate_incidence_rate.R:38:3')"/>
    </testcase>
    <testcase time="0.0139999999999993" classname="estimate_incidence_rate" name="h_incidence_rate_byar_works_as_expected_with_healthy_input"/>
    <testcase time="0.00400000000000134" classname="estimate_incidence_rate" name="h_incidence_rate_byar_works_as_expected_with_healthy_input">
      <skipped message="Reason: On CRAN ('test-estimate_incidence_rate.R:45:3')"/>
    </testcase>
    <testcase time="0.0129999999999981" classname="estimate_incidence_rate" name="h_incidence_rate_works_as_expected_with_healthy_input"/>
    <testcase time="0.00499999999999901" classname="estimate_incidence_rate" name="h_incidence_rate_works_as_expected_with_healthy_input">
      <skipped message="Reason: On CRAN ('test-estimate_incidence_rate.R:56:3')"/>
    </testcase>
    <testcase time="0.0160000000000018" classname="estimate_incidence_rate" name="s_incidence_rate_works_as_expected_with_healthy_input"/>
    <testcase time="0.00400000000000134" classname="estimate_incidence_rate" name="s_incidence_rate_works_as_expected_with_healthy_input">
      <skipped message="Reason: On CRAN ('test-estimate_incidence_rate.R:81:3')"/>
    </testcase>
    <testcase time="0.0629999999999988" classname="estimate_incidence_rate" name="estimate_incidence_rate_works_as_expected_with_healthy_input"/>
    <testcase time="0.0330000000000013" classname="estimate_incidence_rate" name="estimate_incidence_rate_works_as_expected_with_healthy_input">
      <skipped message="Reason: On CRAN ('test-estimate_incidence_rate.R:110:3')"/>
    </testcase>
  </testsuite>
  <testsuite name="estimate_multinom_rsp" timestamp="2023-11-29T14:11:19Z" hostname="566394995c29" tests="10" skipped="3" failures="0" errors="0" time="0.186">
    <testcase time="0.0199999999999996" classname="estimate_multinom_rsp" name="d_onco_rsp_label_provide_right_response_labels"/>
    <testcase time="0.00499999999999901" classname="estimate_multinom_rsp" name="d_onco_rsp_label_provide_right_response_labels">
      <skipped message="Reason: On CRAN ('test-estimate_multinom_rsp.R:6:3')"/>
    </testcase>
    <testcase time="0.0129999999999981" classname="estimate_multinom_rsp" name="d_onco_rsp_label_describe_label_with_x_being_a_factor"/>
    <testcase time="0.00400000000000134" classname="estimate_multinom_rsp" name="d_onco_rsp_label_describe_label_with_x_being_a_factor">
      <skipped message="Reason: On CRAN ('test-estimate_multinom_rsp.R:14:3')"/>
    </testcase>
    <testcase time="0.0160000000000018" classname="estimate_multinom_rsp" name="s_length_proportion_works_as_expected_with_healthy_input"/>
    <testcase time="0.00799999999999912" classname="estimate_multinom_rsp" name="s_length_proportion_fails_with_bad_input"/>
    <testcase time="0.00499999999999901" classname="estimate_multinom_rsp" name="s_length_proportion_fails_with_bad_input"/>
    <testcase time="0.00400000000000134" classname="estimate_multinom_rsp" name="s_length_proportion_fails_with_bad_input"/>
    <testcase time="0.0790000000000006" classname="estimate_multinom_rsp" name="estimate_multinomial_response_returns_right_result"/>
    <testcase time="0.032" classname="estimate_multinom_rsp" name="estimate_multinomial_response_returns_right_result">
      <skipped message="Reason: On CRAN ('test-estimate_multinom_rsp.R:48:3')"/>
    </testcase>
  </testsuite>
  <testsuite name="estimate_proportion" timestamp="2023-11-29T14:11:19Z" hostname="566394995c29" tests="34" skipped="17" failures="0" errors="0" time="0.509">
    <testcase time="0.0259999999999998" classname="estimate_proportion" name="prop_wilson_returns_right_result"/>
    <testcase time="0.00499999999999901" classname="estimate_proportion" name="prop_wilson_returns_right_result">
      <skipped message="Reason: On CRAN ('test-estimate_proportion.R:9:3')"/>
    </testcase>
    <testcase time="0.0139999999999993" classname="estimate_proportion" name="strata_normal_quantile_works_with_general_factor_table"/>
    <testcase time="0.00499999999999901" classname="estimate_proportion" name="strata_normal_quantile_works_with_general_factor_table">
      <skipped message="Reason: On CRAN ('test-estimate_proportion.R:29:3')"/>
    </testcase>
    <testcase time="0.0130000000000017" classname="estimate_proportion" name="update_weights_strat_wilson_works_with_general_inputs"/>
    <testcase time="0.00400000000000134" classname="estimate_proportion" name="update_weights_strat_wilson_works_with_general_inputs">
      <skipped message="Reason: On CRAN ('test-estimate_proportion.R:43:3')"/>
    </testcase>
    <testcase time="0.014999999999997" classname="estimate_proportion" name="update_weights_strat_wilson_convergence_test"/>
    <testcase time="0.00400000000000134" classname="estimate_proportion" name="update_weights_strat_wilson_convergence_test">
      <skipped message="Reason: On CRAN ('test-estimate_proportion.R:78:3')"/>
    </testcase>
    <testcase time="0.0150000000000006" classname="estimate_proportion" name="prop_strat_wilson_returns_right_results"/>
    <testcase time="0.00499999999999901" classname="estimate_proportion" name="prop_strat_wilson_returns_right_results">
      <skipped message="Reason: On CRAN ('test-estimate_proportion.R:106:3')"/>
    </testcase>
    <testcase time="0.0150000000000006" classname="estimate_proportion" name="prop_strat_wilson_returns_right_result_with_inserted_weights"/>
    <testcase time="0.00400000000000134" classname="estimate_proportion" name="prop_strat_wilson_returns_right_result_with_inserted_weights">
      <skipped message="Reason: On CRAN ('test-estimate_proportion.R:131:3')"/>
    </testcase>
    <testcase time="0.0139999999999993" classname="estimate_proportion" name="prop_clopper_pearson_returns_right_result"/>
    <testcase time="0.00499999999999901" classname="estimate_proportion" name="prop_clopper_pearson_returns_right_result">
      <skipped message="Reason: On CRAN ('test-estimate_proportion.R:142:3')"/>
    </testcase>
    <testcase time="0.0130000000000017" classname="estimate_proportion" name="prop_wald_returns_right_result"/>
    <testcase time="0.00399999999999778" classname="estimate_proportion" name="prop_wald_returns_right_result">
      <skipped message="Reason: On CRAN ('test-estimate_proportion.R:154:3')"/>
    </testcase>
    <testcase time="0.0139999999999993" classname="estimate_proportion" name="prop_agresti_coull_returns_right_result"/>
    <testcase time="0.00400000000000134" classname="estimate_proportion" name="prop_agresti_coull_returns_right_result">
      <skipped message="Reason: On CRAN ('test-estimate_proportion.R:170:3')"/>
    </testcase>
    <testcase time="0.0130000000000017" classname="estimate_proportion" name="prop_jeffreys_returns_right_result"/>
    <testcase time="0.00399999999999778" classname="estimate_proportion" name="prop_jeffreys_returns_right_result">
      <skipped message="Reason: On CRAN ('test-estimate_proportion.R:181:3')"/>
    </testcase>
    <testcase time="0.0150000000000006" classname="estimate_proportion" name="prop_strat_wilson_output_matches_equivalent_SAS_function_output"/>
    <testcase time="0.00499999999999901" classname="estimate_proportion" name="prop_strat_wilson_output_matches_equivalent_SAS_function_output">
      <skipped message="Reason: On CRAN ('test-estimate_proportion.R:203:3')"/>
    </testcase>
    <testcase time="0.0199999999999996" classname="estimate_proportion" name="s_proportion_returns_right_result"/>
    <testcase time="0.00400000000000134" classname="estimate_proportion" name="s_proportion_returns_right_result">
      <skipped message="Reason: On CRAN ('test-estimate_proportion.R:210:3')"/>
    </testcase>
    <testcase time="0.0150000000000006" classname="estimate_proportion" name="_s_proportion_works_with_Jeffreys_CI"/>
    <testcase time="0.00399999999999778" classname="estimate_proportion" name="_s_proportion_works_with_Jeffreys_CI">
      <skipped message="Reason: On CRAN ('test-estimate_proportion.R:223:3')"/>
    </testcase>
    <testcase time="0.0140000000000029" classname="estimate_proportion" name="_s_proportion_works_with_Agresti_Coull_CI"/>
    <testcase time="0.00399999999999778" classname="estimate_proportion" name="_s_proportion_works_with_Agresti_Coull_CI">
      <skipped message="Reason: On CRAN ('test-estimate_proportion.R:247:3')"/>
    </testcase>
    <testcase time="0.0779999999999994" classname="estimate_proportion" name="_estimate_proportion_is_compatible_with_rtables_"/>
    <testcase time="0.00400000000000134" classname="estimate_proportion" name="_estimate_proportion_is_compatible_with_rtables_">
      <skipped message="Reason: On CRAN ('test-estimate_proportion.R:281:3')"/>
    </testcase>
    <testcase time="0.0679999999999978" classname="estimate_proportion" name="_estimate_proportion_and_strat_wilson_is_compatible_with_rtables_"/>
    <testcase time="0.00500000000000256" classname="estimate_proportion" name="_estimate_proportion_and_strat_wilson_is_compatible_with_rtables_">
      <skipped message="Reason: On CRAN ('test-estimate_proportion.R:307:3')"/>
    </testcase>
    <testcase time="0.0719999999999992" classname="estimate_proportion" name="_estimate_proportion_and_strat_wilson_with_equal_weights_and_specific_number_of_interactions_works_with_rtables_"/>
    <testcase time="0.00499999999999901" classname="estimate_proportion" name="_estimate_proportion_and_strat_wilson_with_equal_weights_and_specific_number_of_interactions_works_with_rtables_">
      <skipped message="Reason: On CRAN ('test-estimate_proportion.R:339:5')"/>
    </testcase>
  </testsuite>
  <testsuite name="fit_rsp_step" timestamp="2023-11-29T14:11:19Z" hostname="566394995c29" tests="16" skipped="3" failures="0" errors="0" time="0.335">
    <testcase time="0.170999999999999" classname="fit_rsp_step" name="fit_rsp_step_works_as_expected_with_default_options"/>
    <testcase time="0.00100000000000122" classname="fit_rsp_step" name="fit_rsp_step_works_as_expected_with_default_options"/>
    <testcase time="0.00199999999999889" classname="fit_rsp_step" name="fit_rsp_step_works_as_expected_with_default_options"/>
    <testcase time="0.00500000000000256" classname="fit_rsp_step" name="fit_rsp_step_works_as_expected_with_default_options">
      <skipped message="Reason: On CRAN ('test-fit_rsp_step.R:29:3')"/>
    </testcase>
    <testcase time="0.0309999999999988" classname="fit_rsp_step" name="fit_rsp_step_works_as_expected_with_global_model_fit"/>
    <testcase time="0.00100000000000122" classname="fit_rsp_step" name="fit_rsp_step_works_as_expected_with_global_model_fit"/>
    <testcase time="0.00199999999999889" classname="fit_rsp_step" name="fit_rsp_step_works_as_expected_with_global_model_fit"/>
    <testcase time="0.00499999999999901" classname="fit_rsp_step" name="fit_rsp_step_works_as_expected_with_global_model_fit">
      <skipped message="Reason: On CRAN ('test-fit_rsp_step.R:58:3')"/>
    </testcase>
    <testcase time="0.0289999999999999" classname="fit_rsp_step" name="fit_rsp_step_works_as_expected_with_strata"/>
    <testcase time="0.00100000000000122" classname="fit_rsp_step" name="fit_rsp_step_works_as_expected_with_strata"/>
    <testcase time="0.00199999999999889" classname="fit_rsp_step" name="fit_rsp_step_works_as_expected_with_strata"/>
    <testcase time="0.00400000000000134" classname="fit_rsp_step" name="fit_rsp_step_works_as_expected_with_strata">
      <skipped message="Reason: On CRAN ('test-fit_rsp_step.R:81:3')"/>
    </testcase>
    <testcase time="0.0730000000000004" classname="fit_rsp_step" name="fit_rsp_step_works_as_expected_with_null_bandwidth"/>
    <testcase time="0.000999999999997669" classname="fit_rsp_step" name="fit_rsp_step_works_as_expected_with_null_bandwidth"/>
    <testcase time="0.00400000000000134" classname="fit_rsp_step" name="fit_rsp_step_works_as_expected_with_null_bandwidth"/>
    <testcase time="0.00300000000000011" classname="fit_rsp_step" name="fit_rsp_step_works_as_expected_with_null_bandwidth"/>
  </testsuite>
  <testsuite name="fit_survival_step" timestamp="2023-11-29T14:11:20Z" hostname="566394995c29" tests="12" skipped="3" failures="0" errors="0" time="0.324">
    <testcase time="0.172999999999998" classname="fit_survival_step" name="fit_survival_step_works_as_expected_with_default_options"/>
    <testcase time="0.00100000000000122" classname="fit_survival_step" name="fit_survival_step_works_as_expected_with_default_options"/>
    <testcase time="0.00199999999999889" classname="fit_survival_step" name="fit_survival_step_works_as_expected_with_default_options"/>
    <testcase time="0.00500000000000256" classname="fit_survival_step" name="fit_survival_step_works_as_expected_with_default_options">
      <skipped message="Reason: On CRAN ('test-fit_survival_step.R:34:3')"/>
    </testcase>
    <testcase time="0.0339999999999989" classname="fit_survival_step" name="fit_survival_step_works_as_expected_with_global_model_fit"/>
    <testcase time="0.00199999999999889" classname="fit_survival_step" name="fit_survival_step_works_as_expected_with_global_model_fit"/>
    <testcase time="0.00100000000000122" classname="fit_survival_step" name="fit_survival_step_works_as_expected_with_global_model_fit"/>
    <testcase time="0.00499999999999901" classname="fit_survival_step" name="fit_survival_step_works_as_expected_with_global_model_fit">
      <skipped message="Reason: On CRAN ('test-fit_survival_step.R:65:3')"/>
    </testcase>
    <testcase time="0.093" classname="fit_survival_step" name="fit_survival_step_works_as_expected_with_null_bandwidth"/>
    <testcase time="0.00100000000000122" classname="fit_survival_step" name="fit_survival_step_works_as_expected_with_null_bandwidth"/>
    <testcase time="0.00199999999999889" classname="fit_survival_step" name="fit_survival_step_works_as_expected_with_null_bandwidth"/>
    <testcase time="0.00499999999999901" classname="fit_survival_step" name="fit_survival_step_works_as_expected_with_null_bandwidth">
      <skipped message="Reason: On CRAN ('test-fit_survival_step.R:88:3')"/>
    </testcase>
  </testsuite>
  <testsuite name="formats" timestamp="2023-11-29T14:11:20Z" hostname="566394995c29" tests="49" skipped="20" failures="0" errors="0" time="0.459">
    <testcase time="0.0190000000000019" classname="formats" name="format_fraction_works_with_healthy_inputs"/>
    <testcase time="0.00400000000000134" classname="formats" name="format_fraction_works_with_healthy_inputs">
      <skipped message="Reason: On CRAN ('test-formats.R:5:3')"/>
    </testcase>
    <testcase time="0.0139999999999993" classname="formats" name="format_fraction_works_with_0_numerator_input"/>
    <testcase time="0.00499999999999901" classname="formats" name="format_fraction_works_with_0_numerator_input">
      <skipped message="Reason: On CRAN ('test-formats.R:12:3')"/>
    </testcase>
    <testcase time="0.0130000000000017" classname="formats" name="format_fraction_fixed_dp_works_with_healthy_inputs"/>
    <testcase time="0.00499999999999901" classname="formats" name="format_fraction_fixed_dp_works_with_healthy_inputs">
      <skipped message="Reason: On CRAN ('test-formats.R:19:3')"/>
    </testcase>
    <testcase time="0.0139999999999993" classname="formats" name="format_fraction_fixed_dp_works_with_whole_number_percentages"/>
    <testcase time="0.00400000000000134" classname="formats" name="format_fraction_fixed_dp_works_with_whole_number_percentages">
      <skipped message="Reason: On CRAN ('test-formats.R:26:3')"/>
    </testcase>
    <testcase time="0.0139999999999993" classname="formats" name="format_fraction_fixed_dp_works_with_0_numerator_input"/>
    <testcase time="0.00399999999999778" classname="formats" name="format_fraction_fixed_dp_works_with_0_numerator_input">
      <skipped message="Reason: On CRAN ('test-formats.R:33:3')"/>
    </testcase>
    <testcase time="0.0140000000000029" classname="formats" name="format_count_fraction_works_with_healthy_inputs"/>
    <testcase time="0.00399999999999778" classname="formats" name="format_count_fraction_works_with_healthy_inputs">
      <skipped message="Reason: On CRAN ('test-formats.R:40:3')"/>
    </testcase>
    <testcase time="0.0139999999999993" classname="formats" name="format_count_fraction_works_with_count_of_0"/>
    <testcase time="0.00500000000000256" classname="formats" name="format_count_fraction_works_with_count_of_0">
      <skipped message="Reason: On CRAN ('test-formats.R:47:3')"/>
    </testcase>
    <testcase time="0.0219999999999985" classname="formats" name="format_count_fraction_works_with_NA_input"/>
    <testcase time="0.00600000000000023" classname="formats" name="format_count_fraction_fixed_dp_works_with_healthy_inputs"/>
    <testcase time="0.00499999999999901" classname="formats" name="format_count_fraction_fixed_dp_works_with_healthy_inputs">
      <skipped message="Reason: On CRAN ('test-formats.R:59:3')"/>
    </testcase>
    <testcase time="0.0150000000000006" classname="formats" name="format_count_fraction_fixed_dp_works_with_healthy_inputs"/>
    <testcase time="0.00499999999999901" classname="formats" name="format_count_fraction_fixed_dp_works_with_healthy_inputs">
      <skipped message="Reason: On CRAN ('test-formats.R:66:3')"/>
    </testcase>
    <testcase time="0.0140000000000029" classname="formats" name="format_count_fraction_fixed_dp_works_with_count_of_0"/>
    <testcase time="0.00499999999999901" classname="formats" name="format_count_fraction_fixed_dp_works_with_count_of_0">
      <skipped message="Reason: On CRAN ('test-formats.R:73:3')"/>
    </testcase>
    <testcase time="0.0139999999999993" classname="formats" name="format_count_fraction_lt10_works_with_healthy_inputs"/>
    <testcase time="0.00600000000000023" classname="formats" name="format_count_fraction_lt10_works_with_healthy_inputs">
      <skipped message="Reason: On CRAN ('test-formats.R:82:3')"/>
    </testcase>
    <testcase time="0.0139999999999993" classname="formats" name="format_count_fraction_lt10_works_with_count_less_than_10"/>
    <testcase time="0.00499999999999901" classname="formats" name="format_count_fraction_lt10_works_with_count_less_than_10">
      <skipped message="Reason: On CRAN ('test-formats.R:91:3')"/>
    </testcase>
    <testcase time="0.0160000000000018" classname="formats" name="format_count_fraction_lt10_works_with_NA_input"/>
    <testcase time="0.0100000000000016" classname="formats" name="format_fraction_fails_with_bad_inputs"/>
    <testcase time="0.00399999999999778" classname="formats" name="format_fraction_fails_with_bad_inputs"/>
    <testcase time="0.00700000000000145" classname="formats" name="format_xx_works_with_easy_inputs"/>
    <testcase time="0.00499999999999901" classname="formats" name="format_xx_works_with_easy_inputs">
      <skipped message="Reason: On CRAN ('test-formats.R:116:3')"/>
    </testcase>
    <testcase time="0.0160000000000018" classname="formats" name="format_sigfig_works_with_easy_inputs"/>
    <testcase time="0.00399999999999778" classname="formats" name="format_sigfig_works_with_easy_inputs">
      <skipped message="Reason: On CRAN ('test-formats.R:125:3')"/>
    </testcase>
    <testcase time="0.0150000000000006" classname="formats" name="format_sigfig_works_with_different_format_types"/>
    <testcase time="0.00499999999999901" classname="formats" name="format_sigfig_works_with_different_format_types">
      <skipped message="Reason: On CRAN ('test-formats.R:134:3')"/>
    </testcase>
    <testcase time="0.0139999999999993" classname="formats" name="format_fraction_threshold_works_with_easy_inputs"/>
    <testcase time="0.00400000000000134" classname="formats" name="format_fraction_threshold_works_with_easy_inputs">
      <skipped message="Reason: On CRAN ('test-formats.R:150:3')"/>
    </testcase>
    <testcase time="0.0150000000000006" classname="formats" name="h_get_format_threshold_works_with_easy_inputs"/>
    <testcase time="0.00499999999999901" classname="formats" name="h_get_format_threshold_works_with_easy_inputs">
      <skipped message="Reason: On CRAN ('test-formats.R:158:3')"/>
    </testcase>
    <testcase time="0.022000000000002" classname="formats" name="h_format_threshold_works_with_easy_inputs"/>
    <testcase time="0.00499999999999901" classname="formats" name="h_format_threshold_works_with_easy_inputs">
      <skipped message="Reason: On CRAN ('test-formats.R:172:3')"/>
    </testcase>
    <testcase time="0.0139999999999993" classname="formats" name="format_extreme_values_works_with_easy_inputs"/>
    <testcase time="0.00400000000000134" classname="formats" name="format_extreme_values_works_with_easy_inputs">
      <skipped message="Reason: On CRAN ('test-formats.R:181:3')"/>
    </testcase>
    <testcase time="0.0139999999999993" classname="formats" name="format_extreme_values_ci_works_with_easy_inputs"/>
    <testcase time="0.00400000000000134" classname="formats" name="format_extreme_values_ci_works_with_easy_inputs">
      <skipped message="Reason: On CRAN ('test-formats.R:190:3')"/>
    </testcase>
    <testcase time="0.014999999999997" classname="formats" name="format_extreme_values_ci_works_with_easy_inputs"/>
    <testcase time="0.00400000000000134" classname="formats" name="format_extreme_values_ci_works_with_easy_inputs"/>
    <testcase time="0.00300000000000011" classname="formats" name="format_extreme_values_ci_works_with_easy_inputs"/>
    <testcase time="0.00499999999999901" classname="formats" name="format_extreme_values_ci_works_with_easy_inputs"/>
    <testcase time="0.00500000000000256" classname="formats" name="format_extreme_values_ci_works_with_easy_inputs"/>
  </testsuite>
  <testsuite name="g_forest" timestamp="2023-11-29T14:11:20Z" hostname="566394995c29" tests="2" skipped="2" failures="0" errors="0" time="0.998">
    <testcase time="0.896999999999998" classname="g_forest" name="g_forest_default_plot_works">
      <skipped message="Reason: On CRAN ('test-g_forest.R:22:3')"/>
    </testcase>
    <testcase time="0.100999999999999" classname="g_forest" name="g_forest_works_with_custom_arguments">
      <skipped message="Reason: On CRAN ('test-g_forest.R:46:3')"/>
    </testcase>
  </testsuite>
  <testsuite name="g_km" timestamp="2023-11-29T14:11:21Z" hostname="566394995c29" tests="6" skipped="5" failures="0" errors="0" time="2.071">
    <testcase time="0.359000000000002" classname="g_km" name="g_km_default_plot_works">
      <skipped message="Reason: On CRAN ('test-g_km.R:14:3')"/>
    </testcase>
    <testcase time="0.422000000000001" classname="g_km" name="g_km_default_plot_witch_ci_ribbon_TRUE_works">
      <skipped message="Reason: On CRAN ('test-g_km.R:30:3')"/>
    </testcase>
    <testcase time="0.195999999999998" classname="g_km" name="g_km_plot_with_in_group_labels_works"/>
    <testcase time="0.330000000000002" classname="g_km" name="g_km_ylim_parameter_works_as_expected">
      <skipped message="Reason: On CRAN ('test-g_km.R:68:3')"/>
    </testcase>
    <testcase time="0.352" classname="g_km" name="annot_at_risk_title_parameter_works_as_expected">
      <skipped message="Reason: On CRAN ('test-g_km.R:104:3')"/>
    </testcase>
    <testcase time="0.411999999999999" classname="g_km" name="ref_group_coxph_parameter_works_as_expected">
      <skipped message="Reason: On CRAN ('test-g_km.R:123:3')"/>
    </testcase>
  </testsuite>
  <testsuite name="g_lineplot" timestamp="2023-11-29T14:11:23Z" hostname="566394995c29" tests="3" skipped="3" failures="0" errors="0" time="1.121">
    <testcase time="0.242000000000001" classname="g_lineplot" name="g_lineplot_works_with_default_settings">
      <skipped message="Reason: On CRAN ('test-g_lineplot.R:9:3')"/>
    </testcase>
    <testcase time="0.445999999999998" classname="g_lineplot" name="g_lineplot_works_with_custom_settings_and_statistics_table">
      <skipped message="Reason: On CRAN ('test-g_lineplot.R:27:3')"/>
    </testcase>
    <testcase time="0.433" classname="g_lineplot" name="g_lineplot_works_with_cohort_id_specified">
      <skipped message="Reason: On CRAN ('test-g_lineplot.R:43:3')"/>
    </testcase>
  </testsuite>
  <testsuite name="g_step" timestamp="2023-11-29T14:11:25Z" hostname="566394995c29" tests="12" skipped="4" failures="0" errors="0" time="0.477">
    <testcase time="0.224" classname="g_step" name="g_step_works_with_default_settings">
      <skipped message="Reason: On CRAN ('test-g_step.R:18:3')"/>
    </testcase>
    <testcase time="0.129999999999999" classname="g_step" name="g_step_works_with_custom_settings">
      <skipped message="Reason: On CRAN ('test-g_step.R:28:3')"/>
    </testcase>
    <testcase time="0.017000000000003" classname="g_step" name="tidy.step_works_as_expected_for_survival_STEP_results"/>
    <testcase time="0.00199999999999889" classname="g_step" name="tidy.step_works_as_expected_for_survival_STEP_results"/>
    <testcase time="0.00499999999999901" classname="g_step" name="tidy.step_works_as_expected_for_survival_STEP_results">
      <skipped message="Reason: On CRAN ('test-g_step.R:36:3')"/>
    </testcase>
    <testcase time="0.0450000000000017" classname="g_step" name="tidy.step_works_as_expected_for_response_STEP_results"/>
    <testcase time="0.000999999999997669" classname="g_step" name="tidy.step_works_as_expected_for_response_STEP_results"/>
    <testcase time="0.00500000000000256" classname="g_step" name="tidy.step_works_as_expected_for_response_STEP_results">
      <skipped message="Reason: On CRAN ('test-g_step.R:65:3')"/>
    </testcase>
    <testcase time="0.0249999999999986" classname="g_step" name="tidy.step_gives_expected_warnings_when_there_are_NAs_in_y_variables"/>
    <testcase time="0.00700000000000145" classname="g_step" name="tidy.step_gives_expected_warnings_when_there_are_NAs_in_y_variables"/>
    <testcase time="0.0109999999999992" classname="g_step" name="tidy.step_gives_expected_warnings_when_there_are_very_large_values_in_y_variables"/>
    <testcase time="0.00499999999999901" classname="g_step" name="tidy.step_gives_expected_warnings_when_there_are_very_large_values_in_y_variables"/>
  </testsuite>
  <testsuite name="g_waterfall" timestamp="2023-11-29T14:11:25Z" hostname="566394995c29" tests="2" skipped="2" failures="0" errors="0" time="0.261">
    <testcase time="0.088000000000001" classname="g_waterfall" name="g_waterfall_default_plot_works">
      <skipped message="Reason: On CRAN ('test-g_waterfall.R:7:3')"/>
    </testcase>
    <testcase time="0.172999999999998" classname="g_waterfall" name="g_waterfall_plot_with_labels_and_colors_works">
      <skipped message="Reason: On CRAN ('test-g_waterfall.R:28:3')"/>
    </testcase>
  </testsuite>
  <testsuite name="h_adsl_adlb_merge_using_worst_flag" timestamp="2023-11-29T14:11:25Z" hostname="566394995c29" tests="6" skipped="5" failures="0" errors="0" time="0.23">
    <testcase time="0.0330000000000013" classname="h_adsl_adlb_merge_using_worst_flag" name="h_adsl_adlb_merge_using_worst_flag_generates_missing_for_patients_without_any_lab"/>
    <testcase time="0.0139999999999993" classname="h_adsl_adlb_merge_using_worst_flag" name="h_adsl_adlb_merge_using_worst_flag_generates_missing_for_patients_without_any_lab">
      <skipped message="Reason: On CRAN ('test-h_adsl_adlb_merge_using_worst_flag.R:11:3')"/>
    </testcase>
    <testcase time="0.0500000000000007" classname="h_adsl_adlb_merge_using_worst_flag" name="h_adsl_adlb_merge_using_worst_flag_generates_missing_for_patients_missing_baseline_lab">
      <skipped message="Reason: On CRAN ('test-h_adsl_adlb_merge_using_worst_flag.R:25:3')"/>
    </testcase>
    <testcase time="0.0380000000000003" classname="h_adsl_adlb_merge_using_worst_flag" name="h_adsl_adlb_merge_using_worst_flag_generates_missing_for_patients_missing_post_baseline_lab">
      <skipped message="Reason: On CRAN ('test-h_adsl_adlb_merge_using_worst_flag.R:39:3')"/>
    </testcase>
    <testcase time="0.0389999999999979" classname="h_adsl_adlb_merge_using_worst_flag" name="h_adsl_adlb_merge_using_worst_flag_generates_missing_for_patients_without_any_worst_flagged_post_baseline_values">
      <skipped message="Reason: On CRAN ('test-h_adsl_adlb_merge_using_worst_flag.R:55:5')"/>
    </testcase>
    <testcase time="0.0560000000000009" classname="h_adsl_adlb_merge_using_worst_flag" name="h_adsl_adlb_merge_using_worst_flag_generates_missing_and_by_visit_lab_results">
      <skipped message="Reason: On CRAN ('test-h_adsl_adlb_merge_using_worst_flag.R:68:3')"/>
    </testcase>
  </testsuite>
  <testsuite name="h_format_row" timestamp="2023-11-29T14:11:26Z" hostname="566394995c29" tests="2" skipped="1" failures="0" errors="0" time="0.028">
    <testcase time="0.022000000000002" classname="h_format_row" name="h_format_row_returns_the_correct_dataframe"/>
    <testcase time="0.00600000000000023" classname="h_format_row" name="h_format_row_returns_the_correct_dataframe">
      <skipped message="Reason: On CRAN ('test-h_format_row.R:11:3')"/>
    </testcase>
  </testsuite>
  <testsuite name="h_logistic_regression" timestamp="2023-11-29T14:11:26Z" hostname="566394995c29" tests="54" skipped="16" failures="0" errors="0" time="0.639">
    <testcase time="0.032" classname="h_logistic_regression" name="h_get_interaction_vars_works_as_expected"/>
    <testcase time="0.00499999999999901" classname="h_logistic_regression" name="h_get_interaction_vars_works_as_expected">
      <skipped message="Reason: On CRAN ('test-h_logistic_regression.R:28:3')"/>
    </testcase>
    <testcase time="0.0180000000000007" classname="h_logistic_regression" name="h_interaction_coef_name_works_as_expected"/>
    <testcase time="0.00499999999999901" classname="h_logistic_regression" name="h_interaction_coef_name_works_as_expected">
      <skipped message="Reason: On CRAN ('test-h_logistic_regression.R:49:3')"/>
    </testcase>
    <testcase time="0.0180000000000007" classname="h_logistic_regression" name="h_or_cat_interaction_works_as_expected"/>
    <testcase time="0.00199999999999889" classname="h_logistic_regression" name="h_or_cat_interaction_works_as_expected"/>
    <testcase time="0.00100000000000122" classname="h_logistic_regression" name="h_or_cat_interaction_works_as_expected"/>
    <testcase time="0.000999999999997669" classname="h_logistic_regression" name="h_or_cat_interaction_works_as_expected"/>
    <testcase time="0.00100000000000122" classname="h_logistic_regression" name="h_or_cat_interaction_works_as_expected"/>
    <testcase time="0.00100000000000122" classname="h_logistic_regression" name="h_or_cat_interaction_works_as_expected"/>
    <testcase time="0.00199999999999889" classname="h_logistic_regression" name="h_or_cat_interaction_works_as_expected"/>
    <testcase time="0.00499999999999901" classname="h_logistic_regression" name="h_or_cat_interaction_works_as_expected">
      <skipped message="Reason: On CRAN ('test-h_logistic_regression.R:74:3')"/>
    </testcase>
    <testcase time="0.0190000000000019" classname="h_logistic_regression" name="h_or_cont_interaction_works_as_expected_with_median_increment"/>
    <testcase time="0.000999999999997669" classname="h_logistic_regression" name="h_or_cont_interaction_works_as_expected_with_median_increment"/>
    <testcase time="0.00100000000000122" classname="h_logistic_regression" name="h_or_cont_interaction_works_as_expected_with_median_increment"/>
    <testcase time="0.00100000000000122" classname="h_logistic_regression" name="h_or_cont_interaction_works_as_expected_with_median_increment"/>
    <testcase time="0.000999999999997669" classname="h_logistic_regression" name="h_or_cont_interaction_works_as_expected_with_median_increment"/>
    <testcase time="0.00100000000000122" classname="h_logistic_regression" name="h_or_cont_interaction_works_as_expected_with_median_increment"/>
    <testcase time="0.000999999999997669" classname="h_logistic_regression" name="h_or_cont_interaction_works_as_expected_with_median_increment"/>
    <testcase time="0.00500000000000256" classname="h_logistic_regression" name="h_or_cont_interaction_works_as_expected_with_median_increment">
      <skipped message="Reason: On CRAN ('test-h_logistic_regression.R:107:3')"/>
    </testcase>
    <testcase time="0.0199999999999996" classname="h_logistic_regression" name="h_or_cont_interaction_works_as_expected_with_custom_increments"/>
    <testcase time="0.000999999999997669" classname="h_logistic_regression" name="h_or_cont_interaction_works_as_expected_with_custom_increments"/>
    <testcase time="0.00100000000000122" classname="h_logistic_regression" name="h_or_cont_interaction_works_as_expected_with_custom_increments"/>
    <testcase time="0.00799999999999912" classname="h_logistic_regression" name="h_or_cont_interaction_works_as_expected_with_custom_increments"/>
    <testcase time="0.00700000000000145" classname="h_logistic_regression" name="h_or_cont_interaction_works_as_expected_with_custom_increments">
      <skipped message="Reason: On CRAN ('test-h_logistic_regression.R:146:5')"/>
    </testcase>
    <testcase time="0.0210000000000008" classname="h_logistic_regression" name="h_or_interaction_works_as_expected"/>
    <testcase time="0.00600000000000023" classname="h_logistic_regression" name="h_or_interaction_works_as_expected"/>
    <testcase time="0.00600000000000023" classname="h_logistic_regression" name="h_simple_term_labels_works_correctly_with_factor_input"/>
    <testcase time="0.00499999999999901" classname="h_logistic_regression" name="h_simple_term_labels_works_correctly_with_factor_input">
      <skipped message="Reason: On CRAN ('test-h_logistic_regression.R:204:3')"/>
    </testcase>
    <testcase time="0.0150000000000006" classname="h_logistic_regression" name="h_interaction_term_labels_works_correctly_with_factor_input"/>
    <testcase time="0.00499999999999901" classname="h_logistic_regression" name="h_interaction_term_labels_works_correctly_with_factor_input">
      <skipped message="Reason: On CRAN ('test-h_logistic_regression.R:218:3')"/>
    </testcase>
    <testcase time="0.0150000000000006" classname="h_logistic_regression" name="h_interaction_term_labels_works_correctly_when_any_term_can_be_fulfilled"/>
    <testcase time="0.00499999999999901" classname="h_logistic_regression" name="h_interaction_term_labels_works_correctly_when_any_term_can_be_fulfilled">
      <skipped message="Reason: On CRAN ('test-h_logistic_regression.R:230:3')"/>
    </testcase>
    <testcase time="0.0229999999999997" classname="h_logistic_regression" name="h_glm_simple_term_extract_works_for_factor_and_numeric_variables"/>
    <testcase time="0.00700000000000145" classname="h_logistic_regression" name="h_glm_simple_term_extract_works_for_factor_and_numeric_variables">
      <skipped message="Reason: On CRAN ('test-h_logistic_regression.R:247:3')"/>
    </testcase>
    <testcase time="0.0199999999999996" classname="h_logistic_regression" name="h_glm_simple_term_extract_can_extract_continuous_variable_results_from_clogit_objects"/>
    <testcase time="0.00199999999999889" classname="h_logistic_regression" name="h_glm_simple_term_extract_can_extract_continuous_variable_results_from_clogit_objects"/>
    <testcase time="0.00499999999999901" classname="h_logistic_regression" name="h_glm_simple_term_extract_can_extract_continuous_variable_results_from_clogit_objects">
      <skipped message="Reason: On CRAN ('test-h_logistic_regression.R:279:3')"/>
    </testcase>
    <testcase time="0.0259999999999998" classname="h_logistic_regression" name="h_glm_interaction_extract_works_for_categorical_interaction"/>
    <testcase time="0.0100000000000016" classname="h_logistic_regression" name="h_glm_interaction_extract_works_for_categorical_interaction">
      <skipped message="Reason: On CRAN ('test-h_logistic_regression.R:296:3')"/>
    </testcase>
    <testcase time="0.0609999999999999" classname="h_logistic_regression" name="h_glm_interaction_extract_works_for_continuous_interaction"/>
    <testcase time="0.0100000000000016" classname="h_logistic_regression" name="h_glm_interaction_extract_works_for_continuous_interaction">
      <skipped message="Reason: On CRAN ('test-h_logistic_regression.R:313:3')"/>
    </testcase>
    <testcase time="0.0339999999999989" classname="h_logistic_regression" name="h_logistic_simple_terms_works"/>
    <testcase time="0.0100000000000016" classname="h_logistic_regression" name="h_logistic_simple_terms_works">
      <skipped message="Reason: On CRAN ('test-h_logistic_regression.R:332:3')"/>
    </testcase>
    <testcase time="0.0309999999999988" classname="h_logistic_regression" name="h_logistic_simple_terms_can_extract_continuous_variable_results_from_clogit_objects"/>
    <testcase time="0.00199999999999889" classname="h_logistic_regression" name="h_logistic_simple_terms_can_extract_continuous_variable_results_from_clogit_objects"/>
    <testcase time="0.00700000000000145" classname="h_logistic_regression" name="h_logistic_simple_terms_can_extract_continuous_variable_results_from_clogit_objects">
      <skipped message="Reason: On CRAN ('test-h_logistic_regression.R:365:3')"/>
    </testcase>
    <testcase time="0.0389999999999979" classname="h_logistic_regression" name="h_glm_inter_term_extract_works_as_expected_with_categorical_interaction"/>
    <testcase time="0.0110000000000028" classname="h_logistic_regression" name="h_glm_inter_term_extract_works_as_expected_with_categorical_interaction">
      <skipped message="Reason: On CRAN ('test-h_logistic_regression.R:387:3')"/>
    </testcase>
    <testcase time="0.0379999999999967" classname="h_logistic_regression" name="h_glm_inter_term_extract_works_as_expected_with_continuous_interaction"/>
    <testcase time="0.00600000000000023" classname="h_logistic_regression" name="h_glm_inter_term_extract_works_as_expected_with_continuous_interaction"/>
    <testcase time="0.054000000000002" classname="h_logistic_regression" name="h_logistic_inter_terms_works_as_expected"/>
    <testcase time="0.00199999999999889" classname="h_logistic_regression" name="h_logistic_inter_terms_works_as_expected"/>
    <testcase time="0.00499999999999901" classname="h_logistic_regression" name="h_logistic_inter_terms_works_as_expected">
      <skipped message="Reason: On CRAN ('test-h_logistic_regression.R:434:3')"/>
    </testcase>
  </testsuite>
  <testsuite name="h_map_for_count_abnormal" timestamp="2023-11-29T14:11:26Z" hostname="566394995c29" tests="14" skipped="7" failures="0" errors="0" time="0.239">
    <testcase time="0.0259999999999998" classname="h_map_for_count_abnormal" name="h_map_for_count_abnormal_returns_the_correct_map_for_default_method_with_healthy_single_input"/>
    <testcase time="0.00600000000000023" classname="h_map_for_count_abnormal" name="h_map_for_count_abnormal_returns_the_correct_map_for_default_method_with_healthy_single_input">
      <skipped message="Reason: On CRAN ('test-h_map_for_count_abnormal.R:27:3')"/>
    </testcase>
    <testcase time="0.0210000000000008" classname="h_map_for_count_abnormal" name="h_map_for_count_abnormal_returns_the_correct_map_for_range_method_with_healthy_single_input"/>
    <testcase time="0.00499999999999901" classname="h_map_for_count_abnormal" name="h_map_for_count_abnormal_returns_the_correct_map_for_range_method_with_healthy_single_input">
      <skipped message="Reason: On CRAN ('test-h_map_for_count_abnormal.R:49:3')"/>
    </testcase>
    <testcase time="0.0210000000000008" classname="h_map_for_count_abnormal" name="h_map_for_count_abnormal_returns_the_correct_map_for_default_method_with_unused_LOW_LOW_HIGH_HIGH_input"/>
    <testcase time="0.00500000000000256" classname="h_map_for_count_abnormal" name="h_map_for_count_abnormal_returns_the_correct_map_for_default_method_with_unused_LOW_LOW_HIGH_HIGH_input">
      <skipped message="Reason: On CRAN ('test-h_map_for_count_abnormal.R:71:5')"/>
    </testcase>
    <testcase time="0.0219999999999985" classname="h_map_for_count_abnormal" name="h_map_for_count_abnormal_returns_the_correct_map_for_range_method_with_unused_LOW_LOW_HIGH_HIGH_input"/>
    <testcase time="0.00600000000000023" classname="h_map_for_count_abnormal" name="h_map_for_count_abnormal_returns_the_correct_map_for_range_method_with_unused_LOW_LOW_HIGH_HIGH_input">
      <skipped message="Reason: On CRAN ('test-h_map_for_count_abnormal.R:98:5')"/>
    </testcase>
    <testcase time="0.0219999999999985" classname="h_map_for_count_abnormal" name="h_map_for_count_abnormal_returns_the_correct_map_for_default_method_with_unused_LOW_LOW_HIGH_HIGH_input"/>
    <testcase time="0.00500000000000256" classname="h_map_for_count_abnormal" name="h_map_for_count_abnormal_returns_the_correct_map_for_default_method_with_unused_LOW_LOW_HIGH_HIGH_input">
      <skipped message="Reason: On CRAN ('test-h_map_for_count_abnormal.R:125:5')"/>
    </testcase>
    <testcase time="0.0659999999999989" classname="h_map_for_count_abnormal" name="h_map_for_count_abnormal_returns_the_correct_map_for_range_method_with_unused_LOW_LOW_HIGH_HIGH_input"/>
    <testcase time="0.0069999999999979" classname="h_map_for_count_abnormal" name="h_map_for_count_abnormal_returns_the_correct_map_for_range_method_with_unused_LOW_LOW_HIGH_HIGH_input">
      <skipped message="Reason: On CRAN ('test-h_map_for_count_abnormal.R:154:5')"/>
    </testcase>
    <testcase time="0.022000000000002" classname="h_map_for_count_abnormal" name="h_map_for_count_abnormal_returns_the_correct_map_for_range_method_with_unused_LOW_LOW_HIGH_HIGH_input"/>
    <testcase time="0.00499999999999901" classname="h_map_for_count_abnormal" name="h_map_for_count_abnormal_returns_the_correct_map_for_range_method_with_unused_LOW_LOW_HIGH_HIGH_input">
      <skipped message="Reason: On CRAN ('test-h_map_for_count_abnormal.R:182:5')"/>
    </testcase>
  </testsuite>
  <testsuite name="h_pkparam_sort" timestamp="2023-11-29T14:11:26Z" hostname="566394995c29" tests="4" skipped="2" failures="0" errors="0" time="0.047">
    <testcase time="0.0210000000000008" classname="h_pkparam_sort" name="h_pkparam_sort_with_PARAMCD"/>
    <testcase time="0.00499999999999901" classname="h_pkparam_sort" name="h_pkparam_sort_with_PARAMCD">
      <skipped message="Reason: On CRAN ('test-h_pkparam_sort.R:6:3')"/>
    </testcase>
    <testcase time="0.0169999999999995" classname="h_pkparam_sort" name="h_pkparam_sort_with_out_PARAMCD"/>
    <testcase time="0.00400000000000134" classname="h_pkparam_sort" name="h_pkparam_sort_with_out_PARAMCD">
      <skipped message="Reason: On CRAN ('test-h_pkparam_sort.R:17:3')"/>
    </testcase>
  </testsuite>
  <testsuite name="h_response_biomarkers_subgroups" timestamp="2023-11-29T14:11:26Z" hostname="566394995c29" tests="15" skipped="5" failures="0" errors="0" time="0.222">
    <testcase time="0.0219999999999985" classname="h_response_biomarkers_subgroups" name="h_rsp_to_logistic_variables_works_as_expected"/>
    <testcase time="0.00100000000000122" classname="h_response_biomarkers_subgroups" name="h_rsp_to_logistic_variables_works_as_expected"/>
    <testcase time="0.00499999999999901" classname="h_response_biomarkers_subgroups" name="h_rsp_to_logistic_variables_works_as_expected">
      <skipped message="Reason: On CRAN ('test-h_response_biomarkers_subgroups.R:26:3')"/>
    </testcase>
    <testcase time="0.0300000000000011" classname="h_response_biomarkers_subgroups" name="h_logistic_mult_cont_df_works_as_expected"/>
    <testcase time="0.00199999999999889" classname="h_response_biomarkers_subgroups" name="h_logistic_mult_cont_df_works_as_expected"/>
    <testcase time="0.00600000000000023" classname="h_response_biomarkers_subgroups" name="h_logistic_mult_cont_df_works_as_expected">
      <skipped message="Reason: On CRAN ('test-h_response_biomarkers_subgroups.R:45:3')"/>
    </testcase>
    <testcase time="0.0160000000000018" classname="h_response_biomarkers_subgroups" name="h_logistic_mult_cont_df_returns_missing_values_if_data_is_empty_0_rows_"/>
    <testcase time="0.00199999999999889" classname="h_response_biomarkers_subgroups" name="h_logistic_mult_cont_df_returns_missing_values_if_data_is_empty_0_rows_"/>
    <testcase time="0.00600000000000023" classname="h_response_biomarkers_subgroups" name="h_logistic_mult_cont_df_returns_missing_values_if_data_is_empty_0_rows_">
      <skipped message="Reason: On CRAN ('test-h_response_biomarkers_subgroups.R:62:3')"/>
    </testcase>
    <testcase time="0.0410000000000004" classname="h_response_biomarkers_subgroups" name="h_logistic_mult_cont_df_also_works_with_response_not_being_called_rsp"/>
    <testcase time="0.00199999999999889" classname="h_response_biomarkers_subgroups" name="h_logistic_mult_cont_df_also_works_with_response_not_being_called_rsp"/>
    <testcase time="0.00800000000000267" classname="h_response_biomarkers_subgroups" name="h_logistic_mult_cont_df_also_works_with_response_not_being_called_rsp">
      <skipped message="Reason: On CRAN ('test-h_response_biomarkers_subgroups.R:80:3')"/>
    </testcase>
    <testcase time="0.0529999999999973" classname="h_response_biomarkers_subgroups" name="h_tab_rsp_one_biomarker_works_as_expected"/>
    <testcase time="0.00200000000000244" classname="h_response_biomarkers_subgroups" name="h_tab_rsp_one_biomarker_works_as_expected"/>
    <testcase time="0.0259999999999998" classname="h_response_biomarkers_subgroups" name="h_tab_rsp_one_biomarker_works_as_expected">
      <skipped message="Reason: On CRAN ('test-h_response_biomarkers_subgroups.R:107:3')"/>
    </testcase>
  </testsuite>
  <testsuite name="h_response_subgroups" timestamp="2023-11-29T14:11:27Z" hostname="566394995c29" tests="29" skipped="14" failures="0" errors="0" time="0.529">
    <testcase time="0.0380000000000003" classname="h_response_subgroups" name="h_proportion_df_functions_as_expected_with_valid_input_and_default_arguments"/>
    <testcase time="0.00499999999999901" classname="h_response_subgroups" name="h_proportion_df_functions_as_expected_with_valid_input_and_default_arguments">
      <skipped message="Reason: On CRAN ('test-h_response_subgroups.R:28:3')"/>
    </testcase>
    <testcase time="0.0159999999999982" classname="h_response_subgroups" name="h_proportion_df_functions_as_expected_when_0_responses_in_one_group"/>
    <testcase time="0.00600000000000023" classname="h_response_subgroups" name="h_proportion_df_functions_as_expected_when_0_responses_in_one_group">
      <skipped message="Reason: On CRAN ('test-h_response_subgroups.R:38:3')"/>
    </testcase>
    <testcase time="0.0169999999999995" classname="h_response_subgroups" name="h_proportion_df_fails_with_wrong_input"/>
    <testcase time="0.0140000000000029" classname="h_response_subgroups" name="h_proportion_df_functions_when_0_obs_in_one_arm"/>
    <testcase time="0.0069999999999979" classname="h_response_subgroups" name="h_proportion_df_functions_when_0_obs_in_one_arm">
      <skipped message="Reason: On CRAN ('test-h_response_subgroups.R:55:3')"/>
    </testcase>
    <testcase time="0.0360000000000014" classname="h_response_subgroups" name="h_proportion_subgroups_df_functions_as_expected_with_valid_input_and_default_arguments"/>
    <testcase time="0.00600000000000023" classname="h_response_subgroups" name="h_proportion_subgroups_df_functions_as_expected_with_valid_input_and_default_arguments">
      <skipped message="Reason: On CRAN ('test-h_response_subgroups.R:67:3')"/>
    </testcase>
    <testcase time="0.0169999999999995" classname="h_response_subgroups" name="h_proportion_subgroups_df_functions_as_expected_when_subgroups_is_NULL."/>
    <testcase time="0.00600000000000023" classname="h_response_subgroups" name="h_proportion_subgroups_df_functions_as_expected_when_subgroups_is_NULL.">
      <skipped message="Reason: On CRAN ('test-h_response_subgroups.R:79:3')"/>
    </testcase>
    <testcase time="0.0359999999999978" classname="h_response_subgroups" name="h_proportion_subgroups_df_works_as_expected_with_groups_lists"/>
    <testcase time="0.00600000000000023" classname="h_response_subgroups" name="h_proportion_subgroups_df_works_as_expected_with_groups_lists">
      <skipped message="Reason: On CRAN ('test-h_response_subgroups.R:98:3')"/>
    </testcase>
    <testcase time="0.0180000000000007" classname="h_response_subgroups" name="h_odds_ratio_df_functions_as_expected_with_valid_input_and_default_arguments"/>
    <testcase time="0.00500000000000256" classname="h_response_subgroups" name="h_odds_ratio_df_functions_as_expected_with_valid_input_and_default_arguments">
      <skipped message="Reason: On CRAN ('test-h_response_subgroups.R:108:3')"/>
    </testcase>
    <testcase time="0.0199999999999996" classname="h_response_subgroups" name="h_odds_ratio_df_functions_as_expected_with_valid_input_and_non_default_arguments"/>
    <testcase time="0.00600000000000023" classname="h_response_subgroups" name="h_odds_ratio_df_functions_as_expected_with_valid_input_and_non_default_arguments">
      <skipped message="Reason: On CRAN ('test-h_response_subgroups.R:122:3')"/>
    </testcase>
    <testcase time="0.0239999999999974" classname="h_response_subgroups" name="h_odds_ratio_df_functions_as_expected_with_strata"/>
    <testcase time="0.0120000000000005" classname="h_response_subgroups" name="h_odds_ratio_df_functions_as_expected_with_strata">
      <skipped message="Reason: On CRAN ('test-h_response_subgroups.R:137:3')"/>
    </testcase>
    <testcase time="0.0210000000000008" classname="h_response_subgroups" name="h_odds_ratio_df_functions_when_0_obs_in_one_arm"/>
    <testcase time="0.00600000000000023" classname="h_response_subgroups" name="h_odds_ratio_df_functions_when_0_obs_in_one_arm">
      <skipped message="Reason: On CRAN ('test-h_response_subgroups.R:151:3')"/>
    </testcase>
    <testcase time="0.041999999999998" classname="h_response_subgroups" name="h_odds_ratio_subgroups_df_functions_as_expected_with_valid_input_and_default_arguments"/>
    <testcase time="0.00600000000000023" classname="h_response_subgroups" name="h_odds_ratio_subgroups_df_functions_as_expected_with_valid_input_and_default_arguments">
      <skipped message="Reason: On CRAN ('test-h_response_subgroups.R:163:3')"/>
    </testcase>
    <testcase time="0.0180000000000007" classname="h_response_subgroups" name="h_odds_ratio_subgroups_df_functions_as_expected_when_subgroups_is_NULL."/>
    <testcase time="0.00600000000000023" classname="h_response_subgroups" name="h_odds_ratio_subgroups_df_functions_as_expected_when_subgroups_is_NULL.">
      <skipped message="Reason: On CRAN ('test-h_response_subgroups.R:175:3')"/>
    </testcase>
    <testcase time="0.0629999999999988" classname="h_response_subgroups" name="h_odds_ratio_subgroups_df_functions_as_expected_with_strata"/>
    <testcase time="0.00700000000000145" classname="h_response_subgroups" name="h_odds_ratio_subgroups_df_functions_as_expected_with_strata">
      <skipped message="Reason: On CRAN ('test-h_response_subgroups.R:193:3')"/>
    </testcase>
    <testcase time="0.0599999999999987" classname="h_response_subgroups" name="h_odds_ratio_subgroups_df_works_as_expected_with_groups_lists"/>
    <testcase time="0.00500000000000256" classname="h_response_subgroups" name="h_odds_ratio_subgroups_df_works_as_expected_with_groups_lists">
      <skipped message="Reason: On CRAN ('test-h_response_subgroups.R:216:3')"/>
    </testcase>
  </testsuite>
  <testsuite name="h_stack_by_baskets" timestamp="2023-11-29T14:11:27Z" hostname="566394995c29" tests="8" skipped="3" failures="0" errors="0" time="0.102">
    <testcase time="0.0339999999999989" classname="h_stack_by_baskets" name="h_stack_by_baskets_returns_the_correct_dataframe"/>
    <testcase time="0.00499999999999901" classname="h_stack_by_baskets" name="h_stack_by_baskets_returns_the_correct_dataframe">
      <skipped message="Reason: On CRAN ('test-h_stack_by_baskets.R:9:3')"/>
    </testcase>
    <testcase time="0.0180000000000007" classname="h_stack_by_baskets" name="h_stack_by_baskets_fails_when_selecting_Standardized_Customized_query_names_that_do_not_start_with_SMQ_or_CQ_"/>
    <testcase time="0.00900000000000034" classname="h_stack_by_baskets" name="h_stack_by_baskets_fails_when_selecting_Standardized_Customized_query_names_that_do_not_end_with_NAM_"/>
    <testcase time="0.00900000000000034" classname="h_stack_by_baskets" name="h_stack_by_baskets_returns_an_empty_dataframe_with_desired_variables_and_labels_when_there_are_no_adverse_events_falling_within_any_of_the_baskets_selected"/>
    <testcase time="0.00400000000000134" classname="h_stack_by_baskets" name="h_stack_by_baskets_returns_an_empty_dataframe_with_desired_variables_and_labels_when_there_are_no_adverse_events_falling_within_any_of_the_baskets_selected">
      <skipped message="Reason: On CRAN ('test-h_stack_by_baskets.R:48:5')"/>
    </testcase>
    <testcase time="0.0190000000000019" classname="h_stack_by_baskets" name="The_levels_of_the_SMQ_column_does_also_include_the_options_from_aag_summary_not_observed_in_ADAE"/>
    <testcase time="0.00399999999999778" classname="h_stack_by_baskets" name="The_levels_of_the_SMQ_column_does_also_include_the_options_from_aag_summary_not_observed_in_ADAE">
      <skipped message="Reason: On CRAN ('test-h_stack_by_baskets.R:76:5')"/>
    </testcase>
  </testsuite>
  <testsuite name="h_step" timestamp="2023-11-29T14:11:27Z" hostname="566394995c29" tests="51" skipped="8" failures="0" errors="0" time="0.622">
    <testcase time="0.027000000000001" classname="h_step" name="h_step_window_works_as_expected_for_percentiles"/>
    <testcase time="0.00100000000000122" classname="h_step" name="h_step_window_works_as_expected_for_percentiles"/>
    <testcase time="0.000999999999997669" classname="h_step" name="h_step_window_works_as_expected_for_percentiles"/>
    <testcase time="0.00500000000000256" classname="h_step" name="h_step_window_works_as_expected_for_percentiles">
      <skipped message="Reason: On CRAN ('test-h_step.R:30:3')"/>
    </testcase>
    <testcase time="0.014999999999997" classname="h_step" name="h_step_window_works_as_expected_for_actual_biomarker_values"/>
    <testcase time="0.00100000000000122" classname="h_step" name="h_step_window_works_as_expected_for_actual_biomarker_values"/>
    <testcase time="0.00499999999999901" classname="h_step" name="h_step_window_works_as_expected_for_actual_biomarker_values">
      <skipped message="Reason: On CRAN ('test-h_step.R:56:3')"/>
    </testcase>
    <testcase time="0.0259999999999998" classname="h_step" name="h_step_window_also_works_for_bandwidth_NULL_"/>
    <testcase time="0.00400000000000134" classname="h_step" name="h_step_window_also_works_for_bandwidth_NULL_"/>
    <testcase time="0.00499999999999901" classname="h_step" name="h_step_window_also_works_for_bandwidth_NULL_"/>
    <testcase time="0.00300000000000011" classname="h_step" name="h_step_window_also_works_for_bandwidth_NULL_"/>
    <testcase time="0.0109999999999992" classname="h_step" name="h_step_trt_effect_works_for_Cox_models_without_interaction"/>
    <testcase time="0.0120000000000005" classname="h_step" name="h_step_trt_effect_works_for_Cox_models_with_interaction"/>
    <testcase time="0.00400000000000134" classname="h_step" name="h_step_trt_effect_works_for_Cox_models_with_interaction"/>
    <testcase time="0.000999999999997669" classname="h_step" name="h_step_trt_effect_works_for_Cox_models_with_interaction"/>
    <testcase time="0.00500000000000256" classname="h_step" name="h_step_trt_effect_works_for_Cox_models_with_interaction">
      <skipped message="Reason: On CRAN ('test-h_step.R:124:3')"/>
    </testcase>
    <testcase time="0.0189999999999984" classname="h_step" name="h_step_trt_effect_works_for_Cox_models_with_strata"/>
    <testcase time="0.00400000000000134" classname="h_step" name="h_step_trt_effect_works_for_Cox_models_with_strata"/>
    <testcase time="0.0109999999999992" classname="h_step" name="h_step_trt_effect_works_for_logistic_regression_models_without_interaction"/>
    <testcase time="0.0159999999999982" classname="h_step" name="h_step_trt_effect_works_for_logistic_regression_models_with_interaction"/>
    <testcase time="0.00800000000000267" classname="h_step" name="h_step_trt_effect_works_for_logistic_regression_models_with_interaction"/>
    <testcase time="0.00199999999999889" classname="h_step" name="h_step_trt_effect_works_for_logistic_regression_models_with_interaction"/>
    <testcase time="0.00700000000000145" classname="h_step" name="h_step_trt_effect_works_for_logistic_regression_models_with_interaction">
      <skipped message="Reason: On CRAN ('test-h_step.R:193:3')"/>
    </testcase>
    <testcase time="0.0729999999999968" classname="h_step" name="h_step_trt_effect_works_for_conditional_logistic_regression_without_interaction"/>
    <testcase time="0.120000000000001" classname="h_step" name="h_step_trt_effect_works_for_conditional_logistic_regression_with_interaction"/>
    <testcase time="0.00199999999999889" classname="h_step" name="h_step_trt_effect_works_for_conditional_logistic_regression_with_interaction"/>
    <testcase time="0.00500000000000256" classname="h_step" name="h_step_trt_effect_works_for_conditional_logistic_regression_with_interaction">
      <skipped message="Reason: On CRAN ('test-h_step.R:232:3')"/>
    </testcase>
    <testcase time="0.0159999999999982" classname="h_step" name="h_step_survival_formula_works_correctly_without_covariates_or_strata"/>
    <testcase time="0.00400000000000134" classname="h_step" name="h_step_survival_formula_works_correctly_without_covariates_or_strata"/>
    <testcase time="0.0159999999999982" classname="h_step" name="h_step_survival_formula_works_correctly_with_covariates"/>
    <testcase time="0.0110000000000028" classname="h_step" name="h_step_survival_formula_works_correctly_with_strata"/>
    <testcase time="0.014999999999997" classname="h_step" name="h_step_survival_est_works_as_expected"/>
    <testcase time="0.00300000000000011" classname="h_step" name="h_step_survival_est_works_as_expected"/>
    <testcase time="0.00200000000000244" classname="h_step" name="h_step_survival_est_works_as_expected"/>
    <testcase time="0.00499999999999901" classname="h_step" name="h_step_survival_est_works_as_expected">
      <skipped message="Reason: On CRAN ('test-h_step.R:302:3')"/>
    </testcase>
    <testcase time="0.0249999999999986" classname="h_step" name="h_step_survival_est_gives_a_readable_warning_when_fitting_warnings_occur"/>
    <testcase time="0.00800000000000267" classname="h_step" name="h_step_rsp_formula_works_correctly_without_covariates"/>
    <testcase time="0.00399999999999778" classname="h_step" name="h_step_rsp_formula_works_correctly_without_covariates"/>
    <testcase time="0.00799999999999912" classname="h_step" name="h_step_rsp_formula_works_correctly_with_covariates"/>
    <testcase time="0.00800000000000267" classname="h_step" name="h_step_rsp_formula_works_correctly_with_different_response_definition"/>
    <testcase time="0.00900000000000034" classname="h_step" name="h_step_rsp_formula_works_correctly_with_strata"/>
    <testcase time="0.00399999999999778" classname="h_step" name="h_step_rsp_formula_works_correctly_with_strata"/>
    <testcase time="0.0120000000000005" classname="h_step" name="h_step_rsp_est_works_as_expected_without_strata"/>
    <testcase time="0.00400000000000134" classname="h_step" name="h_step_rsp_est_works_as_expected_without_strata"/>
    <testcase time="0.000999999999997669" classname="h_step" name="h_step_rsp_est_works_as_expected_without_strata"/>
    <testcase time="0.00500000000000256" classname="h_step" name="h_step_rsp_est_works_as_expected_without_strata">
      <skipped message="Reason: On CRAN ('test-h_step.R:427:3')"/>
    </testcase>
    <testcase time="0.0239999999999974" classname="h_step" name="h_step_rsp_est_works_as_expected_with_strata"/>
    <testcase time="0.00400000000000134" classname="h_step" name="h_step_rsp_est_works_as_expected_with_strata"/>
    <testcase time="0.00199999999999889" classname="h_step" name="h_step_rsp_est_works_as_expected_with_strata"/>
    <testcase time="0.00500000000000256" classname="h_step" name="h_step_rsp_est_works_as_expected_with_strata">
      <skipped message="Reason: On CRAN ('test-h_step.R:464:3')"/>
    </testcase>
    <testcase time="0.0339999999999989" classname="h_step" name="h_step_rsp_est_gives_a_readable_warning_when_fitting_warnings_occur"/>
  </testsuite>
  <testsuite name="h_survival_biomarkers_subgroups" timestamp="2023-11-29T14:11:28Z" hostname="566394995c29" tests="12" skipped="4" failures="0" errors="0" time="0.188">
    <testcase time="0.0199999999999996" classname="h_survival_biomarkers_subgroups" name="h_surv_to_coxreg_variables_works_as_expected"/>
    <testcase time="0.00199999999999889" classname="h_survival_biomarkers_subgroups" name="h_surv_to_coxreg_variables_works_as_expected"/>
    <testcase time="0.00500000000000256" classname="h_survival_biomarkers_subgroups" name="h_surv_to_coxreg_variables_works_as_expected">
      <skipped message="Reason: On CRAN ('test-h_survival_biomarkers_subgroups.R:37:3')"/>
    </testcase>
    <testcase time="0.0459999999999994" classname="h_survival_biomarkers_subgroups" name="h_coxreg_mult_cont_df_works_as_expected"/>
    <testcase time="0.00199999999999889" classname="h_survival_biomarkers_subgroups" name="h_coxreg_mult_cont_df_works_as_expected"/>
    <testcase time="0.00600000000000023" classname="h_survival_biomarkers_subgroups" name="h_coxreg_mult_cont_df_works_as_expected">
      <skipped message="Reason: On CRAN ('test-h_survival_biomarkers_subgroups.R:57:3')"/>
    </testcase>
    <testcase time="0.0160000000000018" classname="h_survival_biomarkers_subgroups" name="h_coxreg_mult_cont_df_returns_missing_values_if_data_is_empty_0_rows_"/>
    <testcase time="0.000999999999997669" classname="h_survival_biomarkers_subgroups" name="h_coxreg_mult_cont_df_returns_missing_values_if_data_is_empty_0_rows_"/>
    <testcase time="0.00600000000000023" classname="h_survival_biomarkers_subgroups" name="h_coxreg_mult_cont_df_returns_missing_values_if_data_is_empty_0_rows_">
      <skipped message="Reason: On CRAN ('test-h_survival_biomarkers_subgroups.R:75:3')"/>
    </testcase>
    <testcase time="0.0530000000000008" classname="h_survival_biomarkers_subgroups" name="h_tab_surv_one_biomarker_works_as_expected"/>
    <testcase time="0.00199999999999889" classname="h_survival_biomarkers_subgroups" name="h_tab_surv_one_biomarker_works_as_expected"/>
    <testcase time="0.0289999999999999" classname="h_survival_biomarkers_subgroups" name="h_tab_surv_one_biomarker_works_as_expected">
      <skipped message="Reason: On CRAN ('test-h_survival_biomarkers_subgroups.R:103:3')"/>
    </testcase>
  </testsuite>
  <testsuite name="h_survival_duration_subgroups" timestamp="2023-11-29T14:11:28Z" hostname="566394995c29" tests="33" skipped="16" failures="0" errors="0" time="0.64">
    <testcase time="0.0450000000000017" classname="h_survival_duration_subgroups" name="h_survtime_df_functions_as_expected_with_valid_input_and_default_arguments"/>
    <testcase time="0.00499999999999901" classname="h_survival_duration_subgroups" name="h_survtime_df_functions_as_expected_with_valid_input_and_default_arguments">
      <skipped message="Reason: On CRAN ('test-h_survival_duration_subgroups.R:35:3')"/>
    </testcase>
    <testcase time="0.0199999999999996" classname="h_survival_duration_subgroups" name="h_survtime_df_functions_as_expected_when_median_is_NA"/>
    <testcase time="0.00600000000000023" classname="h_survival_duration_subgroups" name="h_survtime_df_functions_as_expected_when_median_is_NA">
      <skipped message="Reason: On CRAN ('test-h_survival_duration_subgroups.R:55:3')"/>
    </testcase>
    <testcase time="0.0190000000000019" classname="h_survival_duration_subgroups" name="h_survtime_df_functions_as_expected_when_0_records_in_one_group"/>
    <testcase time="0.00499999999999901" classname="h_survival_duration_subgroups" name="h_survtime_df_functions_as_expected_when_0_records_in_one_group">
      <skipped message="Reason: On CRAN ('test-h_survival_duration_subgroups.R:75:3')"/>
    </testcase>
    <testcase time="0.0189999999999984" classname="h_survival_duration_subgroups" name="h_survtime_df_fails_with_wrong_input"/>
    <testcase time="0.0100000000000016" classname="h_survival_duration_subgroups" name="h_split_by_subgroups_functions_as_expected_with_valid_input_and_default_arguments"/>
    <testcase time="0.00700000000000145" classname="h_survival_duration_subgroups" name="h_split_by_subgroups_functions_as_expected_with_valid_input_and_default_arguments">
      <skipped message="Reason: On CRAN ('test-h_survival_duration_subgroups.R:102:3')"/>
    </testcase>
    <testcase time="0.0169999999999995" classname="h_survival_duration_subgroups" name="h_split_by_subgroups_works_as_expected_with_groups_lists"/>
    <testcase time="0.00499999999999901" classname="h_survival_duration_subgroups" name="h_split_by_subgroups_works_as_expected_with_groups_lists">
      <skipped message="Reason: On CRAN ('test-h_survival_duration_subgroups.R:124:3')"/>
    </testcase>
    <testcase time="0.0689999999999991" classname="h_survival_duration_subgroups" name="h_survtime_subgroups_df_functions_as_expected_with_valid_input_and_default_arguments"/>
    <testcase time="0.00700000000000145" classname="h_survival_duration_subgroups" name="h_survtime_subgroups_df_functions_as_expected_with_valid_input_and_default_arguments">
      <skipped message="Reason: On CRAN ('test-h_survival_duration_subgroups.R:139:3')"/>
    </testcase>
    <testcase time="0.0229999999999997" classname="h_survival_duration_subgroups" name="h_survtime_subgroups_df_functions_as_expected_when_subgroups_is_NULL."/>
    <testcase time="0.00499999999999901" classname="h_survival_duration_subgroups" name="h_survtime_subgroups_df_functions_as_expected_when_subgroups_is_NULL.">
      <skipped message="Reason: On CRAN ('test-h_survival_duration_subgroups.R:151:3')"/>
    </testcase>
    <testcase time="0.0590000000000011" classname="h_survival_duration_subgroups" name="h_survtime_subgroups_df_works_as_expected_with_groups_lists"/>
    <testcase time="0.00499999999999901" classname="h_survival_duration_subgroups" name="h_survtime_subgroups_df_works_as_expected_with_groups_lists">
      <skipped message="Reason: On CRAN ('test-h_survival_duration_subgroups.R:170:3')"/>
    </testcase>
    <testcase time="0.0199999999999996" classname="h_survival_duration_subgroups" name="h_coxph_df_functions_as_expected_with_valid_input_and_default_arguments"/>
    <testcase time="0.00600000000000023" classname="h_survival_duration_subgroups" name="h_coxph_df_functions_as_expected_with_valid_input_and_default_arguments">
      <skipped message="Reason: On CRAN ('test-h_survival_duration_subgroups.R:183:3')"/>
    </testcase>
    <testcase time="0.0199999999999996" classname="h_survival_duration_subgroups" name="h_coxph_df_functions_as_expected_with_one_stratification_factor"/>
    <testcase time="0.00499999999999901" classname="h_survival_duration_subgroups" name="h_coxph_df_functions_as_expected_with_one_stratification_factor">
      <skipped message="Reason: On CRAN ('test-h_survival_duration_subgroups.R:198:3')"/>
    </testcase>
    <testcase time="0.0210000000000008" classname="h_survival_duration_subgroups" name="h_coxph_df_functions_as_expected_with_multiple_stratification_factors"/>
    <testcase time="0.00600000000000023" classname="h_survival_duration_subgroups" name="h_coxph_df_functions_as_expected_with_multiple_stratification_factors">
      <skipped message="Reason: On CRAN ('test-h_survival_duration_subgroups.R:212:3')"/>
    </testcase>
    <testcase time="0.0289999999999999" classname="h_survival_duration_subgroups" name="h_coxph_df_functions_as_expected_when_0_records_in_one_group"/>
    <testcase time="0.00700000000000145" classname="h_survival_duration_subgroups" name="h_coxph_df_functions_as_expected_when_0_records_in_one_group">
      <skipped message="Reason: On CRAN ('test-h_survival_duration_subgroups.R:226:3')"/>
    </testcase>
    <testcase time="0.0539999999999985" classname="h_survival_duration_subgroups" name="h_coxph_subgroups_df_functions_as_expected_with_valid_input_and_default_arguments"/>
    <testcase time="0.00600000000000023" classname="h_survival_duration_subgroups" name="h_coxph_subgroups_df_functions_as_expected_with_valid_input_and_default_arguments">
      <skipped message="Reason: On CRAN ('test-h_survival_duration_subgroups.R:238:3')"/>
    </testcase>
    <testcase time="0.0399999999999991" classname="h_survival_duration_subgroups" name="h_coxph_subgroups_df_functions_as_expected_with_stratification_factors"/>
    <testcase time="0.00600000000000023" classname="h_survival_duration_subgroups" name="h_coxph_subgroups_df_functions_as_expected_with_stratification_factors">
      <skipped message="Reason: On CRAN ('test-h_survival_duration_subgroups.R:263:3')"/>
    </testcase>
    <testcase time="0.0189999999999984" classname="h_survival_duration_subgroups" name="h_coxph_subgroups_df_functions_as_expected_when_subgroups_is_NULL."/>
    <testcase time="0.00600000000000023" classname="h_survival_duration_subgroups" name="h_coxph_subgroups_df_functions_as_expected_when_subgroups_is_NULL.">
      <skipped message="Reason: On CRAN ('test-h_survival_duration_subgroups.R:275:3')"/>
    </testcase>
    <testcase time="0.0650000000000013" classname="h_survival_duration_subgroups" name="h_coxph_subgroups_df_works_as_expected_with_groups_lists"/>
    <testcase time="0.00399999999999778" classname="h_survival_duration_subgroups" name="h_coxph_subgroups_df_works_as_expected_with_groups_lists">
      <skipped message="Reason: On CRAN ('test-h_survival_duration_subgroups.R:294:3')"/>
    </testcase>
  </testsuite>
  <testsuite name="imputation_rule" timestamp="2023-11-29T14:11:29Z" hostname="566394995c29" tests="2" skipped="2" failures="0" errors="0" time="0.041">
    <testcase time="0.0229999999999997" classname="imputation_rule" name="imputation_rule_works_correctly_for_1_3_imputation_rule">
      <skipped message="Reason: On CRAN ('test-imputation_rule.R:13:3')"/>
    </testcase>
    <testcase time="0.0180000000000007" classname="imputation_rule" name="imputation_rule_works_correctly_for_1_2_imputation_rule">
      <skipped message="Reason: On CRAN ('test-imputation_rule.R:31:3')"/>
    </testcase>
  </testsuite>
  <testsuite name="individual_patient_plot" timestamp="2023-11-29T14:11:29Z" hostname="566394995c29" tests="7" skipped="0" failures="0" errors="0" time="0.156">
    <testcase time="0.0279999999999987" classname="individual_patient_plot" name="h_g_ipp_works_correctly"/>
    <testcase time="0.0140000000000029" classname="individual_patient_plot" name="h_g_ipp_works_with_default_color_palette"/>
    <testcase time="0.00999999999999801" classname="individual_patient_plot" name="g_ipp_default_plot_works_with_plotting_choices_all_in_one"/>
    <testcase time="0.0210000000000008" classname="individual_patient_plot" name="g_ipp_default_plot_works_with_plotting_choices_split_by_max_obs"/>
    <testcase time="0.00400000000000134" classname="individual_patient_plot" name="g_ipp_default_plot_works_with_plotting_choices_split_by_max_obs"/>
    <testcase time="0.0749999999999993" classname="individual_patient_plot" name="g_ipp_default_plot_works_with_plotting_choices_separate_by_obs"/>
    <testcase time="0.00399999999999778" classname="individual_patient_plot" name="g_ipp_default_plot_works_with_plotting_choices_separate_by_obs"/>
  </testsuite>
  <testsuite name="kaplan_meier_plot" timestamp="2023-11-29T14:11:29Z" hostname="566394995c29" tests="27" skipped="11" failures="0" errors="0" time="1.114">
    <testcase time="0.0169999999999995" classname="kaplan_meier_plot" name="h_data_plot_works_as_expected"/>
    <testcase time="0.00400000000000134" classname="kaplan_meier_plot" name="h_data_plot_works_as_expected">
      <skipped message="Reason: On CRAN ('test-kaplan_meier_plot.R:13:3')"/>
    </testcase>
    <testcase time="0.022000000000002" classname="kaplan_meier_plot" name="h_data_plot_respects_the_ordering_of_the_arm_variable_factor_levels"/>
    <testcase time="0.00499999999999901" classname="kaplan_meier_plot" name="h_data_plot_respects_the_ordering_of_the_arm_variable_factor_levels">
      <skipped message="Reason: On CRAN ('test-kaplan_meier_plot.R:25:3')"/>
    </testcase>
    <testcase time="0.0189999999999984" classname="kaplan_meier_plot" name="h_data_plot_adds_rows_that_have_time_0_and_estimate_1"/>
    <testcase time="0.00400000000000134" classname="kaplan_meier_plot" name="h_data_plot_adds_rows_that_have_time_0_and_estimate_1">
      <skipped message="Reason: On CRAN ('test-kaplan_meier_plot.R:37:3')"/>
    </testcase>
    <testcase time="0.0189999999999984" classname="kaplan_meier_plot" name="h_xticks_works_with_default_settings"/>
    <testcase time="0.00400000000000134" classname="kaplan_meier_plot" name="h_xticks_works_with_default_settings">
      <skipped message="Reason: On CRAN ('test-kaplan_meier_plot.R:50:3')"/>
    </testcase>
    <testcase time="0.0180000000000007" classname="kaplan_meier_plot" name="h_xticks_works_with_xticks_number"/>
    <testcase time="0.00399999999999778" classname="kaplan_meier_plot" name="h_xticks_works_with_xticks_number">
      <skipped message="Reason: On CRAN ('test-kaplan_meier_plot.R:58:3')"/>
    </testcase>
    <testcase time="0.0210000000000008" classname="kaplan_meier_plot" name="h_xticks_works_with_xticks_numeric"/>
    <testcase time="0.00600000000000023" classname="kaplan_meier_plot" name="h_xticks_works_with_xticks_numeric">
      <skipped message="Reason: On CRAN ('test-kaplan_meier_plot.R:67:3')"/>
    </testcase>
    <testcase time="0.0210000000000008" classname="kaplan_meier_plot" name="h_xticks_returns_error_when_xticks_non_numeric"/>
    <testcase time="0.00999999999999801" classname="kaplan_meier_plot" name="h_xticks_works_with_max_time_only"/>
    <testcase time="0.00400000000000134" classname="kaplan_meier_plot" name="h_xticks_works_with_max_time_only">
      <skipped message="Reason: On CRAN ('test-kaplan_meier_plot.R:81:3')"/>
    </testcase>
    <testcase time="0.0139999999999993" classname="kaplan_meier_plot" name="h_xticks_works_with_xticks_numeric_when_max_time_is_not_NULL"/>
    <testcase time="0.00500000000000256" classname="kaplan_meier_plot" name="h_xticks_works_with_xticks_numeric_when_max_time_is_not_NULL">
      <skipped message="Reason: On CRAN ('test-kaplan_meier_plot.R:90:3')"/>
    </testcase>
    <testcase time="0.0179999999999971" classname="kaplan_meier_plot" name="h_xticks_works_with_xticks_number_when_max_time_is_not_NULL"/>
    <testcase time="0.00400000000000134" classname="kaplan_meier_plot" name="h_xticks_works_with_xticks_number_when_max_time_is_not_NULL">
      <skipped message="Reason: On CRAN ('test-kaplan_meier_plot.R:98:3')"/>
    </testcase>
    <testcase time="0.0169999999999995" classname="kaplan_meier_plot" name="h_tbl_median_surv_estimates_median_survival_time_with_CI"/>
    <testcase time="0.00400000000000134" classname="kaplan_meier_plot" name="h_tbl_median_surv_estimates_median_survival_time_with_CI">
      <skipped message="Reason: On CRAN ('test-kaplan_meier_plot.R:107:3')"/>
    </testcase>
    <testcase time="0.0289999999999999" classname="kaplan_meier_plot" name="h_tbl_coxph_pairwise_estimates_HR_CI_and_pvalue"/>
    <testcase time="0.00499999999999901" classname="kaplan_meier_plot" name="h_tbl_coxph_pairwise_estimates_HR_CI_and_pvalue">
      <skipped message="Reason: On CRAN ('test-kaplan_meier_plot.R:122:3')"/>
    </testcase>
    <testcase time="0.0399999999999991" classname="kaplan_meier_plot" name="h_grob_coxph_returns_error_when_only_one_arm"/>
    <testcase time="0.25" classname="kaplan_meier_plot" name="g_km_works_with_default_settings"/>
    <testcase time="0.285" classname="kaplan_meier_plot" name="g_km_works_with_title_footnotes_and_annotation"/>
    <testcase time="0.265000000000001" classname="kaplan_meier_plot" name="g_km_works_with_custom_settings"/>
  </testsuite>
  <testsuite name="logistic_regression" timestamp="2023-11-29T14:11:30Z" hostname="566394995c29" tests="27" skipped="6" failures="0" errors="0" time="2.155">
    <testcase time="0.027000000000001" classname="logistic_regression" name="fit_logistic_works_with_default_paramters"/>
    <testcase time="0.00799999999999912" classname="logistic_regression" name="fit_logistic_works_with_default_paramters"/>
    <testcase time="0.00300000000000011" classname="logistic_regression" name="fit_logistic_works_with_default_paramters"/>
    <testcase time="0.0139999999999993" classname="logistic_regression" name="fit_logistic_works_with_covariates_and_interaction"/>
    <testcase time="0.0139999999999993" classname="logistic_regression" name="fit_logistic_works_with_covariates_and_interaction"/>
    <testcase time="0.00500000000000256" classname="logistic_regression" name="fit_logistic_works_with_covariates_and_interaction"/>
    <testcase time="0.0150000000000006" classname="logistic_regression" name="fit_logistic_works_with_different_response_definition"/>
    <testcase time="0.014999999999997" classname="logistic_regression" name="fit_logistic_works_with_a_single_stratification_variable"/>
    <testcase time="0.00200000000000244" classname="logistic_regression" name="fit_logistic_works_with_a_single_stratification_variable"/>
    <testcase time="0.00499999999999901" classname="logistic_regression" name="fit_logistic_works_with_a_single_stratification_variable"/>
    <testcase time="0.0150000000000006" classname="logistic_regression" name="fit_logistic_works_with_two_stratification_variables"/>
    <testcase time="0.00199999999999889" classname="logistic_regression" name="fit_logistic_works_with_two_stratification_variables"/>
    <testcase time="0.0150000000000006" classname="logistic_regression" name="fit_logistic_works_with_two_stratification_variables"/>
    <testcase time="0.0309999999999988" classname="logistic_regression" name="tidy.glm_works_as_expected_for_simple_case"/>
    <testcase time="0.00800000000000267" classname="logistic_regression" name="tidy.glm_works_as_expected_for_simple_case">
      <skipped message="Reason: On CRAN ('test-logistic_regression.R:145:3')"/>
    </testcase>
    <testcase time="0.0379999999999967" classname="logistic_regression" name="tidy.glm_works_as_expected_for_interaction_case"/>
    <testcase time="0.00600000000000023" classname="logistic_regression" name="tidy.glm_works_as_expected_for_interaction_case">
      <skipped message="Reason: On CRAN ('test-logistic_regression.R:163:3')"/>
    </testcase>
    <testcase time="0.0520000000000032" classname="logistic_regression" name="logistic_regression_cols_works_as_expected"/>
    <testcase time="0.0269999999999975" classname="logistic_regression" name="logistic_regression_cols_works_as_expected">
      <skipped message="Reason: On CRAN ('test-logistic_regression.R:190:3')"/>
    </testcase>
    <testcase time="0.0199999999999996" classname="logistic_regression" name="logistic_summary_by_flag_works"/>
    <testcase time="0.00700000000000145" classname="logistic_regression" name="logistic_summary_by_flag_works"/>
    <testcase time="0.600999999999999" classname="logistic_regression" name="summarize_logistic_works_as_expected_for_interaction_model_with_continuous_variable"/>
    <testcase time="0.135000000000002" classname="logistic_regression" name="summarize_logistic_works_as_expected_for_interaction_model_with_continuous_variable">
      <skipped message="Reason: On CRAN ('test-logistic_regression.R:224:3')"/>
    </testcase>
    <testcase time="0.654999999999998" classname="logistic_regression" name="summarize_logistic_works_as_expected_for_interaction_model_with_categorical_variable"/>
    <testcase time="0.145000000000003" classname="logistic_regression" name="summarize_logistic_works_as_expected_for_interaction_model_with_categorical_variable">
      <skipped message="Reason: On CRAN ('test-logistic_regression.R:248:3')"/>
    </testcase>
    <testcase time="0.221999999999998" classname="logistic_regression" name="summarize_logistic_works_as_expected_for_simple_model_without_interactions"/>
    <testcase time="0.0680000000000014" classname="logistic_regression" name="summarize_logistic_works_as_expected_for_simple_model_without_interactions">
      <skipped message="Reason: On CRAN ('test-logistic_regression.R:268:3')"/>
    </testcase>
  </testsuite>
  <testsuite name="make_afun" timestamp="2023-11-29T14:11:32Z" hostname="566394995c29" tests="26" skipped="7" failures="0" errors="0" time="0.236">
    <testcase time="0.0199999999999996" classname="make_afun" name="make_afun_works_with_healthy_input_statistics_function_taking_df_"/>
    <testcase time="0.00100000000000122" classname="make_afun" name="make_afun_works_with_healthy_input_statistics_function_taking_df_"/>
    <testcase time="0.00300000000000011" classname="make_afun" name="make_afun_works_with_healthy_input_statistics_function_taking_df_"/>
    <testcase time="0.00199999999999889" classname="make_afun" name="make_afun_works_with_healthy_input_statistics_function_taking_df_"/>
    <testcase time="0.00600000000000023" classname="make_afun" name="make_afun_works_with_healthy_input_statistics_function_taking_df_">
      <skipped message="Reason: On CRAN ('test-make_afun.R:35:3')"/>
    </testcase>
    <testcase time="0.0139999999999993" classname="make_afun" name="make_afun_processes_additional_rtables_arguments_correctly"/>
    <testcase time="0.00100000000000122" classname="make_afun" name="make_afun_processes_additional_rtables_arguments_correctly"/>
    <testcase time="0.00300000000000011" classname="make_afun" name="make_afun_processes_additional_rtables_arguments_correctly"/>
    <testcase time="0.00399999999999778" classname="make_afun" name="make_afun_processes_additional_rtables_arguments_correctly"/>
    <testcase time="0.00600000000000023" classname="make_afun" name="make_afun_processes_additional_rtables_arguments_correctly">
      <skipped message="Reason: On CRAN ('test-make_afun.R:88:3')"/>
    </testcase>
    <testcase time="0.0139999999999993" classname="make_afun" name="make_afun_works_with_healthy_input_function_taking_x_"/>
    <testcase time="0.00100000000000122" classname="make_afun" name="make_afun_works_with_healthy_input_function_taking_x_"/>
    <testcase time="0.00400000000000134" classname="make_afun" name="make_afun_works_with_healthy_input_function_taking_x_"/>
    <testcase time="0.00199999999999889" classname="make_afun" name="make_afun_works_with_healthy_input_function_taking_x_"/>
    <testcase time="0.00600000000000023" classname="make_afun" name="make_afun_works_with_healthy_input_function_taking_x_">
      <skipped message="Reason: On CRAN ('test-make_afun.R:122:3')"/>
    </testcase>
    <testcase time="0.0150000000000006" classname="make_afun" name="make_afun_produces_empty_cells_and_keeps_labels_when_applied_to_empty_character"/>
    <testcase time="0.000999999999997669" classname="make_afun" name="make_afun_produces_empty_cells_and_keeps_labels_when_applied_to_empty_character"/>
    <testcase time="0.00400000000000134" classname="make_afun" name="make_afun_produces_empty_cells_and_keeps_labels_when_applied_to_empty_character"/>
    <testcase time="0.00199999999999889" classname="make_afun" name="make_afun_produces_empty_cells_and_keeps_labels_when_applied_to_empty_character"/>
    <testcase time="0.00600000000000023" classname="make_afun" name="make_afun_produces_empty_cells_and_keeps_labels_when_applied_to_empty_character">
      <skipped message="Reason: On CRAN ('test-make_afun.R:170:3')"/>
    </testcase>
    <testcase time="0.0549999999999997" classname="make_afun" name="make_afun_by_default_removes_results_from_.in_ref_col_"/>
    <testcase time="0.0240000000000009" classname="make_afun" name="make_afun_by_default_removes_results_from_.in_ref_col_">
      <skipped message="Reason: On CRAN ('test-make_afun.R:214:3')"/>
    </testcase>
    <testcase time="0.0150000000000006" classname="make_afun" name="make_afun_works_with_nested_lists"/>
    <testcase time="0.00600000000000023" classname="make_afun" name="make_afun_works_with_nested_lists">
      <skipped message="Reason: On CRAN ('test-make_afun.R:238:3')"/>
    </testcase>
    <testcase time="0.0159999999999982" classname="make_afun" name="make_afun_can_subset_on_non_nested_results_when_unnesting_took_place"/>
    <testcase time="0.00500000000000256" classname="make_afun" name="make_afun_can_subset_on_non_nested_results_when_unnesting_took_place">
      <skipped message="Reason: On CRAN ('test-make_afun.R:266:3')"/>
    </testcase>
  </testsuite>
  <testsuite name="odds_ratio" timestamp="2023-11-29T14:11:32Z" hostname="566394995c29" tests="15" skipped="7" failures="0" errors="0" time="0.368">
    <testcase time="0.0219999999999985" classname="odds_ratio" name="or_glm_estimates_right_OR_and_CI"/>
    <testcase time="0.00400000000000134" classname="odds_ratio" name="or_glm_estimates_right_OR_and_CI">
      <skipped message="Reason: On CRAN ('test-odds_ratio.R:14:3')"/>
    </testcase>
    <testcase time="0.0189999999999984" classname="odds_ratio" name="or_clogit_estimates_right_OR_and_CI"/>
    <testcase time="0.00400000000000134" classname="odds_ratio" name="or_clogit_estimates_right_OR_and_CI">
      <skipped message="Reason: On CRAN ('test-odds_ratio.R:36:3')"/>
    </testcase>
    <testcase time="0.0169999999999995" classname="odds_ratio" name="s_odds_ratio_estimates_right_OR_and_CI_unstratified_analysis_"/>
    <testcase time="0.00400000000000134" classname="odds_ratio" name="s_odds_ratio_estimates_right_OR_and_CI_unstratified_analysis_">
      <skipped message="Reason: On CRAN ('test-odds_ratio.R:53:3')"/>
    </testcase>
    <testcase time="0.0199999999999996" classname="odds_ratio" name="s_odds_ratio_estimates_right_OR_and_CI_stratified_analysis_"/>
    <testcase time="0.0120000000000005" classname="odds_ratio" name="s_odds_ratio_estimates_right_OR_and_CI_stratified_analysis_">
      <skipped message="Reason: On CRAN ('test-odds_ratio.R:74:3')"/>
    </testcase>
    <testcase time="0.0299999999999976" classname="odds_ratio" name="s_odds_ratio_returns_error_for_incorrect_groups"/>
    <testcase time="0.0640000000000036" classname="odds_ratio" name="estimate_odds_ratio_estimates_right_OR_and_CI_unstratified_analysis_"/>
    <testcase time="0.0209999999999937" classname="odds_ratio" name="estimate_odds_ratio_estimates_right_OR_and_CI_unstratified_analysis_">
      <skipped message="Reason: On CRAN ('test-odds_ratio.R:111:3')"/>
    </testcase>
    <testcase time="0.0480000000000018" classname="odds_ratio" name="estimate_odds_ratio_estimates_right_OR_and_CI_stratified_analysis_"/>
    <testcase time="0.0290000000000035" classname="odds_ratio" name="estimate_odds_ratio_estimates_right_OR_and_CI_stratified_analysis_">
      <skipped message="Reason: On CRAN ('test-odds_ratio.R:128:3')"/>
    </testcase>
    <testcase time="0.0559999999999974" classname="odds_ratio" name="estimate_odds_ratio_works_with_strata_and_combined_groups"/>
    <testcase time="0.0180000000000007" classname="odds_ratio" name="estimate_odds_ratio_works_with_strata_and_combined_groups">
      <skipped message="Reason: On CRAN ('test-odds_ratio.R:159:3')"/>
    </testcase>
  </testsuite>
  <testsuite name="prop_diff" timestamp="2023-11-29T14:11:33Z" hostname="566394995c29" tests="30" skipped="11" failures="1" errors="0" time="0.583">
    <testcase time="0.0210000000000008" classname="prop_diff" name="_prop_diff_ha_proportion_difference_by_Anderson_Hauck_"/>
    <testcase time="0.00500000000000256" classname="prop_diff" name="_prop_diff_ha_proportion_difference_by_Anderson_Hauck_">
      <skipped message="Reason: On CRAN ('test-prop_diff.R:9:3')"/>
    </testcase>
    <testcase time="0.0149999999999935" classname="prop_diff" name="_prop_diff_nc_proportion_difference_by_Newcombe_"/>
    <testcase time="0.00500000000000256" classname="prop_diff" name="_prop_diff_nc_proportion_difference_by_Newcombe_">
      <skipped message="Reason: On CRAN ('test-prop_diff.R:30:3')"/>
    </testcase>
    <testcase time="0.0150000000000006" classname="prop_diff" name="_prop_diff_wald_proportion_difference_by_Wald_s_test_with_correction_"/>
    <testcase time="0.00399999999999778" classname="prop_diff" name="_prop_diff_wald_proportion_difference_by_Wald_s_test_with_correction_">
      <skipped message="Reason: On CRAN ('test-prop_diff.R:49:3')"/>
    </testcase>
    <testcase time="0.0150000000000006" classname="prop_diff" name="_prop_diff_wald_proportion_difference_by_Wald_s_test_without_correction_"/>
    <testcase time="0.00400000000000489" classname="prop_diff" name="_prop_diff_wald_proportion_difference_by_Wald_s_test_without_correction_">
      <skipped message="Reason: On CRAN ('test-prop_diff.R:81:3')"/>
    </testcase>
    <testcase time="0.0279999999999987" classname="prop_diff" name="_prop_diff_cmh_proportion_difference_by_CMH_"/>
    <testcase time="0.00600000000000023" classname="prop_diff" name="_prop_diff_cmh_proportion_difference_by_CMH_">
      <skipped message="Reason: On CRAN ('test-prop_diff.R:120:3')"/>
    </testcase>
    <testcase time="0.0169999999999959" classname="prop_diff" name="prop_diff_cmh_works_correctly_when_some_strata_don_t_have_both_groups"/>
    <testcase time="0.00300000000000011" classname="prop_diff" name="prop_diff_cmh_works_correctly_when_some_strata_don_t_have_both_groups"/>
    <testcase time="0.00300000000000011" classname="prop_diff" name="prop_diff_cmh_works_correctly_when_some_strata_don_t_have_both_groups"/>
    <testcase time="0.00200000000000244" classname="prop_diff" name="prop_diff_cmh_works_correctly_when_some_strata_don_t_have_both_groups"/>
    <testcase time="0.0069999999999979" classname="prop_diff" name="prop_diff_cmh_works_correctly_when_some_strata_don_t_have_both_groups">
      <skipped message="Reason: On CRAN ('test-prop_diff.R:150:3')"/>
    </testcase>
    <testcase time="0.0219999999999985" classname="prop_diff" name="_prop_strat_nc_proportion_difference_by_stratified_Newcombe_with_cmh_weights"/>
    <testcase time="0.00400000000000489" classname="prop_diff" name="_prop_strat_nc_proportion_difference_by_stratified_Newcombe_with_cmh_weights"/>
    <testcase time="0.0129999999999981" classname="prop_diff" name="_prop_strat_nc_proportion_difference_by_stratified_Newcombe_with_wilson_h_weights"/>
    <testcase time="0.00399999999999778" classname="prop_diff" name="_prop_strat_nc_proportion_difference_by_stratified_Newcombe_with_wilson_h_weights"/>
    <testcase time="0.0100000000000051" classname="prop_diff" name="prop_diff_strat_nc_output_matches_equivalent_SAS_function_output"/>
    <testcase time="0.00399999999999778" classname="prop_diff" name="prop_diff_strat_nc_output_matches_equivalent_SAS_function_output">
      <skipped message="Reason: On CRAN ('test-prop_diff.R:225:3')"/>
    </testcase>
    <testcase time="0.0700000000000003" classname="prop_diff" name="_estimate_proportion_diff_is_compatible_with_rtables_"/>
    <testcase time="0.0279999999999987" classname="prop_diff" name="_estimate_proportion_diff_is_compatible_with_rtables_">
      <skipped message="Reason: On CRAN ('test-prop_diff.R:246:3')"/>
    </testcase>
    <testcase time="0.0480000000000018" classname="prop_diff" name="_estimate_proportion_diff_and_cmh_is_compatible_with_rtables_"/>
    <testcase time="0.0219999999999985" classname="prop_diff" name="_estimate_proportion_diff_and_cmh_is_compatible_with_rtables_">
      <skipped message="Reason: On CRAN ('test-prop_diff.R:272:3')"/>
    </testcase>
    <testcase time="0.166000000000004" classname="prop_diff" name="_estimate_proportion_diff_and_strat_newcombe_is_compatible_with_rtables_">
      <failure type="failure" message="`result` (`actual`) not identical to `expected` (`expected`). ('test-prop_diff.R:310:3')">`result` (`actual`) not identical to `expected` (`expected`).

`dim(actual)` is absent
`dim(expected)` is an integer vector (3, 3)

actual vs expected
- "                                                     B         A      "
- "——————————————————————————————————————————————————————————————————————"
- "Difference in Response rate (%)                              25.39    "
- "  95% CI (Stratified Newcombe, without correction)       (3.47, 44.54)"
+ ""
+ "Difference in Response rate (%)"
+ "95% CI (Stratified Newcombe, without correction)"
+ "B"
+ ""
+ ""
+ "A"
+ "25.39"
+ "(3.47, 44.54)"</failure>
    </testcase>
    <testcase time="0.0169999999999959" classname="prop_diff" name="s_proportion_diff_works_with_no_strata"/>
    <testcase time="0.00500000000000256" classname="prop_diff" name="s_proportion_diff_works_with_no_strata">
      <skipped message="Reason: On CRAN ('test-prop_diff.R:333:3')"/>
    </testcase>
    <testcase time="0.0159999999999982" classname="prop_diff" name="s_proportion_diff_works_with_strata"/>
    <testcase time="0.00400000000000489" classname="prop_diff" name="s_proportion_diff_works_with_strata">
      <skipped message="Reason: On CRAN ('test-prop_diff.R:357:3')"/>
    </testcase>
  </testsuite>
  <testsuite name="prune_occurrences" timestamp="2023-11-29T14:11:35Z" hostname="566394995c29" tests="21" skipped="7" failures="0" errors="0" time="2.951">
    <testcase time="1.712" classname="prune_occurrences" name="keep_rows_works_in_a_special_case_identical_to_standard_pruning"/>
    <testcase time="0.0309999999999988" classname="prune_occurrences" name="keep_rows_works_in_a_special_case_identical_to_standard_pruning"/>
    <testcase time="0.00900000000000034" classname="prune_occurrences" name="keep_rows_prunes_everything_if_condition_is_always_FALSE_"/>
    <testcase time="0.017000000000003" classname="prune_occurrences" name="keep_rows_keeps_everything_if_condition_is_always_TRUE_"/>
    <testcase time="0.0169999999999959" classname="prune_occurrences" name="keep_content_rows_works_as_expected"/>
    <testcase time="0.054000000000002" classname="prune_occurrences" name="has_count_in_cols_result_works_in_a_special_case_identical_to_standard_pruning"/>
    <testcase time="0.0210000000000008" classname="prune_occurrences" name="has_count_in_cols_result_performs_comparisons_correctly"/>
    <testcase time="0.0279999999999987" classname="prune_occurrences" name="has_count_in_cols_result_performs_comparisons_correctly">
      <skipped message="Reason: On CRAN ('test-prune_occurrences.R:57:3')"/>
    </testcase>
    <testcase time="0.0230000000000032" classname="prune_occurrences" name="has_count_in_any_col_result_performs_comparisons_correctly"/>
    <testcase time="0.0219999999999985" classname="prune_occurrences" name="has_count_in_any_col_result_performs_comparisons_correctly">
      <skipped message="Reason: On CRAN ('test-prune_occurrences.R:72:3')"/>
    </testcase>
    <testcase time="0.749000000000002" classname="prune_occurrences" name="has_fraction_in_cols_result_works_in_a_special_case_identical_to_standard_pruning"/>
    <testcase time="0.0159999999999982" classname="prune_occurrences" name="has_fraction_in_cols_result_performs_comparisons_correctly"/>
    <testcase time="0.0219999999999985" classname="prune_occurrences" name="has_fraction_in_cols_result_performs_comparisons_correctly">
      <skipped message="Reason: On CRAN ('test-prune_occurrences.R:94:3')"/>
    </testcase>
    <testcase time="0.0240000000000009" classname="prune_occurrences" name="has_fraction_in_any_col_result_performs_comparisons_correctly"/>
    <testcase time="0.0229999999999961" classname="prune_occurrences" name="has_fraction_in_any_col_result_performs_comparisons_correctly">
      <skipped message="Reason: On CRAN ('test-prune_occurrences.R:112:3')"/>
    </testcase>
    <testcase time="0.0240000000000009" classname="prune_occurrences" name="has_fractions_difference_result_performs_comparisons_correctly"/>
    <testcase time="0.0230000000000032" classname="prune_occurrences" name="has_fractions_difference_result_performs_comparisons_correctly">
      <skipped message="Reason: On CRAN ('test-prune_occurrences.R:127:3')"/>
    </testcase>
    <testcase time="0.0240000000000009" classname="prune_occurrences" name="has_counts_difference_result_performs_comparisons_correctly"/>
    <testcase time="0.0219999999999985" classname="prune_occurrences" name="has_counts_difference_result_performs_comparisons_correctly">
      <skipped message="Reason: On CRAN ('test-prune_occurrences.R:142:3')"/>
    </testcase>
    <testcase time="0.0420000000000016" classname="prune_occurrences" name="combination_of_pruning_functions_works"/>
    <testcase time="0.0480000000000018" classname="prune_occurrences" name="combination_of_pruning_functions_works">
      <skipped message="Reason: On CRAN ('test-prune_occurrences.R:164:3')"/>
    </testcase>
  </testsuite>
  <testsuite name="response_biomarkers_subgroups" timestamp="2023-11-29T14:11:36Z" hostname="566394995c29" tests="16" skipped="6" failures="0" errors="0" time="1.388">
    <testcase time="0.0779999999999959" classname="response_biomarkers_subgroups" name="extract_rsp_biomarkers_functions_as_expected_with_valid_input_and_default_arguments"/>
    <testcase time="0.00100000000000477" classname="response_biomarkers_subgroups" name="extract_rsp_biomarkers_functions_as_expected_with_valid_input_and_default_arguments"/>
    <testcase time="0.0069999999999979" classname="response_biomarkers_subgroups" name="extract_rsp_biomarkers_functions_as_expected_with_valid_input_and_default_arguments">
      <skipped message="Reason: On CRAN ('test-response_biomarkers_subgroups.R:35:3')"/>
    </testcase>
    <testcase time="0.0649999999999977" classname="response_biomarkers_subgroups" name="extract_rsp_biomarkers_works_as_expected_with_other_custom_options"/>
    <testcase time="0.00200000000000244" classname="response_biomarkers_subgroups" name="extract_rsp_biomarkers_works_as_expected_with_other_custom_options"/>
    <testcase time="0.00500000000000256" classname="response_biomarkers_subgroups" name="extract_rsp_biomarkers_works_as_expected_with_other_custom_options">
      <skipped message="Reason: On CRAN ('test-response_biomarkers_subgroups.R:70:3')"/>
    </testcase>
    <testcase time="0.375" classname="response_biomarkers_subgroups" name="tabulate_rsp_biomarkers_works_as_expected_with_valid_input"/>
    <testcase time="0.104999999999997" classname="response_biomarkers_subgroups" name="tabulate_rsp_biomarkers_works_as_expected_with_valid_input">
      <skipped message="Reason: On CRAN ('test-response_biomarkers_subgroups.R:99:3')"/>
    </testcase>
    <testcase time="0.0210000000000008" classname="response_biomarkers_subgroups" name="tabulate_rsp_biomarkers_functions_as_expected_with_NULL_subgroups"/>
    <testcase time="0.122999999999998" classname="response_biomarkers_subgroups" name="tabulate_rsp_biomarkers_functions_as_expected_with_NULL_subgroups"/>
    <testcase time="0.0390000000000015" classname="response_biomarkers_subgroups" name="tabulate_rsp_biomarkers_functions_as_expected_with_NULL_subgroups">
      <skipped message="Reason: On CRAN ('test-response_biomarkers_subgroups.R:118:3')"/>
    </testcase>
    <testcase time="0.0700000000000003" classname="response_biomarkers_subgroups" name="tabulate_rsp_biomarkers_works_with_only_a_single_biomarker_in_the_data_frame"/>
    <testcase time="0.000999999999997669" classname="response_biomarkers_subgroups" name="tabulate_rsp_biomarkers_works_with_only_a_single_biomarker_in_the_data_frame"/>
    <testcase time="0.0310000000000059" classname="response_biomarkers_subgroups" name="tabulate_rsp_biomarkers_works_with_only_a_single_biomarker_in_the_data_frame">
      <skipped message="Reason: On CRAN ('test-response_biomarkers_subgroups.R:142:3')"/>
    </testcase>
    <testcase time="0.364999999999995" classname="response_biomarkers_subgroups" name="tabulate_rsp_biomarkers_na_str_argument_works_as_expected"/>
    <testcase time="0.100000000000001" classname="response_biomarkers_subgroups" name="tabulate_rsp_biomarkers_na_str_argument_works_as_expected">
      <skipped message="Reason: On CRAN ('test-response_biomarkers_subgroups.R:161:3')"/>
    </testcase>
  </testsuite>
  <testsuite name="response_subgroups" timestamp="2023-11-29T14:11:38Z" hostname="566394995c29" tests="25" skipped="12" failures="0" errors="0" time="2.616">
    <testcase time="0.0820000000000007" classname="response_subgroups" name="extract_rsp_subgroups_functions_as_expected_with_valid_input_and_default_arguments"/>
    <testcase time="0.0069999999999979" classname="response_subgroups" name="extract_rsp_subgroups_functions_as_expected_with_valid_input_and_default_arguments">
      <skipped message="Reason: On CRAN ('test-response_subgroups.R:30:3')"/>
    </testcase>
    <testcase time="0.0190000000000055" classname="response_subgroups" name="extract_rsp_subgroups_functions_as_expected_with_NULL_subgroups"/>
    <testcase time="0.00600000000000023" classname="response_subgroups" name="extract_rsp_subgroups_functions_as_expected_with_NULL_subgroups">
      <skipped message="Reason: On CRAN ('test-response_subgroups.R:42:3')"/>
    </testcase>
    <testcase time="0.0649999999999977" classname="response_subgroups" name="extract_rsp_subgroups_works_as_expected_with_groups_lists"/>
    <testcase time="0.00499999999999545" classname="response_subgroups" name="extract_rsp_subgroups_works_as_expected_with_groups_lists">
      <skipped message="Reason: On CRAN ('test-response_subgroups.R:62:3')"/>
    </testcase>
    <testcase time="0.0760000000000005" classname="response_subgroups" name="extract_rsp_subgroups_functions_as_expected_with_strata"/>
    <testcase time="0.007000000000005" classname="response_subgroups" name="extract_rsp_subgroups_functions_as_expected_with_strata">
      <skipped message="Reason: On CRAN ('test-response_subgroups.R:81:3')"/>
    </testcase>
    <testcase time="0.0399999999999991" classname="response_subgroups" name="a_response_subgroups_functions_as_expected_with_valid_input"/>
    <testcase time="0.0200000000000031" classname="response_subgroups" name="a_response_subgroups_functions_as_expected_with_valid_input">
      <skipped message="Reason: On CRAN ('test-response_subgroups.R:100:3')"/>
    </testcase>
    <testcase time="0.379999999999995" classname="response_subgroups" name="tabulate_rsp_subgroups_functions_as_expected_with_valid_input"/>
    <testcase time="0.0720000000000027" classname="response_subgroups" name="tabulate_rsp_subgroups_functions_as_expected_with_valid_input">
      <skipped message="Reason: On CRAN ('test-response_subgroups.R:120:3')"/>
    </testcase>
    <testcase time="0.378" classname="response_subgroups" name="tabulate_rsp_subgroups_correctly_calculates_column_indices"/>
    <testcase time="0.00500000000000256" classname="response_subgroups" name="tabulate_rsp_subgroups_correctly_calculates_column_indices">
      <skipped message="Reason: On CRAN ('test-response_subgroups.R:142:3')"/>
    </testcase>
    <testcase time="0.277999999999999" classname="response_subgroups" name="tabulate_rsp_subgroups_functions_as_expected_with_valid_input_extreme_values_in_OR_table"/>
    <testcase time="0.0629999999999953" classname="response_subgroups" name="tabulate_rsp_subgroups_functions_as_expected_with_valid_input_extreme_values_in_OR_table">
      <skipped message="Reason: On CRAN ('test-response_subgroups.R:183:3')"/>
    </testcase>
    <testcase time="0.139000000000003" classname="response_subgroups" name="tabulate_rsp_subgroups_functions_as_expected_with_NULL_subgroups"/>
    <testcase time="0.0429999999999993" classname="response_subgroups" name="tabulate_rsp_subgroups_functions_as_expected_with_NULL_subgroups">
      <skipped message="Reason: On CRAN ('test-response_subgroups.R:203:3')"/>
    </testcase>
    <testcase time="0.0799999999999983" classname="response_subgroups" name="tabulate_rsp_subgroups_functions_as_expected_when_0_obs_in_one_arm"/>
    <testcase time="0.294000000000004" classname="response_subgroups" name="tabulate_rsp_subgroups_functions_as_expected_when_0_obs_in_one_arm"/>
    <testcase time="0.0839999999999961" classname="response_subgroups" name="tabulate_rsp_subgroups_functions_as_expected_when_0_obs_in_one_arm">
      <skipped message="Reason: On CRAN ('test-response_subgroups.R:223:3')"/>
    </testcase>
    <testcase time="0.0150000000000006" classname="response_subgroups" name="d_rsp_subgroups_colvars_functions_as_expected_with_valid_input"/>
    <testcase time="0.00500000000000256" classname="response_subgroups" name="d_rsp_subgroups_colvars_functions_as_expected_with_valid_input">
      <skipped message="Reason: On CRAN ('test-response_subgroups.R:236:3')"/>
    </testcase>
    <testcase time="0.380000000000003" classname="response_subgroups" name="tabulate_rsp_subgroups_na_str_argument_works_as_expected"/>
    <testcase time="0.0729999999999933" classname="response_subgroups" name="tabulate_rsp_subgroups_na_str_argument_works_as_expected">
      <skipped message="Reason: On CRAN ('test-response_subgroups.R:258:3')"/>
    </testcase>
  </testsuite>
  <testsuite name="rtables_access" timestamp="2023-11-29T14:11:42Z" hostname="566394995c29" tests="13" skipped="5" failures="0" errors="0" time="1.712">
    <testcase time="1.206" classname="rtables_access" name="h_row_first_values_works_as_expected"/>
    <testcase time="0.0230000000000032" classname="rtables_access" name="h_row_first_values_works_as_expected">
      <skipped message="Reason: On CRAN ('test-rtables_access.R:17:3')"/>
    </testcase>
    <testcase time="0.0239999999999938" classname="rtables_access" name="h_row_counts_works_as_expected"/>
    <testcase time="0.0240000000000009" classname="rtables_access" name="h_row_counts_works_as_expected">
      <skipped message="Reason: On CRAN ('test-rtables_access.R:49:3')"/>
    </testcase>
    <testcase time="0.0230000000000032" classname="rtables_access" name="h_row_counts_returns_NA_with_empty_analysis_row"/>
    <testcase time="0.019999999999996" classname="rtables_access" name="h_row_counts_returns_NA_with_empty_analysis_row">
      <skipped message="Reason: On CRAN ('test-rtables_access.R:63:3')"/>
    </testcase>
    <testcase time="0.0230000000000032" classname="rtables_access" name="h_row_fractions_works_as_expected"/>
    <testcase time="0.0230000000000032" classname="rtables_access" name="h_row_fractions_works_as_expected">
      <skipped message="Reason: On CRAN ('test-rtables_access.R:77:3')"/>
    </testcase>
    <testcase time="0.0179999999999936" classname="rtables_access" name="h_col_counts_works_as_expected"/>
    <testcase time="0.00500000000000256" classname="rtables_access" name="h_col_counts_works_as_expected">
      <skipped message="Reason: On CRAN ('test-rtables_access.R:91:3')"/>
    </testcase>
    <testcase time="0.279000000000003" classname="rtables_access" name="is_leaf_table_works_as_expected"/>
    <testcase time="0.00999999999999801" classname="rtables_access" name="is_leaf_table_works_as_expected"/>
    <testcase time="0.0339999999999989" classname="rtables_access" name="h_content_first_row_works_as_expected"/>
  </testsuite>
  <testsuite name="score_occurrences" timestamp="2023-11-29T14:11:42Z" hostname="566394995c29" tests="13" skipped="5" failures="0" errors="0" time="0.793">
    <testcase time="0.286000000000001" classname="score_occurrences" name="score_occurrences_functions_as_expected"/>
    <testcase time="0.0679999999999978" classname="score_occurrences" name="score_occurrences_functions_as_expected">
      <skipped message="Reason: On CRAN ('test-score_occurrences.R:90:3')"/>
    </testcase>
    <testcase time="0.017000000000003" classname="score_occurrences" name="score_occurrences_functions_as_expected_with_empty_analysis_rows"/>
    <testcase time="0.0700000000000003" classname="score_occurrences" name="score_occurrences_functions_as_expected_with_empty_analysis_rows">
      <skipped message="Reason: On CRAN ('test-score_occurrences.R:102:3')"/>
    </testcase>
    <testcase time="0.0129999999999981" classname="score_occurrences" name="score_occurrences_cols_functions_as_expected"/>
    <testcase time="0.00400000000000489" classname="score_occurrences" name="score_occurrences_cols_functions_as_expected"/>
    <testcase time="0.0749999999999957" classname="score_occurrences" name="score_occurrences_cols_functions_as_expected">
      <skipped message="Reason: On CRAN ('test-score_occurrences.R:113:3')"/>
    </testcase>
    <testcase time="0.0820000000000007" classname="score_occurrences" name="score_occurrences_subtable_functions_as_expected"/>
    <testcase time="0.00399999999999778" classname="score_occurrences" name="score_occurrences_subtable_functions_as_expected"/>
    <testcase time="0.0470000000000041" classname="score_occurrences" name="score_occurrences_subtable_functions_as_expected">
      <skipped message="Reason: On CRAN ('test-score_occurrences.R:134:3')"/>
    </testcase>
    <testcase time="0.0820000000000007" classname="score_occurrences" name="score_occurrences_cont_cols_functions_as_expected"/>
    <testcase time="0.00199999999999534" classname="score_occurrences" name="score_occurrences_cont_cols_functions_as_expected"/>
    <testcase time="0.0429999999999993" classname="score_occurrences" name="score_occurrences_cont_cols_functions_as_expected">
      <skipped message="Reason: On CRAN ('test-score_occurrences.R:156:3')"/>
    </testcase>
  </testsuite>
  <testsuite name="split_cols_by_groups" timestamp="2023-11-29T14:11:43Z" hostname="566394995c29" tests="34" skipped="15" failures="0" errors="0" time="0.543">
    <testcase time="0.027000000000001" classname="split_cols_by_groups" name="groups_list_to_df_works_as_expected"/>
    <testcase time="0.007000000000005" classname="split_cols_by_groups" name="groups_list_to_df_works_as_expected">
      <skipped message="Reason: On CRAN ('test-split_cols_by_groups.R:11:3')"/>
    </testcase>
    <testcase time="0.0169999999999959" classname="split_cols_by_groups" name="combine_groups_combines_character_vectors"/>
    <testcase time="0.00100000000000477" classname="split_cols_by_groups" name="combine_groups_combines_character_vectors"/>
    <testcase time="0.00499999999999545" classname="split_cols_by_groups" name="combine_groups_combines_character_vectors">
      <skipped message="Reason: On CRAN ('test-split_cols_by_groups.R:20:3')"/>
    </testcase>
    <testcase time="0.0129999999999981" classname="split_cols_by_groups" name="combine_groups_combines_factors"/>
    <testcase time="0.00200000000000244" classname="split_cols_by_groups" name="combine_groups_combines_factors"/>
    <testcase time="0.00399999999999778" classname="split_cols_by_groups" name="combine_groups_combines_factors">
      <skipped message="Reason: On CRAN ('test-split_cols_by_groups.R:27:3')"/>
    </testcase>
    <testcase time="0.0140000000000029" classname="split_cols_by_groups" name="combine_groups_combines_factors_with_given_reference"/>
    <testcase time="0.00399999999999778" classname="split_cols_by_groups" name="combine_groups_combines_factors_with_given_reference">
      <skipped message="Reason: On CRAN ('test-split_cols_by_groups.R:34:3')"/>
    </testcase>
    <testcase time="0.0140000000000029" classname="split_cols_by_groups" name="combine_groups_use_good_separator"/>
    <testcase time="0.00399999999999778" classname="split_cols_by_groups" name="combine_groups_use_good_separator">
      <skipped message="Reason: On CRAN ('test-split_cols_by_groups.R:41:3')"/>
    </testcase>
    <testcase time="0.0140000000000029" classname="split_cols_by_groups" name="combine_groups_can_use_multiple_reference"/>
    <testcase time="0.00399999999999778" classname="split_cols_by_groups" name="combine_groups_can_use_multiple_reference">
      <skipped message="Reason: On CRAN ('test-split_cols_by_groups.R:52:3')"/>
    </testcase>
    <testcase time="0.0410000000000039" classname="split_cols_by_groups" name="split_cols_by_groups_manages_combinations_of_columns"/>
    <testcase time="0.019999999999996" classname="split_cols_by_groups" name="split_cols_by_groups_manages_combinations_of_columns">
      <skipped message="Reason: On CRAN ('test-split_cols_by_groups.R:68:3')"/>
    </testcase>
    <testcase time="0.0429999999999993" classname="split_cols_by_groups" name="split_cols_by_groups_manages_combinations_of_columns_with_reference"/>
    <testcase time="0.0180000000000007" classname="split_cols_by_groups" name="split_cols_by_groups_manages_combinations_of_columns_with_reference">
      <skipped message="Reason: On CRAN ('test-split_cols_by_groups.R:91:3')"/>
    </testcase>
    <testcase time="0.0420000000000016" classname="split_cols_by_groups" name="split_cols_by_groups_equivalent_to_split_cols_by_when_no_groups"/>
    <testcase time="0.0289999999999964" classname="split_cols_by_groups" name="split_cols_by_groups_equivalent_to_split_cols_by_when_no_groups">
      <skipped message="Reason: On CRAN ('test-split_cols_by_groups.R:102:3')"/>
    </testcase>
    <testcase time="0.0500000000000043" classname="split_cols_by_groups" name="split_cols_by_groups_equivalent_to_split_cols_by_with_ref_col_but_no_groups"/>
    <testcase time="0.0229999999999961" classname="split_cols_by_groups" name="split_cols_by_groups_equivalent_to_split_cols_by_with_ref_col_but_no_groups">
      <skipped message="Reason: On CRAN ('test-split_cols_by_groups.R:120:3')"/>
    </testcase>
    <testcase time="0.0429999999999993" classname="split_cols_by_groups" name="split_cols_by_groups_manages_combinations_of_columns_with_reference_and_alt_counts_df"/>
    <testcase time="0.0190000000000055" classname="split_cols_by_groups" name="split_cols_by_groups_manages_combinations_of_columns_with_reference_and_alt_counts_df">
      <skipped message="Reason: On CRAN ('test-split_cols_by_groups.R:147:3')"/>
    </testcase>
    <testcase time="0.0180000000000007" classname="split_cols_by_groups" name="combine_counts_combines_character_vectors"/>
    <testcase time="0.00499999999999545" classname="split_cols_by_groups" name="combine_counts_combines_character_vectors"/>
    <testcase time="0.00100000000000477" classname="split_cols_by_groups" name="combine_counts_combines_character_vectors"/>
    <testcase time="0.00499999999999545" classname="split_cols_by_groups" name="combine_counts_combines_character_vectors">
      <skipped message="Reason: On CRAN ('test-split_cols_by_groups.R:157:3')"/>
    </testcase>
    <testcase time="0.0140000000000029" classname="split_cols_by_groups" name="combine_counts_combines_factors"/>
    <testcase time="0.00499999999999545" classname="split_cols_by_groups" name="combine_counts_combines_factors">
      <skipped message="Reason: On CRAN ('test-split_cols_by_groups.R:166:3')"/>
    </testcase>
    <testcase time="0.0140000000000029" classname="split_cols_by_groups" name="combine_counts_combines_factors"/>
    <testcase time="0.00399999999999778" classname="split_cols_by_groups" name="combine_counts_combines_factors">
      <skipped message="Reason: On CRAN ('test-split_cols_by_groups.R:175:3')"/>
    </testcase>
    <testcase time="0.0140000000000029" classname="split_cols_by_groups" name="combine_counts_with_groups_list_NULL"/>
    <testcase time="0.00500000000000256" classname="split_cols_by_groups" name="combine_counts_with_groups_list_NULL">
      <skipped message="Reason: On CRAN ('test-split_cols_by_groups.R:184:3')"/>
    </testcase>
  </testsuite>
  <testsuite name="stat" timestamp="2023-11-29T14:11:43Z" hostname="566394995c29" tests="20" skipped="9" failures="0" errors="0" time="0.189">
    <testcase time="0.0189999999999984" classname="stat" name="stat_mean_ci_works_for_series_without_NAs_including_extreme_case_n_1_and_various_n_min_values_"/>
    <testcase time="0.00399999999999778" classname="stat" name="stat_mean_ci_works_for_series_without_NAs_including_extreme_case_n_1_and_various_n_min_values_">
      <skipped message="Reason: On CRAN ('test-stat.R:8:5')"/>
    </testcase>
    <testcase time="0.0140000000000029" classname="stat" name="stat_mean_ci_works_for_series_with_NAs_including_extreme_case_n_1_and_various_n_min_values_"/>
    <testcase time="0.00399999999999778" classname="stat" name="stat_mean_ci_works_for_series_with_NAs_including_extreme_case_n_1_and_various_n_min_values_">
      <skipped message="Reason: On CRAN ('test-stat.R:36:5')"/>
    </testcase>
    <testcase time="0.0140000000000029" classname="stat" name="stat_mean_pval_works_for_series_without_NAs_including_extreme_case_n_1_and_various_n_min_values_"/>
    <testcase time="0.00399999999999778" classname="stat" name="stat_mean_pval_works_for_series_without_NAs_including_extreme_case_n_1_and_various_n_min_values_">
      <skipped message="Reason: On CRAN ('test-stat.R:109:5')"/>
    </testcase>
    <testcase time="0.019999999999996" classname="stat" name="stat_mean_pval_works_for_series_with_NAs_including_extreme_case_n_1_and_various_n_min_values_"/>
    <testcase time="0.00600000000000023" classname="stat" name="stat_mean_pval_works_for_series_with_NAs_including_extreme_case_n_1_and_various_n_min_values_">
      <skipped message="Reason: On CRAN ('test-stat.R:132:5')"/>
    </testcase>
    <testcase time="0.0160000000000053" classname="stat" name="stat_mean_pval_returns_the_correct_p_value"/>
    <testcase time="0.00499999999999545" classname="stat" name="stat_mean_pval_returns_the_correct_p_value"/>
    <testcase time="0.00500000000000256" classname="stat" name="stat_median_ci_works_for_series_without_NAs_including_extreme_case_n_1_"/>
    <testcase time="0.00500000000000256" classname="stat" name="stat_median_ci_works_for_series_without_NAs_including_extreme_case_n_1_">
      <skipped message="Reason: On CRAN ('test-stat.R:202:3')"/>
    </testcase>
    <testcase time="0.0139999999999958" classname="stat" name="stat_median_ci_works_for_series_with_NAs_including_extreme_case_n_1_"/>
    <testcase time="0.00400000000000489" classname="stat" name="stat_median_ci_works_for_series_with_NAs_including_extreme_case_n_1_">
      <skipped message="Reason: On CRAN ('test-stat.R:221:3')"/>
    </testcase>
    <testcase time="0.0139999999999958" classname="stat" name="stat_median_ci_works_for_named_numeric_values_when_name_is_missing_"/>
    <testcase time="0.00399999999999778" classname="stat" name="stat_median_ci_works_for_named_numeric_values_when_name_is_missing_">
      <skipped message="Reason: On CRAN ('test-stat.R:276:3')"/>
    </testcase>
    <testcase time="0.0140000000000029" classname="stat" name="stat_propdiff_ci_works_with_names_and_multiple_values_in_x_and_y_"/>
    <testcase time="0.00500000000000256" classname="stat" name="stat_propdiff_ci_works_with_names_and_multiple_values_in_x_and_y_">
      <skipped message="Reason: On CRAN ('test-stat.R:287:3')"/>
    </testcase>
    <testcase time="0.0129999999999981" classname="stat" name="stat_propdiff_ci_works_with_custom_arguments_"/>
    <testcase time="0.00500000000000256" classname="stat" name="stat_propdiff_ci_works_with_custom_arguments_">
      <skipped message="Reason: On CRAN ('test-stat.R:297:3')"/>
    </testcase>
  </testsuite>
  <testsuite name="summarize_ancova" timestamp="2023-11-29T14:11:44Z" hostname="566394995c29" tests="12" skipped="4" failures="0" errors="1" time="0.676">
    <testcase time="0.0739999999999981" classname="summarize_ancova" name="h_ancova_works_with_healthy_input"/>
    <testcase time="0.027000000000001" classname="summarize_ancova" name="h_ancova_works_with_healthy_input">
      <skipped message="Reason: On CRAN ('test-summarize_ancova.R:10:3')"/>
    </testcase>
    <testcase time="0.0180000000000007" classname="summarize_ancova" name="h_ancova_fails_wrong_inputs"/>
    <testcase time="0.00399999999999778" classname="summarize_ancova" name="h_ancova_fails_wrong_inputs"/>
    <testcase time="0.0289999999999964" classname="summarize_ancova" name="s_ancova_works_with_healthy_input"/>
    <testcase time="0.00399999999999778" classname="summarize_ancova" name="s_ancova_works_with_healthy_input">
      <skipped message="Reason: On CRAN ('test-summarize_ancova.R:45:3')"/>
    </testcase>
    <testcase time="0.0339999999999989" classname="summarize_ancova" name="s_ancova_fails_wrong_inputs"/>
    <testcase time="0.0279999999999987" classname="summarize_ancova" name="s_ancova_works_with_interaction_and_.in_ref_col_TRUE"/>
    <testcase time="0.00400000000000489" classname="summarize_ancova" name="s_ancova_works_with_interaction_and_.in_ref_col_TRUE">
      <skipped message="Reason: On CRAN ('test-summarize_ancova.R:85:3')"/>
    </testcase>
    <testcase time="0.213999999999999" classname="summarize_ancova" name="summarize_ancova_works_with_healthy_inputs"/>
    <testcase time="0.0559999999999974" classname="summarize_ancova" name="summarize_ancova_works_with_healthy_inputs">
      <skipped message="Reason: On CRAN ('test-summarize_ancova.R:108:3')"/>
    </testcase>
    <testcase time="0.184000000000005" classname="summarize_ancova" name="summarize_ancova_works_with_interaction">
      <error type="error" message="Error in `result_matrix[5, 2:4]`: incorrect number of dimensions ('test-summarize_ancova.R:143:3')">Error in `result_matrix[5, 2:4]`: incorrect number of dimensions
Backtrace:
    x
 1. \-testthat::expect_equal(...) at test-summarize_ancova.R:143:3
 2.   \-testthat::quasi_label(enquo(expected), expected.label, arg = "expected")
 3.     \-rlang::eval_bare(expr, quo_get_env(quo))</error>
    </testcase>
  </testsuite>
  <testsuite name="summarize_change" timestamp="2023-11-29T14:11:44Z" hostname="566394995c29" tests="8" skipped="4" failures="0" errors="0" time="0.236">
    <testcase time="0.0249999999999986" classname="summarize_change" name="s_change_from_baseline_handles_empty_data_complete_missing_for_a_visit_"/>
    <testcase time="0.00399999999999778" classname="summarize_change" name="s_change_from_baseline_handles_empty_data_complete_missing_for_a_visit_">
      <skipped message="Reason: On CRAN ('test-summarize_change.R:16:3')"/>
    </testcase>
    <testcase time="0.0150000000000006" classname="summarize_change" name="s_change_from_baseline_handles_NA_in_baseline_values"/>
    <testcase time="0.00500000000000256" classname="summarize_change" name="s_change_from_baseline_handles_NA_in_baseline_values">
      <skipped message="Reason: On CRAN ('test-summarize_change.R:34:3')"/>
    </testcase>
    <testcase time="0.0159999999999982" classname="summarize_change" name="s_change_from_baseline_handles_baseline_substitution"/>
    <testcase time="0.00500000000000256" classname="summarize_change" name="s_change_from_baseline_handles_baseline_substitution">
      <skipped message="Reason: On CRAN ('test-summarize_change.R:53:3')"/>
    </testcase>
    <testcase time="0.106999999999999" classname="summarize_change" name="summarize_change_works_as_expected"/>
    <testcase time="0.0589999999999975" classname="summarize_change" name="summarize_change_works_as_expected">
      <skipped message="Reason: On CRAN ('test-summarize_change.R:78:3')"/>
    </testcase>
  </testsuite>
  <testsuite name="summarize_colvars" timestamp="2023-11-29T14:11:45Z" hostname="566394995c29" tests="6" skipped="3" failures="0" errors="0" time="0.568">
    <testcase time="0.106999999999999" classname="summarize_colvars" name="summarize_colvars_works_as_expected_without_column_split_and_default_behavior"/>
    <testcase time="0.0579999999999998" classname="summarize_colvars" name="summarize_colvars_works_as_expected_without_column_split_and_default_behavior">
      <skipped message="Reason: On CRAN ('test-summarize_colvars.R:28:3')"/>
    </testcase>
    <testcase time="0.143999999999998" classname="summarize_colvars" name="summarize_colvars_works_as_expected_with_column_split"/>
    <testcase time="0.0770000000000053" classname="summarize_colvars" name="summarize_colvars_works_as_expected_with_column_split">
      <skipped message="Reason: On CRAN ('test-summarize_colvars.R:43:3')"/>
    </testcase>
    <testcase time="0.128" classname="summarize_colvars" name="summarize_colvars_works_when_selecting_statistics_and_custom_formatting"/>
    <testcase time="0.0539999999999949" classname="summarize_colvars" name="summarize_colvars_works_when_selecting_statistics_and_custom_formatting">
      <skipped message="Reason: On CRAN ('test-summarize_colvars.R:63:3')"/>
    </testcase>
  </testsuite>
  <testsuite name="summarize_coxreg" timestamp="2023-11-29T14:11:45Z" hostname="566394995c29" tests="28" skipped="13" failures="0" errors="0" time="3.574">
    <testcase time="0.0549999999999997" classname="summarize_coxreg" name="s_coxreg_converts_tabulated_results_in_a_list"/>
    <testcase time="0.00600000000000023" classname="summarize_coxreg" name="s_coxreg_converts_tabulated_results_in_a_list">
      <skipped message="Reason: On CRAN ('test-summarize_coxreg.R:36:3')"/>
    </testcase>
    <testcase time="0.0940000000000012" classname="summarize_coxreg" name="s_coxreg_works_with_which_vars_and_var_nms_arguments"/>
    <testcase time="0.0069999999999979" classname="summarize_coxreg" name="s_coxreg_works_with_which_vars_and_var_nms_arguments">
      <skipped message="Reason: On CRAN ('test-summarize_coxreg.R:48:3')"/>
    </testcase>
    <testcase time="0.0930000000000035" classname="summarize_coxreg" name="s_coxreg_works_with_character_covariates_in_the_univariate_case_when_interaction_TRUE"/>
    <testcase time="0.0069999999999979" classname="summarize_coxreg" name="s_coxreg_works_with_character_covariates_in_the_univariate_case_when_interaction_TRUE">
      <skipped message="Reason: On CRAN ('test-summarize_coxreg.R:60:3')"/>
    </testcase>
    <testcase time="0.0510000000000019" classname="summarize_coxreg" name="a_coxreg_works_as_expected"/>
    <testcase time="0.0069999999999979" classname="summarize_coxreg" name="a_coxreg_works_as_expected">
      <skipped message="Reason: On CRAN ('test-summarize_coxreg.R:76:3')"/>
    </testcase>
    <testcase time="0.236000000000004" classname="summarize_coxreg" name="summarize_coxreg_adds_the_univariate_Cox_regression_layer_to_rtables"/>
    <testcase time="0.0459999999999994" classname="summarize_coxreg" name="summarize_coxreg_adds_the_univariate_Cox_regression_layer_to_rtables">
      <skipped message="Reason: On CRAN ('test-summarize_coxreg.R:90:3')"/>
    </testcase>
    <testcase time="0.226999999999997" classname="summarize_coxreg" name="summarize_coxreg_.section_div_argument_works"/>
    <testcase time="0.0399999999999991" classname="summarize_coxreg" name="summarize_coxreg_.section_div_argument_works">
      <skipped message="Reason: On CRAN ('test-summarize_coxreg.R:131:3')"/>
    </testcase>
    <testcase time="0.393999999999998" classname="summarize_coxreg" name="summarize_coxreg_works_with_interactions_in_univariate_case"/>
    <testcase time="0.0690000000000026" classname="summarize_coxreg" name="summarize_coxreg_works_with_interactions_in_univariate_case">
      <skipped message="Reason: On CRAN ('test-summarize_coxreg.R:145:3')"/>
    </testcase>
    <testcase time="0.233999999999995" classname="summarize_coxreg" name="summarize_coxreg_at_argument_works_in_univariate_case"/>
    <testcase time="0.0579999999999998" classname="summarize_coxreg" name="summarize_coxreg_at_argument_works_in_univariate_case">
      <skipped message="Reason: On CRAN ('test-summarize_coxreg.R:160:3')"/>
    </testcase>
    <testcase time="0.32" classname="summarize_coxreg" name="summarize_coxreg_na_str_argument_works"/>
    <testcase time="0.0640000000000001" classname="summarize_coxreg" name="summarize_coxreg_na_str_argument_works">
      <skipped message="Reason: On CRAN ('test-summarize_coxreg.R:173:3')"/>
    </testcase>
    <testcase time="0.166000000000004" classname="summarize_coxreg" name="summarize_coxreg_works_without_treatment_arm_in_univariate_case"/>
    <testcase time="0.0409999999999968" classname="summarize_coxreg" name="summarize_coxreg_works_without_treatment_arm_in_univariate_case">
      <skipped message="Reason: On CRAN ('test-summarize_coxreg.R:196:3')"/>
    </testcase>
    <testcase time="0.158999999999999" classname="summarize_coxreg" name="summarize_coxreg_works_with_numeric_covariate_without_treatment_arm_in_univariate_case"/>
    <testcase time="0.0420000000000016" classname="summarize_coxreg" name="summarize_coxreg_works_with_numeric_covariate_without_treatment_arm_in_univariate_case">
      <skipped message="Reason: On CRAN ('test-summarize_coxreg.R:210:3')"/>
    </testcase>
    <testcase time="0.188000000000002" classname="summarize_coxreg" name="summarize_coxreg_works_with_character_covariate_in_univariate_case_when_interaction_TRUE"/>
    <testcase time="0.0439999999999969" classname="summarize_coxreg" name="summarize_coxreg_works_with_character_covariate_in_univariate_case_when_interaction_TRUE">
      <skipped message="Reason: On CRAN ('test-summarize_coxreg.R:226:3')"/>
    </testcase>
    <testcase time="0.507000000000005" classname="summarize_coxreg" name="summarize_coxreg_adds_the_multivariate_Cox_regression_layer_to_rtables"/>
    <testcase time="0.0659999999999954" classname="summarize_coxreg" name="summarize_coxreg_adds_the_multivariate_Cox_regression_layer_to_rtables">
      <skipped message="Reason: On CRAN ('test-summarize_coxreg.R:254:3')"/>
    </testcase>
    <testcase time="0.344999999999999" classname="summarize_coxreg" name="warning_error_messages_work"/>
    <testcase time="0.00800000000000267" classname="summarize_coxreg" name="warning_error_messages_work"/>
  </testsuite>
  <testsuite name="summarize_glm_count" timestamp="2023-11-29T14:11:49Z" hostname="566394995c29" tests="27" skipped="10" failures="0" errors="0" time="0.775">
    <testcase time="0.0459999999999994" classname="summarize_glm_count" name="h_glm_poisson_glm_fit_works_with_healthy_input"/>
    <testcase time="0.00600000000000023" classname="summarize_glm_count" name="h_glm_poisson_glm_fit_works_with_healthy_input">
      <skipped message="Reason: On CRAN ('test-summarize_glm_count.R:18:3')"/>
    </testcase>
    <testcase time="0.0450000000000017" classname="summarize_glm_count" name="h_glm_poisson_emmeans_fit_works_with_healthy_input"/>
    <testcase time="0.00499999999999545" classname="summarize_glm_count" name="h_glm_poisson_emmeans_fit_works_with_healthy_input">
      <skipped message="Reason: On CRAN ('test-summarize_glm_count.R:35:3')"/>
    </testcase>
    <testcase time="0.017000000000003" classname="summarize_glm_count" name="h_glm_poisson_fails_wrong_inputs"/>
    <testcase time="0.0110000000000028" classname="summarize_glm_count" name="h_glm_poisson_fails_wrong_inputs"/>
    <testcase time="0.0359999999999943" classname="summarize_glm_count" name="h_glm_quasipoisson_glm_fit_works_with_healthy_input"/>
    <testcase time="0.00500000000000256" classname="summarize_glm_count" name="h_glm_quasipoisson_glm_fit_works_with_healthy_input">
      <skipped message="Reason: On CRAN ('test-summarize_glm_count.R:73:3')"/>
    </testcase>
    <testcase time="0.0459999999999994" classname="summarize_glm_count" name="h_glm_quasipoisson_emmeans_fit_works_with_healthy_input"/>
    <testcase time="0.00600000000000023" classname="summarize_glm_count" name="h_glm_quasipoisson_emmeans_fit_works_with_healthy_input">
      <skipped message="Reason: On CRAN ('test-summarize_glm_count.R:89:3')"/>
    </testcase>
    <testcase time="0.017000000000003" classname="summarize_glm_count" name="h_glm_quasipoisson_fails_wrong_inputs"/>
    <testcase time="0.00399999999999778" classname="summarize_glm_count" name="h_glm_quasipoisson_fails_wrong_inputs"/>
    <testcase time="0.0300000000000011" classname="summarize_glm_count" name="h_glm_count_glm_fit_works_with_healthy_input"/>
    <testcase time="0.00600000000000023" classname="summarize_glm_count" name="h_glm_count_glm_fit_works_with_healthy_input">
      <skipped message="Reason: On CRAN ('test-summarize_glm_count.R:128:3')"/>
    </testcase>
    <testcase time="0.0429999999999993" classname="summarize_glm_count" name="h_glm_count_emmeans_fit_works_with_healthy_input"/>
    <testcase time="0.00600000000000023" classname="summarize_glm_count" name="h_glm_count_emmeans_fit_works_with_healthy_input">
      <skipped message="Reason: On CRAN ('test-summarize_glm_count.R:145:3')"/>
    </testcase>
    <testcase time="0.0169999999999959" classname="summarize_glm_count" name="h_glm_count_fails_wrong_inputs"/>
    <testcase time="0.00400000000000489" classname="summarize_glm_count" name="h_glm_count_fails_wrong_inputs"/>
    <testcase time="0.0390000000000015" classname="summarize_glm_count" name="h_ppmeans_works_with_healthy_input">
      <skipped message="Reason: On CRAN ('test-summarize_glm_count.R:179:3')"/>
    </testcase>
    <testcase time="0.0439999999999969" classname="summarize_glm_count" name="s_glm_count_works_with_healthy_input"/>
    <testcase time="0.00500000000000256" classname="summarize_glm_count" name="s_glm_count_works_with_healthy_input">
      <skipped message="Reason: On CRAN ('test-summarize_glm_count.R:220:3')"/>
    </testcase>
    <testcase time="0.0489999999999995" classname="summarize_glm_count" name="s_glm_count_works_with_no_reference_group_selected."/>
    <testcase time="0.00499999999999545" classname="summarize_glm_count" name="s_glm_count_works_with_no_reference_group_selected.">
      <skipped message="Reason: On CRAN ('test-summarize_glm_count.R:244:3')"/>
    </testcase>
    <testcase time="0.0180000000000007" classname="summarize_glm_count" name="s_glm_count_fails_wrong_inputs"/>
    <testcase time="0.017000000000003" classname="summarize_glm_count" name="glm_count_fails_when_negative_binomial_distribution_is_selected."/>
    <testcase time="0.189999999999998" classname="summarize_glm_count" name="summarize_glm_count_works_with_healthy_inputs"/>
    <testcase time="0.0579999999999998" classname="summarize_glm_count" name="summarize_glm_count_works_with_healthy_inputs">
      <skipped message="Reason: On CRAN ('test-summarize_glm_count.R:303:3')"/>
    </testcase>
  </testsuite>
  <testsuite name="summarize_num_patients" timestamp="2023-11-29T14:11:49Z" hostname="566394995c29" tests="32" skipped="16" failures="0" errors="0" time="0.944">
    <testcase time="0.0210000000000008" classname="summarize_num_patients" name="s_num_patients_works_as_expected_with_healthy_input"/>
    <testcase time="0.00500000000000256" classname="summarize_num_patients" name="s_num_patients_works_as_expected_with_healthy_input">
      <skipped message="Reason: On CRAN ('test-summarize_num_patients.R:6:3')"/>
    </testcase>
    <testcase time="0.0139999999999958" classname="summarize_num_patients" name="s_num_patients_works_as_expected_with_empty_input"/>
    <testcase time="0.00400000000000489" classname="summarize_num_patients" name="s_num_patients_works_as_expected_with_empty_input">
      <skipped message="Reason: On CRAN ('test-summarize_num_patients.R:14:3')"/>
    </testcase>
    <testcase time="0.0139999999999958" classname="summarize_num_patients" name="s_num_patients_works_as_expected_with_unique_count_suffix_FALSE"/>
    <testcase time="0.00399999999999778" classname="summarize_num_patients" name="s_num_patients_works_as_expected_with_unique_count_suffix_FALSE">
      <skipped message="Reason: On CRAN ('test-summarize_num_patients.R:22:3')"/>
    </testcase>
    <testcase time="0.0250000000000057" classname="summarize_num_patients" name="s_num_patients_content_works_as_expected_with_healthy_input"/>
    <testcase time="0.00499999999999545" classname="summarize_num_patients" name="s_num_patients_content_works_as_expected_with_healthy_input">
      <skipped message="Reason: On CRAN ('test-summarize_num_patients.R:33:3')"/>
    </testcase>
    <testcase time="0.0450000000000017" classname="summarize_num_patients" name="summarize_num_patients_works_as_expected_with_healthy_input"/>
    <testcase time="0.027000000000001" classname="summarize_num_patients" name="summarize_num_patients_works_as_expected_with_healthy_input">
      <skipped message="Reason: On CRAN ('test-summarize_num_patients.R:51:3')"/>
    </testcase>
    <testcase time="0.0150000000000006" classname="summarize_num_patients" name="s_num_patients_count_by_works_as_expected_with_healthy_input"/>
    <testcase time="0.00500000000000256" classname="summarize_num_patients" name="s_num_patients_count_by_works_as_expected_with_healthy_input">
      <skipped message="Reason: On CRAN ('test-summarize_num_patients.R:90:3')"/>
    </testcase>
    <testcase time="0.0139999999999958" classname="summarize_num_patients" name="s_num_patients_count_by_with_missing_works_as_expected_with_healthy_input"/>
    <testcase time="0.00500000000000256" classname="summarize_num_patients" name="s_num_patients_count_by_with_missing_works_as_expected_with_healthy_input">
      <skipped message="Reason: On CRAN ('test-summarize_num_patients.R:99:3')"/>
    </testcase>
    <testcase time="0.0139999999999958" classname="summarize_num_patients" name="s_num_patients_count_by_with_missing_case_2_works_as_expected_with_healthy_input"/>
    <testcase time="0.00500000000000256" classname="summarize_num_patients" name="s_num_patients_count_by_with_missing_case_2_works_as_expected_with_healthy_input">
      <skipped message="Reason: On CRAN ('test-summarize_num_patients.R:108:3')"/>
    </testcase>
    <testcase time="0.0140000000000029" classname="summarize_num_patients" name="s_num_patients_content_with_count_by_works_as_expected_with_healthy_input"/>
    <testcase time="0.00499999999999545" classname="summarize_num_patients" name="s_num_patients_content_with_count_by_works_as_expected_with_healthy_input">
      <skipped message="Reason: On CRAN ('test-summarize_num_patients.R:119:3')"/>
    </testcase>
    <testcase time="0.0140000000000029" classname="summarize_num_patients" name="s_num_patients_content_with_count_by_case_2_works_as_expected_with_healthy_input"/>
    <testcase time="0.00399999999999778" classname="summarize_num_patients" name="s_num_patients_content_with_count_by_case_2_works_as_expected_with_healthy_input">
      <skipped message="Reason: On CRAN ('test-summarize_num_patients.R:130:3')"/>
    </testcase>
    <testcase time="0.0150000000000006" classname="summarize_num_patients" name="s_num_patients_content_with_count_by_trivial_cases_identical_to_without_count_by"/>
    <testcase time="0.00500000000000256" classname="summarize_num_patients" name="s_num_patients_content_with_count_by_trivial_cases_identical_to_without_count_by">
      <skipped message="Reason: On CRAN ('test-summarize_num_patients.R:141:3')"/>
    </testcase>
    <testcase time="0.046999999999997" classname="summarize_num_patients" name="summarize_num_patients_with_count_by_works_as_expected_with_healthy_input"/>
    <testcase time="0.0279999999999987" classname="summarize_num_patients" name="summarize_num_patients_with_count_by_works_as_expected_with_healthy_input">
      <skipped message="Reason: On CRAN ('test-summarize_num_patients.R:159:3')"/>
    </testcase>
    <testcase time="0.054000000000002" classname="summarize_num_patients" name="summarize_num_patients_with_count_by_different_combinations_works_as_expected_with_healthy_input"/>
    <testcase time="0.0260000000000034" classname="summarize_num_patients" name="summarize_num_patients_with_count_by_different_combinations_works_as_expected_with_healthy_input">
      <skipped message="Reason: On CRAN ('test-summarize_num_patients.R:209:5')"/>
    </testcase>
    <testcase time="0.147999999999996" classname="summarize_num_patients" name="analyze_num_patients_works_well_for_pagination"/>
    <testcase time="0.0790000000000006" classname="summarize_num_patients" name="analyze_num_patients_works_well_for_pagination">
      <skipped message="Reason: On CRAN ('test-summarize_num_patients.R:243:3')"/>
    </testcase>
    <testcase time="0.137" classname="summarize_num_patients" name="summarize_num_patients_works_as_expected_with_risk_difference_column"/>
    <testcase time="0.0529999999999973" classname="summarize_num_patients" name="summarize_num_patients_works_as_expected_with_risk_difference_column">
      <skipped message="Reason: On CRAN ('test-summarize_num_patients.R:270:3')"/>
    </testcase>
    <testcase time="0.0630000000000024" classname="summarize_num_patients" name="analyze_num_patients_works_as_expected_with_risk_difference_column"/>
    <testcase time="0.0300000000000011" classname="summarize_num_patients" name="analyze_num_patients_works_as_expected_with_risk_difference_column">
      <skipped message="Reason: On CRAN ('test-summarize_num_patients.R:299:3')"/>
    </testcase>
  </testsuite>
  <testsuite name="summarize_patients_exposure_in_cols" timestamp="2023-11-29T14:11:50Z" hostname="566394995c29" tests="18" skipped="9" failures="0" errors="0" time="0.653">
    <testcase time="0.019999999999996" classname="summarize_patients_exposure_in_cols" name="s_count_patients_sum_exposure_works_as_expected"/>
    <testcase time="0.00500000000000256" classname="summarize_patients_exposure_in_cols" name="s_count_patients_sum_exposure_works_as_expected">
      <skipped message="Reason: On CRAN ('test-summarize_patients_exposure_in_cols.R:23:3')"/>
    </testcase>
    <testcase time="0.0150000000000006" classname="summarize_patients_exposure_in_cols" name="a_count_patients_sum_exposure_works_as_expected"/>
    <testcase time="0.00600000000000023" classname="summarize_patients_exposure_in_cols" name="a_count_patients_sum_exposure_works_as_expected">
      <skipped message="Reason: On CRAN ('test-summarize_patients_exposure_in_cols.R:35:3')"/>
    </testcase>
    <testcase time="0.0910000000000011" classname="summarize_patients_exposure_in_cols" name="summarize_patients_exposure_in_cols_works_well_with_default_arguments"/>
    <testcase time="0.0429999999999993" classname="summarize_patients_exposure_in_cols" name="summarize_patients_exposure_in_cols_works_well_with_default_arguments">
      <skipped message="Reason: On CRAN ('test-summarize_patients_exposure_in_cols.R:49:3')"/>
    </testcase>
    <testcase time="0.0769999999999982" classname="summarize_patients_exposure_in_cols" name="summarize_patients_exposure_in_cols_works_well_with_custom_arguments"/>
    <testcase time="0.0339999999999989" classname="summarize_patients_exposure_in_cols" name="summarize_patients_exposure_in_cols_works_well_with_custom_arguments">
      <skipped message="Reason: On CRAN ('test-summarize_patients_exposure_in_cols.R:72:3')"/>
    </testcase>
    <testcase time="0.0339999999999989" classname="summarize_patients_exposure_in_cols" name="summarize_patients_exposure_in_cols_returns_correct_column_label_when_no_variable_split_and_only_one_statistic"/>
    <testcase time="0.00400000000000489" classname="summarize_patients_exposure_in_cols" name="summarize_patients_exposure_in_cols_returns_correct_column_label_when_no_variable_split_and_only_one_statistic">
      <skipped message="Reason: On CRAN ('test-summarize_patients_exposure_in_cols.R:95:5')"/>
    </testcase>
    <testcase time="0.0700000000000003" classname="summarize_patients_exposure_in_cols" name="analyze_patients_exposure_in_cols_works_well_with_default_arguments"/>
    <testcase time="0.0379999999999967" classname="summarize_patients_exposure_in_cols" name="analyze_patients_exposure_in_cols_works_well_with_default_arguments">
      <skipped message="Reason: On CRAN ('test-summarize_patients_exposure_in_cols.R:109:3')"/>
    </testcase>
    <testcase time="0.054000000000002" classname="summarize_patients_exposure_in_cols" name="analyze_patients_exposure_in_cols_works_well_with_custom_arguments"/>
    <testcase time="0.0390000000000015" classname="summarize_patients_exposure_in_cols" name="analyze_patients_exposure_in_cols_works_well_with_custom_arguments">
      <skipped message="Reason: On CRAN ('test-summarize_patients_exposure_in_cols.R:126:3')"/>
    </testcase>
    <testcase time="0.0349999999999966" classname="summarize_patients_exposure_in_cols" name="analyze_patients_exposure_in_cols_works_with_no_variable_split_and_only_one_statistic"/>
    <testcase time="0.0159999999999982" classname="summarize_patients_exposure_in_cols" name="analyze_patients_exposure_in_cols_works_with_no_variable_split_and_only_one_statistic">
      <skipped message="Reason: On CRAN ('test-summarize_patients_exposure_in_cols.R:144:5')"/>
    </testcase>
    <testcase time="0.0459999999999994" classname="summarize_patients_exposure_in_cols" name="patients_exposure_in_cols_works_with_totals_after_the_row_split"/>
    <testcase time="0.0260000000000034" classname="summarize_patients_exposure_in_cols" name="patients_exposure_in_cols_works_with_totals_after_the_row_split">
      <skipped message="Reason: On CRAN ('test-summarize_patients_exposure_in_cols.R:166:3')"/>
    </testcase>
  </testsuite>
  <testsuite name="survival_biomarkers_subgroups" timestamp="2023-11-29T14:11:51Z" hostname="566394995c29" tests="14" skipped="6" failures="0" errors="0" time="1.847">
    <testcase time="0.179000000000002" classname="survival_biomarkers_subgroups" name="extract_survival_biomarkers_functions_as_expected_with_valid_input_and_default_arguments"/>
    <testcase time="0.00799999999999557" classname="survival_biomarkers_subgroups" name="extract_survival_biomarkers_functions_as_expected_with_valid_input_and_default_arguments">
      <skipped message="Reason: On CRAN ('test-survival_biomarkers_subgroups.R:36:3')"/>
    </testcase>
    <testcase time="0.163000000000004" classname="survival_biomarkers_subgroups" name="extract_survival_biomarkers_works_as_expected_with_groups_lists"/>
    <testcase time="0.00499999999999545" classname="survival_biomarkers_subgroups" name="extract_survival_biomarkers_works_as_expected_with_groups_lists">
      <skipped message="Reason: On CRAN ('test-survival_biomarkers_subgroups.R:65:3')"/>
    </testcase>
    <testcase time="0.479000000000006" classname="survival_biomarkers_subgroups" name="tabulate_survival_biomarkers_works_as_expected_with_valid_input"/>
    <testcase time="0.101999999999997" classname="survival_biomarkers_subgroups" name="tabulate_survival_biomarkers_works_as_expected_with_valid_input">
      <skipped message="Reason: On CRAN ('test-survival_biomarkers_subgroups.R:85:3')"/>
    </testcase>
    <testcase time="0.0399999999999991" classname="survival_biomarkers_subgroups" name="tabulate_survival_biomarkers_functions_as_expected_with_NULL_subgroups"/>
    <testcase time="0.134" classname="survival_biomarkers_subgroups" name="tabulate_survival_biomarkers_functions_as_expected_with_NULL_subgroups"/>
    <testcase time="0.0410000000000039" classname="survival_biomarkers_subgroups" name="tabulate_survival_biomarkers_functions_as_expected_with_NULL_subgroups">
      <skipped message="Reason: On CRAN ('test-survival_biomarkers_subgroups.R:105:3')"/>
    </testcase>
    <testcase time="0.0689999999999955" classname="survival_biomarkers_subgroups" name="tabulate_survival_biomarkers_works_with_only_a_single_biomarker_in_the_data_frame"/>
    <testcase time="0.00200000000000244" classname="survival_biomarkers_subgroups" name="tabulate_survival_biomarkers_works_with_only_a_single_biomarker_in_the_data_frame"/>
    <testcase time="0.0309999999999988" classname="survival_biomarkers_subgroups" name="tabulate_survival_biomarkers_works_with_only_a_single_biomarker_in_the_data_frame">
      <skipped message="Reason: On CRAN ('test-survival_biomarkers_subgroups.R:129:3')"/>
    </testcase>
    <testcase time="0.481000000000002" classname="survival_biomarkers_subgroups" name="tabulate_survival_biomarkers_na_str_argument_works_as_expected"/>
    <testcase time="0.113" classname="survival_biomarkers_subgroups" name="tabulate_survival_biomarkers_na_str_argument_works_as_expected">
      <skipped message="Reason: On CRAN ('test-survival_biomarkers_subgroups.R:153:3')"/>
    </testcase>
  </testsuite>
  <testsuite name="survival_coxph_pairwise" timestamp="2023-11-29T14:11:53Z" hostname="566394995c29" tests="17" skipped="8" failures="0" errors="0" time="0.563">
    <testcase time="0.0289999999999964" classname="survival_coxph_pairwise" name="s_coxph_pairwise_works_with_default_arguments_and_no_stratification_factors"/>
    <testcase time="0.00500000000000256" classname="survival_coxph_pairwise" name="s_coxph_pairwise_works_with_default_arguments_and_no_stratification_factors">
      <skipped message="Reason: On CRAN ('test-survival_coxph_pairwise.R:18:3')"/>
    </testcase>
    <testcase time="0.0219999999999985" classname="survival_coxph_pairwise" name="s_coxph_pairwise_works_with_customized_arguments_and_no_stratification_factors"/>
    <testcase time="0.00500000000000256" classname="survival_coxph_pairwise" name="s_coxph_pairwise_works_with_customized_arguments_and_no_stratification_factors">
      <skipped message="Reason: On CRAN ('test-survival_coxph_pairwise.R:39:3')"/>
    </testcase>
    <testcase time="0.0229999999999961" classname="survival_coxph_pairwise" name="s_coxph_pairwise_works_with_default_arguments_and_stratification_factors"/>
    <testcase time="0.00500000000000256" classname="survival_coxph_pairwise" name="s_coxph_pairwise_works_with_default_arguments_and_stratification_factors">
      <skipped message="Reason: On CRAN ('test-survival_coxph_pairwise.R:59:3')"/>
    </testcase>
    <testcase time="0.0240000000000009" classname="survival_coxph_pairwise" name="s_coxph_pairwise_works_with_customized_arguments_and_stratification_factors"/>
    <testcase time="0.00399999999999778" classname="survival_coxph_pairwise" name="s_coxph_pairwise_works_with_customized_arguments_and_stratification_factors">
      <skipped message="Reason: On CRAN ('test-survival_coxph_pairwise.R:80:3')"/>
    </testcase>
    <testcase time="0.0829999999999984" classname="survival_coxph_pairwise" name="coxph_pairwise_works_with_default_arguments_and_no_stratification_factors"/>
    <testcase time="0.0290000000000035" classname="survival_coxph_pairwise" name="coxph_pairwise_works_with_default_arguments_and_no_stratification_factors">
      <skipped message="Reason: On CRAN ('test-survival_coxph_pairwise.R:102:3')"/>
    </testcase>
    <testcase time="0.0760000000000005" classname="survival_coxph_pairwise" name="coxph_pairwise_works_with_customized_arguments_and_no_stratification_factors"/>
    <testcase time="0.0289999999999964" classname="survival_coxph_pairwise" name="coxph_pairwise_works_with_customized_arguments_and_no_stratification_factors">
      <skipped message="Reason: On CRAN ('test-survival_coxph_pairwise.R:125:3')"/>
    </testcase>
    <testcase time="0.0690000000000026" classname="survival_coxph_pairwise" name="coxph_pairwise_works_with_default_arguments_and_stratification_factors"/>
    <testcase time="0.0289999999999964" classname="survival_coxph_pairwise" name="coxph_pairwise_works_with_default_arguments_and_stratification_factors">
      <skipped message="Reason: On CRAN ('test-survival_coxph_pairwise.R:147:3')"/>
    </testcase>
    <testcase time="0.0680000000000049" classname="survival_coxph_pairwise" name="coxph_pairwise_works_with_customized_arguments_and_stratification_factors"/>
    <testcase time="0.0249999999999986" classname="survival_coxph_pairwise" name="coxph_pairwise_works_with_customized_arguments_and_stratification_factors">
      <skipped message="Reason: On CRAN ('test-survival_coxph_pairwise.R:172:3')"/>
    </testcase>
    <testcase time="0.0379999999999967" classname="survival_coxph_pairwise" name="s_coxph_pairwise_gets_p_value_log_rank_calculated_by_survival_survdiff_"/>
  </testsuite>
  <testsuite name="survival_duration_subgroups" timestamp="2023-11-29T14:11:53Z" hostname="566394995c29" tests="24" skipped="11" failures="0" errors="0" time="2.615">
    <testcase time="0.0990000000000038" classname="survival_duration_subgroups" name="extract_survival_subgroups_functions_as_expected_with_valid_input_and_default_arguments"/>
    <testcase time="0.0069999999999979" classname="survival_duration_subgroups" name="extract_survival_subgroups_functions_as_expected_with_valid_input_and_default_arguments">
      <skipped message="Reason: On CRAN ('test-survival_duration_subgroups.R:33:3')"/>
    </testcase>
    <testcase time="0.0970000000000013" classname="survival_duration_subgroups" name="extract_survival_subgroups_works_as_expected_with_groups_lists"/>
    <testcase time="0.00500000000000256" classname="survival_duration_subgroups" name="extract_survival_subgroups_works_as_expected_with_groups_lists">
      <skipped message="Reason: On CRAN ('test-survival_duration_subgroups.R:52:3')"/>
    </testcase>
    <testcase time="0.0240000000000009" classname="survival_duration_subgroups" name="extract_survival_subgroups_functions_as_expected_with_NULL_subgroups"/>
    <testcase time="0.0069999999999979" classname="survival_duration_subgroups" name="extract_survival_subgroups_functions_as_expected_with_NULL_subgroups">
      <skipped message="Reason: On CRAN ('test-survival_duration_subgroups.R:68:3')"/>
    </testcase>
    <testcase time="0.0390000000000015" classname="survival_duration_subgroups" name="a_survival_subgroups_functions_as_expected_with_valid_input"/>
    <testcase time="0.0319999999999965" classname="survival_duration_subgroups" name="a_survival_subgroups_functions_as_expected_with_valid_input">
      <skipped message="Reason: On CRAN ('test-survival_duration_subgroups.R:87:3')"/>
    </testcase>
    <testcase time="0.419000000000004" classname="survival_duration_subgroups" name="tabulate_survival_subgroups_functions_as_expected_with_valid_input"/>
    <testcase time="0.0739999999999981" classname="survival_duration_subgroups" name="tabulate_survival_subgroups_functions_as_expected_with_valid_input">
      <skipped message="Reason: On CRAN ('test-survival_duration_subgroups.R:102:3')"/>
    </testcase>
    <testcase time="0.143999999999998" classname="survival_duration_subgroups" name="tabulate_survival_subgroups_functions_as_expected_with_NULL_subgroups"/>
    <testcase time="0.0410000000000039" classname="survival_duration_subgroups" name="tabulate_survival_subgroups_functions_as_expected_with_NULL_subgroups">
      <skipped message="Reason: On CRAN ('test-survival_duration_subgroups.R:117:3')"/>
    </testcase>
    <testcase time="0.311999999999998" classname="survival_duration_subgroups" name="tabulate_survival_subgroups_functions_as_expected_with_extreme_values_in_subgroups"/>
    <testcase time="0.0600000000000023" classname="survival_duration_subgroups" name="tabulate_survival_subgroups_functions_as_expected_with_extreme_values_in_subgroups">
      <skipped message="Reason: On CRAN ('test-survival_duration_subgroups.R:134:3')"/>
    </testcase>
    <testcase time="0.116999999999997" classname="survival_duration_subgroups" name="tabulate_survival_subgroups_functions_as_expected_when_one_arm_has_0_records"/>
    <testcase time="0.312000000000005" classname="survival_duration_subgroups" name="tabulate_survival_subgroups_functions_as_expected_when_one_arm_has_0_records"/>
    <testcase time="0.0889999999999986" classname="survival_duration_subgroups" name="tabulate_survival_subgroups_functions_as_expected_when_one_arm_has_0_records">
      <skipped message="Reason: On CRAN ('test-survival_duration_subgroups.R:153:3')"/>
    </testcase>
    <testcase time="0.116999999999997" classname="survival_duration_subgroups" name="tabulate_survival_subgroups_works_correctly_with_both_n_tot_and_n_tot_events_in_vars_"/>
    <testcase time="0.103000000000002" classname="survival_duration_subgroups" name="tabulate_survival_subgroups_works_correctly_with_both_n_tot_and_n_tot_events_in_vars_"/>
    <testcase time="0.00500000000000256" classname="survival_duration_subgroups" name="tabulate_survival_subgroups_works_correctly_with_both_n_tot_and_n_tot_events_in_vars_">
      <skipped message="Reason: On CRAN ('test-survival_duration_subgroups.R:175:3')"/>
    </testcase>
    <testcase time="0.0149999999999935" classname="survival_duration_subgroups" name="d_survival_subgroups_colvars_functions_as_expected_with_valid_input"/>
    <testcase time="0.00400000000000489" classname="survival_duration_subgroups" name="d_survival_subgroups_colvars_functions_as_expected_with_valid_input">
      <skipped message="Reason: On CRAN ('test-survival_duration_subgroups.R:208:3')"/>
    </testcase>
    <testcase time="0.420000000000002" classname="survival_duration_subgroups" name="tabulate_survival_subgroups_na_str_argument_works_as_expected"/>
    <testcase time="0.0730000000000004" classname="survival_duration_subgroups" name="tabulate_survival_subgroups_na_str_argument_works_as_expected">
      <skipped message="Reason: On CRAN ('test-survival_duration_subgroups.R:228:3')"/>
    </testcase>
  </testsuite>
  <testsuite name="survival_time" timestamp="2023-11-29T14:11:56Z" hostname="566394995c29" tests="14" skipped="7" failures="0" errors="0" time="0.459">
    <testcase time="0.0249999999999986" classname="survival_time" name="s_surv_time_works_with_default_arguments"/>
    <testcase time="0.00499999999999545" classname="survival_time" name="s_surv_time_works_with_default_arguments">
      <skipped message="Reason: On CRAN ('test-survival_time.R:16:3')"/>
    </testcase>
    <testcase time="0.0190000000000055" classname="survival_time" name="s_surv_time_works_with_customized_arguments"/>
    <testcase time="0.00499999999999545" classname="survival_time" name="s_surv_time_works_with_customized_arguments">
      <skipped message="Reason: On CRAN ('test-survival_time.R:37:3')"/>
    </testcase>
    <testcase time="0.0200000000000031" classname="survival_time" name="a_surv_time_works_with_default_arguments"/>
    <testcase time="0.00600000000000023" classname="survival_time" name="a_surv_time_works_with_default_arguments">
      <skipped message="Reason: On CRAN ('test-survival_time.R:56:3')"/>
    </testcase>
    <testcase time="0.019999999999996" classname="survival_time" name="a_surv_time_works_with_customized_arguments"/>
    <testcase time="0.00800000000000267" classname="survival_time" name="a_surv_time_works_with_customized_arguments">
      <skipped message="Reason: On CRAN ('test-survival_time.R:83:3')"/>
    </testcase>
    <testcase time="0.0750000000000028" classname="survival_time" name="surv_time_works_with_default_arguments"/>
    <testcase time="0.0329999999999941" classname="survival_time" name="surv_time_works_with_default_arguments">
      <skipped message="Reason: On CRAN ('test-survival_time.R:106:3')"/>
    </testcase>
    <testcase time="0.0680000000000049" classname="survival_time" name="surv_time_works_with_customized_arguments"/>
    <testcase time="0.0399999999999991" classname="survival_time" name="surv_time_works_with_customized_arguments">
      <skipped message="Reason: On CRAN ('test-survival_time.R:129:3')"/>
    </testcase>
    <testcase time="0.0779999999999959" classname="survival_time" name="surv_time_works_with_referential_footnotes"/>
    <testcase time="0.0570000000000022" classname="survival_time" name="surv_time_works_with_referential_footnotes">
      <skipped message="Reason: On CRAN ('test-survival_time.R:154:3')"/>
    </testcase>
  </testsuite>
  <testsuite name="survival_timepoint" timestamp="2023-11-29T14:11:57Z" hostname="566394995c29" tests="21" skipped="10" failures="0" errors="0" time="0.696">
    <testcase time="0.0249999999999986" classname="survival_timepoint" name="s_surv_timepoint_works_with_default_arguments"/>
    <testcase time="0.00500000000000256" classname="survival_timepoint" name="s_surv_timepoint_works_with_default_arguments">
      <skipped message="Reason: On CRAN ('test-survival_timepoint.R:17:3')"/>
    </testcase>
    <testcase time="0.0189999999999984" classname="survival_timepoint" name="s_surv_timepoint_works_with_customized_arguments"/>
    <testcase time="0.00399999999999778" classname="survival_timepoint" name="s_surv_timepoint_works_with_customized_arguments">
      <skipped message="Reason: On CRAN ('test-survival_timepoint.R:39:3')"/>
    </testcase>
    <testcase time="0.0190000000000055" classname="survival_timepoint" name="s_surv_timepoint_also_works_when_there_are_0_patients_at_risk"/>
    <testcase time="0.000999999999997669" classname="survival_timepoint" name="s_surv_timepoint_also_works_when_there_are_0_patients_at_risk"/>
    <testcase time="0.00500000000000256" classname="survival_timepoint" name="s_surv_timepoint_also_works_when_there_are_0_patients_at_risk">
      <skipped message="Reason: On CRAN ('test-survival_timepoint.R:61:3')"/>
    </testcase>
    <testcase time="0.0730000000000004" classname="survival_timepoint" name="surv_timepoint_works_with_default_arguments"/>
    <testcase time="0.0289999999999964" classname="survival_timepoint" name="surv_timepoint_works_with_default_arguments">
      <skipped message="Reason: On CRAN ('test-survival_timepoint.R:86:3')"/>
    </testcase>
    <testcase time="0.0609999999999999" classname="survival_timepoint" name="surv_timepoint_works_with_customized_arguments"/>
    <testcase time="0.0420000000000016" classname="survival_timepoint" name="surv_timepoint_works_with_customized_arguments">
      <skipped message="Reason: On CRAN ('test-survival_timepoint.R:112:3')"/>
    </testcase>
    <testcase time="0.0249999999999986" classname="survival_timepoint" name="s_surv_timepoint_diff_works_with_default_arguments_for_comparison_group"/>
    <testcase time="0.00399999999999778" classname="survival_timepoint" name="s_surv_timepoint_diff_works_with_default_arguments_for_comparison_group">
      <skipped message="Reason: On CRAN ('test-survival_timepoint.R:137:3')"/>
    </testcase>
    <testcase time="0.0240000000000009" classname="survival_timepoint" name="s_surv_timepoint_diff_works_with_customized_arguments_for_comparison_arm"/>
    <testcase time="0.00400000000000489" classname="survival_timepoint" name="s_surv_timepoint_diff_works_with_customized_arguments_for_comparison_arm">
      <skipped message="Reason: On CRAN ('test-survival_timepoint.R:162:3')"/>
    </testcase>
    <testcase time="0.080999999999996" classname="survival_timepoint" name="surv_timepoint_for_survival_diff_works_with_default_arguments"/>
    <testcase time="0.0279999999999987" classname="survival_timepoint" name="surv_timepoint_for_survival_diff_works_with_default_arguments">
      <skipped message="Reason: On CRAN ('test-survival_timepoint.R:188:3')"/>
    </testcase>
    <testcase time="0.0660000000000025" classname="survival_timepoint" name="surv_timepoint_for_survival_diff_works_with_customized_arguments"/>
    <testcase time="0.0409999999999968" classname="survival_timepoint" name="surv_timepoint_for_survival_diff_works_with_customized_arguments">
      <skipped message="Reason: On CRAN ('test-survival_timepoint.R:215:3')"/>
    </testcase>
    <testcase time="0.0970000000000013" classname="survival_timepoint" name="surv_timepoint_works_with_method_both"/>
    <testcase time="0.0429999999999993" classname="survival_timepoint" name="surv_timepoint_works_with_method_both">
      <skipped message="Reason: On CRAN ('test-survival_timepoint.R:238:3')"/>
    </testcase>
  </testsuite>
  <testsuite name="test_proportion_diff" timestamp="2023-11-29T14:11:57Z" hostname="566394995c29" tests="23" skipped="11" failures="0" errors="0" time="0.521">
    <testcase time="0.0200000000000031" classname="test_proportion_diff" name="prop_chisq_returns_right_result"/>
    <testcase time="0.00500000000000256" classname="test_proportion_diff" name="prop_chisq_returns_right_result">
      <skipped message="Reason: On CRAN ('test-test_proportion_diff.R:12:3')"/>
    </testcase>
    <testcase time="0.0149999999999935" classname="test_proportion_diff" name="prop_cmh_returns_right_result"/>
    <testcase time="0.00400000000000489" classname="test_proportion_diff" name="prop_cmh_returns_right_result">
      <skipped message="Reason: On CRAN ('test-test_proportion_diff.R:24:3')"/>
    </testcase>
    <testcase time="0.0180000000000007" classname="test_proportion_diff" name="prop_cmh_also_works_when_there_are_strata_with_just_one_observation"/>
    <testcase time="0.00199999999999534" classname="test_proportion_diff" name="prop_cmh_also_works_when_there_are_strata_with_just_one_observation"/>
    <testcase time="0.00400000000000489" classname="test_proportion_diff" name="prop_cmh_also_works_when_there_are_strata_with_just_one_observation">
      <skipped message="Reason: On CRAN ('test-test_proportion_diff.R:49:3')"/>
    </testcase>
    <testcase time="0.0150000000000006" classname="test_proportion_diff" name="prop_fisher_returns_right_result"/>
    <testcase time="0.00499999999999545" classname="test_proportion_diff" name="prop_fisher_returns_right_result">
      <skipped message="Reason: On CRAN ('test-test_proportion_diff.R:63:3')"/>
    </testcase>
    <testcase time="0.0700000000000003" classname="test_proportion_diff" name="prop_schouten_returns_right_result"/>
    <testcase time="0.00500000000000256" classname="test_proportion_diff" name="prop_schouten_returns_right_result">
      <skipped message="Reason: On CRAN ('test-test_proportion_diff.R:89:3')"/>
    </testcase>
    <testcase time="0.0159999999999982" classname="test_proportion_diff" name="s_test_proportion_diff_and_d_test_proportion_diff_return_right_result"/>
    <testcase time="0.00500000000000256" classname="test_proportion_diff" name="s_test_proportion_diff_and_d_test_proportion_diff_return_right_result">
      <skipped message="Reason: On CRAN ('test-test_proportion_diff.R:113:3')"/>
    </testcase>
    <testcase time="0.0579999999999998" classname="test_proportion_diff" name="test_proportion_diff_returns_right_result"/>
    <testcase time="0.0169999999999959" classname="test_proportion_diff" name="test_proportion_diff_returns_right_result">
      <skipped message="Reason: On CRAN ('test-test_proportion_diff.R:133:3')"/>
    </testcase>
    <testcase time="0.0429999999999993" classname="test_proportion_diff" name="test_proportion_diff_edge_case_all_responder_by_chisq"/>
    <testcase time="0.0180000000000007" classname="test_proportion_diff" name="test_proportion_diff_edge_case_all_responder_by_chisq">
      <skipped message="Reason: On CRAN ('test-test_proportion_diff.R:151:3')"/>
    </testcase>
    <testcase time="0.0429999999999993" classname="test_proportion_diff" name="test_proportion_diff_edge_case_all_responder_by_schouten"/>
    <testcase time="0.0180000000000007" classname="test_proportion_diff" name="test_proportion_diff_edge_case_all_responder_by_schouten">
      <skipped message="Reason: On CRAN ('test-test_proportion_diff.R:169:3')"/>
    </testcase>
    <testcase time="0.0570000000000022" classname="test_proportion_diff" name="test_proportion_diff_edge_case_all_responder_by_fisher"/>
    <testcase time="0.0189999999999984" classname="test_proportion_diff" name="test_proportion_diff_edge_case_all_responder_by_fisher">
      <skipped message="Reason: On CRAN ('test-test_proportion_diff.R:189:3')"/>
    </testcase>
    <testcase time="0.0439999999999969" classname="test_proportion_diff" name="test_proportion_diff_edge_case_all_responder_by_CMH"/>
    <testcase time="0.0200000000000031" classname="test_proportion_diff" name="test_proportion_diff_edge_case_all_responder_by_CMH">
      <skipped message="Reason: On CRAN ('test-test_proportion_diff.R:211:3')"/>
    </testcase>
  </testsuite>
  <testsuite name="utils" timestamp="2023-11-29T14:11:58Z" hostname="566394995c29" tests="134" skipped="59" failures="0" errors="0" time="1.337">
    <testcase time="0.0219999999999985" classname="utils" name="f_conf_level_works_for_proportion"/>
    <testcase time="0.00499999999999545" classname="utils" name="f_conf_level_works_for_proportion">
      <skipped message="Reason: On CRAN ('test-utils.R:5:3')"/>
    </testcase>
    <testcase time="0.017000000000003" classname="utils" name="f_conf_level_fails_for_non_proportion_input"/>
    <testcase time="0.00399999999999778" classname="utils" name="f_conf_level_fails_for_non_proportion_input"/>
    <testcase time="0.00600000000000023" classname="utils" name="f_pval_works_for_numeric_input"/>
    <testcase time="0.00500000000000256" classname="utils" name="f_pval_works_for_numeric_input">
      <skipped message="Reason: On CRAN ('test-utils.R:17:3')"/>
    </testcase>
    <testcase time="0.017000000000003" classname="utils" name="f_pval_fails_for_non_numeric_input"/>
    <testcase time="0.00399999999999778" classname="utils" name="f_pval_fails_for_non_numeric_input"/>
    <testcase time="0.00600000000000023" classname="utils" name="make_names_works_as_expected"/>
    <testcase time="0.00399999999999778" classname="utils" name="make_names_works_as_expected">
      <skipped message="Reason: On CRAN ('test-utils.R:30:3')"/>
    </testcase>
    <testcase time="0.0140000000000029" classname="utils" name="get_covariates_works_for_a_character_vector"/>
    <testcase time="0.00399999999999778" classname="utils" name="get_covariates_works_for_a_character_vector">
      <skipped message="Reason: On CRAN ('test-utils.R:37:3')"/>
    </testcase>
    <testcase time="0.017000000000003" classname="utils" name="get_covariates_fails_for_non_character_input"/>
    <testcase time="0.00399999999999778" classname="utils" name="get_covariates_fails_for_non_character_input"/>
    <testcase time="0.00600000000000023" classname="utils" name="month2day_works_correctly"/>
    <testcase time="0.00499999999999545" classname="utils" name="month2day_works_correctly">
      <skipped message="Reason: On CRAN ('test-utils.R:50:3')"/>
    </testcase>
    <testcase time="0.0220000000000056" classname="utils" name="day2month_works_correctly"/>
    <testcase time="0.00600000000000023" classname="utils" name="day2month_works_correctly">
      <skipped message="Reason: On CRAN ('test-utils.R:58:3')"/>
    </testcase>
    <testcase time="0.0159999999999982" classname="utils" name="empty_vector_if_na_works_correctly"/>
    <testcase time="0.00500000000000256" classname="utils" name="empty_vector_if_na_works_correctly">
      <skipped message="Reason: On CRAN ('test-utils.R:66:3')"/>
    </testcase>
    <testcase time="0.0149999999999935" classname="utils" name="extract_by_name_works_for_NULL_input"/>
    <testcase time="0.007000000000005" classname="utils" name="extract_by_name_works_for_non_NULL_input"/>
    <testcase time="0.00600000000000023" classname="utils" name="extract_by_name_returns_NULL_when_there_is_no_overlap"/>
    <testcase time="0.00399999999999778" classname="utils" name="extract_by_name_returns_NULL_when_there_is_no_overlap">
      <skipped message="Reason: On CRAN ('test-utils.R:89:3')"/>
    </testcase>
    <testcase time="0.0140000000000029" classname="utils" name="aesi_label_works_as_expected_for_SMQ"/>
    <testcase time="0.00499999999999545" classname="utils" name="aesi_label_works_as_expected_for_SMQ">
      <skipped message="Reason: On CRAN ('test-utils.R:98:3')"/>
    </testcase>
    <testcase time="0.0130000000000052" classname="utils" name="aesi_label_works_as_expected_for_CQ"/>
    <testcase time="0.00499999999999545" classname="utils" name="aesi_label_works_as_expected_for_CQ">
      <skipped message="Reason: On CRAN ('test-utils.R:106:3')"/>
    </testcase>
    <testcase time="0.0129999999999981" classname="utils" name="aesi_label_works_as_expected_when_input_includes_multiple_values"/>
    <testcase time="0.00500000000000256" classname="utils" name="aesi_label_works_as_expected_when_input_includes_multiple_values">
      <skipped message="Reason: On CRAN ('test-utils.R:114:3')"/>
    </testcase>
    <testcase time="0.0189999999999984" classname="utils" name="get_smooths_dimensions_without_grouping"/>
    <testcase time="0.00300000000000011" classname="utils" name="get_smooths_dimensions_without_grouping"/>
    <testcase time="0.0110000000000028" classname="utils" name="get_smooths_dimensions_with_grouping"/>
    <testcase time="0.00399999999999778" classname="utils" name="get_smooths_dimensions_with_grouping"/>
    <testcase time="0.0150000000000006" classname="utils" name="get_smooths_proper_splits_across_groups"/>
    <testcase time="0.0219999999999985" classname="utils" name="get_smooths_relative_intervals_level"/>
    <testcase time="0.00400000000000489" classname="utils" name="get_smooths_relative_intervals_level"/>
    <testcase time="0.00499999999999545" classname="utils" name="n_available_works_as_expected"/>
    <testcase time="0.00399999999999778" classname="utils" name="n_available_works_as_expected">
      <skipped message="Reason: On CRAN ('test-utils.R:160:3')"/>
    </testcase>
    <testcase time="0.0150000000000006" classname="utils" name="range_noinf_for_INT_no_zero_len_data_no_NAs_no_Inf_and_with_all_default_options"/>
    <testcase time="0.00500000000000256" classname="utils" name="range_noinf_for_INT_no_zero_len_data_no_NAs_no_Inf_and_with_all_default_options">
      <skipped message="Reason: On CRAN ('test-utils.R:175:3')"/>
    </testcase>
    <testcase time="0.0149999999999935" classname="utils" name="range_noinf_for_INT_no_zero_len_data_no_NAs_no_Inf_with_na.rm_TRUE_finite_FALSE_d_"/>
    <testcase time="0.00500000000000256" classname="utils" name="range_noinf_for_INT_no_zero_len_data_no_NAs_no_Inf_with_na.rm_TRUE_finite_FALSE_d_">
      <skipped message="Reason: On CRAN ('test-utils.R:184:3')"/>
    </testcase>
    <testcase time="0.0140000000000029" classname="utils" name="range_noinf_for_INT_no_zero_len_data_no_NAs_no_Inf_with_na.rm_FALSE_def_finite_TRUE_"/>
    <testcase time="0.00499999999999545" classname="utils" name="range_noinf_for_INT_no_zero_len_data_no_NAs_no_Inf_with_na.rm_FALSE_def_finite_TRUE_">
      <skipped message="Reason: On CRAN ('test-utils.R:195:5')"/>
    </testcase>
    <testcase time="0.0220000000000056" classname="utils" name="range_noinf_for_INT_no_zero_len_data_no_NAs_no_Inf_with_na.rm_TRUE_finite_TRUE_"/>
    <testcase time="0.00600000000000023" classname="utils" name="range_noinf_for_INT_no_zero_len_data_no_NAs_no_Inf_with_na.rm_TRUE_finite_TRUE_">
      <skipped message="Reason: On CRAN ('test-utils.R:205:3')"/>
    </testcase>
    <testcase time="0.0179999999999936" classname="utils" name="range_noinf_for_INT_no_zero_len_data_with_NAs_no_Inf_and_with_default_options"/>
    <testcase time="0.00400000000000489" classname="utils" name="range_noinf_for_INT_no_zero_len_data_with_NAs_no_Inf_and_with_default_options">
      <skipped message="Reason: On CRAN ('test-utils.R:216:3')"/>
    </testcase>
    <testcase time="0.0139999999999958" classname="utils" name="range_noinf_for_INT_no_zero_len_data_with_NAs_no_Inf_with_na.rm_TRUE_finite_FALSE_def_"/>
    <testcase time="0.00500000000000256" classname="utils" name="range_noinf_for_INT_no_zero_len_data_with_NAs_no_Inf_with_na.rm_TRUE_finite_FALSE_def_">
      <skipped message="Reason: On CRAN ('test-utils.R:227:5')"/>
    </testcase>
    <testcase time="0.0140000000000029" classname="utils" name="range_noinf_for_INT_no_zero_len_data_with_NAs_no_Inf_with_na.rm_FALSE_def_finite_TRUE_"/>
    <testcase time="0.00499999999999545" classname="utils" name="range_noinf_for_INT_no_zero_len_data_with_NAs_no_Inf_with_na.rm_FALSE_def_finite_TRUE_">
      <skipped message="Reason: On CRAN ('test-utils.R:239:5')"/>
    </testcase>
    <testcase time="0.0140000000000029" classname="utils" name="range_noinf_for_INT_no_zero_len_data_with_NAs_no_Inf_with_na.rm_TRUE_finite_TRUE_"/>
    <testcase time="0.0069999999999979" classname="utils" name="range_noinf_for_INT_no_zero_len_data_with_NAs_no_Inf_with_na.rm_TRUE_finite_TRUE_">
      <skipped message="Reason: On CRAN ('test-utils.R:249:3')"/>
    </testcase>
    <testcase time="0.017000000000003" classname="utils" name="range_noinf_for_INT_with_zero_len_data_no_NAs_no_Inf_and_with_all_default_options"/>
    <testcase time="0.00399999999999778" classname="utils" name="range_noinf_for_INT_with_zero_len_data_no_NAs_no_Inf_and_with_all_default_options">
      <skipped message="Reason: On CRAN ('test-utils.R:260:3')"/>
    </testcase>
    <testcase time="0.0140000000000029" classname="utils" name="range_noinf_for_INT_with_zero_len_data_no_NAs_no_Inf_with_na.rm_TRUE_finite_FALSE_def_"/>
    <testcase time="0.00499999999999545" classname="utils" name="range_noinf_for_INT_with_zero_len_data_no_NAs_no_Inf_with_na.rm_TRUE_finite_FALSE_def_">
      <skipped message="Reason: On CRAN ('test-utils.R:271:5')"/>
    </testcase>
    <testcase time="0.0140000000000029" classname="utils" name="range_noinf_for_INT_with_zero_len_data_no_NAs_no_Inf_with_na.rm_FALSE_def_finite_TRUE_"/>
    <testcase time="0.00499999999999545" classname="utils" name="range_noinf_for_INT_with_zero_len_data_no_NAs_no_Inf_with_na.rm_FALSE_def_finite_TRUE_">
      <skipped message="Reason: On CRAN ('test-utils.R:283:5')"/>
    </testcase>
    <testcase time="0.0150000000000006" classname="utils" name="range_noinf_for_INT_with_zero_len_data_no_NAs_no_Inf_with_na.rm_TRUE_finite_TRUE_"/>
    <testcase time="0.00400000000000489" classname="utils" name="range_noinf_for_INT_with_zero_len_data_no_NAs_no_Inf_with_na.rm_TRUE_finite_TRUE_">
      <skipped message="Reason: On CRAN ('test-utils.R:293:3')"/>
    </testcase>
    <testcase time="0.0150000000000006" classname="utils" name="range_noinf_for_INT_with_zero_len_data_with_NAs_no_Inf_and_with_default_options"/>
    <testcase time="0.00399999999999778" classname="utils" name="range_noinf_for_INT_with_zero_len_data_with_NAs_no_Inf_and_with_default_options">
      <skipped message="Reason: On CRAN ('test-utils.R:304:3')"/>
    </testcase>
    <testcase time="0.0150000000000006" classname="utils" name="range_noinf_for_INT_with_zero_len_data_with_NAs_no_Inf_with_na.rm_TRUE_finite_FALSE_def_"/>
    <testcase time="0.00399999999999778" classname="utils" name="range_noinf_for_INT_with_zero_len_data_with_NAs_no_Inf_with_na.rm_TRUE_finite_FALSE_def_">
      <skipped message="Reason: On CRAN ('test-utils.R:315:5')"/>
    </testcase>
    <testcase time="0.0150000000000006" classname="utils" name="range_noinf_for_INT_with_zero_len_data_with_NAs_no_Inf_with_na.rm_FALSE_def_finite_TRUE_"/>
    <testcase time="0.00500000000000256" classname="utils" name="range_noinf_for_INT_with_zero_len_data_with_NAs_no_Inf_with_na.rm_FALSE_def_finite_TRUE_">
      <skipped message="Reason: On CRAN ('test-utils.R:327:5')"/>
    </testcase>
    <testcase time="0.0139999999999958" classname="utils" name="range_noinf_for_INT_with_zero_len_data_with_NAs_no_Inf_with_na.rm_TRUE_finite_TRUE_"/>
    <testcase time="0.00500000000000256" classname="utils" name="range_noinf_for_INT_with_zero_len_data_with_NAs_no_Inf_with_na.rm_TRUE_finite_TRUE_">
      <skipped message="Reason: On CRAN ('test-utils.R:337:3')"/>
    </testcase>
    <testcase time="0.0150000000000006" classname="utils" name="range_noinf_for_DOUBLE_no_zero_len_data_no_NAs_no_Inf_and_with_all_default_options"/>
    <testcase time="0.00499999999999545" classname="utils" name="range_noinf_for_DOUBLE_no_zero_len_data_no_NAs_no_Inf_and_with_all_default_options">
      <skipped message="Reason: On CRAN ('test-utils.R:348:3')"/>
    </testcase>
    <testcase time="0.0220000000000056" classname="utils" name="range_noinf_for_DOUBLE_no_zero_len_data_no_NAs_no_Inf_with_na.rm_TRUE_finite_FALSE_def_"/>
    <testcase time="0.00600000000000023" classname="utils" name="range_noinf_for_DOUBLE_no_zero_len_data_no_NAs_no_Inf_with_na.rm_TRUE_finite_FALSE_def_">
      <skipped message="Reason: On CRAN ('test-utils.R:359:5')"/>
    </testcase>
    <testcase time="0.0189999999999984" classname="utils" name="range_noinf_for_DOUBLE_no_zero_len_data_no_NAs_no_Inf_with_na.rm_FALSE_def_finite_TRUE_"/>
    <testcase time="0.00600000000000023" classname="utils" name="range_noinf_for_DOUBLE_no_zero_len_data_no_NAs_no_Inf_with_na.rm_FALSE_def_finite_TRUE_">
      <skipped message="Reason: On CRAN ('test-utils.R:371:5')"/>
    </testcase>
    <testcase time="0.0139999999999958" classname="utils" name="range_noinf_for_DOUBLE_no_zero_len_data_no_NAs_no_Inf_with_na.rm_TRUE_finite_TRUE_"/>
    <testcase time="0.00500000000000256" classname="utils" name="range_noinf_for_DOUBLE_no_zero_len_data_no_NAs_no_Inf_with_na.rm_TRUE_finite_TRUE_">
      <skipped message="Reason: On CRAN ('test-utils.R:381:3')"/>
    </testcase>
    <testcase time="0.0150000000000006" classname="utils" name="range_noinf_for_DOUBLE_no_zero_len_data_no_NAs_with_Inf_and_with_all_default_options"/>
    <testcase time="0.00500000000000256" classname="utils" name="range_noinf_for_DOUBLE_no_zero_len_data_no_NAs_with_Inf_and_with_all_default_options">
      <skipped message="Reason: On CRAN ('test-utils.R:392:3')"/>
    </testcase>
    <testcase time="0.0139999999999958" classname="utils" name="range_noinf_for_DOUBLE_no_zero_len_data_no_NAs_with_Inf_with_na.rm_TRUE_finite_FALSE_def_"/>
    <testcase time="0.00500000000000256" classname="utils" name="range_noinf_for_DOUBLE_no_zero_len_data_no_NAs_with_Inf_with_na.rm_TRUE_finite_FALSE_def_">
      <skipped message="Reason: On CRAN ('test-utils.R:403:5')"/>
    </testcase>
    <testcase time="0.0139999999999958" classname="utils" name="range_noinf_for_DOUBLE_no_zero_len_data_no_NAs_with_Inf_with_na.rm_FALSE_def_finite_TRUE_"/>
    <testcase time="0.00500000000000256" classname="utils" name="range_noinf_for_DOUBLE_no_zero_len_data_no_NAs_with_Inf_with_na.rm_FALSE_def_finite_TRUE_">
      <skipped message="Reason: On CRAN ('test-utils.R:415:5')"/>
    </testcase>
    <testcase time="0.0140000000000029" classname="utils" name="range_noinf_for_DOUBLE_no_zero_len_data_no_NAs_with_Inf_with_na.rm_TRUE_finite_TRUE_"/>
    <testcase time="0.00499999999999545" classname="utils" name="range_noinf_for_DOUBLE_no_zero_len_data_no_NAs_with_Inf_with_na.rm_TRUE_finite_TRUE_">
      <skipped message="Reason: On CRAN ('test-utils.R:427:5')"/>
    </testcase>
    <testcase time="0.0140000000000029" classname="utils" name="range_noinf_for_DOUBLE_no_zero_len_data_with_NAs_no_Inf_and_with_default_options"/>
    <testcase time="0.00500000000000256" classname="utils" name="range_noinf_for_DOUBLE_no_zero_len_data_with_NAs_no_Inf_and_with_default_options">
      <skipped message="Reason: On CRAN ('test-utils.R:439:3')"/>
    </testcase>
    <testcase time="0.0149999999999935" classname="utils" name="range_noinf_for_DOUBLE_no_zero_len_data_with_NAs_no_Inf_with_na.rm_TRUE_finite_FALSE_def_"/>
    <testcase time="0.00500000000000256" classname="utils" name="range_noinf_for_DOUBLE_no_zero_len_data_with_NAs_no_Inf_with_na.rm_TRUE_finite_FALSE_def_">
      <skipped message="Reason: On CRAN ('test-utils.R:450:5')"/>
    </testcase>
    <testcase time="0.0140000000000029" classname="utils" name="range_noinf_for_DOUBLE_no_zero_len_data_with_NAs_no_Inf_with_na.rm_FALSE_def_finite_TRUE_"/>
    <testcase time="0.00499999999999545" classname="utils" name="range_noinf_for_DOUBLE_no_zero_len_data_with_NAs_no_Inf_with_na.rm_FALSE_def_finite_TRUE_">
      <skipped message="Reason: On CRAN ('test-utils.R:462:5')"/>
    </testcase>
    <testcase time="0.0140000000000029" classname="utils" name="range_noinf_for_DOUBLE_no_zero_len_data_with_NAs_no_Inf_with_na.rm_TRUE_finite_TRUE_"/>
    <testcase time="0.00500000000000256" classname="utils" name="range_noinf_for_DOUBLE_no_zero_len_data_with_NAs_no_Inf_with_na.rm_TRUE_finite_TRUE_">
      <skipped message="Reason: On CRAN ('test-utils.R:474:5')"/>
    </testcase>
    <testcase time="0.0159999999999982" classname="utils" name="range_noinf_for_DOUBLE_no_zero_len_data_with_NAs_with_Inf_and_with_default_options"/>
    <testcase time="0.00600000000000023" classname="utils" name="range_noinf_for_DOUBLE_no_zero_len_data_with_NAs_with_Inf_with_na.rm_TRUE_finite_FALSE_def_"/>
    <testcase time="0.00499999999999545" classname="utils" name="range_noinf_for_DOUBLE_no_zero_len_data_with_NAs_with_Inf_with_na.rm_TRUE_finite_FALSE_def_">
      <skipped message="Reason: On CRAN ('test-utils.R:497:5')"/>
    </testcase>
    <testcase time="0.0140000000000029" classname="utils" name="range_noinf_for_DOUBLE_no_zero_len_data_with_NAs_with_Inf_with_na.rm_FALSE_def_finite_TRUE_"/>
    <testcase time="0.00500000000000256" classname="utils" name="range_noinf_for_DOUBLE_no_zero_len_data_with_NAs_with_Inf_with_na.rm_FALSE_def_finite_TRUE_">
      <skipped message="Reason: On CRAN ('test-utils.R:509:5')"/>
    </testcase>
    <testcase time="0.0139999999999958" classname="utils" name="range_noinf_for_DOUBLE_no_zero_len_data_with_NAs_with_Inf_with_na.rm_TRUE_finite_TRUE_"/>
    <testcase time="0.00500000000000256" classname="utils" name="range_noinf_for_DOUBLE_no_zero_len_data_with_NAs_with_Inf_with_na.rm_TRUE_finite_TRUE_">
      <skipped message="Reason: On CRAN ('test-utils.R:521:5')"/>
    </testcase>
    <testcase time="0.0259999999999962" classname="utils" name="range_noinf_for_DOUBLE_with_zero_len_data_no_NAs_no_Inf_and_with_all_default_options"/>
    <testcase time="0.00600000000000023" classname="utils" name="range_noinf_for_DOUBLE_with_zero_len_data_no_NAs_no_Inf_and_with_all_default_options">
      <skipped message="Reason: On CRAN ('test-utils.R:533:3')"/>
    </testcase>
    <testcase time="0.0150000000000006" classname="utils" name="range_noinf_for_DOUBLE_with_zero_len_data_no_NAs_no_Inf_with_na.rm_TRUE_finite_FALSE_def_"/>
    <testcase time="0.00500000000000256" classname="utils" name="range_noinf_for_DOUBLE_with_zero_len_data_no_NAs_no_Inf_with_na.rm_TRUE_finite_FALSE_def_">
      <skipped message="Reason: On CRAN ('test-utils.R:544:5')"/>
    </testcase>
    <testcase time="0.0140000000000029" classname="utils" name="range_noinf_for_DOUBLE_with_zero_len_data_no_NAs_no_Inf_with_na.rm_FALSE_def_finite_TRUE_"/>
    <testcase time="0.00499999999999545" classname="utils" name="range_noinf_for_DOUBLE_with_zero_len_data_no_NAs_no_Inf_with_na.rm_FALSE_def_finite_TRUE_">
      <skipped message="Reason: On CRAN ('test-utils.R:556:5')"/>
    </testcase>
    <testcase time="0.0140000000000029" classname="utils" name="range_noinf_for_DOUBLE_with_zero_len_data_no_NAs_no_Inf_with_na.rm_TRUE_finite_TRUE_"/>
    <testcase time="0.00499999999999545" classname="utils" name="range_noinf_for_DOUBLE_with_zero_len_data_no_NAs_no_Inf_with_na.rm_TRUE_finite_TRUE_">
      <skipped message="Reason: On CRAN ('test-utils.R:566:3')"/>
    </testcase>
    <testcase time="0.0140000000000029" classname="utils" name="range_noinf_for_DOUBLE_with_zero_len_data_no_NAs_with_Inf_and_with_all_default_options"/>
    <testcase time="0.00500000000000256" classname="utils" name="range_noinf_for_DOUBLE_with_zero_len_data_no_NAs_with_Inf_and_with_all_default_options">
      <skipped message="Reason: On CRAN ('test-utils.R:577:3')"/>
    </testcase>
    <testcase time="0.0139999999999958" classname="utils" name="range_noinf_for_DOUBLE_with_zero_len_data_no_NAs_with_Inf_with_na.rm_TRUE_finite_FALSE_def_"/>
    <testcase time="0.00500000000000256" classname="utils" name="range_noinf_for_DOUBLE_with_zero_len_data_no_NAs_with_Inf_with_na.rm_TRUE_finite_FALSE_def_">
      <skipped message="Reason: On CRAN ('test-utils.R:588:5')"/>
    </testcase>
    <testcase time="0.0139999999999958" classname="utils" name="range_noinf_for_DOUBLE_with_zero_len_data_no_NAs_with_Inf_with_na.rm_FALSE_def_finite_TRUE_"/>
    <testcase time="0.00500000000000256" classname="utils" name="range_noinf_for_DOUBLE_with_zero_len_data_no_NAs_with_Inf_with_na.rm_FALSE_def_finite_TRUE_">
      <skipped message="Reason: On CRAN ('test-utils.R:600:5')"/>
    </testcase>
    <testcase time="0.0150000000000006" classname="utils" name="range_noinf_for_DOUBLE_with_zero_len_data_no_NAs_with_Inf_with_na.rm_TRUE_finite_TRUE_"/>
    <testcase time="0.00500000000000256" classname="utils" name="range_noinf_for_DOUBLE_with_zero_len_data_no_NAs_with_Inf_with_na.rm_TRUE_finite_TRUE_">
      <skipped message="Reason: On CRAN ('test-utils.R:612:5')"/>
    </testcase>
    <testcase time="0.0139999999999958" classname="utils" name="range_noinf_for_DOUBLE_with_zero_len_data_with_NAs_no_Inf_and_with_default_options"/>
    <testcase time="0.00500000000000256" classname="utils" name="range_noinf_for_DOUBLE_with_zero_len_data_with_NAs_no_Inf_and_with_default_options">
      <skipped message="Reason: On CRAN ('test-utils.R:624:3')"/>
    </testcase>
    <testcase time="0.0140000000000029" classname="utils" name="range_noinf_for_DOUBLE_with_zero_len_data_with_NAs_no_Inf_with_na.rm_TRUE_finite_FALSE_def_"/>
    <testcase time="0.00499999999999545" classname="utils" name="range_noinf_for_DOUBLE_with_zero_len_data_with_NAs_no_Inf_with_na.rm_TRUE_finite_FALSE_def_">
      <skipped message="Reason: On CRAN ('test-utils.R:635:5')"/>
    </testcase>
    <testcase time="0.0150000000000006" classname="utils" name="range_noinf_for_DOUBLE_with_zero_len_data_with_NAs_no_Inf_with_na.rm_FALSE_def_finite_TRUE_"/>
    <testcase time="0.00399999999999778" classname="utils" name="range_noinf_for_DOUBLE_with_zero_len_data_with_NAs_no_Inf_with_na.rm_FALSE_def_finite_TRUE_">
      <skipped message="Reason: On CRAN ('test-utils.R:647:5')"/>
    </testcase>
    <testcase time="0.0140000000000029" classname="utils" name="range_noinf_for_DOUBLE_with_zero_len_data_with_NAs_no_Inf_with_na.rm_TRUE_finite_TRUE_"/>
    <testcase time="0.00600000000000023" classname="utils" name="range_noinf_for_DOUBLE_with_zero_len_data_with_NAs_no_Inf_with_na.rm_TRUE_finite_TRUE_">
      <skipped message="Reason: On CRAN ('test-utils.R:659:5')"/>
    </testcase>
    <testcase time="0.0150000000000006" classname="utils" name="range_noinf_for_DOUBLE_with_zero_len_data_with_NAs_with_Inf_and_with_default_options"/>
    <testcase time="0.00500000000000256" classname="utils" name="range_noinf_for_DOUBLE_with_zero_len_data_with_NAs_with_Inf_and_with_default_options">
      <skipped message="Reason: On CRAN ('test-utils.R:671:3')"/>
    </testcase>
    <testcase time="0.0229999999999961" classname="utils" name="range_noinf_for_DOUBLE_with_zero_len_data_with_NAs_with_Inf_with_na.rm_TRUE_finite_FALSE_def_"/>
    <testcase time="0.0069999999999979" classname="utils" name="range_noinf_for_DOUBLE_with_zero_len_data_with_NAs_with_Inf_with_na.rm_TRUE_finite_FALSE_def_">
      <skipped message="Reason: On CRAN ('test-utils.R:682:5')"/>
    </testcase>
    <testcase time="0.0200000000000031" classname="utils" name="range_noinf_for_DOUBLE_with_zero_len_data_with_NAs_with_Inf_with_na.rm_FALSE_def_finite_TRUE_"/>
    <testcase time="0.00600000000000023" classname="utils" name="range_noinf_for_DOUBLE_with_zero_len_data_with_NAs_with_Inf_with_na.rm_FALSE_def_finite_TRUE_">
      <skipped message="Reason: On CRAN ('test-utils.R:694:5')"/>
    </testcase>
    <testcase time="0.0139999999999958" classname="utils" name="range_noinf_for_DOUBLE_with_zero_len_data_with_NAs_with_Inf_with_na.rm_TRUE_finite_TRUE_"/>
    <testcase time="0.00600000000000023" classname="utils" name="range_noinf_for_DOUBLE_with_zero_len_data_with_NAs_with_Inf_with_na.rm_TRUE_finite_TRUE_">
      <skipped message="Reason: On CRAN ('test-utils.R:706:5')"/>
    </testcase>
  </testsuite>
  <testsuite name="utils_checkmate" timestamp="2023-11-29T14:11:59Z" hostname="566394995c29" tests="42" skipped="0" failures="0" errors="0" time="0.202">
    <testcase time="0.0180000000000007" classname="utils_checkmate" name="assert_list_of_variables_is_silent_with_healthy_input"/>
    <testcase time="0.00200000000000244" classname="utils_checkmate" name="assert_list_of_variables_is_silent_with_healthy_input"/>
    <testcase time="0.00200000000000244" classname="utils_checkmate" name="assert_list_of_variables_is_silent_with_healthy_input"/>
    <testcase time="0.00799999999999557" classname="utils_checkmate" name="assert_list_of_variables_fails_with_wrong_input"/>
    <testcase time="0.00500000000000256" classname="utils_checkmate" name="assert_list_of_variables_fails_with_wrong_input"/>
    <testcase time="0.00399999999999778" classname="utils_checkmate" name="assert_list_of_variables_fails_with_wrong_input"/>
    <testcase time="0.00400000000000489" classname="utils_checkmate" name="assert_list_of_variables_fails_with_wrong_input"/>
    <testcase time="0.00600000000000023" classname="utils_checkmate" name="assert_df_with_variables_is_silent_with_healthy_input"/>
    <testcase time="0.00199999999999534" classname="utils_checkmate" name="assert_df_with_variables_is_silent_with_healthy_input"/>
    <testcase time="0.00200000000000244" classname="utils_checkmate" name="assert_df_with_variables_is_silent_with_healthy_input"/>
    <testcase time="0.00800000000000267" classname="utils_checkmate" name="assert_df_with_variables_fails_with_wrong_input"/>
    <testcase time="0.00499999999999545" classname="utils_checkmate" name="assert_df_with_variables_fails_with_wrong_input"/>
    <testcase time="0.00500000000000256" classname="utils_checkmate" name="assert_df_with_variables_fails_with_wrong_input"/>
    <testcase time="0.00399999999999778" classname="utils_checkmate" name="assert_df_with_variables_fails_with_wrong_input"/>
    <testcase time="0.00500000000000256" classname="utils_checkmate" name="assert_df_with_variables_fails_with_wrong_input"/>
    <testcase time="0.00600000000000023" classname="utils_checkmate" name="assert_valid_factor_is_silent_with_healthy_input"/>
    <testcase time="0.00200000000000244" classname="utils_checkmate" name="assert_valid_factor_is_silent_with_healthy_input"/>
    <testcase time="0.00799999999999557" classname="utils_checkmate" name="assert_valid_factor_fails_with_wrong_input"/>
    <testcase time="0.00500000000000256" classname="utils_checkmate" name="assert_valid_factor_fails_with_wrong_input"/>
    <testcase time="0.00399999999999778" classname="utils_checkmate" name="assert_valid_factor_fails_with_wrong_input"/>
    <testcase time="0.00500000000000256" classname="utils_checkmate" name="assert_valid_factor_fails_with_wrong_input"/>
    <testcase time="0.00600000000000023" classname="utils_checkmate" name="assert_df_with_factors_is_silent_with_healthy_input"/>
    <testcase time="0.00199999999999534" classname="utils_checkmate" name="assert_df_with_factors_is_silent_with_healthy_input"/>
    <testcase time="0.00200000000000244" classname="utils_checkmate" name="assert_df_with_factors_is_silent_with_healthy_input"/>
    <testcase time="0.00200000000000244" classname="utils_checkmate" name="assert_df_with_factors_is_silent_with_healthy_input"/>
    <testcase time="0.00800000000000267" classname="utils_checkmate" name="assert_df_with_factors_fails_with_wrong_input"/>
    <testcase time="0.00499999999999545" classname="utils_checkmate" name="assert_df_with_factors_fails_with_wrong_input"/>
    <testcase time="0.00500000000000256" classname="utils_checkmate" name="assert_df_with_factors_fails_with_wrong_input"/>
    <testcase time="0.00500000000000256" classname="utils_checkmate" name="assert_df_with_factors_fails_with_wrong_input"/>
    <testcase time="0.00499999999999545" classname="utils_checkmate" name="assert_df_with_factors_fails_with_wrong_input"/>
    <testcase time="0.00400000000000489" classname="utils_checkmate" name="assert_df_with_factors_fails_with_wrong_input"/>
    <testcase time="0.00499999999999545" classname="utils_checkmate" name="assert_df_with_factors_fails_with_wrong_input"/>
    <testcase time="0.00500000000000256" classname="utils_checkmate" name="assert_df_with_factors_fails_with_wrong_input"/>
    <testcase time="0.00600000000000023" classname="utils_checkmate" name="assert_proportion_value_is_silent_with_healthy_input"/>
    <testcase time="0.00200000000000244" classname="utils_checkmate" name="assert_proportion_value_is_silent_with_healthy_input"/>
    <testcase time="0.00199999999999534" classname="utils_checkmate" name="assert_proportion_value_is_silent_with_healthy_input"/>
    <testcase time="0.000999999999997669" classname="utils_checkmate" name="assert_proportion_value_is_silent_with_healthy_input"/>
    <testcase time="0.00900000000000034" classname="utils_checkmate" name="assert_proportion_value_fails_with_wrong_input"/>
    <testcase time="0.00500000000000256" classname="utils_checkmate" name="assert_proportion_value_fails_with_wrong_input"/>
    <testcase time="0.00399999999999778" classname="utils_checkmate" name="assert_proportion_value_fails_with_wrong_input"/>
    <testcase time="0.00500000000000256" classname="utils_checkmate" name="assert_proportion_value_fails_with_wrong_input"/>
    <testcase time="0.00399999999999778" classname="utils_checkmate" name="assert_proportion_value_fails_with_wrong_input"/>
  </testsuite>
  <testsuite name="utils_default_stats_formats_labels" timestamp="2023-11-29T14:11:59Z" hostname="566394995c29" tests="30" skipped="7" failures="0" errors="0" time="0.223">
    <testcase time="0.0120000000000005" classname="utils_default_stats_formats_labels" name="get_stats_works_as_expected_for_defaults"/>
    <testcase time="0.0130000000000052" classname="utils_default_stats_formats_labels" name="get_stats_works_as_expected_for_defaults">
      <skipped message="Reason: On CRAN ('test-utils_default_stats_formats_labels.R:4:3')"/>
    </testcase>
    <testcase time="0.0209999999999937" classname="utils_default_stats_formats_labels" name="get_stats_works_well_with_pval"/>
    <testcase time="0.00300000000000011" classname="utils_default_stats_formats_labels" name="get_stats_works_well_with_pval"/>
    <testcase time="0.00300000000000011" classname="utils_default_stats_formats_labels" name="get_stats_works_well_with_pval"/>
    <testcase time="0.00500000000000256" classname="utils_default_stats_formats_labels" name="get_stats_works_well_with_pval"/>
    <testcase time="0.00500000000000256" classname="utils_default_stats_formats_labels" name="get_stats_works_well_with_pval"/>
    <testcase time="0.00399999999999778" classname="utils_default_stats_formats_labels" name="get_stats_works_well_with_pval"/>
    <testcase time="0.00600000000000023" classname="utils_default_stats_formats_labels" name="get_stats_works_as_expected_for_selection_of_stats"/>
    <testcase time="0.00300000000000011" classname="utils_default_stats_formats_labels" name="get_stats_works_as_expected_for_selection_of_stats"/>
    <testcase time="0.00399999999999778" classname="utils_default_stats_formats_labels" name="get_stats_works_as_expected_for_selection_of_stats"/>
    <testcase time="0.00500000000000256" classname="utils_default_stats_formats_labels" name="get_stats_works_as_expected_for_selection_of_stats"/>
    <testcase time="0.00600000000000023" classname="utils_default_stats_formats_labels" name="get_formats_from_stats_works_as_expected"/>
    <testcase time="0.00300000000000011" classname="utils_default_stats_formats_labels" name="get_formats_from_stats_works_as_expected"/>
    <testcase time="0.00300000000000011" classname="utils_default_stats_formats_labels" name="get_formats_from_stats_works_as_expected"/>
    <testcase time="0.00300000000000011" classname="utils_default_stats_formats_labels" name="get_formats_from_stats_works_as_expected"/>
    <testcase time="0.00300000000000011" classname="utils_default_stats_formats_labels" name="get_formats_from_stats_works_as_expected"/>
    <testcase time="0.00399999999999778" classname="utils_default_stats_formats_labels" name="get_formats_from_stats_works_as_expected"/>
    <testcase time="0.00300000000000011" classname="utils_default_stats_formats_labels" name="get_formats_from_stats_works_as_expected"/>
    <testcase time="0.00600000000000023" classname="utils_default_stats_formats_labels" name="get_labels_from_stats_works_as_expected"/>
    <testcase time="0.00500000000000256" classname="utils_default_stats_formats_labels" name="get_labels_from_stats_works_as_expected">
      <skipped message="Reason: On CRAN ('test-utils_default_stats_formats_labels.R:108:3')"/>
    </testcase>
    <testcase time="0.0139999999999958" classname="utils_default_stats_formats_labels" name="get_indents_from_stats_works_as_expected"/>
    <testcase time="0.00400000000000489" classname="utils_default_stats_formats_labels" name="get_indents_from_stats_works_as_expected">
      <skipped message="Reason: On CRAN ('test-utils_default_stats_formats_labels.R:159:3')"/>
    </testcase>
    <testcase time="0.0180000000000007" classname="utils_default_stats_formats_labels" name="labels_use_control_works_as_expected">
      <skipped message="Reason: On CRAN ('test-utils_default_stats_formats_labels.R:194:3')"/>
    </testcase>
    <testcase time="0.0139999999999958" classname="utils_default_stats_formats_labels" name="summary_formats_works_as_expected"/>
    <testcase time="0.00500000000000256" classname="utils_default_stats_formats_labels" name="summary_formats_works_as_expected">
      <skipped message="Reason: On CRAN ('test-utils_default_stats_formats_labels.R:205:3')"/>
    </testcase>
    <testcase time="0.0139999999999958" classname="utils_default_stats_formats_labels" name="summary_labels_works_as_expected"/>
    <testcase time="0.00400000000000489" classname="utils_default_stats_formats_labels" name="summary_labels_works_as_expected">
      <skipped message="Reason: On CRAN ('test-utils_default_stats_formats_labels.R:215:3')"/>
    </testcase>
    <testcase time="0.0249999999999986" classname="utils_default_stats_formats_labels" name="summary_custom_works_as_expected"/>
    <testcase time="0.00500000000000256" classname="utils_default_stats_formats_labels" name="summary_custom_works_as_expected">
      <skipped message="Reason: On CRAN ('test-utils_default_stats_formats_labels.R:226:3')"/>
    </testcase>
  </testsuite>
  <testsuite name="utils_factor" timestamp="2023-11-29T14:12:00Z" hostname="566394995c29" tests="39" skipped="13" failures="0" errors="0" time="0.341">
    <testcase time="0.0229999999999961" classname="utils_factor" name="combine_vectors_works_correctly"/>
    <testcase time="0.00900000000000034" classname="utils_factor" name="as_factor_keep_attributes_works_correctly_for_a_character_vector"/>
    <testcase time="0.00200000000000244" classname="utils_factor" name="as_factor_keep_attributes_works_correctly_for_a_character_vector"/>
    <testcase time="0.00499999999999545" classname="utils_factor" name="as_factor_keep_attributes_works_correctly_for_a_character_vector">
      <skipped message="Reason: On CRAN ('test-utils_factor.R:25:3')"/>
    </testcase>
    <testcase time="0.017000000000003" classname="utils_factor" name="as_factor_keep_attributes_converts_empty_strings_for_a_character_vector"/>
    <testcase time="0.000999999999997669" classname="utils_factor" name="as_factor_keep_attributes_converts_empty_strings_for_a_character_vector"/>
    <testcase time="0.00399999999999778" classname="utils_factor" name="as_factor_keep_attributes_converts_empty_strings_for_a_character_vector">
      <skipped message="Reason: On CRAN ('test-utils_factor.R:36:3')"/>
    </testcase>
    <testcase time="0.0279999999999987" classname="utils_factor" name="as_factor_keep_attributes_shows_correct_name_of_vector_in_warning"/>
    <testcase time="0.00800000000000267" classname="utils_factor" name="as_factor_keep_attributes_does_not_modify_a_factor_at_all"/>
    <testcase time="0.00199999999999534" classname="utils_factor" name="as_factor_keep_attributes_does_not_modify_a_factor_at_all"/>
    <testcase time="0.00400000000000489" classname="utils_factor" name="as_factor_keep_attributes_does_not_modify_a_factor_at_all">
      <skipped message="Reason: On CRAN ('test-utils_factor.R:51:3')"/>
    </testcase>
    <testcase time="0.0150000000000006" classname="utils_factor" name="bins_percent_labels_works_as_expected"/>
    <testcase time="0.00399999999999778" classname="utils_factor" name="bins_percent_labels_works_as_expected">
      <skipped message="Reason: On CRAN ('test-utils_factor.R:58:3')"/>
    </testcase>
    <testcase time="0.0150000000000006" classname="utils_factor" name="cut_quantile_bins_works_as_expected_with_default_settings"/>
    <testcase time="0.000999999999997669" classname="utils_factor" name="cut_quantile_bins_works_as_expected_with_default_settings"/>
    <testcase time="0.00500000000000256" classname="utils_factor" name="cut_quantile_bins_works_as_expected_with_default_settings">
      <skipped message="Reason: On CRAN ('test-utils_factor.R:74:3')"/>
    </testcase>
    <testcase time="0.0139999999999958" classname="utils_factor" name="cut_quantile_bins_works_with_custom_quantiles"/>
    <testcase time="0.00400000000000489" classname="utils_factor" name="cut_quantile_bins_works_with_custom_quantiles">
      <skipped message="Reason: On CRAN ('test-utils_factor.R:86:3')"/>
    </testcase>
    <testcase time="0.0139999999999958" classname="utils_factor" name="cut_quantile_bins_works_with_custom_labels"/>
    <testcase time="0.00500000000000256" classname="utils_factor" name="cut_quantile_bins_works_with_custom_labels">
      <skipped message="Reason: On CRAN ('test-utils_factor.R:97:3')"/>
    </testcase>
    <testcase time="0.0159999999999982" classname="utils_factor" name="cut_quantile_bins_preserves_NAs_in_result"/>
    <testcase time="0.00600000000000023" classname="utils_factor" name="cut_quantile_bins_also_works_when_there_are_only_NAs"/>
    <testcase time="0.00200000000000244" classname="utils_factor" name="cut_quantile_bins_also_works_when_there_are_only_NAs"/>
    <testcase time="0.00399999999999778" classname="utils_factor" name="cut_quantile_bins_also_works_when_there_are_only_NAs">
      <skipped message="Reason: On CRAN ('test-utils_factor.R:115:3')"/>
    </testcase>
    <testcase time="0.0180000000000007" classname="utils_factor" name="cut_quantile_bins_gives_error_message_if_there_are_duplicate_quantiles"/>
    <testcase time="0.00600000000000023" classname="utils_factor" name="cut_quantile_bins_does_work_also_if_an_empty_probs_vector_is_used"/>
    <testcase time="0.00200000000000244" classname="utils_factor" name="cut_quantile_bins_does_work_also_if_an_empty_probs_vector_is_used"/>
    <testcase time="0.00399999999999778" classname="utils_factor" name="cut_quantile_bins_does_work_also_if_an_empty_probs_vector_is_used"/>
    <testcase time="0.00600000000000023" classname="utils_factor" name="fct_discard_works_as_expected"/>
    <testcase time="0.00399999999999778" classname="utils_factor" name="fct_discard_works_as_expected">
      <skipped message="Reason: On CRAN ('test-utils_factor.R:138:3')"/>
    </testcase>
    <testcase time="0.0150000000000006" classname="utils_factor" name="fct_explicit_na_if_works_as_expected_with_factor_input"/>
    <testcase time="0.00399999999999778" classname="utils_factor" name="fct_explicit_na_if_works_as_expected_with_factor_input">
      <skipped message="Reason: On CRAN ('test-utils_factor.R:149:3')"/>
    </testcase>
    <testcase time="0.0150000000000006" classname="utils_factor" name="fct_collapse_only_works_as_expected"/>
    <testcase time="0.00400000000000489" classname="utils_factor" name="fct_collapse_only_works_as_expected">
      <skipped message="Reason: On CRAN ('test-utils_factor.R:159:3')"/>
    </testcase>
    <testcase time="0.0150000000000006" classname="utils_factor" name="fct_collapse_only_uses_the_customized_na_level_as_expected"/>
    <testcase time="0.00399999999999778" classname="utils_factor" name="fct_collapse_only_uses_the_customized_na_level_as_expected">
      <skipped message="Reason: On CRAN ('test-utils_factor.R:167:3')"/>
    </testcase>
    <testcase time="0.0150000000000006" classname="utils_factor" name="fct_collapse_only_works_as_expected_with_character_input"/>
    <testcase time="0.00399999999999778" classname="utils_factor" name="fct_collapse_only_works_as_expected_with_character_input">
      <skipped message="Reason: On CRAN ('test-utils_factor.R:175:3')"/>
    </testcase>
    <testcase time="0.017000000000003" classname="utils_factor" name="fct_collapse_only_gives_comprehensible_error_when_.na_level_is_contained_in_new_levels"/>
  </testsuite>
  <testsuite name="utils_grid" timestamp="2023-11-29T14:12:00Z" hostname="566394995c29" tests="8" skipped="0" failures="0" errors="0" time="0.114">
    <testcase time="0.0389999999999944" classname="utils_grid" name="stack_grobs_works_with_default_settings"/>
    <testcase time="0.00900000000000034" classname="utils_grid" name="stack_grobs_works_with_a_single_grob"/>
    <testcase time="0.0160000000000053" classname="utils_grid" name="arrange_grobs_works_with_default_settings"/>
    <testcase time="0.0139999999999958" classname="utils_grid" name="arrange_grobs_works_with_multiple_dimensions"/>
    <testcase time="0.0120000000000005" classname="utils_grid" name="arrange_grobs_works_with_a_single_column"/>
    <testcase time="0.00999999999999801" classname="utils_grid" name="arrange_grobs_returns_error_when_invalid_dimensions_are_given"/>
    <testcase time="0.007000000000005" classname="utils_grid" name="arrange_grobs_works_with_a_single_grob"/>
    <testcase time="0.0069999999999979" classname="utils_grid" name="draw_grob_works_with_viewport_specified"/>
  </testsuite>
  <testsuite name="utils_rtables" timestamp="2023-11-29T14:12:00Z" hostname="566394995c29" tests="43" skipped="19" failures="0" errors="0" time="3.554">
    <testcase time="0.573" classname="utils_rtables" name="to_string_matrix_works_correctly"/>
    <testcase time="0.00500000000000256" classname="utils_rtables" name="to_string_matrix_works_correctly">
      <skipped message="Reason: On CRAN ('test-utils_rtables.R:14:3')"/>
    </testcase>
    <testcase time="0.0150000000000006" classname="utils_rtables" name="unlist_and_blank_na_works_as_expected_if_not_all_missing"/>
    <testcase time="0.00399999999999778" classname="utils_rtables" name="unlist_and_blank_na_works_as_expected_if_not_all_missing">
      <skipped message="Reason: On CRAN ('test-utils_rtables.R:44:3')"/>
    </testcase>
    <testcase time="0.0139999999999958" classname="utils_rtables" name="unlist_and_blank_na_works_as_expected_if_all_missing"/>
    <testcase time="0.00500000000000256" classname="utils_rtables" name="unlist_and_blank_na_works_as_expected_if_all_missing">
      <skipped message="Reason: On CRAN ('test-utils_rtables.R:52:3')"/>
    </testcase>
    <testcase time="0.0129999999999981" classname="utils_rtables" name="cfun_by_flag_works_as_expected"/>
    <testcase time="0.00200000000000244" classname="utils_rtables" name="cfun_by_flag_works_as_expected"/>
    <testcase time="0.00399999999999778" classname="utils_rtables" name="cfun_by_flag_works_as_expected">
      <skipped message="Reason: On CRAN ('test-utils_rtables.R:66:3')"/>
    </testcase>
    <testcase time="0.0150000000000006" classname="utils_rtables" name="labels_or_names_works_correctly"/>
    <testcase time="0.00400000000000489" classname="utils_rtables" name="labels_or_names_works_correctly">
      <skipped message="Reason: On CRAN ('test-utils_rtables.R:71:3')"/>
    </testcase>
    <testcase time="0.0139999999999958" classname="utils_rtables" name="c_label_n_works_as_expected"/>
    <testcase time="0.00500000000000256" classname="utils_rtables" name="c_label_n_works_as_expected">
      <skipped message="Reason: On CRAN ('test-utils_rtables.R:87:3')"/>
    </testcase>
    <testcase time="0.0139999999999958" classname="utils_rtables" name="c_label_n_alt_works_as_expected"/>
    <testcase time="0.00500000000000256" classname="utils_rtables" name="c_label_n_alt_works_as_expected">
      <skipped message="Reason: On CRAN ('test-utils_rtables.R:94:3')"/>
    </testcase>
    <testcase time="0.0600000000000023" classname="utils_rtables" name="add_rowcounts_works_with_one_row_split"/>
    <testcase time="0.0189999999999984" classname="utils_rtables" name="add_rowcounts_works_with_one_row_split">
      <skipped message="Reason: On CRAN ('test-utils_rtables.R:104:3')"/>
    </testcase>
    <testcase time="1.417" classname="utils_rtables" name="add_rowcounts_works_with_multiple_column_and_row_splits"/>
    <testcase time="0.289999999999999" classname="utils_rtables" name="add_rowcounts_works_with_multiple_column_and_row_splits">
      <skipped message="Reason: On CRAN ('test-utils_rtables.R:119:3')"/>
    </testcase>
    <testcase time="0.134999999999998" classname="utils_rtables" name="add_rowcounts_works_with_pruning"/>
    <testcase time="0.0450000000000017" classname="utils_rtables" name="add_rowcounts_works_with_pruning">
      <skipped message="Reason: On CRAN ('test-utils_rtables.R:132:3')"/>
    </testcase>
    <testcase time="0.136000000000003" classname="utils_rtables" name="add_rowcounts_works_with_alt_counts_TRUE"/>
    <testcase time="0.044000000000004" classname="utils_rtables" name="add_rowcounts_works_with_alt_counts_TRUE">
      <skipped message="Reason: On CRAN ('test-utils_rtables.R:159:3')"/>
    </testcase>
    <testcase time="0.0289999999999964" classname="utils_rtables" name="h_col_indices_works_as_expected"/>
    <testcase time="0.00500000000000256" classname="utils_rtables" name="h_col_indices_works_as_expected">
      <skipped message="Reason: On CRAN ('test-utils_rtables.R:169:3')"/>
    </testcase>
    <testcase time="0.0289999999999964" classname="utils_rtables" name="as.rtable.data.frame_works_correctly"/>
    <testcase time="0.044000000000004" classname="utils_rtables" name="as.rtable.data.frame_works_correctly">
      <skipped message="Reason: On CRAN ('test-utils_rtables.R:181:3')"/>
    </testcase>
    <testcase time="0.0189999999999984" classname="utils_rtables" name="as.rtable.data.frame_fails_when_a_column_is_not_numeric"/>
    <testcase time="0.0210000000000008" classname="utils_rtables" name="as.rtable.data.frame_uses_variable_labels_for_column_headers_when_they_are_available"/>
    <testcase time="0.00499999999999545" classname="utils_rtables" name="as.rtable.data.frame_uses_variable_labels_for_column_headers_when_they_are_available">
      <skipped message="Reason: On CRAN ('test-utils_rtables.R:202:3')"/>
    </testcase>
    <testcase time="0.0140000000000029" classname="utils_rtables" name="h_split_param_divides_param_values"/>
    <testcase time="0.0120000000000005" classname="utils_rtables" name="h_split_param_divides_param_values">
      <skipped message="Reason: On CRAN ('test-utils_rtables.R:215:3')"/>
    </testcase>
    <testcase time="0.0200000000000031" classname="utils_rtables" name="afun_selected_stats_works_for_NULL_input"/>
    <testcase time="0.00499999999999545" classname="utils_rtables" name="afun_selected_stats_works_for_NULL_input">
      <skipped message="Reason: On CRAN ('test-utils_rtables.R:228:3')"/>
    </testcase>
    <testcase time="0.0150000000000006" classname="utils_rtables" name="afun_selected_stats_works_for_character_input"/>
    <testcase time="0.00500000000000256" classname="utils_rtables" name="afun_selected_stats_works_for_character_input">
      <skipped message="Reason: On CRAN ('test-utils_rtables.R:235:3')"/>
    </testcase>
    <testcase time="0.0970000000000013" classname="utils_rtables" name="append_varlabels_works_as_expected"/>
    <testcase time="0.0449999999999946" classname="utils_rtables" name="append_varlabels_works_as_expected">
      <skipped message="Reason: On CRAN ('test-utils_rtables.R:249:3')"/>
    </testcase>
    <testcase time="0.109999999999999" classname="utils_rtables" name="append_varlabels_correctly_concatenates_multiple_variable_labels"/>
    <testcase time="0.0410000000000039" classname="utils_rtables" name="append_varlabels_correctly_concatenates_multiple_variable_labels">
      <skipped message="Reason: On CRAN ('test-utils_rtables.R:261:3')"/>
    </testcase>
    <testcase time="0.119" classname="utils_rtables" name="default_na_str_works_properly"/>
    <testcase time="0.0349999999999966" classname="utils_rtables" name="default_na_str_works_properly"/>
    <testcase time="0.0459999999999994" classname="utils_rtables" name="default_na_str_works_properly"/>
  </testsuite>
  <testsuite name="utils_split_fun" timestamp="2023-11-29T14:12:04Z" hostname="566394995c29" tests="19" skipped="6" failures="0" errors="0" time="1.127">
    <testcase time="0.0260000000000034" classname="utils_split_fun" name="ref_group_position_last_split_fun_gives_error_when_ref_group_is_undefined"/>
    <testcase time="0.0700000000000003" classname="utils_split_fun" name="analyze_vars_works_as_expected_with_ref_group_position_last_split_fun"/>
    <testcase time="0.00300000000000011" classname="utils_split_fun" name="analyze_vars_works_as_expected_with_ref_group_position_last_split_fun"/>
    <testcase time="0.0720000000000027" classname="utils_split_fun" name="analyze_vars_works_as_expected_with_ref_group_position_last_split_fun"/>
    <testcase time="0.036999999999999" classname="utils_split_fun" name="analyze_vars_works_as_expected_with_ref_group_position_last_split_fun">
      <skipped message="Reason: On CRAN ('test-utils_split_fun.R:27:3')"/>
    </testcase>
    <testcase time="0.0719999999999956" classname="utils_split_fun" name="compare_vars_works_as_expected_with_ref_group_first_split_fun"/>
    <testcase time="0.00400000000000489" classname="utils_split_fun" name="compare_vars_works_as_expected_with_ref_group_first_split_fun"/>
    <testcase time="0.0429999999999993" classname="utils_split_fun" name="compare_vars_works_as_expected_with_ref_group_first_split_fun">
      <skipped message="Reason: On CRAN ('test-utils_split_fun.R:39:3')"/>
    </testcase>
    <testcase time="0.114999999999995" classname="utils_split_fun" name="summarize_ancova_works_as_expected_with_ref_group_position_split_fun"/>
    <testcase time="0.00400000000000489" classname="utils_split_fun" name="summarize_ancova_works_as_expected_with_ref_group_position_split_fun"/>
    <testcase time="0.0330000000000013" classname="utils_split_fun" name="summarize_ancova_works_as_expected_with_ref_group_position_split_fun">
      <skipped message="Reason: On CRAN ('test-utils_split_fun.R:56:3')"/>
    </testcase>
    <testcase time="0.111999999999995" classname="utils_split_fun" name="binary_endpoint_layouts_work_as_expected_with_ref_group_position_last_split_fun"/>
    <testcase time="0.00400000000000489" classname="utils_split_fun" name="binary_endpoint_layouts_work_as_expected_with_ref_group_position_last_split_fun"/>
    <testcase time="0.0349999999999966" classname="utils_split_fun" name="binary_endpoint_layouts_work_as_expected_with_ref_group_position_last_split_fun">
      <skipped message="Reason: On CRAN ('test-utils_split_fun.R:74:3')"/>
    </testcase>
    <testcase time="0.158000000000001" classname="utils_split_fun" name="time_to_event_layouts_works_as_expected_with_ref_group_position_last_split_fun"/>
    <testcase time="0.070999999999998" classname="utils_split_fun" name="time_to_event_layouts_works_as_expected_with_ref_group_position_last_split_fun">
      <skipped message="Reason: On CRAN ('test-utils_split_fun.R:102:3')"/>
    </testcase>
    <testcase time="0.136000000000003" classname="utils_split_fun" name="summarize_ancova_works_as_expected_with_ref_group_position_last_split_fun"/>
    <testcase time="0.0259999999999962" classname="utils_split_fun" name="summarize_ancova_works_as_expected_with_ref_group_position_last_split_fun">
      <skipped message="Reason: On CRAN ('test-utils_split_fun.R:124:3')"/>
    </testcase>
    <testcase time="0.106000000000002" classname="utils_split_fun" name="level_order_works_for_integerish_and_characters"/>
  </testsuite>
</testsuites>
