<?xml version="1.0" encoding="UTF-8"?>
<testsuites>
  <testsuite name="abnormal" timestamp="2024-09-16T10:23:30Z" hostname="64234e8771a2" tests="14" skipped="0" failures="0" errors="0" time="0.709">
    <testcase time="0.0210000000000001" classname="abnormal" name="s_count_abnormal_works_with_healthy_input_and_default_arguments"/>
    <testcase time="0.0939999999999999" classname="abnormal" name="s_count_abnormal_works_with_healthy_input_and_default_arguments"/>
    <testcase time="0.0150000000000001" classname="abnormal" name="s_count_abnormal_works_when_excluding_patients_with_abnormality_at_baseline"/>
    <testcase time="0.04" classname="abnormal" name="s_count_abnormal_works_when_excluding_patients_with_abnormality_at_baseline"/>
    <testcase time="0.01" classname="abnormal" name="s_count_abnormal_also_works_with_tibble_and_custom_arguments"/>
    <testcase time="0.024" classname="abnormal" name="s_count_abnormal_also_works_with_tibble_and_custom_arguments"/>
    <testcase time="0.117" classname="abnormal" name="count_abnormal_works_with_default_arguments"/>
    <testcase time="0.052" classname="abnormal" name="count_abnormal_works_with_default_arguments"/>
    <testcase time="0.048" classname="abnormal" name="count_abnormal_works_with_custom_arguments"/>
    <testcase time="0.109" classname="abnormal" name="count_abnormal_works_with_custom_arguments"/>
    <testcase time="0.102" classname="abnormal" name="count_abnormal_works_with_default_arguments_and_visit"/>
    <testcase time="0.052" classname="abnormal" name="count_abnormal_works_with_default_arguments_and_visit"/>
    <testcase time="0.00599999999999978" classname="abnormal" name="s_count_abnormal_works_with_healthy_input_and_grouped_abnormal_arguments"/>
    <testcase time="0.0190000000000001" classname="abnormal" name="s_count_abnormal_works_with_healthy_input_and_grouped_abnormal_arguments"/>
  </testsuite>
  <testsuite name="abnormal_by_baseline" timestamp="2024-09-16T10:23:30Z" hostname="64234e8771a2" tests="17" skipped="0" failures="0" errors="0" time="0.42">
    <testcase time="0.0369999999999999" classname="abnormal_by_baseline" name="s_count_abnormal_by_baseline_works_with_healthy_input_and_default_arguments"/>
    <testcase time="0.02" classname="abnormal_by_baseline" name="s_count_abnormal_by_baseline_works_with_healthy_input_and_default_arguments"/>
    <testcase time="0.00200000000000022" classname="abnormal_by_baseline" name="s_count_abnormal_by_baseline_works_with_healthy_input_and_default_arguments"/>
    <testcase time="0.0189999999999997" classname="abnormal_by_baseline" name="s_count_abnormal_by_baseline_works_with_healthy_input_and_default_arguments"/>
    <testcase time="0.00700000000000012" classname="abnormal_by_baseline" name="s_count_abnormal_by_baseline_also_works_with_tibble_and_custom_arguments"/>
    <testcase time="0.0180000000000002" classname="abnormal_by_baseline" name="s_count_abnormal_by_baseline_also_works_with_tibble_and_custom_arguments"/>
    <testcase time="0.00299999999999967" classname="abnormal_by_baseline" name="s_count_abnormal_by_baseline_also_works_with_tibble_and_custom_arguments"/>
    <testcase time="0.0190000000000001" classname="abnormal_by_baseline" name="s_count_abnormal_by_baseline_also_works_with_tibble_and_custom_arguments"/>
    <testcase time="0.0150000000000001" classname="abnormal_by_baseline" name="count_abnormal_by_baseline_throws_warning_with_character_var"/>
    <testcase time="0.00099999999999989" classname="abnormal_by_baseline" name="count_abnormal_by_baseline_throws_warning_with_character_var"/>
    <testcase time="0.0190000000000001" classname="abnormal_by_baseline" name="count_abnormal_by_baseline_throws_warning_with_character_var"/>
    <testcase time="0.0720000000000001" classname="abnormal_by_baseline" name="count_abnormal_by_baseline_works_with_default_arguments"/>
    <testcase time="0.0599999999999996" classname="abnormal_by_baseline" name="count_abnormal_by_baseline_works_with_default_arguments"/>
    <testcase time="0.0610000000000004" classname="abnormal_by_baseline" name="count_abnormal_by_baseline_works_with_custom_arguments"/>
    <testcase time="0.0529999999999999" classname="abnormal_by_baseline" name="count_abnormal_by_baseline_works_with_custom_arguments"/>
    <testcase time="0.0089999999999999" classname="abnormal_by_baseline" name="s_count_abnormal_by_baseline_gives_error_for_NA_input"/>
    <testcase time="0.00499999999999989" classname="abnormal_by_baseline" name="s_count_abnormal_by_baseline_gives_error_for_NA_input"/>
  </testsuite>
  <testsuite name="abnormal_by_marked" timestamp="2024-09-16T10:23:31Z" hostname="64234e8771a2" tests="7" skipped="0" failures="0" errors="0" time="2.556">
    <testcase time="0.762" classname="abnormal_by_marked" name="s_count_abnormal_by_marked_works_as_expected"/>
    <testcase time="0.02" classname="abnormal_by_marked" name="s_count_abnormal_by_marked_works_as_expected"/>
    <testcase time="0.488" classname="abnormal_by_marked" name="s_count_abnormal_by_marked_works_as_expected"/>
    <testcase time="0.0199999999999996" classname="abnormal_by_marked" name="s_count_abnormal_by_marked_works_as_expected"/>
    <testcase time="0.48" classname="abnormal_by_marked" name="s_count_abnormal_by_marked_returns_an_error_when_abn_dir_contains_two_direction_values"/>
    <testcase time="0.706" classname="abnormal_by_marked" name="count_abnormal_by_marked_works_as_expected"/>
    <testcase time="0.0800000000000001" classname="abnormal_by_marked" name="count_abnormal_by_marked_works_as_expected"/>
  </testsuite>
  <testsuite name="abnormal_by_worst_grade" timestamp="2024-09-16T10:23:33Z" hostname="64234e8771a2" tests="5" skipped="0" failures="0" errors="0" time="0.272">
    <testcase time="0.0250000000000004" classname="abnormal_by_worst_grade" name="s_count_abnormal_by_worst_grade_works_as_expected"/>
    <testcase time="0.0190000000000001" classname="abnormal_by_worst_grade" name="s_count_abnormal_by_worst_grade_works_as_expected"/>
    <testcase time="0.108" classname="abnormal_by_worst_grade" name="count_abnormal_by_worst_grade_works_as_expected"/>
    <testcase time="0.0679999999999996" classname="abnormal_by_worst_grade" name="count_abnormal_by_worst_grade_works_as_expected"/>
    <testcase time="0.0520000000000005" classname="abnormal_by_worst_grade" name="count_abnormal_by_worst_grade_returns_an_error_when_variables_param_and_variables_grade_dir_are_taking_variable_names_not_used_for_splitting_the_layout_in_rows."/>
  </testsuite>
  <testsuite name="abnormal_by_worst_grade_worsen" timestamp="2024-09-16T10:23:34Z" hostname="64234e8771a2" tests="20" skipped="0" failures="0" errors="0" time="0.709">
    <testcase time="0.0969999999999995" classname="abnormal_by_worst_grade_worsen" name="h_adlb_worsen_stacks_data_correctly_simple_case_"/>
    <testcase time="0.0209999999999999" classname="abnormal_by_worst_grade_worsen" name="h_adlb_worsen_stacks_data_correctly_simple_case_"/>
    <testcase time="0.0190000000000001" classname="abnormal_by_worst_grade_worsen" name="h_adlb_worsen_stacks_data_correctly"/>
    <testcase time="0.0200000000000005" classname="abnormal_by_worst_grade_worsen" name="h_adlb_worsen_stacks_data_correctly"/>
    <testcase time="0.00600000000000023" classname="abnormal_by_worst_grade_worsen" name="h_worsen_counter_counts_data_low_correctly"/>
    <testcase time="0.0189999999999992" classname="abnormal_by_worst_grade_worsen" name="h_worsen_counter_counts_data_low_correctly"/>
    <testcase time="0.00600000000000023" classname="abnormal_by_worst_grade_worsen" name="h_worsen_counter_counts_data_high_correctly"/>
    <testcase time="0.0190000000000001" classname="abnormal_by_worst_grade_worsen" name="h_worsen_counter_counts_data_high_correctly"/>
    <testcase time="0.00600000000000023" classname="abnormal_by_worst_grade_worsen" name="h_worsen_counter_counts_data_low_no_high_correctly"/>
    <testcase time="0.0190000000000001" classname="abnormal_by_worst_grade_worsen" name="h_worsen_counter_counts_data_low_no_high_correctly"/>
    <testcase time="0.00599999999999934" classname="abnormal_by_worst_grade_worsen" name="h_worsen_counter_counts_data_low_no_low_correctly"/>
    <testcase time="0.0190000000000001" classname="abnormal_by_worst_grade_worsen" name="h_worsen_counter_counts_data_low_no_low_correctly"/>
    <testcase time="0.0110000000000001" classname="abnormal_by_worst_grade_worsen" name="s_count_abnormal_lab_worsen_by_baseline"/>
    <testcase time="0.0190000000000001" classname="abnormal_by_worst_grade_worsen" name="s_count_abnormal_lab_worsen_by_baseline"/>
    <testcase time="0.244" classname="abnormal_by_worst_grade_worsen" name="count_abnormal_lab_worsen_by_baseline"/>
    <testcase time="0.139" classname="abnormal_by_worst_grade_worsen" name="count_abnormal_lab_worsen_by_baseline"/>
    <testcase time="0.0170000000000003" classname="abnormal_by_worst_grade_worsen" name="h_adlb_worsen_all_high"/>
    <testcase time="0.00199999999999978" classname="abnormal_by_worst_grade_worsen" name="h_adlb_worsen_all_high"/>
    <testcase time="0.0179999999999998" classname="abnormal_by_worst_grade_worsen" name="h_adlb_worsen_all_low"/>
    <testcase time="0.00199999999999978" classname="abnormal_by_worst_grade_worsen" name="h_adlb_worsen_all_low"/>
  </testsuite>
  <testsuite name="analyze_variables" timestamp="2024-09-16T10:23:34Z" hostname="64234e8771a2" tests="108" skipped="0" failures="2" errors="0" time="3.412">
    <testcase time="0.0170000000000003" classname="analyze_variables" name="s_summary_return_NA_for_x_length_0L"/>
    <testcase time="0.0190000000000001" classname="analyze_variables" name="s_summary_return_NA_for_x_length_0L"/>
    <testcase time="0.00599999999999934" classname="analyze_variables" name="s_summary_handles_NA"/>
    <testcase time="0.0190000000000001" classname="analyze_variables" name="s_summary_handles_NA"/>
    <testcase time="0.00200000000000067" classname="analyze_variables" name="s_summary_handles_NA"/>
    <testcase time="0.0189999999999992" classname="analyze_variables" name="s_summary_handles_NA"/>
    <testcase time="0.00500000000000078" classname="analyze_variables" name="s_summary_returns_right_results_for_n_2"/>
    <testcase time="0.0469999999999997" classname="analyze_variables" name="s_summary_returns_right_results_for_n_2"/>
    <testcase time="0.00699999999999967" classname="analyze_variables" name="s_summary_returns_right_results_for_n_8"/>
    <testcase time="0.0209999999999999" classname="analyze_variables" name="s_summary_returns_right_results_for_n_8"/>
    <testcase time="0.00499999999999989" classname="analyze_variables" name="s_summary_works_with_factors"/>
    <testcase time="0.0190000000000001" classname="analyze_variables" name="s_summary_works_with_factors"/>
    <testcase time="0.00800000000000001" classname="analyze_variables" name="s_summary_fails_with_factors_that_have_no_levels_or_have_empty_string_levels"/>
    <testcase time="0.00499999999999989" classname="analyze_variables" name="s_summary_fails_with_factors_that_have_no_levels_or_have_empty_string_levels"/>
    <testcase time="0.00600000000000023" classname="analyze_variables" name="s_summary_works_when_factors_have_NA_levels"/>
    <testcase time="0.0190000000000001" classname="analyze_variables" name="s_summary_works_when_factors_have_NA_levels"/>
    <testcase time="0.00499999999999989" classname="analyze_variables" name="s_summary_works_with_factors_with_NA_values_handled_and_correctly_removes_them_by_default"/>
    <testcase time="0.0190000000000001" classname="analyze_variables" name="s_summary_works_with_factors_with_NA_values_handled_and_correctly_removes_them_by_default"/>
    <testcase time="0.00499999999999989" classname="analyze_variables" name="s_summary_works_with_length_0_factors_that_have_levels"/>
    <testcase time="0.0190000000000001" classname="analyze_variables" name="s_summary_works_with_length_0_factors_that_have_levels"/>
    <testcase time="0.00499999999999989" classname="analyze_variables" name="s_summary_works_with_factors_and_different_denominator_choices"/>
    <testcase time="0.0190000000000001" classname="analyze_variables" name="s_summary_works_with_factors_and_different_denominator_choices"/>
    <testcase time="0.00199999999999978" classname="analyze_variables" name="s_summary_works_with_factors_and_different_denominator_choices"/>
    <testcase time="0.0190000000000001" classname="analyze_variables" name="s_summary_works_with_factors_and_different_denominator_choices"/>
    <testcase time="0.00800000000000001" classname="analyze_variables" name="s_summary_works_with_characters_by_converting_to_character"/>
    <testcase time="0.00400000000000045" classname="analyze_variables" name="s_summary_works_with_characters_by_converting_to_character"/>
    <testcase time="0.00800000000000001" classname="analyze_variables" name="s_summary_works_with_characters_by_converting_to_character_and_handling_empty_strings"/>
    <testcase time="0.00199999999999978" classname="analyze_variables" name="s_summary_works_with_characters_by_converting_to_character_and_handling_empty_strings"/>
    <testcase time="0.0270000000000001" classname="analyze_variables" name="s_summary_works_with_characters_by_converting_to_character_and_handling_empty_strings"/>
    <testcase time="0.00800000000000001" classname="analyze_variables" name="s_summary_does_not_work_for_length_0_character_vectors"/>
    <testcase time="0.00499999999999989" classname="analyze_variables" name="s_summary_works_with_logical_vectors"/>
    <testcase time="0.0190000000000001" classname="analyze_variables" name="s_summary_works_with_logical_vectors"/>
    <testcase time="0.00499999999999989" classname="analyze_variables" name="s_summary_works_with_length_0_logical_vectors"/>
    <testcase time="0.0190000000000001" classname="analyze_variables" name="s_summary_works_with_length_0_logical_vectors"/>
    <testcase time="0.00499999999999989" classname="analyze_variables" name="s_summary_works_with_logical_vectors_and_by_default_removes_NA"/>
    <testcase time="0.0190000000000001" classname="analyze_variables" name="s_summary_works_with_logical_vectors_and_by_default_removes_NA"/>
    <testcase time="0.00399999999999956" classname="analyze_variables" name="s_summary_works_with_logical_vectors_and_by_if_requested_does_not_remove_NA_from_n"/>
    <testcase time="0.0190000000000001" classname="analyze_variables" name="s_summary_works_with_logical_vectors_and_by_if_requested_does_not_remove_NA_from_n"/>
    <testcase time="0.00900000000000034" classname="analyze_variables" name="a_summary_work_with_healthy_input."/>
    <testcase time="0.00499999999999989" classname="analyze_variables" name="a_summary_work_with_healthy_input."/>
    <testcase time="0.00199999999999978" classname="analyze_variables" name="a_summary_work_with_healthy_input."/>
    <testcase time="0.11" classname="analyze_variables" name="a_summary_work_with_healthy_input.">
      <failure type="failure" message="Snapshot of code has changed: ('test-analyze_variables.R:171:3')">Snapshot of code has changed:
old[28:30] vs new[28:33]
    21                      CV (%)            590.4          0                      CV (%)
    22              Geometric Mean               NA          0              Geometric Mean
    23       Geometric Mean 95% CI               NA          0       Geometric Mean 95% CI
    24         CV % Geometric Mean               NA          0         CV % Geometric Mean
+   25                   mean_long                           0                   mean_long
+   26             Median (95% CI)                           0             Median (95% CI)
+   27              geom_mean_long                           0              geom_mean_long

* Run `testthat::snapshot_accept('analyze_variables')` to accept the change.
* Run `testthat::snapshot_review('analyze_variables')` to interactively review the change.</failure>
    </testcase>
    <testcase time="0.0139999999999993" classname="analyze_variables" name="a_summary_work_with_healthy_input."/>
    <testcase time="0.00300000000000011" classname="analyze_variables" name="a_summary_work_with_healthy_input."/>
    <testcase time="0.00300000000000011" classname="analyze_variables" name="a_summary_work_with_healthy_input."/>
    <testcase time="0.0209999999999999" classname="analyze_variables" name="a_summary_work_with_healthy_input."/>
    <testcase time="0.00400000000000045" classname="analyze_variables" name="a_summary_work_with_healthy_input."/>
    <testcase time="0.00399999999999956" classname="analyze_variables" name="a_summary_work_with_healthy_input."/>
    <testcase time="0.00199999999999978" classname="analyze_variables" name="a_summary_work_with_healthy_input."/>
    <testcase time="0.0210000000000008" classname="analyze_variables" name="a_summary_work_with_healthy_input."/>
    <testcase time="0.00199999999999978" classname="analyze_variables" name="a_summary_work_with_healthy_input."/>
    <testcase time="0.00199999999999978" classname="analyze_variables" name="a_summary_work_with_healthy_input."/>
    <testcase time="0.00300000000000011" classname="analyze_variables" name="a_summary_work_with_healthy_input."/>
    <testcase time="0.0199999999999996" classname="analyze_variables" name="a_summary_work_with_healthy_input."/>
    <testcase time="0.00600000000000023" classname="analyze_variables" name="a_summary_works_with_custom_input."/>
    <testcase time="0.0200000000000005" classname="analyze_variables" name="a_summary_works_with_custom_input."/>
    <testcase time="0.00399999999999956" classname="analyze_variables" name="a_summary_works_with_custom_input."/>
    <testcase time="0.0209999999999999" classname="analyze_variables" name="a_summary_works_with_custom_input."/>
    <testcase time="0.00800000000000001" classname="analyze_variables" name="a_summary_works_with_healthy_input_when_compare_TRUE."/>
    <testcase time="0.0390000000000006" classname="analyze_variables" name="a_summary_works_with_healthy_input_when_compare_TRUE.">
      <failure type="failure" message="Snapshot of code has changed: ('test-analyze_variables.R:245:3')">Snapshot of code has changed:
old[28:31] vs new[28:34]
    22              Geometric Mean             5.1          0              Geometric Mean
    23       Geometric Mean 95% CI    (4.56, 5.66)          0       Geometric Mean 95% CI
    24         CV % Geometric Mean            15.2          0         CV % Geometric Mean
-   25            p-value (t-test)         &lt;0.0001          0            p-value (t-test)
+   25                   mean_long                          0                   mean_long
+   26             Median (95% CI)                          0             Median (95% CI)
+   27              geom_mean_long                          0              geom_mean_long
+   28            p-value (t-test)         &lt;0.0001          0            p-value (t-test)

* Run `testthat::snapshot_accept('analyze_variables')` to accept the change.
* Run `testthat::snapshot_review('analyze_variables')` to interactively review the change.</failure>
    </testcase>
    <testcase time="0.0199999999999996" classname="analyze_variables" name="a_summary_works_with_healthy_input_when_compare_TRUE."/>
    <testcase time="0.0209999999999999" classname="analyze_variables" name="a_summary_works_with_healthy_input_when_compare_TRUE."/>
    <testcase time="0.00499999999999989" classname="analyze_variables" name="a_summary_works_with_healthy_input_when_compare_TRUE."/>
    <testcase time="0.0200000000000005" classname="analyze_variables" name="a_summary_works_with_healthy_input_when_compare_TRUE."/>
    <testcase time="0.00399999999999956" classname="analyze_variables" name="a_summary_works_with_healthy_input_when_compare_TRUE."/>
    <testcase time="0.0200000000000005" classname="analyze_variables" name="a_summary_works_with_healthy_input_when_compare_TRUE."/>
    <testcase time="0.00699999999999967" classname="analyze_variables" name="a_summary_works_with_custom_input_when_compare_TRUE."/>
    <testcase time="0.0200000000000005" classname="analyze_variables" name="a_summary_works_with_custom_input_when_compare_TRUE."/>
    <testcase time="0.00499999999999989" classname="analyze_variables" name="a_summary_works_with_custom_input_when_compare_TRUE."/>
    <testcase time="0.0209999999999999" classname="analyze_variables" name="a_summary_works_with_custom_input_when_compare_TRUE."/>
    <testcase time="0.0430000000000001" classname="analyze_variables" name="_analyze_vars_works_with_healthy_input_default_na.rm_TRUE_."/>
    <testcase time="0.0449999999999999" classname="analyze_variables" name="_analyze_vars_works_with_healthy_input_default_na.rm_TRUE_."/>
    <testcase time="0.0349999999999993" classname="analyze_variables" name="_analyze_vars_works_with_healthy_input_and_control_function."/>
    <testcase time="0.0470000000000006" classname="analyze_variables" name="_analyze_vars_works_with_healthy_input_and_control_function."/>
    <testcase time="0.0309999999999997" classname="analyze_variables" name="_analyze_vars_works_with_healthy_input_alternative_na.rm_FALSE_"/>
    <testcase time="0.0510000000000002" classname="analyze_variables" name="_analyze_vars_works_with_healthy_input_alternative_na.rm_FALSE_"/>
    <testcase time="0.0300000000000002" classname="analyze_variables" name="_analyze_vars_works_with_healthy_factor_input"/>
    <testcase time="0.0430000000000001" classname="analyze_variables" name="_analyze_vars_works_with_healthy_factor_input"/>
    <testcase time="0.0309999999999997" classname="analyze_variables" name="_analyze_vars_works_with_healthy_factor_input_alternative_na.rm_FALSE_"/>
    <testcase time="0.0510000000000002" classname="analyze_variables" name="_analyze_vars_works_with_healthy_factor_input_alternative_na.rm_FALSE_"/>
    <testcase time="0.0299999999999994" classname="analyze_variables" name="_analyze_vars_works_with_healthy_factor_input_alternative_na.rm_FALSE_"/>
    <testcase time="0.0450000000000008" classname="analyze_variables" name="_analyze_vars_works_with_healthy_factor_input_alternative_na.rm_FALSE_"/>
    <testcase time="0.367999999999999" classname="analyze_variables" name="_analyze_vars_works_with_factors_and_different_denominators"/>
    <testcase time="0.00300000000000011" classname="analyze_variables" name="_analyze_vars_works_with_factors_and_different_denominators"/>
    <testcase time="0.00200000000000067" classname="analyze_variables" name="_analyze_vars_works_with_factors_and_different_denominators"/>
    <testcase time="0.120999999999999" classname="analyze_variables" name="_analyze_vars_works_with_factors_and_different_denominators"/>
    <testcase time="0.345000000000001" classname="analyze_variables" name="analyze_vars_works_in_demographic_table_example"/>
    <testcase time="0.351000000000001" classname="analyze_variables" name="analyze_vars_works_in_demographic_table_example"/>
    <testcase time="0.048" classname="analyze_variables" name="_analyze_vars_works_with_character_input_and_gives_the_same_result_as_with_factor"/>
    <testcase time="0.0239999999999991" classname="analyze_variables" name="_analyze_vars_works_with_character_input_and_gives_the_same_result_as_with_factor"/>
    <testcase time="0.0429999999999993" classname="analyze_variables" name="_analyze_vars_does_not_work_with_sparse_character_input_due_to_missing_statistics"/>
    <testcase time="0.027000000000001" classname="analyze_variables" name="_analyze_vars_does_not_work_with_sparse_character_input_due_to_missing_statistics"/>
    <testcase time="0.0269999999999992" classname="analyze_variables" name="_analyze_vars_works_with_logical_input"/>
    <testcase time="0.0470000000000006" classname="analyze_variables" name="_analyze_vars_works_with_logical_input"/>
    <testcase time="0.032" classname="analyze_variables" name="_analyze_vars_works_with_healthy_logical_input_alternative_na.rm_FALSE_"/>
    <testcase time="0.0449999999999999" classname="analyze_variables" name="_analyze_vars_works_with_healthy_logical_input_alternative_na.rm_FALSE_"/>
    <testcase time="0.0289999999999999" classname="analyze_variables" name="_analyze_vars_works_with_healthy_logical_input_alternative_na.rm_FALSE_"/>
    <testcase time="0.0449999999999999" classname="analyze_variables" name="_analyze_vars_works_with_healthy_logical_input_alternative_na.rm_FALSE_"/>
    <testcase time="0.0530000000000008" classname="analyze_variables" name="_analyze_vars_works_with_empty_named_numeric_variables"/>
    <testcase time="0.0579999999999998" classname="analyze_variables" name="_analyze_vars_works_with_empty_named_numeric_variables"/>
    <testcase time="0.109" classname="analyze_variables" name="analyze_vars_na_str_argument_works_as_expected"/>
    <testcase time="0.0919999999999987" classname="analyze_variables" name="analyze_vars_na_str_argument_works_as_expected"/>
    <testcase time="0.00600000000000023" classname="analyze_variables" name="control_analyze_vars_works_with_customized_parameters"/>
    <testcase time="0.0190000000000001" classname="analyze_variables" name="control_analyze_vars_works_with_customized_parameters"/>
    <testcase time="0.0080000000000009" classname="analyze_variables" name="control_analyze_vars_fails_wrong_inputs"/>
    <testcase time="0.0109999999999992" classname="analyze_variables" name="control_analyze_vars_fails_wrong_inputs"/>
    <testcase time="0.0340000000000007" classname="analyze_variables" name="analyze_vars_works_correctly_with_auto_formats"/>
    <testcase time="0.048" classname="analyze_variables" name="analyze_vars_works_correctly_with_auto_formats"/>
  </testsuite>
  <testsuite name="analyze_vars_in_cols" timestamp="2024-09-16T10:23:38Z" hostname="64234e8771a2" tests="32" skipped="0" failures="0" errors="0" time="5.53">
    <testcase time="0.195" classname="analyze_vars_in_cols" name="analyze_vars_in_cols_works_correctly"/>
    <testcase time="0.0869999999999997" classname="analyze_vars_in_cols" name="analyze_vars_in_cols_works_correctly"/>
    <testcase time="0.0220000000000002" classname="analyze_vars_in_cols" name="analyze_vars_in_cols_works_correctly"/>
    <testcase time="0.0219999999999985" classname="analyze_vars_in_cols" name="analyze_vars_in_cols_works_correctly"/>
    <testcase time="0.0140000000000011" classname="analyze_vars_in_cols" name="analyze_vars_in_cols_throws_error_when_vars_and_.stats_lengths_differ_in_len"/>
    <testcase time="0.294" classname="analyze_vars_in_cols" name="custom_labels_can_be_set_with_row_labels_for_analyze_colvars"/>
    <testcase time="0.0709999999999997" classname="analyze_vars_in_cols" name="custom_labels_can_be_set_with_row_labels_for_analyze_colvars"/>
    <testcase time="0.0990000000000002" classname="analyze_vars_in_cols" name="custom_labels_can_be_set_with_row_labels_for_analyze_colvars"/>
    <testcase time="0.0709999999999997" classname="analyze_vars_in_cols" name="custom_labels_can_be_set_with_row_labels_for_analyze_colvars"/>
    <testcase time="0.0830000000000002" classname="analyze_vars_in_cols" name="custom_labels_can_be_set_with_row_labels_for_analyze_colvars"/>
    <testcase time="0.0519999999999996" classname="analyze_vars_in_cols" name="custom_labels_can_be_set_with_row_labels_for_analyze_colvars"/>
    <testcase time="0.100999999999999" classname="analyze_vars_in_cols" name="custom_labels_can_be_set_with_row_labels_and_summarize"/>
    <testcase time="0.0670000000000002" classname="analyze_vars_in_cols" name="custom_labels_can_be_set_with_row_labels_and_summarize"/>
    <testcase time="0.0980000000000008" classname="analyze_vars_in_cols" name="custom_labels_can_be_set_with_row_labels_and_summarize"/>
    <testcase time="0.0649999999999995" classname="analyze_vars_in_cols" name="custom_labels_can_be_set_with_row_labels_and_summarize"/>
    <testcase time="0.0790000000000006" classname="analyze_vars_in_cols" name="custom_labels_can_be_set_with_row_labels_and_summarize"/>
    <testcase time="0.0559999999999992" classname="analyze_vars_in_cols" name="custom_labels_can_be_set_with_row_labels_and_summarize"/>
    <testcase time="0.317" classname="analyze_vars_in_cols" name="summarize_works_with_nested_analyze"/>
    <testcase time="0.131" classname="analyze_vars_in_cols" name="summarize_works_with_nested_analyze"/>
    <testcase time="1.186" classname="analyze_vars_in_cols" name="summarize_works_with_nested_analyze"/>
    <testcase time="0.274000000000001" classname="analyze_vars_in_cols" name="summarize_works_with_nested_analyze"/>
    <testcase time="0.0509999999999984" classname="analyze_vars_in_cols" name="analyze_vars_in_cols_works_well_with_categorical_data"/>
    <testcase time="0.264000000000001" classname="analyze_vars_in_cols" name="analyze_vars_in_cols_works_well_with_categorical_data"/>
    <testcase time="0.179" classname="analyze_vars_in_cols" name="analyze_vars_in_cols_works_well_with_categorical_data"/>
    <testcase time="0.321999999999999" classname="analyze_vars_in_cols" name="analyze_vars_in_cols_works_with_imputation_rule"/>
    <testcase time="0.119" classname="analyze_vars_in_cols" name="analyze_vars_in_cols_works_with_imputation_rule"/>
    <testcase time="0.302000000000001" classname="analyze_vars_in_cols" name="analyze_vars_in_cols_works_with_imputation_rule"/>
    <testcase time="0.110999999999999" classname="analyze_vars_in_cols" name="analyze_vars_in_cols_works_with_imputation_rule"/>
    <testcase time="0.303000000000001" classname="analyze_vars_in_cols" name="analyze_vars_in_cols_works_with_imputation_rule"/>
    <testcase time="0.118" classname="analyze_vars_in_cols" name="analyze_vars_in_cols_works_with_imputation_rule"/>
    <testcase time="0.264999999999999" classname="analyze_vars_in_cols" name="analyze_vars_in_cols_works_with_caching"/>
    <testcase time="0.112" classname="analyze_vars_in_cols" name="analyze_vars_in_cols_works_with_caching"/>
  </testsuite>
  <testsuite name="bland-altman" timestamp="2024-09-16T10:23:43Z" hostname="64234e8771a2" tests="8" skipped="1" failures="0" errors="0" time="0.109">
    <testcase time="0.0120000000000005" classname="bland_altman" name="unequal_length_vector_gives_correct_error"/>
    <testcase time="0.00799999999999912" classname="bland_altman" name="infeasible_input_gives_correct_error"/>
    <testcase time="0.00400000000000134" classname="bland_altman" name="infeasible_input_gives_correct_error"/>
    <testcase time="0.0179999999999989" classname="bland_altman" name="s_bland_altman_works_with_two_vectors"/>
    <testcase time="0.0140000000000011" classname="bland_altman" name="s_bland_altman_works_with_two_vectors_with_NA_element_in_either_vectors"/>
    <testcase time="0.00499999999999901" classname="bland_altman" name="s_bland_altman_works_with_default_settings"/>
    <testcase time="0.0190000000000001" classname="bland_altman" name="s_bland_altman_works_with_default_settings"/>
    <testcase time="0.0289999999999999" classname="bland_altman" name="g_bland_altman_works_with_default_settings">
      <skipped message="Reason: On CI ('test-bland-altman.R:103:3')"/>
    </testcase>
  </testsuite>
  <testsuite name="combination_function" timestamp="2024-09-16T10:23:43Z" hostname="64234e8771a2" tests="16" skipped="0" failures="0" errors="0" time="0.066">
    <testcase time="0.0150000000000006" classname="combination_function" name="CombinationFunction_class_can_be_used_with_standard_constructor"/>
    <testcase time="0.00300000000000011" classname="combination_function" name="CombinationFunction_class_can_be_used_with_standard_constructor"/>
    <testcase time="0.00199999999999889" classname="combination_function" name="CombinationFunction_class_can_be_used_with_standard_constructor"/>
    <testcase time="0.00600000000000023" classname="combination_function" name="CombinationFunction_custom_constructor_works"/>
    <testcase time="0.00500000000000078" classname="combination_function" name="CombinationFunction_method_works"/>
    <testcase time="0.00199999999999889" classname="combination_function" name="CombinationFunction_method_works"/>
    <testcase time="0.00300000000000011" classname="combination_function" name="CombinationFunction_method_works"/>
    <testcase time="0.00500000000000078" classname="combination_function" name="CombinationFunction_method_works"/>
    <testcase time="0.00200000000000067" classname="combination_function" name="CombinationFunction_method_works"/>
    <testcase time="0.00300000000000011" classname="combination_function" name="CombinationFunction_method_works"/>
    <testcase time="0.00399999999999956" classname="combination_function" name="CombinationFunction_method_works"/>
    <testcase time="0.00300000000000011" classname="combination_function" name="CombinationFunction_method_works"/>
    <testcase time="0.00300000000000011" classname="combination_function" name="CombinationFunction_method_works"/>
    <testcase time="0.00499999999999901" classname="combination_function" name="CombinationFunction_chain_of_logical_combinations_works"/>
    <testcase time="0.00300000000000011" classname="combination_function" name="CombinationFunction_chain_of_logical_combinations_works"/>
    <testcase time="0.00200000000000067" classname="combination_function" name="CombinationFunction_chain_of_logical_combinations_works"/>
  </testsuite>
  <testsuite name="compare_variables" timestamp="2024-09-16T10:23:43Z" hostname="64234e8771a2" tests="31" skipped="0" failures="0" errors="0" time="0.651">
    <testcase time="0.00999999999999979" classname="compare_variables" name="s_compare_works_for_numeric"/>
    <testcase time="0.000999999999999446" classname="compare_variables" name="s_compare_works_for_numeric"/>
    <testcase time="0.0190000000000001" classname="compare_variables" name="s_compare_works_for_numeric"/>
    <testcase time="0.00500000000000078" classname="compare_variables" name="s_compare_for_numeric_does_not_give_p_value_when_not_at_least_2_values_in_each_group"/>
    <testcase time="0.00200000000000067" classname="compare_variables" name="s_compare_for_numeric_does_not_give_p_value_when_not_at_least_2_values_in_each_group"/>
    <testcase time="0.0249999999999986" classname="compare_variables" name="s_compare_for_numeric_does_not_give_p_value_when_not_at_least_2_values_in_each_group"/>
    <testcase time="0.00700000000000145" classname="compare_variables" name="s_compare_for_factor_works_in_usual_case"/>
    <testcase time="0.00199999999999889" classname="compare_variables" name="s_compare_for_factor_works_in_usual_case"/>
    <testcase time="0.0190000000000001" classname="compare_variables" name="s_compare_for_factor_works_in_usual_case"/>
    <testcase time="0.00200000000000067" classname="compare_variables" name="s_compare_for_factor_works_in_usual_case"/>
    <testcase time="0.0179999999999989" classname="compare_variables" name="s_compare_for_factor_works_in_usual_case"/>
    <testcase time="0.00600000000000023" classname="compare_variables" name="s_compare_for_factor_handles_explicit_NAs_as_expected"/>
    <testcase time="0.00200000000000067" classname="compare_variables" name="s_compare_for_factor_handles_explicit_NAs_as_expected"/>
    <testcase time="0.0179999999999989" classname="compare_variables" name="s_compare_for_factor_handles_explicit_NAs_as_expected"/>
    <testcase time="0.00300000000000011" classname="compare_variables" name="s_compare_for_factor_handles_explicit_NAs_as_expected"/>
    <testcase time="0.00200000000000067" classname="compare_variables" name="s_compare_for_factor_handles_explicit_NAs_as_expected"/>
    <testcase time="0.0180000000000007" classname="compare_variables" name="s_compare_for_factor_handles_explicit_NAs_as_expected"/>
    <testcase time="0.00899999999999856" classname="compare_variables" name="s_compare_for_character_works_as_expected"/>
    <testcase time="0.00200000000000067" classname="compare_variables" name="s_compare_for_character_works_as_expected"/>
    <testcase time="0.0180000000000007" classname="compare_variables" name="s_compare_for_character_works_as_expected"/>
    <testcase time="0.00499999999999901" classname="compare_variables" name="s_compare_for_logical_works_as_expected"/>
    <testcase time="0.00200000000000067" classname="compare_variables" name="s_compare_for_logical_works_as_expected"/>
    <testcase time="0.0190000000000001" classname="compare_variables" name="s_compare_for_logical_works_as_expected"/>
    <testcase time="0.00499999999999901" classname="compare_variables" name="s_compare_for_logical_handles_NAs_as_FALSE_if_not_removed"/>
    <testcase time="0.00300000000000011" classname="compare_variables" name="s_compare_for_logical_handles_NAs_as_FALSE_if_not_removed"/>
    <testcase time="0.0940000000000012" classname="compare_variables" name="compare_vars_works_with_default_settings_in_rtables_layout_pipeline"/>
    <testcase time="0.0699999999999985" classname="compare_variables" name="compare_vars_works_with_default_settings_in_rtables_layout_pipeline"/>
    <testcase time="0.0780000000000012" classname="compare_variables" name="compare_vars_works_with_custom_settings"/>
    <testcase time="0.0650000000000013" classname="compare_variables" name="compare_vars_works_with_custom_settings"/>
    <testcase time="0.0629999999999988" classname="compare_variables" name="compare_vars_na_str_argument_works_as_expected"/>
    <testcase time="0.0590000000000011" classname="compare_variables" name="compare_vars_na_str_argument_works_as_expected"/>
  </testsuite>
  <testsuite name="control_logistic" timestamp="2024-09-16T10:23:44Z" hostname="64234e8771a2" tests="4" skipped="0" failures="0" errors="0" time="0.039">
    <testcase time="0.00799999999999912" classname="control_logistic" name="control_logistic_works_with_customized_parameters"/>
    <testcase time="0.0189999999999984" classname="control_logistic" name="control_logistic_works_with_customized_parameters"/>
    <testcase time="0.00800000000000267" classname="control_logistic" name="control_logistic_fails_wrong_inputs"/>
    <testcase time="0.00399999999999778" classname="control_logistic" name="control_logistic_fails_wrong_inputs"/>
  </testsuite>
  <testsuite name="control_step" timestamp="2024-09-16T10:23:44Z" hostname="64234e8771a2" tests="5" skipped="0" failures="0" errors="0" time="0.049">
    <testcase time="0.00799999999999912" classname="control_step" name="control_step_works_with_customized_parameters"/>
    <testcase time="0.0190000000000019" classname="control_step" name="control_step_works_with_customized_parameters"/>
    <testcase time="0.0069999999999979" classname="control_step" name="control_step_fails_wrong_inputs"/>
    <testcase time="0.00500000000000256" classname="control_step" name="control_step_fails_wrong_inputs"/>
    <testcase time="0.00999999999999801" classname="control_step" name="control_step_fails_wrong_inputs"/>
  </testsuite>
  <testsuite name="control_survival" timestamp="2024-09-16T10:23:44Z" hostname="64234e8771a2" tests="14" skipped="0" failures="0" errors="0" time="0.116">
    <testcase time="0.00900000000000034" classname="control_survival" name="control_coxph_works_with_customized_parameters"/>
    <testcase time="0.0180000000000007" classname="control_survival" name="control_coxph_works_with_customized_parameters"/>
    <testcase time="0.00799999999999912" classname="control_survival" name="control_coxph_fails_wrong_inputs"/>
    <testcase time="0.00400000000000134" classname="control_survival" name="control_coxph_fails_wrong_inputs"/>
    <testcase time="0.00499999999999901" classname="control_survival" name="control_surv_time_works_with_customized_parameters"/>
    <testcase time="0.0180000000000007" classname="control_survival" name="control_surv_time_works_with_customized_parameters"/>
    <testcase time="0.00700000000000145" classname="control_survival" name="control_surv_time_fails_wrong_inputs"/>
    <testcase time="0.00400000000000134" classname="control_survival" name="control_surv_time_fails_wrong_inputs"/>
    <testcase time="0.00399999999999778" classname="control_survival" name="control_surv_time_fails_wrong_inputs"/>
    <testcase time="0.00500000000000256" classname="control_survival" name="control_surv_timepoint_works_with_customized_parameters"/>
    <testcase time="0.0180000000000007" classname="control_survival" name="control_surv_timepoint_works_with_customized_parameters"/>
    <testcase time="0.0069999999999979" classname="control_survival" name="control_surv_timepoint_fails_wrong_inputs"/>
    <testcase time="0.00499999999999901" classname="control_survival" name="control_surv_timepoint_fails_wrong_inputs"/>
    <testcase time="0.00400000000000134" classname="control_survival" name="control_surv_timepoint_fails_wrong_inputs"/>
  </testsuite>
  <testsuite name="count_cumulative" timestamp="2024-09-16T10:23:44Z" hostname="64234e8771a2" tests="12" skipped="0" failures="0" errors="0" time="0.271">
    <testcase time="0.00799999999999912" classname="count_cumulative" name="h_count_cumulative_works_with_healthy_input_and_default_arguments"/>
    <testcase time="0.0180000000000007" classname="count_cumulative" name="h_count_cumulative_works_with_healthy_input_and_default_arguments"/>
    <testcase time="0.00499999999999901" classname="count_cumulative" name="h_count_cumulative_works_with_customized_arguments"/>
    <testcase time="0.0190000000000019" classname="count_cumulative" name="h_count_cumulative_works_with_customized_arguments"/>
    <testcase time="0.00999999999999801" classname="count_cumulative" name="s_count_cumulative_works_with_healthy_input_and_default_arguments"/>
    <testcase time="0.0190000000000019" classname="count_cumulative" name="s_count_cumulative_works_with_healthy_input_and_default_arguments"/>
    <testcase time="0.00399999999999778" classname="count_cumulative" name="s_count_cumulative_works_with_customized_arguments"/>
    <testcase time="0.0180000000000007" classname="count_cumulative" name="s_count_cumulative_works_with_customized_arguments"/>
    <testcase time="0.0360000000000014" classname="count_cumulative" name="count_cumulative_works_with_default_arguments"/>
    <testcase time="0.046999999999997" classname="count_cumulative" name="count_cumulative_works_with_default_arguments"/>
    <testcase time="0.0390000000000015" classname="count_cumulative" name="count_cumulative_works_with_customized_arguments"/>
    <testcase time="0.0480000000000018" classname="count_cumulative" name="count_cumulative_works_with_customized_arguments"/>
  </testsuite>
  <testsuite name="count_missed_doses" timestamp="2024-09-16T10:23:45Z" hostname="64234e8771a2" tests="10" skipped="0" failures="0" errors="0" time="0.2">
    <testcase time="0.00799999999999912" classname="count_missed_doses" name="s_count_nonmissing_works_with_numeric_input"/>
    <testcase time="0.0189999999999984" classname="count_missed_doses" name="s_count_nonmissing_works_with_numeric_input"/>
    <testcase time="0.00400000000000134" classname="count_missed_doses" name="s_count_nonmissing_also_works_with_character_input"/>
    <testcase time="0.0180000000000007" classname="count_missed_doses" name="s_count_nonmissing_also_works_with_character_input"/>
    <testcase time="0.00499999999999901" classname="count_missed_doses" name="d_count_missed_doses_works_as_expected"/>
    <testcase time="0.0189999999999984" classname="count_missed_doses" name="d_count_missed_doses_works_as_expected"/>
    <testcase time="0.00400000000000134" classname="count_missed_doses" name="s_count_missed_doses_works_as_expected"/>
    <testcase time="0.0189999999999984" classname="count_missed_doses" name="s_count_missed_doses_works_as_expected"/>
    <testcase time="0.0510000000000019" classname="count_missed_doses" name="count_missed_doses_works_as_expected"/>
    <testcase time="0.0530000000000008" classname="count_missed_doses" name="count_missed_doses_works_as_expected"/>
  </testsuite>
  <testsuite name="count_occurrences" timestamp="2024-09-16T10:23:45Z" hostname="64234e8771a2" tests="33" skipped="0" failures="0" errors="0" time="2.328">
    <testcase time="0.0120000000000005" classname="count_occurrences" name="s_count_occurrences_functions_as_expected_with_valid_input_and_default_arguments"/>
    <testcase time="0.0199999999999996" classname="count_occurrences" name="s_count_occurrences_functions_as_expected_with_valid_input_and_default_arguments"/>
    <testcase time="0.0069999999999979" classname="count_occurrences" name="s_count_occurrences_drops_non_appearing_levels_by_default"/>
    <testcase time="0.00600000000000023" classname="count_occurrences" name="s_count_occurrences_keeps_non_appearing_levels_if_requested"/>
    <testcase time="0.00300000000000011" classname="count_occurrences" name="s_count_occurrences_keeps_non_appearing_levels_if_requested"/>
    <testcase time="0.00300000000000011" classname="count_occurrences" name="s_count_occurrences_keeps_non_appearing_levels_if_requested"/>
    <testcase time="0.00900000000000034" classname="count_occurrences" name="s_count_occurrences_fails_when_it_receives_empty_.df_row_and_drop_TRUE"/>
    <testcase time="0.00499999999999901" classname="count_occurrences" name="s_count_occurrences_functions_as_expected_when_requesting_different_denominator"/>
    <testcase time="0.0190000000000019" classname="count_occurrences" name="s_count_occurrences_functions_as_expected_when_requesting_different_denominator"/>
    <testcase time="0.0069999999999979" classname="count_occurrences" name="a_count_occurrences_works_with_healthy_input."/>
    <testcase time="0.00400000000000134" classname="count_occurrences" name="a_count_occurrences_works_with_healthy_input."/>
    <testcase time="0.00700000000000145" classname="count_occurrences" name="a_count_occurrences_works_with_custom_input."/>
    <testcase time="0.0269999999999975" classname="count_occurrences" name="a_count_occurrences_works_with_custom_input."/>
    <testcase time="0.0430000000000028" classname="count_occurrences" name="count_occurrences_functions_as_expected_with_valid_input_and_default_arguments"/>
    <testcase time="0.0519999999999996" classname="count_occurrences" name="count_occurrences_functions_as_expected_with_valid_input_and_default_arguments"/>
    <testcase time="0.0279999999999987" classname="count_occurrences" name="count_occurrences_functions_as_expected_with_label_row_specified"/>
    <testcase time="0.0480000000000018" classname="count_occurrences" name="count_occurrences_functions_as_expected_with_label_row_specified"/>
    <testcase time="0.0849999999999973" classname="count_occurrences" name="count_occurrences_works_as_expected_with_risk_difference_column"/>
    <testcase time="0.106999999999999" classname="count_occurrences" name="count_occurrences_works_as_expected_with_risk_difference_column"/>
    <testcase time="0.139000000000003" classname="count_occurrences" name="count_occurrences_works_as_expected_with_risk_difference_column"/>
    <testcase time="0.169" classname="count_occurrences" name="count_occurrences_works_as_expected_with_risk_difference_column"/>
    <testcase time="0.149999999999999" classname="count_occurrences" name="count_occurrences_works_as_expected_with_risk_difference_column"/>
    <testcase time="0.141999999999999" classname="count_occurrences" name="count_occurrences_works_as_expected_with_risk_difference_column"/>
    <testcase time="0.0670000000000002" classname="count_occurrences" name="summarize_occurrences_functions_as_expected_with_valid_input_and_default_arguments"/>
    <testcase time="0.0730000000000004" classname="count_occurrences" name="summarize_occurrences_functions_as_expected_with_valid_input_and_default_arguments"/>
    <testcase time="0.103999999999999" classname="count_occurrences" name="summarize_occurrences_works_as_expected_with_risk_difference_column"/>
    <testcase time="0.0910000000000011" classname="count_occurrences" name="summarize_occurrences_works_as_expected_with_risk_difference_column"/>
    <testcase time="0.140999999999998" classname="count_occurrences" name="summarize_occurrences_works_as_expected_with_risk_difference_column"/>
    <testcase time="0.123000000000001" classname="count_occurrences" name="summarize_occurrences_works_as_expected_with_risk_difference_column"/>
    <testcase time="0.256" classname="count_occurrences" name="summarize_occurrences_works_as_expected_with_risk_difference_column"/>
    <testcase time="0.161000000000001" classname="count_occurrences" name="summarize_occurrences_works_as_expected_with_risk_difference_column"/>
    <testcase time="0.125" classname="count_occurrences" name="summarize_occurrences_works_as_expected_with_risk_difference_column"/>
    <testcase time="0.0949999999999989" classname="count_occurrences" name="summarize_occurrences_works_as_expected_with_risk_difference_column"/>
  </testsuite>
  <testsuite name="count_occurrences_by_grade" timestamp="2024-09-16T10:23:47Z" hostname="64234e8771a2" tests="42" skipped="0" failures="0" errors="0" time="2.076">
    <testcase time="0.0139999999999993" classname="count_occurrences_by_grade" name="h_append_grade_groups_works_with_valid_input"/>
    <testcase time="0.0210000000000008" classname="count_occurrences_by_grade" name="h_append_grade_groups_works_with_valid_input"/>
    <testcase time="0.00399999999999778" classname="count_occurrences_by_grade" name="h_append_grade_groups_works_with_valid_input_with_revers_order_and_one_element_grade_groups"/>
    <testcase time="0.0190000000000019" classname="count_occurrences_by_grade" name="h_append_grade_groups_works_with_valid_input_with_revers_order_and_one_element_grade_groups"/>
    <testcase time="0.00799999999999912" classname="count_occurrences_by_grade" name="s_count_occurrences_by_grade_works_with_valid_input_and_default_arguments_for_grade"/>
    <testcase time="0.0180000000000007" classname="count_occurrences_by_grade" name="s_count_occurrences_by_grade_works_with_valid_input_and_default_arguments_for_grade"/>
    <testcase time="0.00300000000000011" classname="count_occurrences_by_grade" name="s_count_occurrences_by_grade_works_with_valid_input_and_default_arguments_for_grade"/>
    <testcase time="0.0180000000000007" classname="count_occurrences_by_grade" name="s_count_occurrences_by_grade_works_with_valid_input_and_default_arguments_for_grade"/>
    <testcase time="0.00600000000000023" classname="count_occurrences_by_grade" name="s_count_occurrences_by_grade_sorts_grade_levels_so_that_missing_level_appears_last"/>
    <testcase time="0.0189999999999984" classname="count_occurrences_by_grade" name="s_count_occurrences_by_grade_sorts_grade_levels_so_that_missing_level_appears_last"/>
    <testcase time="0.00600000000000023" classname="count_occurrences_by_grade" name="s_count_occurrences_by_grade_works_with_valid_input_for_grade_grouping"/>
    <testcase time="0.0190000000000019" classname="count_occurrences_by_grade" name="s_count_occurrences_by_grade_works_with_valid_input_for_grade_grouping"/>
    <testcase time="0.00300000000000011" classname="count_occurrences_by_grade" name="s_count_occurrences_by_grade_works_with_valid_input_for_grade_grouping"/>
    <testcase time="0.0229999999999997" classname="count_occurrences_by_grade" name="s_count_occurrences_by_grade_works_with_valid_input_for_grade_grouping"/>
    <testcase time="0.00399999999999778" classname="count_occurrences_by_grade" name="s_count_occurrences_by_grade_works_with_valid_input_for_grade_grouping"/>
    <testcase time="0.0229999999999997" classname="count_occurrences_by_grade" name="s_count_occurrences_by_grade_works_with_valid_input_for_grade_grouping"/>
    <testcase time="0.00600000000000023" classname="count_occurrences_by_grade" name="s_count_occurrences_by_grade_works_with_valid_input_for_intensity_and_custom_arguments"/>
    <testcase time="0.0180000000000007" classname="count_occurrences_by_grade" name="s_count_occurrences_by_grade_works_with_valid_input_for_intensity_and_custom_arguments"/>
    <testcase time="0.0659999999999989" classname="count_occurrences_by_grade" name="count_occurrences_by_grade_works_with_default_arguments_for_intensity"/>
    <testcase time="0.0560000000000009" classname="count_occurrences_by_grade" name="count_occurrences_by_grade_works_with_default_arguments_for_intensity"/>
    <testcase time="0.0530000000000008" classname="count_occurrences_by_grade" name="count_occurrences_by_grade_works_with_default_arguments_for_intensity"/>
    <testcase time="0.0560000000000009" classname="count_occurrences_by_grade" name="count_occurrences_by_grade_works_with_default_arguments_for_intensity"/>
    <testcase time="0.0779999999999994" classname="count_occurrences_by_grade" name="count_occurrences_by_grade_label_works_when_more_than_one_variables_are_analyzed"/>
    <testcase time="0.0680000000000014" classname="count_occurrences_by_grade" name="count_occurrences_by_grade_label_works_when_more_than_one_variables_are_analyzed"/>
    <testcase time="0.0579999999999998" classname="count_occurrences_by_grade" name="count_occurrences_by_grade_works_with_custom_arguments_for_grade"/>
    <testcase time="0.0710000000000015" classname="count_occurrences_by_grade" name="count_occurrences_by_grade_works_with_custom_arguments_for_grade"/>
    <testcase time="0.0410000000000004" classname="count_occurrences_by_grade" name="count_occurrences_by_grade_works_with_custom_arguments_for_grade"/>
    <testcase time="0.0499999999999972" classname="count_occurrences_by_grade" name="count_occurrences_by_grade_works_with_custom_arguments_for_grade"/>
    <testcase time="0.0640000000000001" classname="count_occurrences_by_grade" name="summarize_occurrences_by_grade_works_with_default_arguments_for_intensity"/>
    <testcase time="0.0549999999999997" classname="count_occurrences_by_grade" name="summarize_occurrences_by_grade_works_with_default_arguments_for_intensity"/>
    <testcase time="0.0890000000000022" classname="count_occurrences_by_grade" name="summarize_occurrences_by_grade_works_with_default_arguments_for_intensity"/>
    <testcase time="0.0700000000000003" classname="count_occurrences_by_grade" name="summarize_occurrences_by_grade_works_with_default_arguments_for_intensity"/>
    <testcase time="0.0829999999999984" classname="count_occurrences_by_grade" name="summarize_occurrences_by_grade_works_with_custom_arguments_for_grade"/>
    <testcase time="0.0800000000000018" classname="count_occurrences_by_grade" name="summarize_occurrences_by_grade_works_with_custom_arguments_for_grade"/>
    <testcase time="0.0679999999999978" classname="count_occurrences_by_grade" name="count_occurrences_by_grade_works_with_trim_levels_in_group_split_function"/>
    <testcase time="0.0560000000000009" classname="count_occurrences_by_grade" name="count_occurrences_by_grade_works_with_trim_levels_in_group_split_function"/>
    <testcase time="0.341000000000001" classname="count_occurrences_by_grade" name="summarize__and_count_occurrences_by_grade_works_with_pagination_and_sorting"/>
    <testcase time="0.0299999999999976" classname="count_occurrences_by_grade" name="summarize__and_count_occurrences_by_grade_works_with_pagination_and_sorting"/>
    <testcase time="0.0940000000000012" classname="count_occurrences_by_grade" name="count_occurrences_by_grade_works_as_expected_with_risk_difference_column"/>
    <testcase time="0.0629999999999988" classname="count_occurrences_by_grade" name="count_occurrences_by_grade_works_as_expected_with_risk_difference_column"/>
    <testcase time="0.0869999999999997" classname="count_occurrences_by_grade" name="count_occurrences_by_grade_works_as_expected_with_risk_difference_column"/>
    <testcase time="0.0670000000000002" classname="count_occurrences_by_grade" name="count_occurrences_by_grade_works_as_expected_with_risk_difference_column"/>
  </testsuite>
  <testsuite name="count_patients_events_in_cols" timestamp="2024-09-16T10:23:49Z" hostname="64234e8771a2" tests="8" skipped="0" failures="0" errors="0" time="0.252">
    <testcase time="0.0100000000000016" classname="count_patients_events_in_cols" name="s_count_patients_and_multiple_events_works_as_expected"/>
    <testcase time="0.0189999999999984" classname="count_patients_events_in_cols" name="s_count_patients_and_multiple_events_works_as_expected"/>
    <testcase time="0.00500000000000256" classname="count_patients_events_in_cols" name="s_count_patients_and_multiple_events_can_have_empty_stats_if_requested"/>
    <testcase time="0.0279999999999987" classname="count_patients_events_in_cols" name="s_count_patients_and_multiple_events_can_have_empty_stats_if_requested"/>
    <testcase time="0.0500000000000007" classname="count_patients_events_in_cols" name="summarize_patients_events_in_cols_works_well_with_default_arguments"/>
    <testcase time="0.0569999999999986" classname="count_patients_events_in_cols" name="summarize_patients_events_in_cols_works_well_with_default_arguments"/>
    <testcase time="0.0300000000000011" classname="count_patients_events_in_cols" name="summarize_patients_events_in_cols_works_well_with_custom_arguments"/>
    <testcase time="0.0529999999999973" classname="count_patients_events_in_cols" name="summarize_patients_events_in_cols_works_well_with_custom_arguments"/>
  </testsuite>
  <testsuite name="count_patients_with_event" timestamp="2024-09-16T10:23:49Z" hostname="64234e8771a2" tests="14" skipped="0" failures="0" errors="0" time="0.551">
    <testcase time="0.00900000000000034" classname="count_patients_with_event" name="s_count_patients_with_event_handles_NA"/>
    <testcase time="0.0190000000000019" classname="count_patients_with_event" name="s_count_patients_with_event_handles_NA"/>
    <testcase time="0.00499999999999901" classname="count_patients_with_event" name="s_count_patients_with_event_handles_multiple_columns"/>
    <testcase time="0.0189999999999984" classname="count_patients_with_event" name="s_count_patients_with_event_handles_multiple_columns"/>
    <testcase time="0.0570000000000022" classname="count_patients_with_event" name="count_patients_with_event_works_as_expected"/>
    <testcase time="0.0579999999999998" classname="count_patients_with_event" name="count_patients_with_event_works_as_expected"/>
    <testcase time="0.0509999999999984" classname="count_patients_with_event" name="count_patients_with_event_works_as_expected_for_different_column_count"/>
    <testcase time="0.049000000000003" classname="count_patients_with_event" name="count_patients_with_event_works_as_expected_for_different_column_count"/>
    <testcase time="0.00499999999999901" classname="count_patients_with_event" name="s_count_patients_with_event_works_with_factor_filters"/>
    <testcase time="0.0189999999999984" classname="count_patients_with_event" name="s_count_patients_with_event_works_with_factor_filters"/>
    <testcase time="0.0740000000000016" classname="count_patients_with_event" name="count_patients_with_flags_works_as_expected_with_risk_difference_column"/>
    <testcase time="0.0560000000000009" classname="count_patients_with_event" name="count_patients_with_flags_works_as_expected_with_risk_difference_column"/>
    <testcase time="0.0719999999999992" classname="count_patients_with_event" name="count_patients_with_flags_works_as_expected_with_risk_difference_column"/>
    <testcase time="0.0579999999999998" classname="count_patients_with_event" name="count_patients_with_flags_works_as_expected_with_risk_difference_column"/>
  </testsuite>
  <testsuite name="count_patients_with_flags" timestamp="2024-09-16T10:23:50Z" hostname="64234e8771a2" tests="30" skipped="0" failures="0" errors="0" time="1.34">
    <testcase time="0.0109999999999992" classname="count_patients_with_flags" name="s_count_patients_with_flags_handles_NA"/>
    <testcase time="0.0190000000000019" classname="count_patients_with_flags" name="s_count_patients_with_flags_handles_NA"/>
    <testcase time="0.00499999999999901" classname="count_patients_with_flags" name="s_count_patients_with_flags_handles_multiple_columns"/>
    <testcase time="0.0180000000000007" classname="count_patients_with_flags" name="s_count_patients_with_flags_handles_multiple_columns"/>
    <testcase time="0.00900000000000034" classname="count_patients_with_flags" name="s_count_patients_with_flags_custom_variable_label_behaviour_works"/>
    <testcase time="0.0180000000000007" classname="count_patients_with_flags" name="s_count_patients_with_flags_custom_variable_label_behaviour_works"/>
    <testcase time="0.00400000000000134" classname="count_patients_with_flags" name="s_count_patients_with_flags_custom_variable_label_behaviour_works"/>
    <testcase time="0.0299999999999976" classname="count_patients_with_flags" name="s_count_patients_with_flags_custom_variable_label_behaviour_works"/>
    <testcase time="0.00400000000000134" classname="count_patients_with_flags" name="s_count_patients_with_flags_custom_variable_label_behaviour_works"/>
    <testcase time="0.0189999999999984" classname="count_patients_with_flags" name="s_count_patients_with_flags_custom_variable_label_behaviour_works"/>
    <testcase time="0.00300000000000011" classname="count_patients_with_flags" name="s_count_patients_with_flags_custom_variable_label_behaviour_works"/>
    <testcase time="0.0190000000000019" classname="count_patients_with_flags" name="s_count_patients_with_flags_custom_variable_label_behaviour_works"/>
    <testcase time="0.0590000000000011" classname="count_patients_with_flags" name="count_patients_with_flags_works_as_expected"/>
    <testcase time="0.0599999999999987" classname="count_patients_with_flags" name="count_patients_with_flags_works_as_expected"/>
    <testcase time="0.0640000000000001" classname="count_patients_with_flags" name="count_patients_with_flags_works_as_expected_when_specifying_table_names"/>
    <testcase time="0.0539999999999985" classname="count_patients_with_flags" name="count_patients_with_flags_works_as_expected_when_specifying_table_names"/>
    <testcase time="0.0960000000000001" classname="count_patients_with_flags" name="count_patients_with_flags_works_with_label_row_specified"/>
    <testcase time="0.0660000000000025" classname="count_patients_with_flags" name="count_patients_with_flags_works_with_label_row_specified"/>
    <testcase time="0.0699999999999967" classname="count_patients_with_flags" name="count_patients_with_flags_custom_variable_label_behaviour_works_with_var_labels_specified"/>
    <testcase time="0.0600000000000023" classname="count_patients_with_flags" name="count_patients_with_flags_custom_variable_label_behaviour_works_with_var_labels_specified"/>
    <testcase time="0.0539999999999985" classname="count_patients_with_flags" name="count_patients_with_flags_custom_variable_label_behaviour_works_with_var_labels_specified"/>
    <testcase time="0.0740000000000016" classname="count_patients_with_flags" name="count_patients_with_flags_custom_variable_label_behaviour_works_with_var_labels_specified"/>
    <testcase time="0.0530000000000008" classname="count_patients_with_flags" name="count_patients_with_flags_custom_variable_label_behaviour_works_with_var_labels_specified"/>
    <testcase time="0.0700000000000003" classname="count_patients_with_flags" name="count_patients_with_flags_custom_variable_label_behaviour_works_with_var_labels_specified"/>
    <testcase time="0.0530000000000008" classname="count_patients_with_flags" name="count_patients_with_flags_custom_variable_label_behaviour_works_with_var_labels_specified"/>
    <testcase time="0.0599999999999987" classname="count_patients_with_flags" name="count_patients_with_flags_custom_variable_label_behaviour_works_with_var_labels_specified"/>
    <testcase time="0.0820000000000007" classname="count_patients_with_flags" name="count_patients_with_flags_works_as_expected_with_risk_difference_column"/>
    <testcase time="0.0599999999999987" classname="count_patients_with_flags" name="count_patients_with_flags_works_as_expected_with_risk_difference_column"/>
    <testcase time="0.0800000000000018" classname="count_patients_with_flags" name="count_patients_with_flags_works_as_expected_with_risk_difference_column"/>
    <testcase time="0.0659999999999989" classname="count_patients_with_flags" name="count_patients_with_flags_works_as_expected_with_risk_difference_column"/>
  </testsuite>
  <testsuite name="count_values" timestamp="2024-09-16T10:23:51Z" hostname="64234e8771a2" tests="24" skipped="0" failures="0" errors="0" time="0.448">
    <testcase time="0.00900000000000034" classname="count_values" name="s_count_values_works_for_character_input_without_NAs"/>
    <testcase time="0.0190000000000019" classname="count_values" name="s_count_values_works_for_character_input_without_NAs"/>
    <testcase time="0.000999999999997669" classname="count_values" name="s_count_values_works_for_character_input_without_NAs"/>
    <testcase time="0.0190000000000019" classname="count_values" name="s_count_values_works_for_character_input_without_NAs"/>
    <testcase time="0.00399999999999778" classname="count_values" name="s_count_values_works_for_character_input_with_NAs"/>
    <testcase time="0.0289999999999999" classname="count_values" name="s_count_values_works_for_character_input_with_NAs"/>
    <testcase time="0.00200000000000244" classname="count_values" name="s_count_values_works_for_character_input_with_NAs"/>
    <testcase time="0.0189999999999984" classname="count_values" name="s_count_values_works_for_character_input_with_NAs"/>
    <testcase time="0.00400000000000134" classname="count_values" name="s_count_values_can_pass_options_to_s_summary_s_logical_method"/>
    <testcase time="0.0189999999999984" classname="count_values" name="s_count_values_can_pass_options_to_s_summary_s_logical_method"/>
    <testcase time="0.00499999999999901" classname="count_values" name="s_count_values_for_factor_gives_same_result_as_for_character"/>
    <testcase time="0.0180000000000007" classname="count_values" name="s_count_values_for_factor_gives_same_result_as_for_character"/>
    <testcase time="0.00500000000000256" classname="count_values" name="s_count_values_for_factor_gives_the_same_result_as_for_character_for_values_not_in_factor_level"/>
    <testcase time="0.0189999999999984" classname="count_values" name="s_count_values_for_factor_gives_the_same_result_as_for_character_for_values_not_in_factor_level"/>
    <testcase time="0.027000000000001" classname="count_values" name="count_values_works_as_expected_with_a_single_value"/>
    <testcase time="0.0459999999999994" classname="count_values" name="count_values_works_as_expected_with_a_single_value"/>
    <testcase time="0.0380000000000003" classname="count_values" name="count_values_works_as_expected_with_multiple_values_and_variables"/>
    <testcase time="0.0440000000000005" classname="count_values" name="count_values_works_as_expected_with_multiple_values_and_variables"/>
    <testcase time="0.00499999999999901" classname="count_values" name="s_count_values_for_logical_vector"/>
    <testcase time="0.0189999999999984" classname="count_values" name="s_count_values_for_logical_vector"/>
    <testcase time="0.00500000000000256" classname="count_values" name="s_count_values_for_logical_vector_with_NA"/>
    <testcase time="0.0180000000000007" classname="count_values" name="s_count_values_for_logical_vector_with_NA"/>
    <testcase time="0.0350000000000001" classname="count_values" name="count_values_works_as_expected_with_multiple_values_and_variables"/>
    <testcase time="0.0389999999999979" classname="count_values" name="count_values_works_as_expected_with_multiple_values_and_variables"/>
  </testsuite>
  <testsuite name="coxph" timestamp="2024-09-16T10:23:52Z" hostname="64234e8771a2" tests="23" skipped="0" failures="0" errors="0" time="0.301">
    <testcase time="0.00900000000000034" classname="coxph" name="univariate_works_correctly"/>
    <testcase time="0.00100000000000122" classname="coxph" name="univariate_works_correctly"/>
    <testcase time="0.0189999999999984" classname="coxph" name="univariate_works_correctly"/>
    <testcase time="0.00700000000000145" classname="coxph" name="univariate_works_correctly"/>
    <testcase time="0.000999999999997669" classname="coxph" name="univariate_works_correctly"/>
    <testcase time="0.0180000000000007" classname="coxph" name="univariate_works_correctly"/>
    <testcase time="0.00499999999999901" classname="coxph" name="rht_works_correctly"/>
    <testcase time="0.00199999999999889" classname="coxph" name="rht_works_correctly"/>
    <testcase time="0.0190000000000019" classname="coxph" name="rht_works_correctly"/>
    <testcase time="0.0180000000000007" classname="coxph" name="estimate_coef_works_correctly"/>
    <testcase time="0.0180000000000007" classname="coxph" name="estimate_coef_works_correctly"/>
    <testcase time="0.00199999999999889" classname="coxph" name="estimate_coef_works_correctly"/>
    <testcase time="0.0299999999999976" classname="coxph" name="estimate_coef_works_correctly"/>
    <testcase time="0.0250000000000021" classname="coxph" name="try_car_anova_works_correctly"/>
    <testcase time="0.0180000000000007" classname="coxph" name="try_car_anova_works_correctly"/>
    <testcase time="0.00199999999999889" classname="coxph" name="try_car_anova_works_correctly"/>
    <testcase time="0.0189999999999984" classname="coxph" name="try_car_anova_works_correctly"/>
    <testcase time="0.00700000000000145" classname="coxph" name="check_formula_returns_correct_error"/>
    <testcase time="0.00799999999999912" classname="coxph" name="check_covariate_formulas_works_correctly"/>
    <testcase time="0.00600000000000023" classname="coxph" name="name_covariate_names_works_correctly"/>
    <testcase time="0.00800000000000267" classname="coxph" name="check_increments_gives_correct_warning"/>
    <testcase time="0.0289999999999999" classname="coxph" name="s_cox_multivariate_works_correctly_with_character_input"/>
    <testcase time="0.0299999999999976" classname="coxph" name="s_cox_multivariate_works_correctly_with_character_input"/>
  </testsuite>
  <testsuite name="coxreg" timestamp="2024-09-16T10:23:52Z" hostname="64234e8771a2" tests="74" skipped="0" failures="0" errors="0" time="1.11">
    <testcase time="0.0199999999999996" classname="coxreg" name="h_coxreg_univar_formulas_creates_formulas_with_covariate"/>
    <testcase time="0.0489999999999995" classname="coxreg" name="h_coxreg_univar_formulas_creates_formulas_with_covariate"/>
    <testcase time="0.00600000000000023" classname="coxreg" name="h_coxreg_univar_formulas_creates_formulas_with_strata"/>
    <testcase time="0.022000000000002" classname="coxreg" name="h_coxreg_univar_formulas_creates_formulas_with_strata"/>
    <testcase time="0.00499999999999901" classname="coxreg" name="h_coxreg_univar_formulas_creates_formula_for_reference_when_treatment_is_only_considered"/>
    <testcase time="0.0190000000000019" classname="coxreg" name="h_coxreg_univar_formulas_creates_formula_for_reference_when_treatment_is_only_considered"/>
    <testcase time="0.00399999999999778" classname="coxreg" name="h_coxreg_univar_formulas_creates_formulas_with_interactions"/>
    <testcase time="0.0190000000000019" classname="coxreg" name="h_coxreg_univar_formulas_creates_formulas_with_interactions"/>
    <testcase time="0.00499999999999901" classname="coxreg" name="h_coxreg_univar_formulas_creates_formula_without_treatment_arm"/>
    <testcase time="0.0180000000000007" classname="coxreg" name="h_coxreg_univar_formulas_creates_formula_without_treatment_arm"/>
    <testcase time="0.00800000000000267" classname="coxreg" name="h_coxreg_univar_formulas_fails_when_requesting_interaction_without_treatment_arm"/>
    <testcase time="0.0069999999999979" classname="coxreg" name="h_coxreg_univar_formulas_fails_when_requesting_interaction_without_covariates"/>
    <testcase time="0.00500000000000256" classname="coxreg" name="h_coxreg_univar_formulas_creates_formulas_with_multiple_strata"/>
    <testcase time="0.0189999999999984" classname="coxreg" name="h_coxreg_univar_formulas_creates_formulas_with_multiple_strata"/>
    <testcase time="0.0199999999999996" classname="coxreg" name="h_coxreg_multivar_extract_extracts_correct_coxph_results_when_covariate_names_overlap"/>
    <testcase time="0.0309999999999988" classname="coxreg" name="h_coxreg_multivar_extract_extracts_correct_coxph_results_when_covariate_names_overlap"/>
    <testcase time="0.0150000000000006" classname="coxreg" name="h_coxreg_multivar_extract_extracts_correct_coxph_results_when_covariate_is_a_factor"/>
    <testcase time="0.0199999999999996" classname="coxreg" name="h_coxreg_multivar_extract_extracts_correct_coxph_results_when_covariate_is_a_factor"/>
    <testcase time="0.00500000000000256" classname="coxreg" name="h_coxreg_multivar_formula_creates_formula_without_covariate"/>
    <testcase time="0.0189999999999984" classname="coxreg" name="h_coxreg_multivar_formula_creates_formula_without_covariate"/>
    <testcase time="0.00499999999999901" classname="coxreg" name="h_coxreg_multivar_formula_creates_formulas_with_a_strata"/>
    <testcase time="0.0180000000000007" classname="coxreg" name="h_coxreg_multivar_formula_creates_formulas_with_a_strata"/>
    <testcase time="0.00500000000000256" classname="coxreg" name="h_coxreg_multivar_formula_creates_formulas_with_multiple_strata"/>
    <testcase time="0.0189999999999984" classname="coxreg" name="h_coxreg_multivar_formula_creates_formulas_with_multiple_strata"/>
    <testcase time="0.00499999999999901" classname="coxreg" name="h_coxreg_multivar_formula_creates_formula_with_covariate"/>
    <testcase time="0.0190000000000019" classname="coxreg" name="h_coxreg_multivar_formula_creates_formula_with_covariate"/>
    <testcase time="0.00399999999999778" classname="coxreg" name="h_coxreg_multivar_formula_creates_formula_without_treatment_arm"/>
    <testcase time="0.0259999999999998" classname="coxreg" name="h_coxreg_multivar_formula_creates_formula_without_treatment_arm"/>
    <testcase time="0.00600000000000023" classname="coxreg" name="h_coxreg_multivar_formula_creates_formulas_with_multiple_strata_and_without_arm"/>
    <testcase time="0.0229999999999997" classname="coxreg" name="h_coxreg_multivar_formula_creates_formulas_with_multiple_strata_and_without_arm"/>
    <testcase time="0.00500000000000256" classname="coxreg" name="control_coxreg_returns_a_standard_list_of_parameters"/>
    <testcase time="0.0189999999999984" classname="coxreg" name="control_coxreg_returns_a_standard_list_of_parameters"/>
    <testcase time="0.0160000000000018" classname="coxreg" name="fit_coxreg_univar_returns_model_results_as_expected"/>
    <testcase time="0.0239999999999974" classname="coxreg" name="fit_coxreg_univar_returns_model_results_as_expected"/>
    <testcase time="0.0140000000000029" classname="coxreg" name="fit_coxreg_univar_runs_with_non_represented_level_of_a_factor"/>
    <testcase time="0.00900000000000034" classname="coxreg" name="fit_coxreg_univar_is_stopped_when_there_are_not_2_arms"/>
    <testcase time="0.00799999999999912" classname="coxreg" name="fit_coxreg_univar_is_stopped_when_likelihood_method_is_used_together_with_strata"/>
    <testcase time="0.00900000000000034" classname="coxreg" name="fit_coxreg_univar_works_without_treatment_arm"/>
    <testcase time="0.00199999999999889" classname="coxreg" name="fit_coxreg_univar_works_without_treatment_arm"/>
    <testcase time="0.0189999999999984" classname="coxreg" name="fit_coxreg_univar_works_without_treatment_arm"/>
    <testcase time="0.00800000000000267" classname="coxreg" name="tidy.summary.coxph_method_tidies_up_the_Cox_regression_model"/>
    <testcase time="0.0259999999999998" classname="coxreg" name="tidy.summary.coxph_method_tidies_up_the_Cox_regression_model"/>
    <testcase time="0.0129999999999981" classname="coxreg" name="h_coxreg_univar_extract_extracts_coxph_results"/>
    <testcase time="0.0240000000000009" classname="coxreg" name="h_coxreg_univar_extract_extracts_coxph_results"/>
    <testcase time="0.0229999999999997" classname="coxreg" name="muffled_car_anova_muffles_notes_about_dropped_strata_term"/>
    <testcase time="0.0100000000000016" classname="coxreg" name="muffled_car_anova_muffles_notes_about_dropped_strata_term"/>
    <testcase time="0.0199999999999996" classname="coxreg" name="muffled_car_anova_gives_a_hint_in_the_error_message_when_an_error_occurs"/>
    <testcase time="0.0380000000000003" classname="coxreg" name="tidy.coxreg.univar_method_tidies_up_the_univariate_Cox_regression_model"/>
    <testcase time="0.0209999999999972" classname="coxreg" name="tidy.coxreg.univar_method_tidies_up_the_univariate_Cox_regression_model"/>
    <testcase time="0.0240000000000009" classname="coxreg" name="tidy.coxreg.univar_method_works_with_only_numeric_covariates_with_strata"/>
    <testcase time="0.0210000000000008" classname="coxreg" name="tidy.coxreg.univar_method_works_with_only_numeric_covariates_with_strata"/>
    <testcase time="0.0380000000000003" classname="coxreg" name="tidy.coxreg.univar_method_works_without_treatment_arm"/>
    <testcase time="0.00300000000000011" classname="coxreg" name="tidy.coxreg.univar_method_works_without_treatment_arm"/>
    <testcase time="0.0219999999999985" classname="coxreg" name="tidy.coxreg.univar_method_works_without_treatment_arm"/>
    <testcase time="0.0180000000000007" classname="coxreg" name="h_coxreg_extract_interaction_works_with_factor_as_covariate"/>
    <testcase time="0.00499999999999901" classname="coxreg" name="h_coxreg_extract_interaction_works_with_factor_as_covariate"/>
    <testcase time="0.0140000000000029" classname="coxreg" name="h_coxreg_inter_effect_works_with_numerics_as_covariate"/>
    <testcase time="0.00300000000000011" classname="coxreg" name="h_coxreg_inter_effect_works_with_numerics_as_covariate"/>
    <testcase time="0.00600000000000023" classname="coxreg" name="h_coxreg_inter_effect_works_with_numerics_as_covariate"/>
    <testcase time="0.014999999999997" classname="coxreg" name="h_coxreg_inter_effect.numerics_works_with_____in_effect_levels"/>
    <testcase time="0.0110000000000028" classname="coxreg" name="h_coxreg_inter_effect.numerics_works_with_____in_effect_levels"/>
    <testcase time="0.00600000000000023" classname="coxreg" name="h_coxreg_inter_effect.numerics_works_with_____in_effect_levels"/>
    <testcase time="0.0169999999999995" classname="coxreg" name="h_coxreg_inter_effect_works_with_character_covariate"/>
    <testcase time="0.00399999999999778" classname="coxreg" name="h_coxreg_inter_effect_works_with_character_covariate"/>
    <testcase time="0.00900000000000034" classname="coxreg" name="h_coxreg_inter_effect_works_with_character_covariate"/>
    <testcase time="0.0120000000000005" classname="coxreg" name="h_coxreg_inter_estimations_results_identical_to_soon_deprecated_estimate_coef"/>
    <testcase time="0.0139999999999993" classname="coxreg" name="fit_coxreg_multivar_returns_model_results_as_expected"/>
    <testcase time="0.0300000000000011" classname="coxreg" name="fit_coxreg_multivar_returns_model_results_as_expected"/>
    <testcase time="0.0109999999999992" classname="coxreg" name="fit_coxreg_multivar_is_stopped_when_likelihood_method_is_used_together_with_strata"/>
    <testcase time="0.0130000000000017" classname="coxreg" name="fit_coxreg_multivar_works_correctly_also_without_treatment_arm"/>
    <testcase time="0.00199999999999889" classname="coxreg" name="fit_coxreg_multivar_works_correctly_also_without_treatment_arm"/>
    <testcase time="0.00400000000000134" classname="coxreg" name="fit_coxreg_multivar_works_correctly_also_without_treatment_arm"/>
    <testcase time="0.0329999999999977" classname="coxreg" name="tidy.coxreg.multivar_method_tidies_up_the_multivariate_Cox_regression_model"/>
    <testcase time="0.0210000000000008" classname="coxreg" name="tidy.coxreg.multivar_method_tidies_up_the_multivariate_Cox_regression_model"/>
  </testsuite>
  <testsuite name="decorate_grob" timestamp="2024-09-16T10:23:53Z" hostname="64234e8771a2" tests="15" skipped="1" failures="0" errors="0" time="0.738">
    <testcase time="0.0199999999999996" classname="decorate_grob" name="decorate_grob_returns_no_warnings_when_creating_an_empty_plot"/>
    <testcase time="0.0190000000000019" classname="decorate_grob" name="decorate_grob_returns_no_warnings_when_creating_a_non_empty_plot"/>
    <testcase time="0.0229999999999997" classname="decorate_grob" name="split_string_works_with_default_settings"/>
    <testcase time="0.0219999999999985" classname="decorate_grob" name="decorate_grob_factory_returns_page_warning_correctly"/>
    <testcase time="0.501000000000001" classname="decorate_grob" name="decorate_grob_set_returns_no_warnings_when_creating_a_non_empty_plot"/>
    <testcase time="0.0530000000000008" classname="decorate_grob" name="decorate_grob_set_returns_no_warnings_when_creating_a_non_empty_plot"/>
    <testcase time="0.0489999999999995" classname="decorate_grob" name="text_wrapping_works_as_expected"/>
    <testcase time="0.000999999999997669" classname="decorate_grob" name="text_wrapping_works_as_expected">
      <skipped message="Reason: On CI ('test-decorate_grob.R:124:3')"/>
    </testcase>
    <testcase time="0.0130000000000017" classname="decorate_grob" name="Edge_cases_work_for_titles_and_footers_in_split_text_grob"/>
    <testcase time="0.00199999999999889" classname="decorate_grob" name="Edge_cases_work_for_titles_and_footers_in_split_text_grob"/>
    <testcase time="0.00200000000000244" classname="decorate_grob" name="Edge_cases_work_for_titles_and_footers_in_split_text_grob"/>
    <testcase time="0.000999999999997669" classname="decorate_grob" name="Edge_cases_work_for_titles_and_footers_in_split_text_grob"/>
    <testcase time="0.00199999999999889" classname="decorate_grob" name="Edge_cases_work_for_titles_and_footers_in_split_text_grob"/>
    <testcase time="0.027000000000001" classname="decorate_grob" name="Wrapping_works_consistently"/>
    <testcase time="0.00300000000000011" classname="decorate_grob" name="Wrapping_works_consistently"/>
  </testsuite>
  <testsuite name="desctools_binom_diff" timestamp="2024-09-16T10:23:54Z" hostname="64234e8771a2" tests="10" skipped="0" failures="0" errors="0" time="0.192">
    <testcase time="0.0100000000000016" classname="desctools_binom_diff" name="desctools_binom_produces_correct_output"/>
    <testcase time="0.0199999999999996" classname="desctools_binom_diff" name="desctools_binom_produces_correct_output"/>
    <testcase time="0.00999999999999801" classname="desctools_binom_diff" name="desctools_binom_produces_correct_output_for_all_methods"/>
    <testcase time="0.0190000000000019" classname="desctools_binom_diff" name="desctools_binom_produces_correct_output_for_all_methods"/>
    <testcase time="0.00499999999999901" classname="desctools_binom_diff" name="desctools_binomci_produces_correct_output_with_default_settings"/>
    <testcase time="0.0190000000000019" classname="desctools_binom_diff" name="desctools_binomci_produces_correct_output_with_default_settings"/>
    <testcase time="0.00499999999999901" classname="desctools_binom_diff" name="desctools_binomci_produces_correct_output_with_custom_settings"/>
    <testcase time="0.0189999999999984" classname="desctools_binom_diff" name="desctools_binomci_produces_correct_output_with_custom_settings"/>
    <testcase time="0.0650000000000013" classname="desctools_binom_diff" name="desctools_binomci_produces_correct_output_for_all_methods"/>
    <testcase time="0.0199999999999996" classname="desctools_binom_diff" name="desctools_binomci_produces_correct_output_for_all_methods"/>
  </testsuite>
  <testsuite name="df_explicit_na" timestamp="2024-09-16T10:23:54Z" hostname="64234e8771a2" tests="19" skipped="0" failures="0" errors="0" time="0.197">
    <testcase time="0.0109999999999992" classname="df_explicit_na" name="Default_fill_in_of_missing_values_and_conversion_to_factor_works_as_expected"/>
    <testcase time="0.0199999999999996" classname="df_explicit_na" name="Default_fill_in_of_missing_values_and_conversion_to_factor_works_as_expected"/>
    <testcase time="0.00200000000000244" classname="df_explicit_na" name="Default_fill_in_of_missing_values_and_conversion_to_factor_works_as_expected"/>
    <testcase time="0.0189999999999984" classname="df_explicit_na" name="Default_fill_in_of_missing_values_and_conversion_to_factor_works_as_expected"/>
    <testcase time="0.00600000000000023" classname="df_explicit_na" name="Default_settings_work_when_input_data_does_not_have_labels"/>
    <testcase time="0.0280000000000022" classname="df_explicit_na" name="Default_settings_work_when_input_data_does_not_have_labels"/>
    <testcase time="0.0069999999999979" classname="df_explicit_na" name="Only_replace_missing_values_without_modifying_character_or_logical_variables"/>
    <testcase time="0.0199999999999996" classname="df_explicit_na" name="Only_replace_missing_values_without_modifying_character_or_logical_variables"/>
    <testcase time="0.00600000000000023" classname="df_explicit_na" name="Conversion_to_factor_works_with_some_variables_omitted"/>
    <testcase time="0.0190000000000019" classname="df_explicit_na" name="Conversion_to_factor_works_with_some_variables_omitted"/>
    <testcase time="0.00600000000000023" classname="df_explicit_na" name="Only_convert_logical_variables_but_not_character_variables"/>
    <testcase time="0.0199999999999996" classname="df_explicit_na" name="Only_convert_logical_variables_but_not_character_variables"/>
    <testcase time="0.0069999999999979" classname="df_explicit_na" name="Check_Errors"/>
    <testcase time="0.00500000000000256" classname="df_explicit_na" name="Check_Errors"/>
    <testcase time="0.00499999999999901" classname="df_explicit_na" name="Check_Errors"/>
    <testcase time="0.00399999999999778" classname="df_explicit_na" name="Check_Errors"/>
    <testcase time="0.00500000000000256" classname="df_explicit_na" name="Check_Errors"/>
    <testcase time="0.00499999999999901" classname="df_explicit_na" name="df_explicit_na_just_returns_unmodified_data_if_all_columns_are_omitted"/>
    <testcase time="0.00199999999999889" classname="df_explicit_na" name="df_explicit_na_just_returns_unmodified_data_if_all_columns_are_omitted"/>
  </testsuite>
  <testsuite name="estimate_incidence_rate" timestamp="2024-09-16T10:23:54Z" hostname="64234e8771a2" tests="22" skipped="0" failures="0" errors="0" time="0.439">
    <testcase time="0.00900000000000034" classname="estimate_incidence_rate" name="control_incidence_rate_works_with_customized_parameters"/>
    <testcase time="0.0289999999999999" classname="estimate_incidence_rate" name="control_incidence_rate_works_with_customized_parameters"/>
    <testcase time="0.00900000000000034" classname="estimate_incidence_rate" name="control_incidence_rate_fails_with_wrong_input"/>
    <testcase time="0.00499999999999901" classname="estimate_incidence_rate" name="control_incidence_rate_fails_with_wrong_input"/>
    <testcase time="0.00400000000000134" classname="estimate_incidence_rate" name="control_incidence_rate_fails_with_wrong_input"/>
    <testcase time="0.00499999999999901" classname="estimate_incidence_rate" name="control_incidence_rate_fails_with_wrong_input"/>
    <testcase time="0.00400000000000134" classname="estimate_incidence_rate" name="h_incidence_rate_normal_works_as_expected_with_healthy_input"/>
    <testcase time="0.0189999999999984" classname="estimate_incidence_rate" name="h_incidence_rate_normal_works_as_expected_with_healthy_input"/>
    <testcase time="0.00500000000000256" classname="estimate_incidence_rate" name="h_incidence_rate_normal_log_works_as_expected_with_healthy_input"/>
    <testcase time="0.0189999999999984" classname="estimate_incidence_rate" name="h_incidence_rate_normal_log_works_as_expected_with_healthy_input"/>
    <testcase time="0.00499999999999901" classname="estimate_incidence_rate" name="h_incidence_rate_exact_works_as_expected_with_healthy_input"/>
    <testcase time="0.0190000000000019" classname="estimate_incidence_rate" name="h_incidence_rate_exact_works_as_expected_with_healthy_input"/>
    <testcase time="0.00499999999999901" classname="estimate_incidence_rate" name="h_incidence_rate_byar_works_as_expected_with_healthy_input"/>
    <testcase time="0.0190000000000019" classname="estimate_incidence_rate" name="h_incidence_rate_byar_works_as_expected_with_healthy_input"/>
    <testcase time="0.00499999999999901" classname="estimate_incidence_rate" name="h_incidence_rate_works_as_expected_with_healthy_input"/>
    <testcase time="0.0279999999999987" classname="estimate_incidence_rate" name="h_incidence_rate_works_as_expected_with_healthy_input"/>
    <testcase time="0.00800000000000267" classname="estimate_incidence_rate" name="s_incidence_rate_works_as_expected_with_healthy_input"/>
    <testcase time="0.0199999999999996" classname="estimate_incidence_rate" name="s_incidence_rate_works_as_expected_with_healthy_input"/>
    <testcase time="0.0629999999999988" classname="estimate_incidence_rate" name="estimate_incidence_rate_works_as_expected_with_healthy_input"/>
    <testcase time="0.0640000000000001" classname="estimate_incidence_rate" name="estimate_incidence_rate_works_as_expected_with_healthy_input"/>
    <testcase time="0.0450000000000017" classname="estimate_incidence_rate" name="estimate_incidence_rate_n_rate_statistic_works_as_expected"/>
    <testcase time="0.0499999999999972" classname="estimate_incidence_rate" name="estimate_incidence_rate_n_rate_statistic_works_as_expected"/>
  </testsuite>
  <testsuite name="estimate_multinom_rsp" timestamp="2024-09-16T10:23:55Z" hostname="64234e8771a2" tests="10" skipped="0" failures="0" errors="0" time="0.234">
    <testcase time="0.00900000000000034" classname="estimate_multinom_rsp" name="d_onco_rsp_label_provide_right_response_labels"/>
    <testcase time="0.0300000000000011" classname="estimate_multinom_rsp" name="d_onco_rsp_label_provide_right_response_labels"/>
    <testcase time="0.00499999999999901" classname="estimate_multinom_rsp" name="d_onco_rsp_label_describe_label_with_x_being_a_factor"/>
    <testcase time="0.0190000000000019" classname="estimate_multinom_rsp" name="d_onco_rsp_label_describe_label_with_x_being_a_factor"/>
    <testcase time="0.0069999999999979" classname="estimate_multinom_rsp" name="s_length_proportion_works_as_expected_with_healthy_input"/>
    <testcase time="0.00700000000000145" classname="estimate_multinom_rsp" name="s_length_proportion_fails_with_bad_input"/>
    <testcase time="0.00499999999999901" classname="estimate_multinom_rsp" name="s_length_proportion_fails_with_bad_input"/>
    <testcase time="0.00400000000000134" classname="estimate_multinom_rsp" name="s_length_proportion_fails_with_bad_input"/>
    <testcase time="0.0879999999999974" classname="estimate_multinom_rsp" name="estimate_multinomial_response_returns_right_result"/>
    <testcase time="0.0600000000000023" classname="estimate_multinom_rsp" name="estimate_multinomial_response_returns_right_result"/>
  </testsuite>
  <testsuite name="estimate_proportion" timestamp="2024-09-16T10:23:55Z" hostname="64234e8771a2" tests="41" skipped="0" failures="0" errors="0" time="0.8">
    <testcase time="0.0109999999999992" classname="estimate_proportion" name="prop_wilson_returns_right_result"/>
    <testcase time="0.0190000000000019" classname="estimate_proportion" name="prop_wilson_returns_right_result"/>
    <testcase time="0.00499999999999901" classname="estimate_proportion" name="strata_normal_quantile_works_with_general_factor_table"/>
    <testcase time="0.0189999999999984" classname="estimate_proportion" name="strata_normal_quantile_works_with_general_factor_table"/>
    <testcase time="0.00500000000000256" classname="estimate_proportion" name="update_weights_strat_wilson_works_with_general_inputs"/>
    <testcase time="0.0299999999999976" classname="estimate_proportion" name="update_weights_strat_wilson_works_with_general_inputs"/>
    <testcase time="0.00600000000000023" classname="estimate_proportion" name="update_weights_strat_wilson_convergence_test"/>
    <testcase time="0.0190000000000019" classname="estimate_proportion" name="update_weights_strat_wilson_convergence_test"/>
    <testcase time="0.00499999999999901" classname="estimate_proportion" name="update_weights_strat_wilson_convergence_test"/>
    <testcase time="0.00600000000000023" classname="estimate_proportion" name="prop_strat_wilson_returns_right_results"/>
    <testcase time="0.0189999999999984" classname="estimate_proportion" name="prop_strat_wilson_returns_right_results"/>
    <testcase time="0.00600000000000023" classname="estimate_proportion" name="prop_strat_wilson_returns_right_result_with_inserted_weights"/>
    <testcase time="0.0190000000000019" classname="estimate_proportion" name="prop_strat_wilson_returns_right_result_with_inserted_weights"/>
    <testcase time="0.00499999999999901" classname="estimate_proportion" name="prop_clopper_pearson_returns_right_result"/>
    <testcase time="0.0189999999999984" classname="estimate_proportion" name="prop_clopper_pearson_returns_right_result"/>
    <testcase time="0.00500000000000256" classname="estimate_proportion" name="prop_wald_returns_right_result"/>
    <testcase time="0.0279999999999987" classname="estimate_proportion" name="prop_wald_returns_right_result"/>
    <testcase time="0.00199999999999889" classname="estimate_proportion" name="prop_wald_returns_right_result"/>
    <testcase time="0.0219999999999985" classname="estimate_proportion" name="prop_wald_returns_right_result"/>
    <testcase time="0.00400000000000134" classname="estimate_proportion" name="prop_agresti_coull_returns_right_result"/>
    <testcase time="0.0190000000000019" classname="estimate_proportion" name="prop_agresti_coull_returns_right_result"/>
    <testcase time="0.00499999999999901" classname="estimate_proportion" name="prop_jeffreys_returns_right_result"/>
    <testcase time="0.0180000000000007" classname="estimate_proportion" name="prop_jeffreys_returns_right_result"/>
    <testcase time="0.00600000000000023" classname="estimate_proportion" name="prop_strat_wilson_output_matches_equivalent_SAS_function_output"/>
    <testcase time="0.0190000000000019" classname="estimate_proportion" name="prop_strat_wilson_output_matches_equivalent_SAS_function_output"/>
    <testcase time="0.00499999999999901" classname="estimate_proportion" name="s_proportion_returns_right_result"/>
    <testcase time="0.0189999999999984" classname="estimate_proportion" name="s_proportion_returns_right_result"/>
    <testcase time="0.00500000000000256" classname="estimate_proportion" name="_s_proportion_works_with_Jeffreys_CI"/>
    <testcase time="0.0289999999999999" classname="estimate_proportion" name="_s_proportion_works_with_Jeffreys_CI"/>
    <testcase time="0.00199999999999889" classname="estimate_proportion" name="_s_proportion_works_with_Jeffreys_CI"/>
    <testcase time="0.0190000000000019" classname="estimate_proportion" name="_s_proportion_works_with_Jeffreys_CI"/>
    <testcase time="0.00499999999999901" classname="estimate_proportion" name="_s_proportion_works_with_Agresti_Coull_CI"/>
    <testcase time="0.0189999999999984" classname="estimate_proportion" name="_s_proportion_works_with_Agresti_Coull_CI"/>
    <testcase time="0.00100000000000122" classname="estimate_proportion" name="_s_proportion_works_with_Agresti_Coull_CI"/>
    <testcase time="0.0189999999999984" classname="estimate_proportion" name="_s_proportion_works_with_Agresti_Coull_CI"/>
    <testcase time="0.128" classname="estimate_proportion" name="_estimate_proportion_is_compatible_with_rtables_"/>
    <testcase time="0.0200000000000031" classname="estimate_proportion" name="_estimate_proportion_is_compatible_with_rtables_"/>
    <testcase time="0.0899999999999999" classname="estimate_proportion" name="_estimate_proportion_and_strat_wilson_is_compatible_with_rtables_"/>
    <testcase time="0.0229999999999997" classname="estimate_proportion" name="_estimate_proportion_and_strat_wilson_is_compatible_with_rtables_"/>
    <testcase time="0.0749999999999993" classname="estimate_proportion" name="_estimate_proportion_and_strat_wilson_with_equal_weights_and_specific_number_of_interactions_works_with_rtables_"/>
    <testcase time="0.0199999999999996" classname="estimate_proportion" name="_estimate_proportion_and_strat_wilson_with_equal_weights_and_specific_number_of_interactions_works_with_rtables_"/>
  </testsuite>
  <testsuite name="fit_rsp_step" timestamp="2024-09-16T10:23:56Z" hostname="64234e8771a2" tests="22" skipped="0" failures="0" errors="0" time="0.438">
    <testcase time="0.177" classname="fit_rsp_step" name="fit_rsp_step_works_as_expected_with_default_options"/>
    <testcase time="0.00100000000000122" classname="fit_rsp_step" name="fit_rsp_step_works_as_expected_with_default_options"/>
    <testcase time="0.00300000000000011" classname="fit_rsp_step" name="fit_rsp_step_works_as_expected_with_default_options"/>
    <testcase time="0.0239999999999974" classname="fit_rsp_step" name="fit_rsp_step_works_as_expected_with_default_options"/>
    <testcase time="0.00200000000000244" classname="fit_rsp_step" name="fit_rsp_step_works_as_expected_with_default_options"/>
    <testcase time="0.0189999999999984" classname="fit_rsp_step" name="fit_rsp_step_works_as_expected_with_default_options"/>
    <testcase time="0.022000000000002" classname="fit_rsp_step" name="fit_rsp_step_works_as_expected_with_global_model_fit"/>
    <testcase time="0.000999999999997669" classname="fit_rsp_step" name="fit_rsp_step_works_as_expected_with_global_model_fit"/>
    <testcase time="0.00200000000000244" classname="fit_rsp_step" name="fit_rsp_step_works_as_expected_with_global_model_fit"/>
    <testcase time="0.0189999999999984" classname="fit_rsp_step" name="fit_rsp_step_works_as_expected_with_global_model_fit"/>
    <testcase time="0.00199999999999889" classname="fit_rsp_step" name="fit_rsp_step_works_as_expected_with_global_model_fit"/>
    <testcase time="0.0190000000000019" classname="fit_rsp_step" name="fit_rsp_step_works_as_expected_with_global_model_fit"/>
    <testcase time="0.0199999999999996" classname="fit_rsp_step" name="fit_rsp_step_works_as_expected_with_strata"/>
    <testcase time="0.00100000000000122" classname="fit_rsp_step" name="fit_rsp_step_works_as_expected_with_strata"/>
    <testcase time="0.00199999999999889" classname="fit_rsp_step" name="fit_rsp_step_works_as_expected_with_strata"/>
    <testcase time="0.0300000000000011" classname="fit_rsp_step" name="fit_rsp_step_works_as_expected_with_strata"/>
    <testcase time="0.00199999999999889" classname="fit_rsp_step" name="fit_rsp_step_works_as_expected_with_strata"/>
    <testcase time="0.0199999999999996" classname="fit_rsp_step" name="fit_rsp_step_works_as_expected_with_strata"/>
    <testcase time="0.0650000000000013" classname="fit_rsp_step" name="fit_rsp_step_works_as_expected_with_null_bandwidth"/>
    <testcase time="0.000999999999997669" classname="fit_rsp_step" name="fit_rsp_step_works_as_expected_with_null_bandwidth"/>
    <testcase time="0.00300000000000011" classname="fit_rsp_step" name="fit_rsp_step_works_as_expected_with_null_bandwidth"/>
    <testcase time="0.00300000000000011" classname="fit_rsp_step" name="fit_rsp_step_works_as_expected_with_null_bandwidth"/>
  </testsuite>
  <testsuite name="fit_survival_step" timestamp="2024-09-16T10:23:56Z" hostname="64234e8771a2" tests="18" skipped="0" failures="0" errors="0" time="0.419">
    <testcase time="0.177" classname="fit_survival_step" name="fit_survival_step_works_as_expected_with_default_options"/>
    <testcase time="0.00100000000000122" classname="fit_survival_step" name="fit_survival_step_works_as_expected_with_default_options"/>
    <testcase time="0.00199999999999889" classname="fit_survival_step" name="fit_survival_step_works_as_expected_with_default_options"/>
    <testcase time="0.0310000000000024" classname="fit_survival_step" name="fit_survival_step_works_as_expected_with_default_options"/>
    <testcase time="0.00199999999999889" classname="fit_survival_step" name="fit_survival_step_works_as_expected_with_default_options"/>
    <testcase time="0.0189999999999984" classname="fit_survival_step" name="fit_survival_step_works_as_expected_with_default_options"/>
    <testcase time="0.022000000000002" classname="fit_survival_step" name="fit_survival_step_works_as_expected_with_global_model_fit"/>
    <testcase time="0.000999999999997669" classname="fit_survival_step" name="fit_survival_step_works_as_expected_with_global_model_fit"/>
    <testcase time="0.00100000000000122" classname="fit_survival_step" name="fit_survival_step_works_as_expected_with_global_model_fit"/>
    <testcase time="0.0189999999999984" classname="fit_survival_step" name="fit_survival_step_works_as_expected_with_global_model_fit"/>
    <testcase time="0.00100000000000122" classname="fit_survival_step" name="fit_survival_step_works_as_expected_with_global_model_fit"/>
    <testcase time="0.0189999999999984" classname="fit_survival_step" name="fit_survival_step_works_as_expected_with_global_model_fit"/>
    <testcase time="0.0810000000000031" classname="fit_survival_step" name="fit_survival_step_works_as_expected_with_null_bandwidth"/>
    <testcase time="0.000999999999997669" classname="fit_survival_step" name="fit_survival_step_works_as_expected_with_null_bandwidth"/>
    <testcase time="0.00100000000000122" classname="fit_survival_step" name="fit_survival_step_works_as_expected_with_null_bandwidth"/>
    <testcase time="0.0199999999999996" classname="fit_survival_step" name="fit_survival_step_works_as_expected_with_null_bandwidth"/>
    <testcase time="0.00199999999999889" classname="fit_survival_step" name="fit_survival_step_works_as_expected_with_null_bandwidth"/>
    <testcase time="0.0190000000000019" classname="fit_survival_step" name="fit_survival_step_works_as_expected_with_null_bandwidth"/>
  </testsuite>
  <testsuite name="formatting_functions" timestamp="2024-09-16T10:23:57Z" hostname="64234e8771a2" tests="58" skipped="0" failures="0" errors="0" time="0.772">
    <testcase time="0.00999999999999801" classname="formatting_functions" name="format_fraction_works_with_healthy_inputs"/>
    <testcase time="0.0199999999999996" classname="formatting_functions" name="format_fraction_works_with_healthy_inputs"/>
    <testcase time="0.00400000000000134" classname="formatting_functions" name="format_fraction_works_with_0_numerator_input"/>
    <testcase time="0.0199999999999996" classname="formatting_functions" name="format_fraction_works_with_0_numerator_input"/>
    <testcase time="0.00500000000000256" classname="formatting_functions" name="format_fraction_fixed_dp_works_with_healthy_inputs"/>
    <testcase time="0.0309999999999988" classname="formatting_functions" name="format_fraction_fixed_dp_works_with_healthy_inputs"/>
    <testcase time="0.00499999999999901" classname="formatting_functions" name="format_fraction_fixed_dp_works_with_whole_number_percentages"/>
    <testcase time="0.0190000000000019" classname="formatting_functions" name="format_fraction_fixed_dp_works_with_whole_number_percentages"/>
    <testcase time="0.00499999999999901" classname="formatting_functions" name="format_fraction_fixed_dp_works_with_0_numerator_input"/>
    <testcase time="0.0189999999999984" classname="formatting_functions" name="format_fraction_fixed_dp_works_with_0_numerator_input"/>
    <testcase time="0.00500000000000256" classname="formatting_functions" name="format_count_fraction_works_with_healthy_inputs"/>
    <testcase time="0.0199999999999996" classname="formatting_functions" name="format_count_fraction_works_with_healthy_inputs"/>
    <testcase time="0.00600000000000023" classname="formatting_functions" name="format_count_fraction_works_with_count_of_0"/>
    <testcase time="0.0189999999999984" classname="formatting_functions" name="format_count_fraction_works_with_count_of_0"/>
    <testcase time="0.00600000000000023" classname="formatting_functions" name="format_count_fraction_works_with_NA_input"/>
    <testcase time="0.00499999999999901" classname="formatting_functions" name="format_count_fraction_fixed_dp_works_with_healthy_inputs"/>
    <testcase time="0.0280000000000022" classname="formatting_functions" name="format_count_fraction_fixed_dp_works_with_healthy_inputs"/>
    <testcase time="0.00499999999999901" classname="formatting_functions" name="format_count_fraction_fixed_dp_works_with_healthy_inputs"/>
    <testcase time="0.0210000000000008" classname="formatting_functions" name="format_count_fraction_fixed_dp_works_with_healthy_inputs"/>
    <testcase time="0.00499999999999901" classname="formatting_functions" name="format_count_fraction_fixed_dp_works_with_count_of_0"/>
    <testcase time="0.0190000000000019" classname="formatting_functions" name="format_count_fraction_fixed_dp_works_with_count_of_0"/>
    <testcase time="0.00499999999999901" classname="formatting_functions" name="format_count_fraction_lt10_works_with_healthy_inputs"/>
    <testcase time="0.0189999999999984" classname="formatting_functions" name="format_count_fraction_lt10_works_with_healthy_inputs"/>
    <testcase time="0.00400000000000134" classname="formatting_functions" name="format_count_fraction_lt10_works_with_count_less_than_10"/>
    <testcase time="0.0189999999999984" classname="formatting_functions" name="format_count_fraction_lt10_works_with_count_less_than_10"/>
    <testcase time="0.00600000000000023" classname="formatting_functions" name="format_count_fraction_lt10_works_with_NA_input"/>
    <testcase time="0.00800000000000267" classname="formatting_functions" name="format_fraction_fails_with_bad_inputs"/>
    <testcase time="0.00499999999999901" classname="formatting_functions" name="format_fraction_fails_with_bad_inputs"/>
    <testcase time="0.00499999999999901" classname="formatting_functions" name="format_xx_works_with_easy_inputs"/>
    <testcase time="0.0279999999999987" classname="formatting_functions" name="format_xx_works_with_easy_inputs"/>
    <testcase time="0.00600000000000023" classname="formatting_functions" name="format_sigfig_works_with_easy_inputs"/>
    <testcase time="0.0210000000000008" classname="formatting_functions" name="format_sigfig_works_with_easy_inputs"/>
    <testcase time="0.00499999999999901" classname="formatting_functions" name="format_sigfig_works_with_different_format_types"/>
    <testcase time="0.0190000000000019" classname="formatting_functions" name="format_sigfig_works_with_different_format_types"/>
    <testcase time="0.00199999999999889" classname="formatting_functions" name="format_sigfig_works_with_different_format_types"/>
    <testcase time="0.0190000000000019" classname="formatting_functions" name="format_sigfig_works_with_different_format_types"/>
    <testcase time="0.00399999999999778" classname="formatting_functions" name="format_fraction_threshold_works_with_easy_inputs"/>
    <testcase time="0.0199999999999996" classname="formatting_functions" name="format_fraction_threshold_works_with_easy_inputs"/>
    <testcase time="0.00400000000000134" classname="formatting_functions" name="h_get_format_threshold_works_with_easy_inputs"/>
    <testcase time="0.0199999999999996" classname="formatting_functions" name="h_get_format_threshold_works_with_easy_inputs"/>
    <testcase time="0.00100000000000122" classname="formatting_functions" name="h_get_format_threshold_works_with_easy_inputs"/>
    <testcase time="0.0300000000000011" classname="formatting_functions" name="h_get_format_threshold_works_with_easy_inputs"/>
    <testcase time="0.00499999999999901" classname="formatting_functions" name="h_format_threshold_works_with_easy_inputs"/>
    <testcase time="0.0199999999999996" classname="formatting_functions" name="h_format_threshold_works_with_easy_inputs"/>
    <testcase time="0.00499999999999901" classname="formatting_functions" name="format_extreme_values_works_with_easy_inputs"/>
    <testcase time="0.0190000000000019" classname="formatting_functions" name="format_extreme_values_works_with_easy_inputs"/>
    <testcase time="0.00499999999999901" classname="formatting_functions" name="format_extreme_values_ci_works_with_easy_inputs"/>
    <testcase time="0.0180000000000007" classname="formatting_functions" name="format_extreme_values_ci_works_with_easy_inputs"/>
    <testcase time="0.0069999999999979" classname="formatting_functions" name="format_extreme_values_ci_works_with_easy_inputs"/>
    <testcase time="0.00300000000000011" classname="formatting_functions" name="format_extreme_values_ci_works_with_easy_inputs"/>
    <testcase time="0.00300000000000011" classname="formatting_functions" name="format_extreme_values_ci_works_with_easy_inputs"/>
    <testcase time="0.00500000000000256" classname="formatting_functions" name="format_extreme_values_ci_works_with_easy_inputs"/>
    <testcase time="0.00499999999999901" classname="formatting_functions" name="format_extreme_values_ci_works_with_easy_inputs"/>
    <testcase time="0.0590000000000011" classname="formatting_functions" name="formats_with_nominator_to_denominator_are_always_formatted_as_1"/>
    <testcase time="0.0069999999999979" classname="formatting_functions" name="formats_with_nominator_to_denominator_are_always_formatted_as_1"/>
    <testcase time="0.00400000000000134" classname="formatting_functions" name="formats_with_nominator_to_denominator_are_always_formatted_as_1"/>
    <testcase time="0.0329999999999977" classname="formatting_functions" name="auto_formatting_works_with_NA_values"/>
    <testcase time="0.0470000000000006" classname="formatting_functions" name="auto_formatting_works_with_NA_values"/>
  </testsuite>
  <testsuite name="g_forest" timestamp="2024-09-16T10:23:57Z" hostname="64234e8771a2" tests="21" skipped="3" failures="0" errors="0" time="3.387">
    <testcase time="1.236" classname="g_forest" name="g_forest_default_plot_works"/>
    <testcase time="0.00100000000000122" classname="g_forest" name="g_forest_default_plot_works">
      <skipped message="Reason: On CI ('test-g_forest.R:23:3')"/>
    </testcase>
    <testcase time="0.326000000000001" classname="g_forest" name="g_forest_works_with_custom_arguments"/>
    <testcase time="0.000999999999997669" classname="g_forest" name="g_forest_works_with_custom_arguments">
      <skipped message="Reason: On CI ('test-g_forest.R:58:3')"/>
    </testcase>
    <testcase time="0.552" classname="g_forest" name="g_forest_as_list_argument_works"/>
    <testcase time="0.00100000000000122" classname="g_forest" name="g_forest_as_list_argument_works">
      <skipped message="Reason: On CI ('test-g_forest.R:98:3')"/>
    </testcase>
    <testcase time="0.889999999999997" classname="g_forest" name="g_forest_argument_deprecation_warnings_work"/>
    <testcase time="0.00200000000000244" classname="g_forest" name="g_forest_argument_deprecation_warnings_work"/>
    <testcase time="0.000999999999997669" classname="g_forest" name="g_forest_argument_deprecation_warnings_work"/>
    <testcase time="0.00100000000000477" classname="g_forest" name="g_forest_argument_deprecation_warnings_work"/>
    <testcase time="0.000999999999997669" classname="g_forest" name="g_forest_argument_deprecation_warnings_work"/>
    <testcase time="0.252000000000002" classname="g_forest" name="forest_grob_works"/>
    <testcase time="0.00199999999999534" classname="g_forest" name="forest_grob_works"/>
    <testcase time="0.00100000000000477" classname="g_forest" name="forest_grob_works"/>
    <testcase time="0.000999999999997669" classname="g_forest" name="forest_grob_works"/>
    <testcase time="0.000999999999997669" classname="g_forest" name="forest_grob_works"/>
    <testcase time="0.00100000000000477" classname="g_forest" name="forest_grob_works"/>
    <testcase time="0.000999999999997669" classname="g_forest" name="forest_grob_works"/>
    <testcase time="0.113999999999997" classname="g_forest" name="forest_viewport_works"/>
    <testcase time="0.00100000000000477" classname="g_forest" name="forest_viewport_works"/>
    <testcase time="0.000999999999997669" classname="g_forest" name="forest_viewport_works"/>
  </testsuite>
  <testsuite name="g_km" timestamp="2024-09-16T10:24:01Z" hostname="64234e8771a2" tests="27" skipped="9" failures="0" errors="0" time="3.427">
    <testcase time="0.375" classname="g_km" name="g_km_default_plot_works"/>
    <testcase time="0.000999999999997669" classname="g_km" name="g_km_default_plot_works">
      <skipped message="Reason: On CI ('test-g_km.R:15:3')"/>
    </testcase>
    <testcase time="0.379000000000005" classname="g_km" name="g_km_works_with_title_footnotes_and_annotation"/>
    <testcase time="0.000999999999997669" classname="g_km" name="g_km_works_with_title_footnotes_and_annotation">
      <skipped message="Reason: On CI ('test-g_km.R:28:3')"/>
    </testcase>
    <testcase time="0.405000000000001" classname="g_km" name="g_km_default_plot_witch_ci_ribbon_TRUE_works"/>
    <testcase time="0.00199999999999534" classname="g_km" name="g_km_default_plot_witch_ci_ribbon_TRUE_works">
      <skipped message="Reason: On CI ('test-g_km.R:40:3')"/>
    </testcase>
    <testcase time="0.240000000000002" classname="g_km" name="g_km_plot_with_in_group_labels_works"/>
    <testcase time="0.000999999999997669" classname="g_km" name="g_km_plot_with_in_group_labels_works">
      <skipped message="Reason: On CI ('test-g_km.R:62:3')"/>
    </testcase>
    <testcase time="0.0320000000000036" classname="g_km" name="g_km_ylim_parameter_works_as_expected"/>
    <testcase time="0.000999999999997669" classname="g_km" name="g_km_ylim_parameter_works_as_expected">
      <skipped message="Reason: On CI ('test-g_km.R:77:3')"/>
    </testcase>
    <testcase time="0.344000000000001" classname="g_km" name="annot_at_risk_title_parameter_works_as_expected"/>
    <testcase time="0.000999999999997669" classname="g_km" name="annot_at_risk_title_parameter_works_as_expected">
      <skipped message="Reason: On CI ('test-g_km.R:114:3')"/>
    </testcase>
    <testcase time="0.475000000000001" classname="g_km" name="ref_group_coxph_parameter_works_as_expected"/>
    <testcase time="0.000999999999997669" classname="g_km" name="ref_group_coxph_parameter_works_as_expected">
      <skipped message="Reason: On CI ('test-g_km.R:128:3')"/>
    </testcase>
    <testcase time="0.363" classname="g_km" name="g_km_works_with_custom_arguments"/>
    <testcase time="0.000999999999997669" classname="g_km" name="g_km_works_with_custom_arguments">
      <skipped message="Reason: On CI ('test-g_km.R:147:3')"/>
    </testcase>
    <testcase time="0.261000000000003" classname="g_km" name="g_km_as_list_argument_works"/>
    <testcase time="0.000999999999997669" classname="g_km" name="g_km_as_list_argument_works">
      <skipped message="Reason: On CI ('test-g_km.R:162:3')"/>
    </testcase>
    <testcase time="0.533000000000001" classname="g_km" name="g_km_argument_deprecation_warnings_work"/>
    <testcase time="0.00200000000000244" classname="g_km" name="g_km_argument_deprecation_warnings_work"/>
    <testcase time="0.000999999999997669" classname="g_km" name="g_km_argument_deprecation_warnings_work"/>
    <testcase time="0.00200000000000244" classname="g_km" name="g_km_argument_deprecation_warnings_work"/>
    <testcase time="0.000999999999997669" classname="g_km" name="g_km_argument_deprecation_warnings_work"/>
    <testcase time="0.000999999999997669" classname="g_km" name="g_km_argument_deprecation_warnings_work"/>
    <testcase time="0.00100000000000477" classname="g_km" name="g_km_argument_deprecation_warnings_work"/>
    <testcase time="0.000999999999997669" classname="g_km" name="g_km_argument_deprecation_warnings_work"/>
    <testcase time="0.000999999999997669" classname="g_km" name="g_km_argument_deprecation_warnings_work"/>
  </testsuite>
  <testsuite name="g_lineplot" timestamp="2024-09-16T10:24:04Z" hostname="64234e8771a2" tests="17" skipped="6" failures="0" errors="0" time="1.774">
    <testcase time="0.0530000000000044" classname="g_lineplot" name="g_lineplot_works_with_default_settings"/>
    <testcase time="0.000999999999997669" classname="g_lineplot" name="g_lineplot_works_with_default_settings">
      <skipped message="Reason: On CI ('test-g_lineplot.R:9:3')"/>
    </testcase>
    <testcase time="0.307000000000002" classname="g_lineplot" name="g_lineplot_works_with_custom_settings_and_statistics_table"/>
    <testcase time="0.000999999999997669" classname="g_lineplot" name="g_lineplot_works_with_custom_settings_and_statistics_table">
      <skipped message="Reason: On CI ('test-g_lineplot.R:30:3')"/>
    </testcase>
    <testcase time="0.301000000000002" classname="g_lineplot" name="g_lineplot_works_with_cohort_id_specified"/>
    <testcase time="0.000999999999997669" classname="g_lineplot" name="g_lineplot_works_with_cohort_id_specified">
      <skipped message="Reason: On CI ('test-g_lineplot.R:50:3')"/>
    </testcase>
    <testcase time="0.294000000000004" classname="g_lineplot" name="g_lineplot_maintains_factor_levels_in_legend"/>
    <testcase time="0.00199999999999534" classname="g_lineplot" name="g_lineplot_maintains_factor_levels_in_legend">
      <skipped message="Reason: On CI ('test-g_lineplot.R:69:3')"/>
    </testcase>
    <testcase time="0.0739999999999981" classname="g_lineplot" name="g_lineplot_does_not_produce_a_warning_if_group_var_has_6_levels"/>
    <testcase time="0.202000000000005" classname="g_lineplot" name="g_lineplot_works_with_facet_var_specified">
      <skipped message="Reason: On CI ('test-g_lineplot.R:99:3')"/>
    </testcase>
    <testcase time="0.0519999999999996" classname="g_lineplot" name="g_lineplot_xticks_xlim_and_ylim_arguments_work">
      <skipped message="Reason: On CI ('test-g_lineplot.R:112:3')"/>
    </testcase>
    <testcase time="0.0129999999999981" classname="g_lineplot" name="control_lineplot_vars_works"/>
    <testcase time="0.0690000000000026" classname="g_lineplot" name="g_lineplot_works_with_no_strata_group_var_and_allows_points_when_only_one_strata_is_provided"/>
    <testcase time="0.0330000000000013" classname="g_lineplot" name="g_lineplot_works_with_no_strata_group_var_and_allows_points_when_only_one_strata_is_provided"/>
    <testcase time="0.0339999999999989" classname="g_lineplot" name="g_lineplot_works_with_no_strata_group_var_and_allows_points_when_only_one_strata_is_provided"/>
    <testcase time="0.054000000000002" classname="g_lineplot" name="linetype_works_as_well_as_col_with_manual_scaling_and_other_options_errorbar_width_"/>
    <testcase time="0.282999999999994" classname="g_lineplot" name="NA_values_are_removed_also_from_the_table_plot"/>
  </testsuite>
  <testsuite name="g_step" timestamp="2024-09-16T10:24:06Z" hostname="64234e8771a2" tests="22" skipped="2" failures="0" errors="0" time="0.27">
    <testcase time="0.0700000000000003" classname="g_step" name="g_step_works_with_default_settings"/>
    <testcase time="0.00100000000000477" classname="g_step" name="g_step_works_with_default_settings">
      <skipped message="Reason: On CI ('test-g_step.R:18:3')"/>
    </testcase>
    <testcase time="0.0279999999999987" classname="g_step" name="g_step_works_with_custom_settings"/>
    <testcase time="0.000999999999997669" classname="g_step" name="g_step_works_with_custom_settings">
      <skipped message="Reason: On CI ('test-g_step.R:28:3')"/>
    </testcase>
    <testcase time="0.0140000000000029" classname="g_step" name="tidy.step_works_as_expected_for_survival_STEP_results"/>
    <testcase time="0.00200000000000244" classname="g_step" name="tidy.step_works_as_expected_for_survival_STEP_results"/>
    <testcase time="0.0189999999999984" classname="g_step" name="tidy.step_works_as_expected_for_survival_STEP_results"/>
    <testcase time="0.00199999999999534" classname="g_step" name="tidy.step_works_as_expected_for_survival_STEP_results"/>
    <testcase time="0.0190000000000055" classname="g_step" name="tidy.step_works_as_expected_for_survival_STEP_results"/>
    <testcase time="0.00300000000000011" classname="g_step" name="tidy.step_works_as_expected_for_survival_STEP_results"/>
    <testcase time="0.00199999999999534" classname="g_step" name="tidy.step_works_as_expected_for_survival_STEP_results"/>
    <testcase time="0.0350000000000037" classname="g_step" name="tidy.step_works_as_expected_for_response_STEP_results"/>
    <testcase time="0.000999999999997669" classname="g_step" name="tidy.step_works_as_expected_for_response_STEP_results"/>
    <testcase time="0.0189999999999984" classname="g_step" name="tidy.step_works_as_expected_for_response_STEP_results"/>
    <testcase time="0.00200000000000244" classname="g_step" name="tidy.step_works_as_expected_for_response_STEP_results"/>
    <testcase time="0.0189999999999984" classname="g_step" name="tidy.step_works_as_expected_for_response_STEP_results"/>
    <testcase time="0.00200000000000244" classname="g_step" name="tidy.step_works_as_expected_for_response_STEP_results"/>
    <testcase time="0.00300000000000011" classname="g_step" name="tidy.step_works_as_expected_for_response_STEP_results"/>
    <testcase time="0.00900000000000034" classname="g_step" name="tidy.step_gives_expected_warnings_when_there_are_NAs_in_y_variables"/>
    <testcase time="0.00499999999999545" classname="g_step" name="tidy.step_gives_expected_warnings_when_there_are_NAs_in_y_variables"/>
    <testcase time="0.00800000000000267" classname="g_step" name="tidy.step_gives_expected_warnings_when_there_are_very_large_values_in_y_variables"/>
    <testcase time="0.00600000000000023" classname="g_step" name="tidy.step_gives_expected_warnings_when_there_are_very_large_values_in_y_variables"/>
  </testsuite>
  <testsuite name="g_waterfall" timestamp="2024-09-16T10:24:06Z" hostname="64234e8771a2" tests="4" skipped="2" failures="0" errors="0" time="0.05">
    <testcase time="0.0129999999999981" classname="g_waterfall" name="g_waterfall_default_plot_works"/>
    <testcase time="0.00100000000000477" classname="g_waterfall" name="g_waterfall_default_plot_works">
      <skipped message="Reason: On CI ('test-g_waterfall.R:7:3')"/>
    </testcase>
    <testcase time="0.0349999999999966" classname="g_waterfall" name="g_waterfall_plot_with_labels_and_colors_works"/>
    <testcase time="0.000999999999997669" classname="g_waterfall" name="g_waterfall_plot_with_labels_and_colors_works">
      <skipped message="Reason: On CI ('test-g_waterfall.R:29:3')"/>
    </testcase>
  </testsuite>
  <testsuite name="h_adsl_adlb_merge_using_worst_flag" timestamp="2024-09-16T10:24:06Z" hostname="64234e8771a2" tests="6" skipped="0" failures="0" errors="0" time="0.231">
    <testcase time="0.0290000000000035" classname="h_adsl_adlb_merge_using_worst_flag" name="h_adsl_adlb_merge_using_worst_flag_generates_missing_for_patients_without_any_lab"/>
    <testcase time="0.0279999999999987" classname="h_adsl_adlb_merge_using_worst_flag" name="h_adsl_adlb_merge_using_worst_flag_generates_missing_for_patients_without_any_lab"/>
    <testcase time="0.0410000000000039" classname="h_adsl_adlb_merge_using_worst_flag" name="h_adsl_adlb_merge_using_worst_flag_generates_missing_for_patients_missing_baseline_lab"/>
    <testcase time="0.0419999999999945" classname="h_adsl_adlb_merge_using_worst_flag" name="h_adsl_adlb_merge_using_worst_flag_generates_missing_for_patients_missing_post_baseline_lab"/>
    <testcase time="0.0410000000000039" classname="h_adsl_adlb_merge_using_worst_flag" name="h_adsl_adlb_merge_using_worst_flag_generates_missing_for_patients_without_any_worst_flagged_post_baseline_values"/>
    <testcase time="0.0499999999999972" classname="h_adsl_adlb_merge_using_worst_flag" name="h_adsl_adlb_merge_using_worst_flag_generates_missing_and_by_visit_lab_results"/>
  </testsuite>
  <testsuite name="h_format_row" timestamp="2024-09-16T10:24:07Z" hostname="64234e8771a2" tests="4" skipped="0" failures="0" errors="0" time="0.061">
    <testcase time="0.00900000000000034" classname="h_format_row" name="h_format_row_returns_the_correct_dataframe"/>
    <testcase time="0.0189999999999984" classname="h_format_row" name="h_format_row_returns_the_correct_dataframe"/>
    <testcase time="0.00200000000000244" classname="h_format_row" name="h_format_row_returns_the_correct_dataframe"/>
    <testcase time="0.0309999999999988" classname="h_format_row" name="h_format_row_returns_the_correct_dataframe"/>
  </testsuite>
  <testsuite name="h_km" timestamp="2024-09-16T10:24:07Z" hostname="64234e8771a2" tests="40" skipped="0" failures="0" errors="0" time="0.689">
    <testcase time="0.0110000000000028" classname="h_km" name="control_surv_med_annot_works_with_default_settings"/>
    <testcase time="0.0189999999999984" classname="h_km" name="control_surv_med_annot_works_with_default_settings"/>
    <testcase time="0.00399999999999778" classname="h_km" name="control_coxph_annot_works_with_default_settings"/>
    <testcase time="0.0200000000000031" classname="h_km" name="control_coxph_annot_works_with_default_settings"/>
    <testcase time="0.00800000000000267" classname="h_km" name="h_xticks_works_with_default_settings"/>
    <testcase time="0.0189999999999984" classname="h_km" name="h_xticks_works_with_default_settings"/>
    <testcase time="0.00900000000000034" classname="h_km" name="h_xticks_works_with_xticks_number"/>
    <testcase time="0.0189999999999984" classname="h_km" name="h_xticks_works_with_xticks_number"/>
    <testcase time="0.00500000000000256" classname="h_km" name="h_xticks_works_with_xticks_numeric"/>
    <testcase time="0.0189999999999984" classname="h_km" name="h_xticks_works_with_xticks_numeric"/>
    <testcase time="0.00799999999999557" classname="h_km" name="h_xticks_returns_error_when_xticks_non_numeric"/>
    <testcase time="0.0100000000000051" classname="h_km" name="h_xticks_works_with_max_time_only"/>
    <testcase time="0.0189999999999984" classname="h_km" name="h_xticks_works_with_max_time_only"/>
    <testcase time="0.00399999999999778" classname="h_km" name="h_xticks_works_with_xticks_numeric_when_max_time_is_not_NULL"/>
    <testcase time="0.0190000000000055" classname="h_km" name="h_xticks_works_with_xticks_numeric_when_max_time_is_not_NULL"/>
    <testcase time="0.00999999999999801" classname="h_km" name="h_xticks_works_with_xticks_number_when_max_time_is_not_NULL"/>
    <testcase time="0.0189999999999984" classname="h_km" name="h_xticks_works_with_xticks_number_when_max_time_is_not_NULL"/>
    <testcase time="0.0069999999999979" classname="h_km" name="h_tbl_median_surv_estimates_median_survival_time_with_CI"/>
    <testcase time="0.0190000000000055" classname="h_km" name="h_tbl_median_surv_estimates_median_survival_time_with_CI"/>
    <testcase time="0.0189999999999984" classname="h_km" name="h_tbl_coxph_pairwise_estimates_HR_CI_and_pvalue"/>
    <testcase time="0.0319999999999965" classname="h_km" name="h_tbl_coxph_pairwise_estimates_HR_CI_and_pvalue"/>
    <testcase time="0.017000000000003" classname="h_km" name="h_tbl_coxph_pairwise_estimates_HR_CI_and_pvalue"/>
    <testcase time="0.019999999999996" classname="h_km" name="h_tbl_coxph_pairwise_estimates_HR_CI_and_pvalue"/>
    <testcase time="0.00800000000000267" classname="h_km" name="h_data_plot_works_as_expected"/>
    <testcase time="0.0189999999999984" classname="h_km" name="h_data_plot_works_as_expected"/>
    <testcase time="0.00200000000000244" classname="h_km" name="h_data_plot_works_as_expected"/>
    <testcase time="0.0120000000000005" classname="h_km" name="h_data_plot_respects_the_ordering_of_the_arm_variable_factor_levels"/>
    <testcase time="0.0189999999999984" classname="h_km" name="h_data_plot_respects_the_ordering_of_the_arm_variable_factor_levels"/>
    <testcase time="0.000999999999997669" classname="h_km" name="h_data_plot_respects_the_ordering_of_the_arm_variable_factor_levels"/>
    <testcase time="0.00100000000000477" classname="h_km" name="h_data_plot_respects_the_ordering_of_the_arm_variable_factor_levels"/>
    <testcase time="0.00900000000000034" classname="h_km" name="h_data_plot_adds_rows_that_have_time_0_and_estimate_1"/>
    <testcase time="0.019999999999996" classname="h_km" name="h_data_plot_adds_rows_that_have_time_0_and_estimate_1"/>
    <testcase time="0.00300000000000011" classname="h_km" name="h_data_plot_adds_rows_that_have_time_0_and_estimate_1"/>
    <testcase time="0.0320000000000036" classname="h_km" name="h_ggkm_h_decompose_gg_h_grob_y_annot_and_h_km_layout_return_deprecation_warnings"/>
    <testcase time="0.0910000000000011" classname="h_km" name="h_ggkm_h_decompose_gg_h_grob_y_annot_and_h_km_layout_return_deprecation_warnings"/>
    <testcase time="0.0210000000000008" classname="h_km" name="h_ggkm_h_decompose_gg_h_grob_y_annot_and_h_km_layout_return_deprecation_warnings"/>
    <testcase time="0.0169999999999959" classname="h_km" name="h_ggkm_h_decompose_gg_h_grob_y_annot_and_h_km_layout_return_deprecation_warnings"/>
    <testcase time="0.0360000000000014" classname="h_km" name="h_grob_median_surv_return_deprecation_warning"/>
    <testcase time="0.0210000000000008" classname="h_km" name="h_grob_tbl_at_risk_return_deprecation_warning"/>
    <testcase time="0.0409999999999968" classname="h_km" name="h_grob_coxph_returns_error_when_only_one_arm"/>
  </testsuite>
  <testsuite name="h_logistic_regression" timestamp="2024-09-16T10:24:07Z" hostname="64234e8771a2" tests="88" skipped="0" failures="0" errors="0" time="0.976">
    <testcase time="0.0230000000000032" classname="h_logistic_regression" name="h_get_interaction_vars_works_as_expected"/>
    <testcase time="0.0189999999999984" classname="h_logistic_regression" name="h_get_interaction_vars_works_as_expected"/>
    <testcase time="0.00800000000000267" classname="h_logistic_regression" name="h_interaction_coef_name_works_as_expected"/>
    <testcase time="0.019999999999996" classname="h_logistic_regression" name="h_interaction_coef_name_works_as_expected"/>
    <testcase time="0.00800000000000267" classname="h_logistic_regression" name="h_or_cat_interaction_works_as_expected"/>
    <testcase time="0.000999999999997669" classname="h_logistic_regression" name="h_or_cat_interaction_works_as_expected"/>
    <testcase time="0.000999999999997669" classname="h_logistic_regression" name="h_or_cat_interaction_works_as_expected"/>
    <testcase time="0.00200000000000244" classname="h_logistic_regression" name="h_or_cat_interaction_works_as_expected"/>
    <testcase time="0.000999999999997669" classname="h_logistic_regression" name="h_or_cat_interaction_works_as_expected"/>
    <testcase time="0.00100000000000477" classname="h_logistic_regression" name="h_or_cat_interaction_works_as_expected"/>
    <testcase time="0.000999999999997669" classname="h_logistic_regression" name="h_or_cat_interaction_works_as_expected"/>
    <testcase time="0.0189999999999984" classname="h_logistic_regression" name="h_or_cat_interaction_works_as_expected"/>
    <testcase time="0.00200000000000244" classname="h_logistic_regression" name="h_or_cat_interaction_works_as_expected"/>
    <testcase time="0.000999999999997669" classname="h_logistic_regression" name="h_or_cat_interaction_works_as_expected"/>
    <testcase time="0.00100000000000477" classname="h_logistic_regression" name="h_or_cat_interaction_works_as_expected"/>
    <testcase time="0.000999999999997669" classname="h_logistic_regression" name="h_or_cat_interaction_works_as_expected"/>
    <testcase time="0.00200000000000244" classname="h_logistic_regression" name="h_or_cat_interaction_works_as_expected"/>
    <testcase time="0.000999999999997669" classname="h_logistic_regression" name="h_or_cat_interaction_works_as_expected"/>
    <testcase time="0.00800000000000267" classname="h_logistic_regression" name="h_or_cont_interaction_works_as_expected_with_median_increment"/>
    <testcase time="0.000999999999997669" classname="h_logistic_regression" name="h_or_cont_interaction_works_as_expected_with_median_increment"/>
    <testcase time="0.000999999999997669" classname="h_logistic_regression" name="h_or_cont_interaction_works_as_expected_with_median_increment"/>
    <testcase time="0.00100000000000477" classname="h_logistic_regression" name="h_or_cont_interaction_works_as_expected_with_median_increment"/>
    <testcase time="0.000999999999997669" classname="h_logistic_regression" name="h_or_cont_interaction_works_as_expected_with_median_increment"/>
    <testcase time="0.000999999999997669" classname="h_logistic_regression" name="h_or_cont_interaction_works_as_expected_with_median_increment"/>
    <testcase time="0.00200000000000244" classname="h_logistic_regression" name="h_or_cont_interaction_works_as_expected_with_median_increment"/>
    <testcase time="0.0189999999999984" classname="h_logistic_regression" name="h_or_cont_interaction_works_as_expected_with_median_increment"/>
    <testcase time="0.000999999999997669" classname="h_logistic_regression" name="h_or_cont_interaction_works_as_expected_with_median_increment"/>
    <testcase time="0.00200000000000244" classname="h_logistic_regression" name="h_or_cont_interaction_works_as_expected_with_median_increment"/>
    <testcase time="0.000999999999997669" classname="h_logistic_regression" name="h_or_cont_interaction_works_as_expected_with_median_increment"/>
    <testcase time="0.00100000000000477" classname="h_logistic_regression" name="h_or_cont_interaction_works_as_expected_with_median_increment"/>
    <testcase time="0.0189999999999984" classname="h_logistic_regression" name="h_or_cont_interaction_works_as_expected_with_median_increment"/>
    <testcase time="0.00200000000000244" classname="h_logistic_regression" name="h_or_cont_interaction_works_as_expected_with_median_increment"/>
    <testcase time="0.000999999999997669" classname="h_logistic_regression" name="h_or_cont_interaction_works_as_expected_with_median_increment"/>
    <testcase time="0.0319999999999965" classname="h_logistic_regression" name="h_or_cont_interaction_works_as_expected_with_median_increment"/>
    <testcase time="0.00200000000000244" classname="h_logistic_regression" name="h_or_cont_interaction_works_as_expected_with_median_increment"/>
    <testcase time="0.000999999999997669" classname="h_logistic_regression" name="h_or_cont_interaction_works_as_expected_with_median_increment"/>
    <testcase time="0.0190000000000055" classname="h_logistic_regression" name="h_or_cont_interaction_works_as_expected_with_median_increment"/>
    <testcase time="0.000999999999997669" classname="h_logistic_regression" name="h_or_cont_interaction_works_as_expected_with_median_increment"/>
    <testcase time="0.0190000000000055" classname="h_logistic_regression" name="h_or_cont_interaction_works_as_expected_with_median_increment"/>
    <testcase time="0.00900000000000034" classname="h_logistic_regression" name="h_or_cont_interaction_works_as_expected_with_custom_increments"/>
    <testcase time="0.000999999999997669" classname="h_logistic_regression" name="h_or_cont_interaction_works_as_expected_with_custom_increments"/>
    <testcase time="0.00200000000000244" classname="h_logistic_regression" name="h_or_cont_interaction_works_as_expected_with_custom_increments"/>
    <testcase time="0.000999999999997669" classname="h_logistic_regression" name="h_or_cont_interaction_works_as_expected_with_custom_increments"/>
    <testcase time="0.0189999999999984" classname="h_logistic_regression" name="h_or_cont_interaction_works_as_expected_with_custom_increments"/>
    <testcase time="0.00200000000000244" classname="h_logistic_regression" name="h_or_cont_interaction_works_as_expected_with_custom_increments"/>
    <testcase time="0.000999999999997669" classname="h_logistic_regression" name="h_or_cont_interaction_works_as_expected_with_custom_increments"/>
    <testcase time="0.0189999999999984" classname="h_logistic_regression" name="h_or_cont_interaction_works_as_expected_with_custom_increments"/>
    <testcase time="0.00600000000000023" classname="h_logistic_regression" name="h_or_cont_interaction_works_as_expected_with_custom_increments"/>
    <testcase time="0.00800000000000267" classname="h_logistic_regression" name="h_or_interaction_works_as_expected"/>
    <testcase time="0.00500000000000256" classname="h_logistic_regression" name="h_or_interaction_works_as_expected"/>
    <testcase time="0.00499999999999545" classname="h_logistic_regression" name="h_simple_term_labels_works_correctly_with_factor_input"/>
    <testcase time="0.0200000000000031" classname="h_logistic_regression" name="h_simple_term_labels_works_correctly_with_factor_input"/>
    <testcase time="0.00499999999999545" classname="h_logistic_regression" name="h_interaction_term_labels_works_correctly_with_factor_input"/>
    <testcase time="0.0190000000000055" classname="h_logistic_regression" name="h_interaction_term_labels_works_correctly_with_factor_input"/>
    <testcase time="0.00499999999999545" classname="h_logistic_regression" name="h_interaction_term_labels_works_correctly_when_any_term_can_be_fulfilled"/>
    <testcase time="0.0189999999999984" classname="h_logistic_regression" name="h_interaction_term_labels_works_correctly_when_any_term_can_be_fulfilled"/>
    <testcase time="0.0130000000000052" classname="h_logistic_regression" name="h_glm_simple_term_extract_works_for_factor_and_numeric_variables"/>
    <testcase time="0.019999999999996" classname="h_logistic_regression" name="h_glm_simple_term_extract_works_for_factor_and_numeric_variables"/>
    <testcase time="0.00300000000000011" classname="h_logistic_regression" name="h_glm_simple_term_extract_works_for_factor_and_numeric_variables"/>
    <testcase time="0.0200000000000031" classname="h_logistic_regression" name="h_glm_simple_term_extract_works_for_factor_and_numeric_variables"/>
    <testcase time="0.00999999999999801" classname="h_logistic_regression" name="h_glm_simple_term_extract_can_extract_continuous_variable_results_from_clogit_objects"/>
    <testcase time="0.00200000000000244" classname="h_logistic_regression" name="h_glm_simple_term_extract_can_extract_continuous_variable_results_from_clogit_objects"/>
    <testcase time="0.0300000000000011" classname="h_logistic_regression" name="h_glm_simple_term_extract_can_extract_continuous_variable_results_from_clogit_objects"/>
    <testcase time="0.0180000000000007" classname="h_logistic_regression" name="h_glm_interaction_extract_works_for_categorical_interaction"/>
    <testcase time="0.0309999999999988" classname="h_logistic_regression" name="h_glm_interaction_extract_works_for_categorical_interaction"/>
    <testcase time="0.0189999999999984" classname="h_logistic_regression" name="h_glm_interaction_extract_works_for_continuous_interaction"/>
    <testcase time="0.0300000000000011" classname="h_logistic_regression" name="h_glm_interaction_extract_works_for_continuous_interaction"/>
    <testcase time="0.0219999999999985" classname="h_logistic_regression" name="h_logistic_simple_terms_works"/>
    <testcase time="0.0309999999999988" classname="h_logistic_regression" name="h_logistic_simple_terms_works"/>
    <testcase time="0.0110000000000028" classname="h_logistic_regression" name="h_logistic_simple_terms_works"/>
    <testcase time="0.0309999999999988" classname="h_logistic_regression" name="h_logistic_simple_terms_works"/>
    <testcase time="0.0150000000000006" classname="h_logistic_regression" name="h_logistic_simple_terms_can_extract_continuous_variable_results_from_clogit_objects"/>
    <testcase time="0.00300000000000011" classname="h_logistic_regression" name="h_logistic_simple_terms_can_extract_continuous_variable_results_from_clogit_objects"/>
    <testcase time="0.0289999999999964" classname="h_logistic_regression" name="h_logistic_simple_terms_can_extract_continuous_variable_results_from_clogit_objects"/>
    <testcase time="0.0220000000000056" classname="h_logistic_regression" name="h_glm_inter_term_extract_works_as_expected_with_categorical_interaction"/>
    <testcase time="0.0329999999999941" classname="h_logistic_regression" name="h_glm_inter_term_extract_works_as_expected_with_categorical_interaction"/>
    <testcase time="0.0210000000000008" classname="h_logistic_regression" name="h_glm_inter_term_extract_works_as_expected_with_continuous_interaction"/>
    <testcase time="0.00600000000000023" classname="h_logistic_regression" name="h_glm_inter_term_extract_works_as_expected_with_continuous_interaction"/>
    <testcase time="0.0390000000000015" classname="h_logistic_regression" name="h_logistic_inter_terms_works_as_expected"/>
    <testcase time="0.00300000000000011" classname="h_logistic_regression" name="h_logistic_inter_terms_works_as_expected"/>
    <testcase time="0.0200000000000031" classname="h_logistic_regression" name="h_logistic_inter_terms_works_as_expected"/>
    <testcase time="0.000999999999997669" classname="h_logistic_regression" name="h_logistic_inter_terms_works_as_expected"/>
    <testcase time="0.0309999999999988" classname="h_logistic_regression" name="h_logistic_inter_terms_works_as_expected"/>
    <testcase time="0.0260000000000034" classname="h_logistic_regression" name="h_logistic_inter_terms_works_as_expected"/>
    <testcase time="0.00199999999999534" classname="h_logistic_regression" name="h_logistic_inter_terms_works_as_expected"/>
    <testcase time="0.0189999999999984" classname="h_logistic_regression" name="h_logistic_inter_terms_works_as_expected"/>
    <testcase time="0.00200000000000244" classname="h_logistic_regression" name="h_logistic_inter_terms_works_as_expected"/>
    <testcase time="0.0200000000000031" classname="h_logistic_regression" name="h_logistic_inter_terms_works_as_expected"/>
  </testsuite>
  <testsuite name="h_map_for_count_abnormal" timestamp="2024-09-16T10:24:08Z" hostname="64234e8771a2" tests="14" skipped="0" failures="0" errors="0" time="0.227">
    <testcase time="0.0159999999999982" classname="h_map_for_count_abnormal" name="h_map_for_count_abnormal_returns_the_correct_map_for_default_method_with_healthy_single_input"/>
    <testcase time="0.0189999999999984" classname="h_map_for_count_abnormal" name="h_map_for_count_abnormal_returns_the_correct_map_for_default_method_with_healthy_single_input"/>
    <testcase time="0.0120000000000005" classname="h_map_for_count_abnormal" name="h_map_for_count_abnormal_returns_the_correct_map_for_range_method_with_healthy_single_input"/>
    <testcase time="0.0189999999999984" classname="h_map_for_count_abnormal" name="h_map_for_count_abnormal_returns_the_correct_map_for_range_method_with_healthy_single_input"/>
    <testcase time="0.0110000000000028" classname="h_map_for_count_abnormal" name="h_map_for_count_abnormal_returns_the_correct_map_for_default_method_with_unused_LOW_LOW_HIGH_HIGH_input"/>
    <testcase time="0.0189999999999984" classname="h_map_for_count_abnormal" name="h_map_for_count_abnormal_returns_the_correct_map_for_default_method_with_unused_LOW_LOW_HIGH_HIGH_input"/>
    <testcase time="0.0120000000000005" classname="h_map_for_count_abnormal" name="h_map_for_count_abnormal_returns_the_correct_map_for_range_method_with_unused_LOW_LOW_HIGH_HIGH_input"/>
    <testcase time="0.0189999999999984" classname="h_map_for_count_abnormal" name="h_map_for_count_abnormal_returns_the_correct_map_for_range_method_with_unused_LOW_LOW_HIGH_HIGH_input"/>
    <testcase time="0.0110000000000028" classname="h_map_for_count_abnormal" name="h_map_for_count_abnormal_returns_the_correct_map_for_default_method_with_unused_LOW_LOW_HIGH_HIGH_input"/>
    <testcase time="0.0189999999999984" classname="h_map_for_count_abnormal" name="h_map_for_count_abnormal_returns_the_correct_map_for_default_method_with_unused_LOW_LOW_HIGH_HIGH_input"/>
    <testcase time="0.0120000000000005" classname="h_map_for_count_abnormal" name="h_map_for_count_abnormal_returns_the_correct_map_for_range_method_with_unused_LOW_LOW_HIGH_HIGH_input"/>
    <testcase time="0.0189999999999984" classname="h_map_for_count_abnormal" name="h_map_for_count_abnormal_returns_the_correct_map_for_range_method_with_unused_LOW_LOW_HIGH_HIGH_input"/>
    <testcase time="0.0110000000000028" classname="h_map_for_count_abnormal" name="h_map_for_count_abnormal_returns_the_correct_map_for_range_method_with_unused_LOW_LOW_HIGH_HIGH_input"/>
    <testcase time="0.0279999999999987" classname="h_map_for_count_abnormal" name="h_map_for_count_abnormal_returns_the_correct_map_for_range_method_with_unused_LOW_LOW_HIGH_HIGH_input"/>
  </testsuite>
  <testsuite name="h_pkparam_sort" timestamp="2024-09-16T10:24:08Z" hostname="64234e8771a2" tests="4" skipped="0" failures="0" errors="0" time="0.058">
    <testcase time="0.0120000000000005" classname="h_pkparam_sort" name="h_pkparam_sort_with_PARAMCD"/>
    <testcase time="0.0200000000000031" classname="h_pkparam_sort" name="h_pkparam_sort_with_PARAMCD"/>
    <testcase time="0.0069999999999979" classname="h_pkparam_sort" name="h_pkparam_sort_with_out_PARAMCD"/>
    <testcase time="0.0189999999999984" classname="h_pkparam_sort" name="h_pkparam_sort_with_out_PARAMCD"/>
  </testsuite>
  <testsuite name="h_response_biomarkers_subgroups" timestamp="2024-09-16T10:24:09Z" hostname="64234e8771a2" tests="10" skipped="0" failures="0" errors="0" time="0.245">
    <testcase time="0.0110000000000028" classname="h_response_biomarkers_subgroups" name="h_rsp_to_logistic_variables_works_as_expected"/>
    <testcase time="0.0189999999999984" classname="h_response_biomarkers_subgroups" name="h_rsp_to_logistic_variables_works_as_expected"/>
    <testcase time="0.0200000000000031" classname="h_response_biomarkers_subgroups" name="h_logistic_mult_cont_df_works_as_expected"/>
    <testcase time="0.019999999999996" classname="h_response_biomarkers_subgroups" name="h_logistic_mult_cont_df_works_as_expected"/>
    <testcase time="0.00600000000000023" classname="h_response_biomarkers_subgroups" name="h_logistic_mult_cont_df_returns_missing_values_if_data_is_empty_0_rows_"/>
    <testcase time="0.0200000000000031" classname="h_response_biomarkers_subgroups" name="h_logistic_mult_cont_df_returns_missing_values_if_data_is_empty_0_rows_"/>
    <testcase time="0.0210000000000008" classname="h_response_biomarkers_subgroups" name="h_logistic_mult_cont_df_also_works_with_response_not_being_called_rsp"/>
    <testcase time="0.019999999999996" classname="h_response_biomarkers_subgroups" name="h_logistic_mult_cont_df_also_works_with_response_not_being_called_rsp"/>
    <testcase time="0.0450000000000017" classname="h_response_biomarkers_subgroups" name="h_tab_rsp_one_biomarker_works_as_expected"/>
    <testcase time="0.0630000000000024" classname="h_response_biomarkers_subgroups" name="h_tab_rsp_one_biomarker_works_as_expected"/>
  </testsuite>
  <testsuite name="h_response_subgroups" timestamp="2024-09-16T10:24:09Z" hostname="64234e8771a2" tests="29" skipped="0" failures="0" errors="0" time="0.548">
    <testcase time="0.0269999999999939" classname="h_response_subgroups" name="h_proportion_df_functions_as_expected_with_valid_input_and_default_arguments"/>
    <testcase time="0.0200000000000031" classname="h_response_subgroups" name="h_proportion_df_functions_as_expected_with_valid_input_and_default_arguments"/>
    <testcase time="0.00600000000000023" classname="h_response_subgroups" name="h_proportion_df_functions_as_expected_when_0_responses_in_one_group"/>
    <testcase time="0.0189999999999984" classname="h_response_subgroups" name="h_proportion_df_functions_as_expected_when_0_responses_in_one_group"/>
    <testcase time="0.00800000000000267" classname="h_response_subgroups" name="h_proportion_df_fails_with_wrong_input"/>
    <testcase time="0.00600000000000023" classname="h_response_subgroups" name="h_proportion_df_functions_when_0_obs_in_one_arm"/>
    <testcase time="0.0189999999999984" classname="h_response_subgroups" name="h_proportion_df_functions_when_0_obs_in_one_arm"/>
    <testcase time="0.0210000000000008" classname="h_response_subgroups" name="h_proportion_subgroups_df_functions_as_expected_with_valid_input_and_default_arguments"/>
    <testcase time="0.0210000000000008" classname="h_response_subgroups" name="h_proportion_subgroups_df_functions_as_expected_with_valid_input_and_default_arguments"/>
    <testcase time="0.00600000000000023" classname="h_response_subgroups" name="h_proportion_subgroups_df_functions_as_expected_when_subgroups_is_NULL."/>
    <testcase time="0.0189999999999984" classname="h_response_subgroups" name="h_proportion_subgroups_df_functions_as_expected_when_subgroups_is_NULL."/>
    <testcase time="0.0249999999999986" classname="h_response_subgroups" name="h_proportion_subgroups_df_works_as_expected_with_groups_lists"/>
    <testcase time="0.0180000000000007" classname="h_response_subgroups" name="h_proportion_subgroups_df_works_as_expected_with_groups_lists"/>
    <testcase time="0.00800000000000267" classname="h_response_subgroups" name="h_odds_ratio_df_functions_as_expected_with_valid_input_and_default_arguments"/>
    <testcase time="0.019999999999996" classname="h_response_subgroups" name="h_odds_ratio_df_functions_as_expected_with_valid_input_and_default_arguments"/>
    <testcase time="0.00800000000000267" classname="h_response_subgroups" name="h_odds_ratio_df_functions_as_expected_with_valid_input_and_non_default_arguments"/>
    <testcase time="0.0289999999999964" classname="h_response_subgroups" name="h_odds_ratio_df_functions_as_expected_with_valid_input_and_non_default_arguments"/>
    <testcase time="0.017000000000003" classname="h_response_subgroups" name="h_odds_ratio_df_functions_as_expected_with_strata"/>
    <testcase time="0.0200000000000031" classname="h_response_subgroups" name="h_odds_ratio_df_functions_as_expected_with_strata"/>
    <testcase time="0.00599999999999312" classname="h_response_subgroups" name="h_odds_ratio_df_functions_when_0_obs_in_one_arm"/>
    <testcase time="0.0200000000000031" classname="h_response_subgroups" name="h_odds_ratio_df_functions_when_0_obs_in_one_arm"/>
    <testcase time="0.0320000000000036" classname="h_response_subgroups" name="h_odds_ratio_subgroups_df_functions_as_expected_with_valid_input_and_default_arguments"/>
    <testcase time="0.019999999999996" classname="h_response_subgroups" name="h_odds_ratio_subgroups_df_functions_as_expected_with_valid_input_and_default_arguments"/>
    <testcase time="0.00800000000000267" classname="h_response_subgroups" name="h_odds_ratio_subgroups_df_functions_as_expected_when_subgroups_is_NULL."/>
    <testcase time="0.019999999999996" classname="h_response_subgroups" name="h_odds_ratio_subgroups_df_functions_as_expected_when_subgroups_is_NULL."/>
    <testcase time="0.0510000000000019" classname="h_response_subgroups" name="h_odds_ratio_subgroups_df_functions_as_expected_with_strata"/>
    <testcase time="0.0200000000000031" classname="h_response_subgroups" name="h_odds_ratio_subgroups_df_functions_as_expected_with_strata"/>
    <testcase time="0.0349999999999966" classname="h_response_subgroups" name="h_odds_ratio_subgroups_df_works_as_expected_with_groups_lists"/>
    <testcase time="0.0189999999999984" classname="h_response_subgroups" name="h_odds_ratio_subgroups_df_works_as_expected_with_groups_lists"/>
  </testsuite>
  <testsuite name="h_stack_by_baskets" timestamp="2024-09-16T10:24:09Z" hostname="64234e8771a2" tests="14" skipped="0" failures="0" errors="0" time="0.185">
    <testcase time="0.0350000000000037" classname="h_stack_by_baskets" name="h_stack_by_baskets_returns_the_correct_dataframe"/>
    <testcase time="0.019999999999996" classname="h_stack_by_baskets" name="h_stack_by_baskets_returns_the_correct_dataframe"/>
    <testcase time="0.00800000000000267" classname="h_stack_by_baskets" name="h_stack_by_baskets_fails_when_selecting_Standardized_Customized_query_names_that_do_not_start_with_SMQ_or_CQ_"/>
    <testcase time="0.0069999999999979" classname="h_stack_by_baskets" name="h_stack_by_baskets_fails_when_selecting_Standardized_Customized_query_names_that_do_not_end_with_NAM_"/>
    <testcase time="0.007000000000005" classname="h_stack_by_baskets" name="h_stack_by_baskets_returns_an_empty_dataframe_with_desired_variables_and_labels_when_there_are_no_adverse_events_falling_within_any_of_the_baskets_selected"/>
    <testcase time="0.0189999999999984" classname="h_stack_by_baskets" name="h_stack_by_baskets_returns_an_empty_dataframe_with_desired_variables_and_labels_when_there_are_no_adverse_events_falling_within_any_of_the_baskets_selected"/>
    <testcase time="0.00199999999999534" classname="h_stack_by_baskets" name="h_stack_by_baskets_returns_an_empty_dataframe_with_desired_variables_and_labels_when_there_are_no_adverse_events_falling_within_any_of_the_baskets_selected"/>
    <testcase time="0.0180000000000007" classname="h_stack_by_baskets" name="h_stack_by_baskets_returns_an_empty_dataframe_with_desired_variables_and_labels_when_there_are_no_adverse_events_falling_within_any_of_the_baskets_selected"/>
    <testcase time="0.00200000000000244" classname="h_stack_by_baskets" name="h_stack_by_baskets_returns_an_empty_dataframe_with_desired_variables_and_labels_when_there_are_no_adverse_events_falling_within_any_of_the_baskets_selected"/>
    <testcase time="0.0189999999999984" classname="h_stack_by_baskets" name="h_stack_by_baskets_returns_an_empty_dataframe_with_desired_variables_and_labels_when_there_are_no_adverse_events_falling_within_any_of_the_baskets_selected"/>
    <testcase time="0.00200000000000244" classname="h_stack_by_baskets" name="h_stack_by_baskets_returns_an_empty_dataframe_with_desired_variables_and_labels_when_there_are_no_adverse_events_falling_within_any_of_the_baskets_selected"/>
    <testcase time="0.0180000000000007" classname="h_stack_by_baskets" name="h_stack_by_baskets_returns_an_empty_dataframe_with_desired_variables_and_labels_when_there_are_no_adverse_events_falling_within_any_of_the_baskets_selected"/>
    <testcase time="0.00900000000000034" classname="h_stack_by_baskets" name="The_levels_of_the_SMQ_column_does_also_include_the_options_from_aag_summary_not_observed_in_ADAE"/>
    <testcase time="0.0189999999999984" classname="h_stack_by_baskets" name="The_levels_of_the_SMQ_column_does_also_include_the_options_from_aag_summary_not_observed_in_ADAE"/>
  </testsuite>
  <testsuite name="h_step" timestamp="2024-09-16T10:24:10Z" hostname="64234e8771a2" tests="82" skipped="0" failures="0" errors="0" time="0.887">
    <testcase time="0.0150000000000006" classname="h_step" name="h_step_window_works_as_expected_for_percentiles"/>
    <testcase time="0.000999999999997669" classname="h_step" name="h_step_window_works_as_expected_for_percentiles"/>
    <testcase time="0.00200000000000244" classname="h_step" name="h_step_window_works_as_expected_for_percentiles"/>
    <testcase time="0.0189999999999984" classname="h_step" name="h_step_window_works_as_expected_for_percentiles"/>
    <testcase time="0.00200000000000244" classname="h_step" name="h_step_window_works_as_expected_for_percentiles"/>
    <testcase time="0.00300000000000011" classname="h_step" name="h_step_window_works_as_expected_for_percentiles"/>
    <testcase time="0.000999999999997669" classname="h_step" name="h_step_window_works_as_expected_for_percentiles"/>
    <testcase time="0.0189999999999984" classname="h_step" name="h_step_window_works_as_expected_for_percentiles"/>
    <testcase time="0.00300000000000011" classname="h_step" name="h_step_window_works_as_expected_for_percentiles"/>
    <testcase time="0.00200000000000244" classname="h_step" name="h_step_window_works_as_expected_for_percentiles"/>
    <testcase time="0.00200000000000244" classname="h_step" name="h_step_window_works_as_expected_for_percentiles"/>
    <testcase time="0.0189999999999984" classname="h_step" name="h_step_window_works_as_expected_for_percentiles"/>
    <testcase time="0.00199999999999534" classname="h_step" name="h_step_window_works_as_expected_for_percentiles"/>
    <testcase time="0.0180000000000007" classname="h_step" name="h_step_window_works_as_expected_for_percentiles"/>
    <testcase time="0.0130000000000052" classname="h_step" name="h_step_window_works_as_expected_for_actual_biomarker_values"/>
    <testcase time="0.00199999999999534" classname="h_step" name="h_step_window_works_as_expected_for_actual_biomarker_values"/>
    <testcase time="0.0230000000000032" classname="h_step" name="h_step_window_works_as_expected_for_actual_biomarker_values"/>
    <testcase time="0.000999999999997669" classname="h_step" name="h_step_window_works_as_expected_for_actual_biomarker_values"/>
    <testcase time="0.00300000000000011" classname="h_step" name="h_step_window_works_as_expected_for_actual_biomarker_values"/>
    <testcase time="0.000999999999997669" classname="h_step" name="h_step_window_works_as_expected_for_actual_biomarker_values"/>
    <testcase time="0.0190000000000055" classname="h_step" name="h_step_window_works_as_expected_for_actual_biomarker_values"/>
    <testcase time="0.00300000000000011" classname="h_step" name="h_step_window_works_as_expected_for_actual_biomarker_values"/>
    <testcase time="0.00499999999999545" classname="h_step" name="h_step_window_also_works_for_bandwidth_NULL_"/>
    <testcase time="0.00300000000000011" classname="h_step" name="h_step_window_also_works_for_bandwidth_NULL_"/>
    <testcase time="0.00200000000000244" classname="h_step" name="h_step_window_also_works_for_bandwidth_NULL_"/>
    <testcase time="0.00300000000000011" classname="h_step" name="h_step_window_also_works_for_bandwidth_NULL_"/>
    <testcase time="0.00999999999999801" classname="h_step" name="h_step_trt_effect_works_for_Cox_models_without_interaction"/>
    <testcase time="0.0100000000000051" classname="h_step" name="h_step_trt_effect_works_for_Cox_models_with_interaction"/>
    <testcase time="0.00399999999999778" classname="h_step" name="h_step_trt_effect_works_for_Cox_models_with_interaction"/>
    <testcase time="0.00199999999999534" classname="h_step" name="h_step_trt_effect_works_for_Cox_models_with_interaction"/>
    <testcase time="0.0190000000000055" classname="h_step" name="h_step_trt_effect_works_for_Cox_models_with_interaction"/>
    <testcase time="0.00999999999999801" classname="h_step" name="h_step_trt_effect_works_for_Cox_models_with_strata"/>
    <testcase time="0.00300000000000011" classname="h_step" name="h_step_trt_effect_works_for_Cox_models_with_strata"/>
    <testcase time="0.00900000000000034" classname="h_step" name="h_step_trt_effect_works_for_logistic_regression_models_without_interaction"/>
    <testcase time="0.0140000000000029" classname="h_step" name="h_step_trt_effect_works_for_logistic_regression_models_with_interaction"/>
    <testcase time="0.00799999999999557" classname="h_step" name="h_step_trt_effect_works_for_logistic_regression_models_with_interaction"/>
    <testcase time="0.00200000000000244" classname="h_step" name="h_step_trt_effect_works_for_logistic_regression_models_with_interaction"/>
    <testcase time="0.0289999999999964" classname="h_step" name="h_step_trt_effect_works_for_logistic_regression_models_with_interaction"/>
    <testcase time="0.0570000000000022" classname="h_step" name="h_step_trt_effect_works_for_conditional_logistic_regression_without_interaction"/>
    <testcase time="0.113999999999997" classname="h_step" name="h_step_trt_effect_works_for_conditional_logistic_regression_with_interaction"/>
    <testcase time="0.00200000000000244" classname="h_step" name="h_step_trt_effect_works_for_conditional_logistic_regression_with_interaction"/>
    <testcase time="0.0200000000000031" classname="h_step" name="h_step_trt_effect_works_for_conditional_logistic_regression_with_interaction"/>
    <testcase time="0.00600000000000023" classname="h_step" name="h_step_survival_formula_works_correctly_without_covariates_or_strata"/>
    <testcase time="0.00399999999999778" classname="h_step" name="h_step_survival_formula_works_correctly_without_covariates_or_strata"/>
    <testcase time="0.00600000000000023" classname="h_step" name="h_step_survival_formula_works_correctly_with_covariates"/>
    <testcase time="0.0069999999999979" classname="h_step" name="h_step_survival_formula_works_correctly_with_strata"/>
    <testcase time="0.0120000000000005" classname="h_step" name="h_step_survival_est_works_as_expected"/>
    <testcase time="0.00200000000000244" classname="h_step" name="h_step_survival_est_works_as_expected"/>
    <testcase time="0.00199999999999534" classname="h_step" name="h_step_survival_est_works_as_expected"/>
    <testcase time="0.0190000000000055" classname="h_step" name="h_step_survival_est_works_as_expected"/>
    <testcase time="0.00199999999999534" classname="h_step" name="h_step_survival_est_works_as_expected"/>
    <testcase time="0.0190000000000055" classname="h_step" name="h_step_survival_est_works_as_expected"/>
    <testcase time="0.00899999999999324" classname="h_step" name="h_step_survival_est_works_as_expected"/>
    <testcase time="0.0250000000000057" classname="h_step" name="h_step_survival_est_works_as_expected"/>
    <testcase time="0.0150000000000006" classname="h_step" name="h_step_survival_est_gives_a_readable_warning_when_fitting_warnings_occur"/>
    <testcase time="0.0069999999999979" classname="h_step" name="h_step_rsp_formula_works_correctly_without_covariates"/>
    <testcase time="0.00300000000000011" classname="h_step" name="h_step_rsp_formula_works_correctly_without_covariates"/>
    <testcase time="0.0069999999999979" classname="h_step" name="h_step_rsp_formula_works_correctly_with_covariates"/>
    <testcase time="0.00600000000000023" classname="h_step" name="h_step_rsp_formula_works_correctly_with_different_response_definition"/>
    <testcase time="0.0069999999999979" classname="h_step" name="h_step_rsp_formula_works_correctly_with_strata"/>
    <testcase time="0.00400000000000489" classname="h_step" name="h_step_rsp_formula_works_correctly_with_strata"/>
    <testcase time="0.00999999999999801" classname="h_step" name="h_step_rsp_est_works_as_expected_without_strata"/>
    <testcase time="0.00200000000000244" classname="h_step" name="h_step_rsp_est_works_as_expected_without_strata"/>
    <testcase time="0.00200000000000244" classname="h_step" name="h_step_rsp_est_works_as_expected_without_strata"/>
    <testcase time="0.019999999999996" classname="h_step" name="h_step_rsp_est_works_as_expected_without_strata"/>
    <testcase time="0.00200000000000244" classname="h_step" name="h_step_rsp_est_works_as_expected_without_strata"/>
    <testcase time="0.019999999999996" classname="h_step" name="h_step_rsp_est_works_as_expected_without_strata"/>
    <testcase time="0.00100000000000477" classname="h_step" name="h_step_rsp_est_works_as_expected_without_strata"/>
    <testcase time="0.019999999999996" classname="h_step" name="h_step_rsp_est_works_as_expected_without_strata"/>
    <testcase time="0.00200000000000244" classname="h_step" name="h_step_rsp_est_works_as_expected_without_strata"/>
    <testcase time="0.0189999999999984" classname="h_step" name="h_step_rsp_est_works_as_expected_without_strata"/>
    <testcase time="0.0140000000000029" classname="h_step" name="h_step_rsp_est_works_as_expected_with_strata"/>
    <testcase time="0.00300000000000011" classname="h_step" name="h_step_rsp_est_works_as_expected_with_strata"/>
    <testcase time="0.00199999999999534" classname="h_step" name="h_step_rsp_est_works_as_expected_with_strata"/>
    <testcase time="0.0190000000000055" classname="h_step" name="h_step_rsp_est_works_as_expected_with_strata"/>
    <testcase time="0.00199999999999534" classname="h_step" name="h_step_rsp_est_works_as_expected_with_strata"/>
    <testcase time="0.0190000000000055" classname="h_step" name="h_step_rsp_est_works_as_expected_with_strata"/>
    <testcase time="0.00199999999999534" classname="h_step" name="h_step_rsp_est_works_as_expected_with_strata"/>
    <testcase time="0.0189999999999984" classname="h_step" name="h_step_rsp_est_works_as_expected_with_strata"/>
    <testcase time="0.00100000000000477" classname="h_step" name="h_step_rsp_est_works_as_expected_with_strata"/>
    <testcase time="0.0189999999999984" classname="h_step" name="h_step_rsp_est_works_as_expected_with_strata"/>
    <testcase time="0.0279999999999987" classname="h_step" name="h_step_rsp_est_gives_a_readable_warning_when_fitting_warnings_occur"/>
  </testsuite>
  <testsuite name="h_survival_biomarkers_subgroups" timestamp="2024-09-16T10:24:10Z" hostname="64234e8771a2" tests="12" skipped="0" failures="0" errors="0" time="0.226">
    <testcase time="0.0150000000000006" classname="h_survival_biomarkers_subgroups" name="h_surv_to_coxreg_variables_works_as_expected"/>
    <testcase time="0.000999999999997669" classname="h_survival_biomarkers_subgroups" name="h_surv_to_coxreg_variables_works_as_expected"/>
    <testcase time="0.0200000000000031" classname="h_survival_biomarkers_subgroups" name="h_surv_to_coxreg_variables_works_as_expected"/>
    <testcase time="0.0360000000000014" classname="h_survival_biomarkers_subgroups" name="h_coxreg_mult_cont_df_works_as_expected"/>
    <testcase time="0.00199999999999534" classname="h_survival_biomarkers_subgroups" name="h_coxreg_mult_cont_df_works_as_expected"/>
    <testcase time="0.0250000000000057" classname="h_survival_biomarkers_subgroups" name="h_coxreg_mult_cont_df_works_as_expected"/>
    <testcase time="0.0069999999999979" classname="h_survival_biomarkers_subgroups" name="h_coxreg_mult_cont_df_returns_missing_values_if_data_is_empty_0_rows_"/>
    <testcase time="0.000999999999997669" classname="h_survival_biomarkers_subgroups" name="h_coxreg_mult_cont_df_returns_missing_values_if_data_is_empty_0_rows_"/>
    <testcase time="0.0200000000000031" classname="h_survival_biomarkers_subgroups" name="h_coxreg_mult_cont_df_returns_missing_values_if_data_is_empty_0_rows_"/>
    <testcase time="0.0459999999999994" classname="h_survival_biomarkers_subgroups" name="h_tab_surv_one_biomarker_works_as_expected"/>
    <testcase time="0.000999999999997669" classname="h_survival_biomarkers_subgroups" name="h_tab_surv_one_biomarker_works_as_expected"/>
    <testcase time="0.0519999999999996" classname="h_survival_biomarkers_subgroups" name="h_tab_surv_one_biomarker_works_as_expected"/>
  </testsuite>
  <testsuite name="h_survival_duration_subgroups" timestamp="2024-09-16T10:24:11Z" hostname="64234e8771a2" tests="38" skipped="0" failures="0" errors="0" time="0.799">
    <testcase time="0.0220000000000056" classname="h_survival_duration_subgroups" name="h_survtime_df_functions_as_expected_with_valid_input_and_default_arguments"/>
    <testcase time="0.019999999999996" classname="h_survival_duration_subgroups" name="h_survtime_df_functions_as_expected_with_valid_input_and_default_arguments"/>
    <testcase time="0.00999999999999801" classname="h_survival_duration_subgroups" name="h_survtime_df_functions_as_expected_when_median_is_NA"/>
    <testcase time="0.0530000000000044" classname="h_survival_duration_subgroups" name="h_survtime_df_functions_as_expected_when_median_is_NA"/>
    <testcase time="0.00999999999999801" classname="h_survival_duration_subgroups" name="h_survtime_df_functions_as_expected_when_0_records_in_one_group"/>
    <testcase time="0.0210000000000008" classname="h_survival_duration_subgroups" name="h_survtime_df_functions_as_expected_when_0_records_in_one_group"/>
    <testcase time="0.00800000000000267" classname="h_survival_duration_subgroups" name="h_survtime_df_fails_with_wrong_input"/>
    <testcase time="0.0069999999999979" classname="h_survival_duration_subgroups" name="h_split_by_subgroups_functions_as_expected_with_valid_input_and_default_arguments"/>
    <testcase time="0.0219999999999985" classname="h_survival_duration_subgroups" name="h_split_by_subgroups_functions_as_expected_with_valid_input_and_default_arguments"/>
    <testcase time="0.0069999999999979" classname="h_survival_duration_subgroups" name="h_split_by_subgroups_works_as_expected_with_groups_lists"/>
    <testcase time="0.0190000000000055" classname="h_survival_duration_subgroups" name="h_split_by_subgroups_works_as_expected_with_groups_lists"/>
    <testcase time="0.000999999999997669" classname="h_survival_duration_subgroups" name="h_split_by_subgroups_works_as_expected_with_groups_lists"/>
    <testcase time="0.0210000000000008" classname="h_survival_duration_subgroups" name="h_split_by_subgroups_works_as_expected_with_groups_lists"/>
    <testcase time="0.0529999999999973" classname="h_survival_duration_subgroups" name="h_survtime_subgroups_df_functions_as_expected_with_valid_input_and_default_arguments"/>
    <testcase time="0.0210000000000008" classname="h_survival_duration_subgroups" name="h_survtime_subgroups_df_functions_as_expected_with_valid_input_and_default_arguments"/>
    <testcase time="0.00999999999999801" classname="h_survival_duration_subgroups" name="h_survtime_subgroups_df_functions_as_expected_when_subgroups_is_NULL."/>
    <testcase time="0.0200000000000031" classname="h_survival_duration_subgroups" name="h_survtime_subgroups_df_functions_as_expected_when_subgroups_is_NULL."/>
    <testcase time="0.0510000000000019" classname="h_survival_duration_subgroups" name="h_survtime_subgroups_df_works_as_expected_with_groups_lists"/>
    <testcase time="0.0349999999999966" classname="h_survival_duration_subgroups" name="h_survtime_subgroups_df_works_as_expected_with_groups_lists"/>
    <testcase time="0.0110000000000028" classname="h_survival_duration_subgroups" name="h_coxph_df_functions_as_expected_with_valid_input_and_default_arguments"/>
    <testcase time="0.019999999999996" classname="h_survival_duration_subgroups" name="h_coxph_df_functions_as_expected_with_valid_input_and_default_arguments"/>
    <testcase time="0.0110000000000028" classname="h_survival_duration_subgroups" name="h_coxph_df_functions_as_expected_with_one_stratification_factor"/>
    <testcase time="0.0210000000000008" classname="h_survival_duration_subgroups" name="h_coxph_df_functions_as_expected_with_one_stratification_factor"/>
    <testcase time="0.0120000000000005" classname="h_survival_duration_subgroups" name="h_coxph_df_functions_as_expected_with_multiple_stratification_factors"/>
    <testcase time="0.019999999999996" classname="h_survival_duration_subgroups" name="h_coxph_df_functions_as_expected_with_multiple_stratification_factors"/>
    <testcase time="0.007000000000005" classname="h_survival_duration_subgroups" name="h_coxph_df_functions_as_expected_when_0_records_in_one_group"/>
    <testcase time="0.019999999999996" classname="h_survival_duration_subgroups" name="h_coxph_df_functions_as_expected_when_0_records_in_one_group"/>
    <testcase time="0.044000000000004" classname="h_survival_duration_subgroups" name="h_coxph_subgroups_df_functions_as_expected_with_valid_input_and_default_arguments"/>
    <testcase time="0.0209999999999937" classname="h_survival_duration_subgroups" name="h_coxph_subgroups_df_functions_as_expected_with_valid_input_and_default_arguments"/>
    <testcase time="0.0190000000000055" classname="h_survival_duration_subgroups" name="h_coxph_subgroups_df_functions_as_expected_with_valid_input_and_default_arguments"/>
    <testcase time="0.000999999999997669" classname="h_survival_duration_subgroups" name="h_coxph_subgroups_df_functions_as_expected_with_valid_input_and_default_arguments"/>
    <testcase time="0.0200000000000031" classname="h_survival_duration_subgroups" name="h_coxph_subgroups_df_functions_as_expected_with_valid_input_and_default_arguments"/>
    <testcase time="0.0300000000000011" classname="h_survival_duration_subgroups" name="h_coxph_subgroups_df_functions_as_expected_with_stratification_factors"/>
    <testcase time="0.0309999999999988" classname="h_survival_duration_subgroups" name="h_coxph_subgroups_df_functions_as_expected_with_stratification_factors"/>
    <testcase time="0.0140000000000029" classname="h_survival_duration_subgroups" name="h_coxph_subgroups_df_functions_as_expected_when_subgroups_is_NULL."/>
    <testcase time="0.0219999999999985" classname="h_survival_duration_subgroups" name="h_coxph_subgroups_df_functions_as_expected_when_subgroups_is_NULL."/>
    <testcase time="0.0439999999999969" classname="h_survival_duration_subgroups" name="h_coxph_subgroups_df_works_as_expected_with_groups_lists"/>
    <testcase time="0.0200000000000031" classname="h_survival_duration_subgroups" name="h_coxph_subgroups_df_works_as_expected_with_groups_lists"/>
  </testsuite>
  <testsuite name="imputation_rule" timestamp="2024-09-16T10:24:11Z" hostname="64234e8771a2" tests="8" skipped="0" failures="0" errors="0" time="0.172">
    <testcase time="0.0279999999999987" classname="imputation_rule" name="imputation_rule_works_correctly_for_1_3_imputation_rule"/>
    <testcase time="0.0210000000000008" classname="imputation_rule" name="imputation_rule_works_correctly_for_1_3_imputation_rule"/>
    <testcase time="0.019999999999996" classname="imputation_rule" name="imputation_rule_works_correctly_for_1_3_imputation_rule"/>
    <testcase time="0.0200000000000031" classname="imputation_rule" name="imputation_rule_works_correctly_for_1_3_imputation_rule"/>
    <testcase time="0.0229999999999961" classname="imputation_rule" name="imputation_rule_works_correctly_for_1_2_imputation_rule"/>
    <testcase time="0.0200000000000031" classname="imputation_rule" name="imputation_rule_works_correctly_for_1_2_imputation_rule"/>
    <testcase time="0.0200000000000031" classname="imputation_rule" name="imputation_rule_works_correctly_for_1_2_imputation_rule"/>
    <testcase time="0.019999999999996" classname="imputation_rule" name="imputation_rule_works_correctly_for_1_2_imputation_rule"/>
  </testsuite>
  <testsuite name="individual_patient_plot" timestamp="2024-09-16T10:24:12Z" hostname="64234e8771a2" tests="7" skipped="0" failures="0" errors="0" time="0.146">
    <testcase time="0.0309999999999988" classname="individual_patient_plot" name="h_g_ipp_works_correctly"/>
    <testcase time="0.0160000000000053" classname="individual_patient_plot" name="h_g_ipp_works_with_default_color_palette"/>
    <testcase time="0.00900000000000034" classname="individual_patient_plot" name="g_ipp_default_plot_works_with_plotting_choices_all_in_one"/>
    <testcase time="0.019999999999996" classname="individual_patient_plot" name="g_ipp_default_plot_works_with_plotting_choices_split_by_max_obs"/>
    <testcase time="0.00399999999999778" classname="individual_patient_plot" name="g_ipp_default_plot_works_with_plotting_choices_split_by_max_obs"/>
    <testcase time="0.0620000000000047" classname="individual_patient_plot" name="g_ipp_default_plot_works_with_plotting_choices_separate_by_obs"/>
    <testcase time="0.00399999999999778" classname="individual_patient_plot" name="g_ipp_default_plot_works_with_plotting_choices_separate_by_obs"/>
  </testsuite>
  <testsuite name="logistic_regression" timestamp="2024-09-16T10:24:12Z" hostname="64234e8771a2" tests="28" skipped="0" failures="0" errors="0" time="2.073">
    <testcase time="0.0230000000000032" classname="logistic_regression" name="fit_logistic_works_with_default_paramters"/>
    <testcase time="0.0069999999999979" classname="logistic_regression" name="fit_logistic_works_with_default_paramters"/>
    <testcase time="0.00300000000000011" classname="logistic_regression" name="fit_logistic_works_with_default_paramters"/>
    <testcase time="0.0120000000000005" classname="logistic_regression" name="fit_logistic_works_with_covariates_and_interaction"/>
    <testcase time="0.0129999999999981" classname="logistic_regression" name="fit_logistic_works_with_covariates_and_interaction"/>
    <testcase time="0.00399999999999778" classname="logistic_regression" name="fit_logistic_works_with_covariates_and_interaction"/>
    <testcase time="0.0120000000000005" classname="logistic_regression" name="fit_logistic_works_with_different_response_definition"/>
    <testcase time="0.0130000000000052" classname="logistic_regression" name="fit_logistic_works_with_a_single_stratification_variable"/>
    <testcase time="0.000999999999997669" classname="logistic_regression" name="fit_logistic_works_with_a_single_stratification_variable"/>
    <testcase time="0.00399999999999778" classname="logistic_regression" name="fit_logistic_works_with_a_single_stratification_variable"/>
    <testcase time="0.0140000000000029" classname="logistic_regression" name="fit_logistic_works_with_two_stratification_variables"/>
    <testcase time="0.00199999999999534" classname="logistic_regression" name="fit_logistic_works_with_two_stratification_variables"/>
    <testcase time="0.00400000000000489" classname="logistic_regression" name="fit_logistic_works_with_two_stratification_variables"/>
    <testcase time="0.0229999999999961" classname="logistic_regression" name="tidy.glm_works_as_expected_for_simple_case"/>
    <testcase time="0.0320000000000036" classname="logistic_regression" name="tidy.glm_works_as_expected_for_simple_case"/>
    <testcase time="0.027000000000001" classname="logistic_regression" name="tidy.glm_works_as_expected_for_interaction_case"/>
    <testcase time="0.0309999999999988" classname="logistic_regression" name="tidy.glm_works_as_expected_for_interaction_case"/>
    <testcase time="0.00200000000000244" classname="logistic_regression" name="tidy.glm_works_as_expected_for_interaction_case"/>
    <testcase time="0.0549999999999997" classname="logistic_regression" name="logistic_regression_cols_works_as_expected"/>
    <testcase time="0.0629999999999953" classname="logistic_regression" name="logistic_regression_cols_works_as_expected"/>
    <testcase time="0.00500000000000256" classname="logistic_regression" name="logistic_summary_by_flag_works"/>
    <testcase time="0.00499999999999545" classname="logistic_regression" name="logistic_summary_by_flag_works"/>
    <testcase time="0.518000000000001" classname="logistic_regression" name="summarize_logistic_works_as_expected_for_interaction_model_with_continuous_variable"/>
    <testcase time="0.170000000000002" classname="logistic_regression" name="summarize_logistic_works_as_expected_for_interaction_model_with_continuous_variable"/>
    <testcase time="0.561" classname="logistic_regression" name="summarize_logistic_works_as_expected_for_interaction_model_with_categorical_variable"/>
    <testcase time="0.178000000000004" classname="logistic_regression" name="summarize_logistic_works_as_expected_for_interaction_model_with_categorical_variable"/>
    <testcase time="0.186999999999998" classname="logistic_regression" name="summarize_logistic_works_as_expected_for_simple_model_without_interactions"/>
    <testcase time="0.103999999999999" classname="logistic_regression" name="summarize_logistic_works_as_expected_for_simple_model_without_interactions"/>
  </testsuite>
  <testsuite name="make_afun" timestamp="2024-09-16T10:24:14Z" hostname="64234e8771a2" tests="34" skipped="0" failures="0" errors="0" time="0.431">
    <testcase time="0.00999999999999801" classname="make_afun" name="make_afun_works_with_healthy_input_statistics_function_taking_df_"/>
    <testcase time="0.00100000000000477" classname="make_afun" name="make_afun_works_with_healthy_input_statistics_function_taking_df_"/>
    <testcase time="0.00300000000000011" classname="make_afun" name="make_afun_works_with_healthy_input_statistics_function_taking_df_"/>
    <testcase time="0.00199999999999534" classname="make_afun" name="make_afun_works_with_healthy_input_statistics_function_taking_df_"/>
    <testcase time="0.0200000000000031" classname="make_afun" name="make_afun_works_with_healthy_input_statistics_function_taking_df_"/>
    <testcase time="0.00200000000000244" classname="make_afun" name="make_afun_works_with_healthy_input_statistics_function_taking_df_"/>
    <testcase time="0.019999999999996" classname="make_afun" name="make_afun_works_with_healthy_input_statistics_function_taking_df_"/>
    <testcase time="0.00400000000000489" classname="make_afun" name="make_afun_processes_additional_rtables_arguments_correctly"/>
    <testcase time="0.00199999999999534" classname="make_afun" name="make_afun_processes_additional_rtables_arguments_correctly"/>
    <testcase time="0.00200000000000244" classname="make_afun" name="make_afun_processes_additional_rtables_arguments_correctly"/>
    <testcase time="0.00399999999999778" classname="make_afun" name="make_afun_processes_additional_rtables_arguments_correctly"/>
    <testcase time="0.0200000000000031" classname="make_afun" name="make_afun_processes_additional_rtables_arguments_correctly"/>
    <testcase time="0.00499999999999545" classname="make_afun" name="make_afun_works_with_healthy_input_function_taking_x_"/>
    <testcase time="0.00100000000000477" classname="make_afun" name="make_afun_works_with_healthy_input_function_taking_x_"/>
    <testcase time="0.00300000000000011" classname="make_afun" name="make_afun_works_with_healthy_input_function_taking_x_"/>
    <testcase time="0.00199999999999534" classname="make_afun" name="make_afun_works_with_healthy_input_function_taking_x_"/>
    <testcase time="0.0200000000000031" classname="make_afun" name="make_afun_works_with_healthy_input_function_taking_x_"/>
    <testcase time="0.00300000000000011" classname="make_afun" name="make_afun_works_with_healthy_input_function_taking_x_"/>
    <testcase time="0.0200000000000031" classname="make_afun" name="make_afun_works_with_healthy_input_function_taking_x_"/>
    <testcase time="0.00399999999999778" classname="make_afun" name="make_afun_produces_empty_cells_and_keeps_labels_when_applied_to_empty_character"/>
    <testcase time="0.000999999999997669" classname="make_afun" name="make_afun_produces_empty_cells_and_keeps_labels_when_applied_to_empty_character"/>
    <testcase time="0.00300000000000011" classname="make_afun" name="make_afun_produces_empty_cells_and_keeps_labels_when_applied_to_empty_character"/>
    <testcase time="0.00200000000000244" classname="make_afun" name="make_afun_produces_empty_cells_and_keeps_labels_when_applied_to_empty_character"/>
    <testcase time="0.019999999999996" classname="make_afun" name="make_afun_produces_empty_cells_and_keeps_labels_when_applied_to_empty_character"/>
    <testcase time="0.00200000000000244" classname="make_afun" name="make_afun_produces_empty_cells_and_keeps_labels_when_applied_to_empty_character"/>
    <testcase time="0.0200000000000031" classname="make_afun" name="make_afun_produces_empty_cells_and_keeps_labels_when_applied_to_empty_character"/>
    <testcase time="0.046999999999997" classname="make_afun" name="make_afun_produces_empty_cells_and_keeps_labels_when_applied_to_empty_character"/>
    <testcase time="0.0499999999999972" classname="make_afun" name="make_afun_produces_empty_cells_and_keeps_labels_when_applied_to_empty_character"/>
    <testcase time="0.0370000000000061" classname="make_afun" name="make_afun_by_default_removes_results_from_.in_ref_col_"/>
    <testcase time="0.0479999999999947" classname="make_afun" name="make_afun_by_default_removes_results_from_.in_ref_col_"/>
    <testcase time="0.00600000000000023" classname="make_afun" name="make_afun_works_with_nested_lists"/>
    <testcase time="0.0210000000000008" classname="make_afun" name="make_afun_works_with_nested_lists"/>
    <testcase time="0.00600000000000023" classname="make_afun" name="make_afun_can_subset_on_non_nested_results_when_unnesting_took_place"/>
    <testcase time="0.0200000000000031" classname="make_afun" name="make_afun_can_subset_on_non_nested_results_when_unnesting_took_place"/>
  </testsuite>
  <testsuite name="odds_ratio" timestamp="2024-09-16T10:24:14Z" hostname="64234e8771a2" tests="17" skipped="0" failures="0" errors="0" time="0.464">
    <testcase time="0.0109999999999957" classname="odds_ratio" name="or_glm_estimates_right_OR_and_CI"/>
    <testcase time="0.0190000000000055" classname="odds_ratio" name="or_glm_estimates_right_OR_and_CI"/>
    <testcase time="0.00300000000000011" classname="odds_ratio" name="or_glm_estimates_right_OR_and_CI"/>
    <testcase time="0.0179999999999936" classname="odds_ratio" name="or_glm_estimates_right_OR_and_CI"/>
    <testcase time="0.00900000000000034" classname="odds_ratio" name="or_clogit_estimates_right_OR_and_CI"/>
    <testcase time="0.0280000000000058" classname="odds_ratio" name="or_clogit_estimates_right_OR_and_CI"/>
    <testcase time="0.00900000000000034" classname="odds_ratio" name="s_odds_ratio_estimates_right_OR_and_CI_unstratified_analysis_"/>
    <testcase time="0.0229999999999961" classname="odds_ratio" name="s_odds_ratio_estimates_right_OR_and_CI_unstratified_analysis_"/>
    <testcase time="0.0110000000000028" classname="odds_ratio" name="s_odds_ratio_estimates_right_OR_and_CI_stratified_analysis_"/>
    <testcase time="0.0189999999999984" classname="odds_ratio" name="s_odds_ratio_estimates_right_OR_and_CI_stratified_analysis_"/>
    <testcase time="0.0140000000000029" classname="odds_ratio" name="s_odds_ratio_returns_error_for_incorrect_groups"/>
    <testcase time="0.0659999999999954" classname="odds_ratio" name="estimate_odds_ratio_estimates_right_OR_and_CI_unstratified_analysis_"/>
    <testcase time="0.0480000000000018" classname="odds_ratio" name="estimate_odds_ratio_estimates_right_OR_and_CI_unstratified_analysis_"/>
    <testcase time="0.0399999999999991" classname="odds_ratio" name="estimate_odds_ratio_estimates_right_OR_and_CI_stratified_analysis_"/>
    <testcase time="0.0489999999999995" classname="odds_ratio" name="estimate_odds_ratio_estimates_right_OR_and_CI_stratified_analysis_"/>
    <testcase time="0.054000000000002" classname="odds_ratio" name="estimate_odds_ratio_works_with_strata_and_combined_groups"/>
    <testcase time="0.0429999999999993" classname="odds_ratio" name="estimate_odds_ratio_works_with_strata_and_combined_groups"/>
  </testsuite>
  <testsuite name="prop_diff" timestamp="2024-09-16T10:24:15Z" hostname="64234e8771a2" tests="43" skipped="0" failures="0" errors="0" time="0.679">
    <testcase time="0.0110000000000028" classname="prop_diff" name="_prop_diff_ha_proportion_difference_by_Anderson_Hauck_"/>
    <testcase time="0.0189999999999984" classname="prop_diff" name="_prop_diff_ha_proportion_difference_by_Anderson_Hauck_"/>
    <testcase time="0.00200000000000244" classname="prop_diff" name="_prop_diff_ha_proportion_difference_by_Anderson_Hauck_"/>
    <testcase time="0.019999999999996" classname="prop_diff" name="_prop_diff_ha_proportion_difference_by_Anderson_Hauck_"/>
    <testcase time="0.00500000000000256" classname="prop_diff" name="_prop_diff_nc_proportion_difference_by_Newcombe_"/>
    <testcase time="0.0189999999999984" classname="prop_diff" name="_prop_diff_nc_proportion_difference_by_Newcombe_"/>
    <testcase time="0.00200000000000244" classname="prop_diff" name="_prop_diff_nc_proportion_difference_by_Newcombe_"/>
    <testcase time="0.0189999999999984" classname="prop_diff" name="_prop_diff_nc_proportion_difference_by_Newcombe_"/>
    <testcase time="0.00600000000000023" classname="prop_diff" name="_prop_diff_wald_proportion_difference_by_Wald_s_test_with_correction_"/>
    <testcase time="0.0190000000000055" classname="prop_diff" name="_prop_diff_wald_proportion_difference_by_Wald_s_test_with_correction_"/>
    <testcase time="0.00199999999999534" classname="prop_diff" name="_prop_diff_wald_proportion_difference_by_Wald_s_test_with_correction_"/>
    <testcase time="0.0189999999999984" classname="prop_diff" name="_prop_diff_wald_proportion_difference_by_Wald_s_test_with_correction_"/>
    <testcase time="0.00200000000000244" classname="prop_diff" name="_prop_diff_wald_proportion_difference_by_Wald_s_test_with_correction_"/>
    <testcase time="0.0189999999999984" classname="prop_diff" name="_prop_diff_wald_proportion_difference_by_Wald_s_test_with_correction_"/>
    <testcase time="0.00500000000000256" classname="prop_diff" name="_prop_diff_wald_proportion_difference_by_Wald_s_test_without_correction_"/>
    <testcase time="0.0189999999999984" classname="prop_diff" name="_prop_diff_wald_proportion_difference_by_Wald_s_test_without_correction_"/>
    <testcase time="0.00900000000000034" classname="prop_diff" name="_prop_diff_wald_proportion_difference_by_Wald_s_test_without_correction_"/>
    <testcase time="0.0279999999999987" classname="prop_diff" name="_prop_diff_wald_proportion_difference_by_Wald_s_test_without_correction_"/>
    <testcase time="0.00200000000000244" classname="prop_diff" name="_prop_diff_wald_proportion_difference_by_Wald_s_test_without_correction_"/>
    <testcase time="0.0189999999999984" classname="prop_diff" name="_prop_diff_wald_proportion_difference_by_Wald_s_test_without_correction_"/>
    <testcase time="0.00600000000000023" classname="prop_diff" name="_prop_diff_cmh_proportion_difference_by_CMH_"/>
    <testcase time="0.0189999999999984" classname="prop_diff" name="_prop_diff_cmh_proportion_difference_by_CMH_"/>
    <testcase time="0.00600000000000023" classname="prop_diff" name="_prop_diff_cmh_proportion_difference_by_CMH_"/>
    <testcase time="0.00600000000000023" classname="prop_diff" name="prop_diff_cmh_works_correctly_when_some_strata_don_t_have_both_groups"/>
    <testcase time="0.00200000000000244" classname="prop_diff" name="prop_diff_cmh_works_correctly_when_some_strata_don_t_have_both_groups"/>
    <testcase time="0.00300000000000011" classname="prop_diff" name="prop_diff_cmh_works_correctly_when_some_strata_don_t_have_both_groups"/>
    <testcase time="0.000999999999997669" classname="prop_diff" name="prop_diff_cmh_works_correctly_when_some_strata_don_t_have_both_groups"/>
    <testcase time="0.0190000000000055" classname="prop_diff" name="prop_diff_cmh_works_correctly_when_some_strata_don_t_have_both_groups"/>
    <testcase time="0.0109999999999957" classname="prop_diff" name="_prop_strat_nc_proportion_difference_by_stratified_Newcombe_with_cmh_weights"/>
    <testcase time="0.00300000000000011" classname="prop_diff" name="_prop_strat_nc_proportion_difference_by_stratified_Newcombe_with_cmh_weights"/>
    <testcase time="0.0120000000000005" classname="prop_diff" name="_prop_strat_nc_proportion_difference_by_stratified_Newcombe_with_wilson_h_weights"/>
    <testcase time="0.00300000000000011" classname="prop_diff" name="_prop_strat_nc_proportion_difference_by_stratified_Newcombe_with_wilson_h_weights"/>
    <testcase time="0.00900000000000034" classname="prop_diff" name="prop_diff_strat_nc_output_matches_equivalent_SAS_function_output"/>
    <testcase time="0.0189999999999984" classname="prop_diff" name="prop_diff_strat_nc_output_matches_equivalent_SAS_function_output"/>
    <testcase time="0.0549999999999997" classname="prop_diff" name="_estimate_proportion_diff_is_compatible_with_rtables_"/>
    <testcase time="0.0450000000000017" classname="prop_diff" name="_estimate_proportion_diff_is_compatible_with_rtables_"/>
    <testcase time="0.0570000000000022" classname="prop_diff" name="_estimate_proportion_diff_and_cmh_is_compatible_with_rtables_"/>
    <testcase time="0.0450000000000017" classname="prop_diff" name="_estimate_proportion_diff_and_cmh_is_compatible_with_rtables_"/>
    <testcase time="0.0589999999999975" classname="prop_diff" name="_estimate_proportion_diff_and_strat_newcombe_is_compatible_with_rtables_"/>
    <testcase time="0.0069999999999979" classname="prop_diff" name="s_proportion_diff_works_with_no_strata"/>
    <testcase time="0.0200000000000031" classname="prop_diff" name="s_proportion_diff_works_with_no_strata"/>
    <testcase time="0.0069999999999979" classname="prop_diff" name="s_proportion_diff_works_with_strata"/>
    <testcase time="0.0189999999999984" classname="prop_diff" name="s_proportion_diff_works_with_strata"/>
  </testsuite>
  <testsuite name="prune_occurrences" timestamp="2024-09-16T10:24:17Z" hostname="64234e8771a2" tests="41" skipped="0" failures="0" errors="0" time="2.15">
    <testcase time="1.317" classname="prune_occurrences" name="keep_rows_works_in_a_special_case_identical_to_standard_pruning"/>
    <testcase time="0.0410000000000039" classname="prune_occurrences" name="keep_rows_works_in_a_special_case_identical_to_standard_pruning"/>
    <testcase time="0.00900000000000034" classname="prune_occurrences" name="keep_rows_prunes_everything_if_condition_is_always_FALSE_"/>
    <testcase time="0.0150000000000006" classname="prune_occurrences" name="keep_rows_keeps_everything_if_condition_is_always_TRUE_"/>
    <testcase time="0.0149999999999935" classname="prune_occurrences" name="keep_content_rows_works_as_expected"/>
    <testcase time="0.054000000000002" classname="prune_occurrences" name="has_count_in_cols_result_works_in_a_special_case_identical_to_standard_pruning"/>
    <testcase time="0.0200000000000031" classname="prune_occurrences" name="has_count_in_cols_result_performs_comparisons_correctly"/>
    <testcase time="0.0509999999999948" classname="prune_occurrences" name="has_count_in_cols_result_performs_comparisons_correctly"/>
    <testcase time="0.00300000000000011" classname="prune_occurrences" name="has_count_in_cols_result_performs_comparisons_correctly"/>
    <testcase time="0.00300000000000011" classname="prune_occurrences" name="has_count_in_cols_result_performs_comparisons_correctly"/>
    <testcase time="0.00300000000000011" classname="prune_occurrences" name="has_count_in_cols_result_performs_comparisons_correctly"/>
    <testcase time="0.0140000000000029" classname="prune_occurrences" name="has_count_in_any_col_result_performs_comparisons_correctly"/>
    <testcase time="0.0600000000000023" classname="prune_occurrences" name="has_count_in_any_col_result_performs_comparisons_correctly"/>
    <testcase time="0.00399999999999778" classname="prune_occurrences" name="has_count_in_any_col_result_performs_comparisons_correctly"/>
    <testcase time="0.00399999999999778" classname="prune_occurrences" name="has_count_in_any_col_result_performs_comparisons_correctly"/>
    <testcase time="0.00400000000000489" classname="prune_occurrences" name="has_count_in_any_col_result_performs_comparisons_correctly"/>
    <testcase time="0.080999999999996" classname="prune_occurrences" name="has_fraction_in_cols_result_works_in_a_special_case_identical_to_standard_pruning"/>
    <testcase time="0.0150000000000006" classname="prune_occurrences" name="has_fraction_in_cols_result_performs_comparisons_correctly"/>
    <testcase time="0.0510000000000019" classname="prune_occurrences" name="has_fraction_in_cols_result_performs_comparisons_correctly"/>
    <testcase time="0.00200000000000244" classname="prune_occurrences" name="has_fraction_in_cols_result_performs_comparisons_correctly"/>
    <testcase time="0.0189999999999984" classname="prune_occurrences" name="has_fraction_in_cols_result_performs_comparisons_correctly"/>
    <testcase time="0.00300000000000011" classname="prune_occurrences" name="has_fraction_in_cols_result_performs_comparisons_correctly"/>
    <testcase time="0.00300000000000011" classname="prune_occurrences" name="has_fraction_in_cols_result_performs_comparisons_correctly"/>
    <testcase time="0.00399999999999778" classname="prune_occurrences" name="has_fraction_in_cols_result_performs_comparisons_correctly"/>
    <testcase time="0.0140000000000029" classname="prune_occurrences" name="has_fraction_in_any_col_result_performs_comparisons_correctly"/>
    <testcase time="0.0559999999999974" classname="prune_occurrences" name="has_fraction_in_any_col_result_performs_comparisons_correctly"/>
    <testcase time="0.00500000000000256" classname="prune_occurrences" name="has_fraction_in_any_col_result_performs_comparisons_correctly"/>
    <testcase time="0.00300000000000011" classname="prune_occurrences" name="has_fraction_in_any_col_result_performs_comparisons_correctly"/>
    <testcase time="0.00399999999999778" classname="prune_occurrences" name="has_fraction_in_any_col_result_performs_comparisons_correctly"/>
    <testcase time="0.0200000000000031" classname="prune_occurrences" name="has_fractions_difference_result_performs_comparisons_correctly"/>
    <testcase time="0.0519999999999996" classname="prune_occurrences" name="has_fractions_difference_result_performs_comparisons_correctly"/>
    <testcase time="0.00300000000000011" classname="prune_occurrences" name="has_fractions_difference_result_performs_comparisons_correctly"/>
    <testcase time="0.00300000000000011" classname="prune_occurrences" name="has_fractions_difference_result_performs_comparisons_correctly"/>
    <testcase time="0.00300000000000011" classname="prune_occurrences" name="has_fractions_difference_result_performs_comparisons_correctly"/>
    <testcase time="0.0150000000000006" classname="prune_occurrences" name="has_counts_difference_result_performs_comparisons_correctly"/>
    <testcase time="0.0499999999999972" classname="prune_occurrences" name="has_counts_difference_result_performs_comparisons_correctly"/>
    <testcase time="0.00300000000000011" classname="prune_occurrences" name="has_counts_difference_result_performs_comparisons_correctly"/>
    <testcase time="0.00300000000000011" classname="prune_occurrences" name="has_counts_difference_result_performs_comparisons_correctly"/>
    <testcase time="0.00300000000000011" classname="prune_occurrences" name="has_counts_difference_result_performs_comparisons_correctly"/>
    <testcase time="0.0339999999999989" classname="prune_occurrences" name="combination_of_pruning_functions_works"/>
    <testcase time="0.0840000000000032" classname="prune_occurrences" name="combination_of_pruning_functions_works"/>
  </testsuite>
  <testsuite name="response_biomarkers_subgroups" timestamp="2024-09-16T10:24:18Z" hostname="64234e8771a2" tests="20" skipped="0" failures="0" errors="0" time="1.552">
    <testcase time="0.070999999999998" classname="response_biomarkers_subgroups" name="extract_rsp_biomarkers_functions_as_expected_with_valid_input_and_default_arguments"/>
    <testcase time="0.00200000000000244" classname="response_biomarkers_subgroups" name="extract_rsp_biomarkers_functions_as_expected_with_valid_input_and_default_arguments"/>
    <testcase time="0.0219999999999985" classname="response_biomarkers_subgroups" name="extract_rsp_biomarkers_functions_as_expected_with_valid_input_and_default_arguments"/>
    <testcase time="0.0559999999999974" classname="response_biomarkers_subgroups" name="extract_rsp_biomarkers_works_as_expected_with_other_custom_options"/>
    <testcase time="0.00200000000000244" classname="response_biomarkers_subgroups" name="extract_rsp_biomarkers_works_as_expected_with_other_custom_options"/>
    <testcase time="0.0200000000000031" classname="response_biomarkers_subgroups" name="extract_rsp_biomarkers_works_as_expected_with_other_custom_options"/>
    <testcase time="0.00300000000000011" classname="response_biomarkers_subgroups" name="extract_rsp_biomarkers_works_as_expected_with_other_custom_options"/>
    <testcase time="0.00300000000000011" classname="response_biomarkers_subgroups" name="extract_rsp_biomarkers_works_as_expected_with_other_custom_options"/>
    <testcase time="0.346999999999994" classname="response_biomarkers_subgroups" name="tabulate_rsp_biomarkers_works_as_expected_with_valid_input"/>
    <testcase time="0.153000000000006" classname="response_biomarkers_subgroups" name="tabulate_rsp_biomarkers_works_as_expected_with_valid_input"/>
    <testcase time="0.00199999999999534" classname="response_biomarkers_subgroups" name="tabulate_rsp_biomarkers_works_as_expected_with_valid_input"/>
    <testcase time="0.0200000000000031" classname="response_biomarkers_subgroups" name="tabulate_rsp_biomarkers_works_as_expected_with_valid_input"/>
    <testcase time="0.0109999999999957" classname="response_biomarkers_subgroups" name="tabulate_rsp_biomarkers_functions_as_expected_with_NULL_subgroups"/>
    <testcase time="0.129000000000005" classname="response_biomarkers_subgroups" name="tabulate_rsp_biomarkers_functions_as_expected_with_NULL_subgroups"/>
    <testcase time="0.0760000000000005" classname="response_biomarkers_subgroups" name="tabulate_rsp_biomarkers_functions_as_expected_with_NULL_subgroups"/>
    <testcase time="0.0619999999999976" classname="response_biomarkers_subgroups" name="tabulate_rsp_biomarkers_works_with_only_a_single_biomarker_in_the_data_frame"/>
    <testcase time="0.00200000000000244" classname="response_biomarkers_subgroups" name="tabulate_rsp_biomarkers_works_with_only_a_single_biomarker_in_the_data_frame"/>
    <testcase time="0.0739999999999981" classname="response_biomarkers_subgroups" name="tabulate_rsp_biomarkers_works_with_only_a_single_biomarker_in_the_data_frame"/>
    <testcase time="0.360999999999997" classname="response_biomarkers_subgroups" name="tabulate_rsp_biomarkers_na_str_argument_works_as_expected"/>
    <testcase time="0.136000000000003" classname="response_biomarkers_subgroups" name="tabulate_rsp_biomarkers_na_str_argument_works_as_expected"/>
  </testsuite>
  <testsuite name="response_subgroups" timestamp="2024-09-16T10:24:19Z" hostname="64234e8771a2" tests="34" skipped="0" failures="0" errors="0" time="4.915">
    <testcase time="0.0859999999999985" classname="response_subgroups" name="extract_rsp_subgroups_functions_as_expected_with_valid_input_and_default_arguments"/>
    <testcase time="0.0219999999999985" classname="response_subgroups" name="extract_rsp_subgroups_functions_as_expected_with_valid_input_and_default_arguments"/>
    <testcase time="0.0100000000000051" classname="response_subgroups" name="extract_rsp_subgroups_functions_as_expected_with_NULL_subgroups"/>
    <testcase time="0.019999999999996" classname="response_subgroups" name="extract_rsp_subgroups_functions_as_expected_with_NULL_subgroups"/>
    <testcase time="0.0559999999999974" classname="response_subgroups" name="extract_rsp_subgroups_works_as_expected_with_groups_lists"/>
    <testcase time="0.0200000000000031" classname="response_subgroups" name="extract_rsp_subgroups_works_as_expected_with_groups_lists"/>
    <testcase time="0.000999999999997669" classname="response_subgroups" name="extract_rsp_subgroups_works_as_expected_with_groups_lists"/>
    <testcase time="0.0200000000000031" classname="response_subgroups" name="extract_rsp_subgroups_works_as_expected_with_groups_lists"/>
    <testcase time="0.0769999999999982" classname="response_subgroups" name="extract_rsp_subgroups_functions_as_expected_with_strata"/>
    <testcase time="0.0290000000000035" classname="response_subgroups" name="extract_rsp_subgroups_functions_as_expected_with_strata"/>
    <testcase time="0.0330000000000013" classname="response_subgroups" name="a_response_subgroups_functions_as_expected_with_valid_input"/>
    <testcase time="0.0449999999999946" classname="response_subgroups" name="a_response_subgroups_functions_as_expected_with_valid_input"/>
    <testcase time="0.417999999999999" classname="response_subgroups" name="tabulate_rsp_subgroups_functions_as_expected_with_valid_input"/>
    <testcase time="0.128" classname="response_subgroups" name="tabulate_rsp_subgroups_functions_as_expected_with_valid_input"/>
    <testcase time="0.422000000000004" classname="response_subgroups" name="tabulate_rsp_subgroups_correctly_calculates_column_indices"/>
    <testcase time="0.0210000000000008" classname="response_subgroups" name="tabulate_rsp_subgroups_correctly_calculates_column_indices"/>
    <testcase time="0.0999999999999943" classname="response_subgroups" name="tabulate_rsp_subgroups_correctly_calculates_column_indices"/>
    <testcase time="0.0200000000000031" classname="response_subgroups" name="tabulate_rsp_subgroups_correctly_calculates_column_indices"/>
    <testcase time="0.303000000000004" classname="response_subgroups" name="tabulate_rsp_subgroups_functions_as_expected_with_valid_input_extreme_values_in_OR_table"/>
    <testcase time="0.116" classname="response_subgroups" name="tabulate_rsp_subgroups_functions_as_expected_with_valid_input_extreme_values_in_OR_table"/>
    <testcase time="0.167000000000002" classname="response_subgroups" name="tabulate_rsp_subgroups_functions_as_expected_with_NULL_subgroups"/>
    <testcase time="0.107999999999997" classname="response_subgroups" name="tabulate_rsp_subgroups_functions_as_expected_with_NULL_subgroups"/>
    <testcase time="0.0700000000000003" classname="response_subgroups" name="tabulate_rsp_subgroups_functions_as_expected_when_0_obs_in_one_arm"/>
    <testcase time="0.342999999999996" classname="response_subgroups" name="tabulate_rsp_subgroups_functions_as_expected_when_0_obs_in_one_arm"/>
    <testcase time="0.135000000000005" classname="response_subgroups" name="tabulate_rsp_subgroups_functions_as_expected_when_0_obs_in_one_arm"/>
    <testcase time="0.00499999999999545" classname="response_subgroups" name="d_rsp_subgroups_colvars_functions_as_expected_with_valid_input"/>
    <testcase time="0.0200000000000031" classname="response_subgroups" name="d_rsp_subgroups_colvars_functions_as_expected_with_valid_input"/>
    <testcase time="0.438000000000002" classname="response_subgroups" name="tabulate_rsp_subgroups_.formats_argument_works_as_expected"/>
    <testcase time="0.117999999999995" classname="response_subgroups" name="tabulate_rsp_subgroups_.formats_argument_works_as_expected"/>
    <testcase time="0.435000000000002" classname="response_subgroups" name="tabulate_rsp_subgroups_na_str_argument_works_as_expected"/>
    <testcase time="0.121000000000002" classname="response_subgroups" name="tabulate_rsp_subgroups_na_str_argument_works_as_expected"/>
    <testcase time="0.463999999999999" classname="response_subgroups" name="tabulate_rsp_subgroups_riskdiff_argument_works_as_expected"/>
    <testcase time="0.140999999999998" classname="response_subgroups" name="tabulate_rsp_subgroups_riskdiff_argument_works_as_expected"/>
    <testcase time="0.402999999999999" classname="response_subgroups" name="tabulate_rsp_subgroups_pval_statistic_warning_works_as_expected"/>
  </testsuite>
  <testsuite name="rtables_access" timestamp="2024-09-16T10:24:25Z" hostname="64234e8771a2" tests="26" skipped="0" failures="0" errors="0" time="1.902">
    <testcase time="1.16" classname="rtables_access" name="h_row_first_values_works_as_expected"/>
    <testcase time="0.0499999999999972" classname="rtables_access" name="h_row_first_values_works_as_expected"/>
    <testcase time="0.00200000000000244" classname="rtables_access" name="h_row_first_values_works_as_expected"/>
    <testcase time="0.0189999999999984" classname="rtables_access" name="h_row_first_values_works_as_expected"/>
    <testcase time="0.00200000000000244" classname="rtables_access" name="h_row_first_values_works_as_expected"/>
    <testcase time="0.0189999999999984" classname="rtables_access" name="h_row_first_values_works_as_expected"/>
    <testcase time="0.00200000000000244" classname="rtables_access" name="h_row_first_values_works_as_expected"/>
    <testcase time="0.0189999999999984" classname="rtables_access" name="h_row_first_values_works_as_expected"/>
    <testcase time="0.00500000000000256" classname="rtables_access" name="h_row_first_values_works_as_expected"/>
    <testcase time="0.0129999999999981" classname="rtables_access" name="h_row_counts_works_as_expected"/>
    <testcase time="0.0649999999999977" classname="rtables_access" name="h_row_counts_works_as_expected"/>
    <testcase time="0.00300000000000011" classname="rtables_access" name="h_row_counts_works_as_expected"/>
    <testcase time="0.0260000000000034" classname="rtables_access" name="h_row_counts_works_as_expected"/>
    <testcase time="0.0109999999999957" classname="rtables_access" name="h_row_counts_returns_NA_with_empty_analysis_row"/>
    <testcase time="0.0480000000000018" classname="rtables_access" name="h_row_counts_returns_NA_with_empty_analysis_row"/>
    <testcase time="0.00200000000000244" classname="rtables_access" name="h_row_counts_returns_NA_with_empty_analysis_row"/>
    <testcase time="0.0189999999999984" classname="rtables_access" name="h_row_counts_returns_NA_with_empty_analysis_row"/>
    <testcase time="0.0139999999999958" classname="rtables_access" name="h_row_fractions_works_as_expected"/>
    <testcase time="0.0519999999999996" classname="rtables_access" name="h_row_fractions_works_as_expected"/>
    <testcase time="0.00200000000000244" classname="rtables_access" name="h_row_fractions_works_as_expected"/>
    <testcase time="0.0189999999999984" classname="rtables_access" name="h_row_fractions_works_as_expected"/>
    <testcase time="0.00500000000000256" classname="rtables_access" name="h_col_counts_works_as_expected"/>
    <testcase time="0.0200000000000031" classname="rtables_access" name="h_col_counts_works_as_expected"/>
    <testcase time="0.268999999999998" classname="rtables_access" name="is_leaf_table_works_as_expected"/>
    <testcase time="0.00999999999999801" classname="rtables_access" name="is_leaf_table_works_as_expected"/>
    <testcase time="0.0459999999999994" classname="rtables_access" name="h_content_first_row_works_as_expected"/>
  </testsuite>
  <testsuite name="score_occurrences" timestamp="2024-09-16T10:24:26Z" hostname="64234e8771a2" tests="13" skipped="0" failures="0" errors="0" time="0.955">
    <testcase time="0.303000000000004" classname="score_occurrences" name="score_occurrences_functions_as_expected"/>
    <testcase time="0.0959999999999965" classname="score_occurrences" name="score_occurrences_functions_as_expected"/>
    <testcase time="0.0069999999999979" classname="score_occurrences" name="score_occurrences_functions_as_expected_with_empty_analysis_rows"/>
    <testcase time="0.117000000000004" classname="score_occurrences" name="score_occurrences_functions_as_expected_with_empty_analysis_rows"/>
    <testcase time="0.00399999999999778" classname="score_occurrences" name="score_occurrences_cols_functions_as_expected"/>
    <testcase time="0.00399999999999778" classname="score_occurrences" name="score_occurrences_cols_functions_as_expected"/>
    <testcase time="0.0960000000000036" classname="score_occurrences" name="score_occurrences_cols_functions_as_expected"/>
    <testcase time="0.0820000000000007" classname="score_occurrences" name="score_occurrences_subtable_functions_as_expected"/>
    <testcase time="0.00300000000000011" classname="score_occurrences" name="score_occurrences_subtable_functions_as_expected"/>
    <testcase time="0.0940000000000012" classname="score_occurrences" name="score_occurrences_subtable_functions_as_expected"/>
    <testcase time="0.0749999999999957" classname="score_occurrences" name="score_occurrences_cont_cols_functions_as_expected"/>
    <testcase time="0.00200000000000244" classname="score_occurrences" name="score_occurrences_cont_cols_functions_as_expected"/>
    <testcase time="0.0719999999999956" classname="score_occurrences" name="score_occurrences_cont_cols_functions_as_expected"/>
  </testsuite>
  <testsuite name="split_cols_by_groups" timestamp="2024-09-16T10:24:27Z" hostname="64234e8771a2" tests="34" skipped="0" failures="0" errors="0" time="0.796">
    <testcase time="0.0110000000000028" classname="split_cols_by_groups" name="groups_list_to_df_works_as_expected"/>
    <testcase time="0.027000000000001" classname="split_cols_by_groups" name="groups_list_to_df_works_as_expected"/>
    <testcase time="0.0110000000000028" classname="split_cols_by_groups" name="combine_groups_combines_character_vectors"/>
    <testcase time="0.00199999999999534" classname="split_cols_by_groups" name="combine_groups_combines_character_vectors"/>
    <testcase time="0.0279999999999987" classname="split_cols_by_groups" name="combine_groups_combines_character_vectors"/>
    <testcase time="0.00500000000000256" classname="split_cols_by_groups" name="combine_groups_combines_factors"/>
    <testcase time="0.00200000000000244" classname="split_cols_by_groups" name="combine_groups_combines_factors"/>
    <testcase time="0.019999999999996" classname="split_cols_by_groups" name="combine_groups_combines_factors"/>
    <testcase time="0.00500000000000256" classname="split_cols_by_groups" name="combine_groups_combines_factors_with_given_reference"/>
    <testcase time="0.0189999999999984" classname="split_cols_by_groups" name="combine_groups_combines_factors_with_given_reference"/>
    <testcase time="0.00500000000000256" classname="split_cols_by_groups" name="combine_groups_use_good_separator"/>
    <testcase time="0.019999999999996" classname="split_cols_by_groups" name="combine_groups_use_good_separator"/>
    <testcase time="0.00500000000000256" classname="split_cols_by_groups" name="combine_groups_can_use_multiple_reference"/>
    <testcase time="0.0189999999999984" classname="split_cols_by_groups" name="combine_groups_can_use_multiple_reference"/>
    <testcase time="0.0410000000000039" classname="split_cols_by_groups" name="split_cols_by_groups_manages_combinations_of_columns"/>
    <testcase time="0.0439999999999969" classname="split_cols_by_groups" name="split_cols_by_groups_manages_combinations_of_columns"/>
    <testcase time="0.036999999999999" classname="split_cols_by_groups" name="split_cols_by_groups_manages_combinations_of_columns_with_reference"/>
    <testcase time="0.0619999999999976" classname="split_cols_by_groups" name="split_cols_by_groups_manages_combinations_of_columns_with_reference"/>
    <testcase time="0.0450000000000017" classname="split_cols_by_groups" name="split_cols_by_groups_equivalent_to_split_cols_by_when_no_groups"/>
    <testcase time="0.0510000000000019" classname="split_cols_by_groups" name="split_cols_by_groups_equivalent_to_split_cols_by_when_no_groups"/>
    <testcase time="0.0499999999999972" classname="split_cols_by_groups" name="split_cols_by_groups_equivalent_to_split_cols_by_with_ref_col_but_no_groups"/>
    <testcase time="0.0500000000000043" classname="split_cols_by_groups" name="split_cols_by_groups_equivalent_to_split_cols_by_with_ref_col_but_no_groups"/>
    <testcase time="0.0739999999999981" classname="split_cols_by_groups" name="split_cols_by_groups_manages_combinations_of_columns_with_reference_and_alt_counts_df"/>
    <testcase time="0.0549999999999997" classname="split_cols_by_groups" name="split_cols_by_groups_manages_combinations_of_columns_with_reference_and_alt_counts_df"/>
    <testcase time="0.00800000000000267" classname="split_cols_by_groups" name="combine_counts_combines_character_vectors"/>
    <testcase time="0.00499999999999545" classname="split_cols_by_groups" name="combine_counts_combines_character_vectors"/>
    <testcase time="0.00200000000000244" classname="split_cols_by_groups" name="combine_counts_combines_character_vectors"/>
    <testcase time="0.0200000000000031" classname="split_cols_by_groups" name="combine_counts_combines_character_vectors"/>
    <testcase time="0.00499999999999545" classname="split_cols_by_groups" name="combine_counts_combines_factors"/>
    <testcase time="0.0189999999999984" classname="split_cols_by_groups" name="combine_counts_combines_factors"/>
    <testcase time="0.00499999999999545" classname="split_cols_by_groups" name="combine_counts_combines_factors"/>
    <testcase time="0.0190000000000055" classname="split_cols_by_groups" name="combine_counts_combines_factors"/>
    <testcase time="0.00600000000000023" classname="split_cols_by_groups" name="combine_counts_with_groups_list_NULL"/>
    <testcase time="0.0189999999999984" classname="split_cols_by_groups" name="combine_counts_with_groups_list_NULL"/>
  </testsuite>
  <testsuite name="stat" timestamp="2024-09-16T10:24:28Z" hostname="64234e8771a2" tests="84" skipped="0" failures="0" errors="0" time="0.982">
    <testcase time="0.0109999999999957" classname="stat" name="stat_mean_ci_works_for_series_without_NAs_including_extreme_case_n_1_and_various_n_min_values_"/>
    <testcase time="0.0190000000000055" classname="stat" name="stat_mean_ci_works_for_series_without_NAs_including_extreme_case_n_1_and_various_n_min_values_"/>
    <testcase time="0.00199999999999534" classname="stat" name="stat_mean_ci_works_for_series_without_NAs_including_extreme_case_n_1_and_various_n_min_values_"/>
    <testcase time="0.0200000000000031" classname="stat" name="stat_mean_ci_works_for_series_without_NAs_including_extreme_case_n_1_and_various_n_min_values_"/>
    <testcase time="0.000999999999997669" classname="stat" name="stat_mean_ci_works_for_series_without_NAs_including_extreme_case_n_1_and_various_n_min_values_"/>
    <testcase time="0.0200000000000031" classname="stat" name="stat_mean_ci_works_for_series_without_NAs_including_extreme_case_n_1_and_various_n_min_values_"/>
    <testcase time="0.00199999999999534" classname="stat" name="stat_mean_ci_works_for_series_without_NAs_including_extreme_case_n_1_and_various_n_min_values_"/>
    <testcase time="0.0190000000000055" classname="stat" name="stat_mean_ci_works_for_series_without_NAs_including_extreme_case_n_1_and_various_n_min_values_"/>
    <testcase time="0.00499999999999545" classname="stat" name="stat_mean_ci_works_for_series_with_NAs_including_extreme_case_n_1_and_various_n_min_values_"/>
    <testcase time="0.0309999999999988" classname="stat" name="stat_mean_ci_works_for_series_with_NAs_including_extreme_case_n_1_and_various_n_min_values_"/>
    <testcase time="0.00200000000000244" classname="stat" name="stat_mean_ci_works_for_series_with_NAs_including_extreme_case_n_1_and_various_n_min_values_"/>
    <testcase time="0.0279999999999987" classname="stat" name="stat_mean_ci_works_for_series_with_NAs_including_extreme_case_n_1_and_various_n_min_values_"/>
    <testcase time="0.00200000000000244" classname="stat" name="stat_mean_ci_works_for_series_with_NAs_including_extreme_case_n_1_and_various_n_min_values_"/>
    <testcase time="0.0219999999999985" classname="stat" name="stat_mean_ci_works_for_series_with_NAs_including_extreme_case_n_1_and_various_n_min_values_"/>
    <testcase time="0.00100000000000477" classname="stat" name="stat_mean_ci_works_for_series_with_NAs_including_extreme_case_n_1_and_various_n_min_values_"/>
    <testcase time="0.019999999999996" classname="stat" name="stat_mean_ci_works_for_series_with_NAs_including_extreme_case_n_1_and_various_n_min_values_"/>
    <testcase time="0.000999999999997669" classname="stat" name="stat_mean_ci_works_for_series_with_NAs_including_extreme_case_n_1_and_various_n_min_values_"/>
    <testcase time="0.0200000000000031" classname="stat" name="stat_mean_ci_works_for_series_with_NAs_including_extreme_case_n_1_and_various_n_min_values_"/>
    <testcase time="0.000999999999997669" classname="stat" name="stat_mean_ci_works_for_series_with_NAs_including_extreme_case_n_1_and_various_n_min_values_"/>
    <testcase time="0.0200000000000031" classname="stat" name="stat_mean_ci_works_for_series_with_NAs_including_extreme_case_n_1_and_various_n_min_values_"/>
    <testcase time="0.000999999999997669" classname="stat" name="stat_mean_ci_works_for_series_with_NAs_including_extreme_case_n_1_and_various_n_min_values_"/>
    <testcase time="0.0200000000000031" classname="stat" name="stat_mean_ci_works_for_series_with_NAs_including_extreme_case_n_1_and_various_n_min_values_"/>
    <testcase time="0.00199999999999534" classname="stat" name="stat_mean_ci_works_for_series_with_NAs_including_extreme_case_n_1_and_various_n_min_values_"/>
    <testcase time="0.0200000000000031" classname="stat" name="stat_mean_ci_works_for_series_with_NAs_including_extreme_case_n_1_and_various_n_min_values_"/>
    <testcase time="0.000999999999997669" classname="stat" name="stat_mean_ci_works_for_series_with_NAs_including_extreme_case_n_1_and_various_n_min_values_"/>
    <testcase time="0.0200000000000031" classname="stat" name="stat_mean_ci_works_for_series_with_NAs_including_extreme_case_n_1_and_various_n_min_values_"/>
    <testcase time="0.000999999999997669" classname="stat" name="stat_mean_ci_works_for_series_with_NAs_including_extreme_case_n_1_and_various_n_min_values_"/>
    <testcase time="0.0200000000000031" classname="stat" name="stat_mean_ci_works_for_series_with_NAs_including_extreme_case_n_1_and_various_n_min_values_"/>
    <testcase time="0.000999999999997669" classname="stat" name="stat_mean_ci_works_for_series_with_NAs_including_extreme_case_n_1_and_various_n_min_values_"/>
    <testcase time="0.0200000000000031" classname="stat" name="stat_mean_ci_works_for_series_with_NAs_including_extreme_case_n_1_and_various_n_min_values_"/>
    <testcase time="0.00399999999999778" classname="stat" name="stat_mean_pval_works_for_series_without_NAs_including_extreme_case_n_1_and_various_n_min_values_"/>
    <testcase time="0.0200000000000031" classname="stat" name="stat_mean_pval_works_for_series_without_NAs_including_extreme_case_n_1_and_various_n_min_values_"/>
    <testcase time="0.000999999999997669" classname="stat" name="stat_mean_pval_works_for_series_without_NAs_including_extreme_case_n_1_and_various_n_min_values_"/>
    <testcase time="0.0189999999999984" classname="stat" name="stat_mean_pval_works_for_series_without_NAs_including_extreme_case_n_1_and_various_n_min_values_"/>
    <testcase time="0.00200000000000244" classname="stat" name="stat_mean_pval_works_for_series_without_NAs_including_extreme_case_n_1_and_various_n_min_values_"/>
    <testcase time="0.0330000000000013" classname="stat" name="stat_mean_pval_works_for_series_without_NAs_including_extreme_case_n_1_and_various_n_min_values_"/>
    <testcase time="0.00600000000000023" classname="stat" name="stat_mean_pval_works_for_series_with_NAs_including_extreme_case_n_1_and_various_n_min_values_"/>
    <testcase time="0.0259999999999962" classname="stat" name="stat_mean_pval_works_for_series_with_NAs_including_extreme_case_n_1_and_various_n_min_values_"/>
    <testcase time="0.00200000000000244" classname="stat" name="stat_mean_pval_works_for_series_with_NAs_including_extreme_case_n_1_and_various_n_min_values_"/>
    <testcase time="0.0189999999999984" classname="stat" name="stat_mean_pval_works_for_series_with_NAs_including_extreme_case_n_1_and_various_n_min_values_"/>
    <testcase time="0.00200000000000244" classname="stat" name="stat_mean_pval_works_for_series_with_NAs_including_extreme_case_n_1_and_various_n_min_values_"/>
    <testcase time="0.019999999999996" classname="stat" name="stat_mean_pval_works_for_series_with_NAs_including_extreme_case_n_1_and_various_n_min_values_"/>
    <testcase time="0.000999999999997669" classname="stat" name="stat_mean_pval_works_for_series_with_NAs_including_extreme_case_n_1_and_various_n_min_values_"/>
    <testcase time="0.0200000000000031" classname="stat" name="stat_mean_pval_works_for_series_with_NAs_including_extreme_case_n_1_and_various_n_min_values_"/>
    <testcase time="0.000999999999997669" classname="stat" name="stat_mean_pval_works_for_series_with_NAs_including_extreme_case_n_1_and_various_n_min_values_"/>
    <testcase time="0.0200000000000031" classname="stat" name="stat_mean_pval_works_for_series_with_NAs_including_extreme_case_n_1_and_various_n_min_values_"/>
    <testcase time="0.000999999999997669" classname="stat" name="stat_mean_pval_works_for_series_with_NAs_including_extreme_case_n_1_and_various_n_min_values_"/>
    <testcase time="0.0200000000000031" classname="stat" name="stat_mean_pval_works_for_series_with_NAs_including_extreme_case_n_1_and_various_n_min_values_"/>
    <testcase time="0.000999999999997669" classname="stat" name="stat_mean_pval_works_for_series_with_NAs_including_extreme_case_n_1_and_various_n_min_values_"/>
    <testcase time="0.0200000000000031" classname="stat" name="stat_mean_pval_works_for_series_with_NAs_including_extreme_case_n_1_and_various_n_min_values_"/>
    <testcase time="0.00199999999999534" classname="stat" name="stat_mean_pval_works_for_series_with_NAs_including_extreme_case_n_1_and_various_n_min_values_"/>
    <testcase time="0.0190000000000055" classname="stat" name="stat_mean_pval_works_for_series_with_NAs_including_extreme_case_n_1_and_various_n_min_values_"/>
    <testcase time="0.00600000000000023" classname="stat" name="stat_mean_pval_returns_the_correct_p_value"/>
    <testcase time="0.00399999999999778" classname="stat" name="stat_mean_pval_returns_the_correct_p_value"/>
    <testcase time="0.00500000000000256" classname="stat" name="stat_median_ci_works_for_series_without_NAs_including_extreme_case_n_1_"/>
    <testcase time="0.019999999999996" classname="stat" name="stat_median_ci_works_for_series_without_NAs_including_extreme_case_n_1_"/>
    <testcase time="0.00200000000000244" classname="stat" name="stat_median_ci_works_for_series_without_NAs_including_extreme_case_n_1_"/>
    <testcase time="0.0189999999999984" classname="stat" name="stat_median_ci_works_for_series_without_NAs_including_extreme_case_n_1_"/>
    <testcase time="0.00200000000000244" classname="stat" name="stat_median_ci_works_for_series_without_NAs_including_extreme_case_n_1_"/>
    <testcase time="0.0189999999999984" classname="stat" name="stat_median_ci_works_for_series_without_NAs_including_extreme_case_n_1_"/>
    <testcase time="0.0120000000000005" classname="stat" name="stat_median_ci_works_for_series_with_NAs_including_extreme_case_n_1_"/>
    <testcase time="0.027000000000001" classname="stat" name="stat_median_ci_works_for_series_with_NAs_including_extreme_case_n_1_"/>
    <testcase time="0.00300000000000011" classname="stat" name="stat_median_ci_works_for_series_with_NAs_including_extreme_case_n_1_"/>
    <testcase time="0.0269999999999939" classname="stat" name="stat_median_ci_works_for_series_with_NAs_including_extreme_case_n_1_"/>
    <testcase time="0.00200000000000244" classname="stat" name="stat_median_ci_works_for_series_with_NAs_including_extreme_case_n_1_"/>
    <testcase time="0.0200000000000031" classname="stat" name="stat_median_ci_works_for_series_with_NAs_including_extreme_case_n_1_"/>
    <testcase time="0.00199999999999534" classname="stat" name="stat_median_ci_works_for_series_with_NAs_including_extreme_case_n_1_"/>
    <testcase time="0.0200000000000031" classname="stat" name="stat_median_ci_works_for_series_with_NAs_including_extreme_case_n_1_"/>
    <testcase time="0.00200000000000244" classname="stat" name="stat_median_ci_works_for_series_with_NAs_including_extreme_case_n_1_"/>
    <testcase time="0.0189999999999984" classname="stat" name="stat_median_ci_works_for_series_with_NAs_including_extreme_case_n_1_"/>
    <testcase time="0.00199999999999534" classname="stat" name="stat_median_ci_works_for_series_with_NAs_including_extreme_case_n_1_"/>
    <testcase time="0.0190000000000055" classname="stat" name="stat_median_ci_works_for_series_with_NAs_including_extreme_case_n_1_"/>
    <testcase time="0.00199999999999534" classname="stat" name="stat_median_ci_works_for_series_with_NAs_including_extreme_case_n_1_"/>
    <testcase time="0.0200000000000031" classname="stat" name="stat_median_ci_works_for_series_with_NAs_including_extreme_case_n_1_"/>
    <testcase time="0.00200000000000244" classname="stat" name="stat_median_ci_works_for_series_with_NAs_including_extreme_case_n_1_"/>
    <testcase time="0.019999999999996" classname="stat" name="stat_median_ci_works_for_series_with_NAs_including_extreme_case_n_1_"/>
    <testcase time="0.00200000000000244" classname="stat" name="stat_median_ci_works_for_series_with_NAs_including_extreme_case_n_1_"/>
    <testcase time="0.0189999999999984" classname="stat" name="stat_median_ci_works_for_series_with_NAs_including_extreme_case_n_1_"/>
    <testcase time="0.00500000000000256" classname="stat" name="stat_median_ci_works_for_named_numeric_values_when_name_is_missing_"/>
    <testcase time="0.019999999999996" classname="stat" name="stat_median_ci_works_for_named_numeric_values_when_name_is_missing_"/>
    <testcase time="0.00500000000000256" classname="stat" name="stat_propdiff_ci_works_with_names_and_multiple_values_in_x_and_y_"/>
    <testcase time="0.0189999999999984" classname="stat" name="stat_propdiff_ci_works_with_names_and_multiple_values_in_x_and_y_"/>
    <testcase time="0.00500000000000256" classname="stat" name="stat_propdiff_ci_works_with_custom_arguments_"/>
    <testcase time="0.0189999999999984" classname="stat" name="stat_propdiff_ci_works_with_custom_arguments_"/>
  </testsuite>
  <testsuite name="summarize_ancova" timestamp="2024-09-16T10:24:29Z" hostname="64234e8771a2" tests="20" skipped="0" failures="0" errors="0" time="1.401">
    <testcase time="0.124000000000002" classname="summarize_ancova" name="h_ancova_works_with_healthy_input"/>
    <testcase time="0.0419999999999945" classname="summarize_ancova" name="h_ancova_works_with_healthy_input"/>
    <testcase time="0.00900000000000034" classname="summarize_ancova" name="h_ancova_fails_wrong_inputs"/>
    <testcase time="0.00400000000000489" classname="summarize_ancova" name="h_ancova_fails_wrong_inputs"/>
    <testcase time="0.0289999999999964" classname="summarize_ancova" name="s_ancova_works_with_healthy_input"/>
    <testcase time="0.0200000000000031" classname="summarize_ancova" name="s_ancova_works_with_healthy_input"/>
    <testcase time="0.0259999999999962" classname="summarize_ancova" name="s_ancova_fails_wrong_inputs"/>
    <testcase time="0.027000000000001" classname="summarize_ancova" name="s_ancova_works_with_interaction_and_.in_ref_col_TRUE"/>
    <testcase time="0.0200000000000031" classname="summarize_ancova" name="s_ancova_works_with_interaction_and_.in_ref_col_TRUE"/>
    <testcase time="0.239999999999995" classname="summarize_ancova" name="summarize_ancova_works_with_healthy_inputs"/>
    <testcase time="0.0830000000000055" classname="summarize_ancova" name="summarize_ancova_works_with_healthy_inputs"/>
    <testcase time="0.196999999999996" classname="summarize_ancova" name="summarize_ancova_works_with_interaction"/>
    <testcase time="0.007000000000005" classname="summarize_ancova" name="summarize_ancova_works_with_interaction"/>
    <testcase time="0.00300000000000011" classname="summarize_ancova" name="summarize_ancova_works_with_interaction"/>
    <testcase time="0.119" classname="summarize_ancova" name="summarize_ancova_works_with_irregular_arm_levels"/>
    <testcase time="0.0789999999999935" classname="summarize_ancova" name="summarize_ancova_works_with_irregular_arm_levels"/>
    <testcase time="0.121000000000002" classname="summarize_ancova" name="summarize_ancova_works_with_irregular_arm_levels"/>
    <testcase time="0.0649999999999977" classname="summarize_ancova" name="summarize_ancova_works_with_irregular_arm_levels"/>
    <testcase time="0.113000000000007" classname="summarize_ancova" name="summarize_ancova_works_with_irregular_arm_levels"/>
    <testcase time="0.0729999999999933" classname="summarize_ancova" name="summarize_ancova_works_with_irregular_arm_levels"/>
  </testsuite>
  <testsuite name="summarize_change" timestamp="2024-09-16T10:24:30Z" hostname="64234e8771a2" tests="8" skipped="0" failures="0" errors="0" time="0.277">
    <testcase time="0.0110000000000028" classname="summarize_change" name="s_change_from_baseline_handles_empty_data_complete_missing_for_a_visit_"/>
    <testcase time="0.0200000000000031" classname="summarize_change" name="s_change_from_baseline_handles_empty_data_complete_missing_for_a_visit_"/>
    <testcase time="0.00600000000000023" classname="summarize_change" name="s_change_from_baseline_handles_NA_in_baseline_values"/>
    <testcase time="0.019999999999996" classname="summarize_change" name="s_change_from_baseline_handles_NA_in_baseline_values"/>
    <testcase time="0.0069999999999979" classname="summarize_change" name="s_change_from_baseline_handles_baseline_substitution"/>
    <testcase time="0.0200000000000031" classname="summarize_change" name="s_change_from_baseline_handles_baseline_substitution"/>
    <testcase time="0.110999999999997" classname="summarize_change" name="summarize_change_works_as_expected"/>
    <testcase time="0.0820000000000007" classname="summarize_change" name="summarize_change_works_as_expected"/>
  </testsuite>
  <testsuite name="summarize_colvars" timestamp="2024-09-16T10:24:30Z" hostname="64234e8771a2" tests="6" skipped="0" failures="0" errors="0" time="0.67">
    <testcase time="0.097999999999999" classname="summarize_colvars" name="summarize_colvars_works_as_expected_without_column_split_and_default_behavior"/>
    <testcase time="0.104000000000006" classname="summarize_colvars" name="summarize_colvars_works_as_expected_without_column_split_and_default_behavior"/>
    <testcase time="0.126999999999995" classname="summarize_colvars" name="summarize_colvars_works_as_expected_with_column_split"/>
    <testcase time="0.130000000000003" classname="summarize_colvars" name="summarize_colvars_works_as_expected_with_column_split"/>
    <testcase time="0.110999999999997" classname="summarize_colvars" name="summarize_colvars_works_when_selecting_statistics_and_custom_formatting"/>
    <testcase time="0.100000000000001" classname="summarize_colvars" name="summarize_colvars_works_when_selecting_statistics_and_custom_formatting"/>
  </testsuite>
  <testsuite name="summarize_coxreg" timestamp="2024-09-16T10:24:31Z" hostname="64234e8771a2" tests="41" skipped="0" failures="0" errors="0" time="5.138">
    <testcase time="0.0499999999999972" classname="summarize_coxreg" name="s_coxreg_converts_tabulated_results_in_a_list"/>
    <testcase time="0.0200000000000031" classname="summarize_coxreg" name="s_coxreg_converts_tabulated_results_in_a_list"/>
    <testcase time="0.0549999999999997" classname="summarize_coxreg" name="s_coxreg_works_with_which_vars_and_var_nms_arguments"/>
    <testcase time="0.0200000000000031" classname="summarize_coxreg" name="s_coxreg_works_with_which_vars_and_var_nms_arguments"/>
    <testcase time="0.0539999999999949" classname="summarize_coxreg" name="s_coxreg_works_with_character_covariates_in_the_univariate_case_when_interaction_TRUE"/>
    <testcase time="0.0210000000000008" classname="summarize_coxreg" name="s_coxreg_works_with_character_covariates_in_the_univariate_case_when_interaction_TRUE"/>
    <testcase time="0.0290000000000035" classname="summarize_coxreg" name="a_coxreg_works_as_expected"/>
    <testcase time="0.0210000000000008" classname="summarize_coxreg" name="a_coxreg_works_as_expected"/>
    <testcase time="0.169999999999995" classname="summarize_coxreg" name="summarize_coxreg_adds_the_univariate_Cox_regression_layer_to_rtables"/>
    <testcase time="0.0700000000000003" classname="summarize_coxreg" name="summarize_coxreg_adds_the_univariate_Cox_regression_layer_to_rtables"/>
    <testcase time="0.00300000000000011" classname="summarize_coxreg" name="summarize_coxreg_adds_the_univariate_Cox_regression_layer_to_rtables"/>
    <testcase time="0.179000000000002" classname="summarize_coxreg" name="summarize_coxreg_adds_the_univariate_Cox_regression_layer_to_rtables"/>
    <testcase time="0.0700000000000003" classname="summarize_coxreg" name="summarize_coxreg_adds_the_univariate_Cox_regression_layer_to_rtables"/>
    <testcase time="0.163000000000004" classname="summarize_coxreg" name="summarize_coxreg_adds_the_univariate_Cox_regression_layer_to_rtables"/>
    <testcase time="0.0699999999999932" classname="summarize_coxreg" name="summarize_coxreg_adds_the_univariate_Cox_regression_layer_to_rtables"/>
    <testcase time="0.0880000000000081" classname="summarize_coxreg" name="summarize_coxreg_adds_the_univariate_Cox_regression_layer_to_rtables"/>
    <testcase time="0.180000000000007" classname="summarize_coxreg" name="summarize_coxreg_.section_div_argument_works"/>
    <testcase time="0.0690000000000026" classname="summarize_coxreg" name="summarize_coxreg_.section_div_argument_works"/>
    <testcase time="0.321999999999989" classname="summarize_coxreg" name="summarize_coxreg_works_with_interactions_in_univariate_case"/>
    <testcase time="0.125" classname="summarize_coxreg" name="summarize_coxreg_works_with_interactions_in_univariate_case"/>
    <testcase time="0.236000000000004" classname="summarize_coxreg" name="summarize_coxreg_at_argument_works_in_univariate_case"/>
    <testcase time="0.0940000000000083" classname="summarize_coxreg" name="summarize_coxreg_at_argument_works_in_univariate_case"/>
    <testcase time="0.257999999999996" classname="summarize_coxreg" name="summarize_coxreg_na_str_argument_works"/>
    <testcase time="0.376000000000005" classname="summarize_coxreg" name="summarize_coxreg_na_str_argument_works"/>
    <testcase time="0.11099999999999" classname="summarize_coxreg" name="summarize_coxreg_works_without_treatment_arm_in_univariate_case"/>
    <testcase time="0.0660000000000025" classname="summarize_coxreg" name="summarize_coxreg_works_without_treatment_arm_in_univariate_case"/>
    <testcase time="0.120999999999995" classname="summarize_coxreg" name="summarize_coxreg_works_with_numeric_covariate_without_treatment_arm_in_univariate_case"/>
    <testcase time="0.0680000000000121" classname="summarize_coxreg" name="summarize_coxreg_works_with_numeric_covariate_without_treatment_arm_in_univariate_case"/>
    <testcase time="0.140999999999991" classname="summarize_coxreg" name="summarize_coxreg_works_with_character_covariate_in_univariate_case_when_interaction_TRUE"/>
    <testcase time="0.0790000000000077" classname="summarize_coxreg" name="summarize_coxreg_works_with_character_covariate_in_univariate_case_when_interaction_TRUE"/>
    <testcase time="0.228999999999999" classname="summarize_coxreg" name="summarize_coxreg_works_with_character_covariate_in_univariate_case_when_interaction_TRUE"/>
    <testcase time="0.0899999999999892" classname="summarize_coxreg" name="summarize_coxreg_works_with_character_covariate_in_univariate_case_when_interaction_TRUE"/>
    <testcase time="0.334000000000003" classname="summarize_coxreg" name="summarize_coxreg_adds_the_multivariate_Cox_regression_layer_to_rtables"/>
    <testcase time="0.0919999999999987" classname="summarize_coxreg" name="summarize_coxreg_adds_the_multivariate_Cox_regression_layer_to_rtables"/>
    <testcase time="0.00300000000000011" classname="summarize_coxreg" name="summarize_coxreg_adds_the_multivariate_Cox_regression_layer_to_rtables"/>
    <testcase time="0.329000000000008" classname="summarize_coxreg" name="summarize_coxreg_adds_the_multivariate_Cox_regression_layer_to_rtables"/>
    <testcase time="0.0819999999999936" classname="summarize_coxreg" name="summarize_coxreg_adds_the_multivariate_Cox_regression_layer_to_rtables"/>
    <testcase time="0.331000000000003" classname="summarize_coxreg" name="summarize_coxreg_adds_the_multivariate_Cox_regression_layer_to_rtables"/>
    <testcase time="0.0829999999999984" classname="summarize_coxreg" name="summarize_coxreg_adds_the_multivariate_Cox_regression_layer_to_rtables"/>
    <testcase time="0.231000000000009" classname="summarize_coxreg" name="warning_error_messages_work"/>
    <testcase time="0.00499999999999545" classname="summarize_coxreg" name="warning_error_messages_work"/>
  </testsuite>
  <testsuite name="summarize_glm_count" timestamp="2024-09-16T10:24:36Z" hostname="64234e8771a2" tests="44" skipped="0" failures="0" errors="0" time="1.571">
    <testcase time="0.0379999999999967" classname="summarize_glm_count" name="h_glm_poisson_glm_fit_works_with_healthy_input"/>
    <testcase time="0.019999999999996" classname="summarize_glm_count" name="h_glm_poisson_glm_fit_works_with_healthy_input"/>
    <testcase time="0.0420000000000016" classname="summarize_glm_count" name="h_glm_poisson_emmeans_fit_works_with_healthy_input"/>
    <testcase time="0.0210000000000008" classname="summarize_glm_count" name="h_glm_poisson_emmeans_fit_works_with_healthy_input"/>
    <testcase time="0.007000000000005" classname="summarize_glm_count" name="h_glm_poisson_fails_wrong_inputs"/>
    <testcase time="0.00499999999999545" classname="summarize_glm_count" name="h_glm_poisson_fails_wrong_inputs"/>
    <testcase time="0.0310000000000059" classname="summarize_glm_count" name="h_glm_poisson_glm_fit_works_with_healthy_input_with_covariates"/>
    <testcase time="0.0189999999999912" classname="summarize_glm_count" name="h_glm_poisson_glm_fit_works_with_healthy_input_with_covariates"/>
    <testcase time="0.0380000000000109" classname="summarize_glm_count" name="h_glm_poisson_emmeans_fit_works_with_healthy_input_with_covariates"/>
    <testcase time="0.0189999999999912" classname="summarize_glm_count" name="h_glm_poisson_emmeans_fit_works_with_healthy_input_with_covariates"/>
    <testcase time="0.0319999999999965" classname="summarize_glm_count" name="h_glm_quasipoisson_glm_fit_works_with_healthy_input"/>
    <testcase time="0.0190000000000055" classname="summarize_glm_count" name="h_glm_quasipoisson_glm_fit_works_with_healthy_input"/>
    <testcase time="0.0360000000000014" classname="summarize_glm_count" name="h_glm_quasipoisson_emmeans_fit_works_with_healthy_input"/>
    <testcase time="0.019999999999996" classname="summarize_glm_count" name="h_glm_quasipoisson_emmeans_fit_works_with_healthy_input"/>
    <testcase time="0.00800000000000978" classname="summarize_glm_count" name="h_glm_quasipoisson_fails_wrong_inputs"/>
    <testcase time="0.00399999999999068" classname="summarize_glm_count" name="h_glm_quasipoisson_fails_wrong_inputs"/>
    <testcase time="0.0499999999999972" classname="summarize_glm_count" name="h_glm_negbin_glm_fit_works_with_healthy_input"/>
    <testcase time="0.0200000000000102" classname="summarize_glm_count" name="h_glm_negbin_glm_fit_works_with_healthy_input"/>
    <testcase time="0.0589999999999975" classname="summarize_glm_count" name="h_glm_negbin_emmeans_fit_works_with_healthy_input"/>
    <testcase time="0.019999999999996" classname="summarize_glm_count" name="h_glm_negbin_emmeans_fit_works_with_healthy_input"/>
    <testcase time="0.00799999999999557" classname="summarize_glm_count" name="h_glm_negbin_fails_wrong_inputs"/>
    <testcase time="0.00500000000000966" classname="summarize_glm_count" name="h_glm_negbin_fails_wrong_inputs"/>
    <testcase time="0.0339999999999918" classname="summarize_glm_count" name="h_glm_count_glm_fit_works_with_healthy_input"/>
    <testcase time="0.0190000000000055" classname="summarize_glm_count" name="h_glm_count_glm_fit_works_with_healthy_input"/>
    <testcase time="0.0370000000000061" classname="summarize_glm_count" name="h_glm_count_emmeans_fit_works_with_healthy_input"/>
    <testcase time="0.0189999999999912" classname="summarize_glm_count" name="h_glm_count_emmeans_fit_works_with_healthy_input"/>
    <testcase time="0.00799999999999557" classname="summarize_glm_count" name="h_glm_count_fails_wrong_inputs"/>
    <testcase time="0.00400000000000489" classname="summarize_glm_count" name="h_glm_count_fails_wrong_inputs"/>
    <testcase time="0.054000000000002" classname="summarize_glm_count" name="h_ppmeans_works_with_healthy_input"/>
    <testcase time="0.046999999999997" classname="summarize_glm_count" name="h_ppmeans_works_with_healthy_input"/>
    <testcase time="0.00800000000000978" classname="summarize_glm_count" name="h_ppmeans_works_with_healthy_input"/>
    <testcase time="0.0349999999999966" classname="summarize_glm_count" name="s_glm_count_works_with_healthy_input"/>
    <testcase time="0.0189999999999912" classname="summarize_glm_count" name="s_glm_count_works_with_healthy_input"/>
    <testcase time="0.0550000000000068" classname="summarize_glm_count" name="s_glm_count_negative_binomial_works_with_healthy_input"/>
    <testcase time="0.019999999999996" classname="summarize_glm_count" name="s_glm_count_negative_binomial_works_with_healthy_input"/>
    <testcase time="0.0400000000000063" classname="summarize_glm_count" name="s_glm_count_works_with_no_reference_group_selected."/>
    <testcase time="0.019999999999996" classname="summarize_glm_count" name="s_glm_count_works_with_no_reference_group_selected."/>
    <testcase time="0.0559999999999974" classname="summarize_glm_count" name="s_glm_count_negative_binomial_works_with_no_reference_group_selected."/>
    <testcase time="0.019999999999996" classname="summarize_glm_count" name="s_glm_count_negative_binomial_works_with_no_reference_group_selected."/>
    <testcase time="0.00800000000000978" classname="summarize_glm_count" name="s_glm_count_fails_wrong_inputs"/>
    <testcase time="0.176999999999992" classname="summarize_glm_count" name="summarize_glm_count_works_with_healthy_inputs"/>
    <testcase time="0.0799999999999983" classname="summarize_glm_count" name="summarize_glm_count_works_with_healthy_inputs"/>
    <testcase time="0.205000000000013" classname="summarize_glm_count" name="summarize_glm_count_negative_binomial_works_with_healthy_inputs"/>
    <testcase time="0.0849999999999937" classname="summarize_glm_count" name="summarize_glm_count_negative_binomial_works_with_healthy_inputs"/>
  </testsuite>
  <testsuite name="summarize_num_patients" timestamp="2024-09-16T10:24:38Z" hostname="64234e8771a2" tests="50" skipped="0" failures="0" errors="0" time="2.18">
    <testcase time="0.0109999999999957" classname="summarize_num_patients" name="s_num_patients_works_as_expected_with_healthy_input"/>
    <testcase time="0.0190000000000055" classname="summarize_num_patients" name="s_num_patients_works_as_expected_with_healthy_input"/>
    <testcase time="0.00499999999999545" classname="summarize_num_patients" name="s_num_patients_works_as_expected_with_empty_input"/>
    <testcase time="0.0190000000000055" classname="summarize_num_patients" name="s_num_patients_works_as_expected_with_empty_input"/>
    <testcase time="0.00400000000000489" classname="summarize_num_patients" name="s_num_patients_works_as_expected_with_unique_count_suffix_FALSE"/>
    <testcase time="0.0189999999999912" classname="summarize_num_patients" name="s_num_patients_works_as_expected_with_unique_count_suffix_FALSE"/>
    <testcase time="0.00499999999999545" classname="summarize_num_patients" name="s_num_patients_content_works_as_expected_with_healthy_input"/>
    <testcase time="0.0190000000000055" classname="summarize_num_patients" name="s_num_patients_content_works_as_expected_with_healthy_input"/>
    <testcase time="0.0409999999999968" classname="summarize_num_patients" name="summarize_num_patients_works_as_expected_with_healthy_input"/>
    <testcase time="0.054000000000002" classname="summarize_num_patients" name="summarize_num_patients_works_as_expected_with_healthy_input"/>
    <testcase time="0.0319999999999965" classname="summarize_num_patients" name="summarize_num_patients_works_as_expected_with_healthy_input"/>
    <testcase time="0.0430000000000064" classname="summarize_num_patients" name="summarize_num_patients_works_as_expected_with_healthy_input"/>
    <testcase time="0.0309999999999917" classname="summarize_num_patients" name="summarize_num_patients_works_as_expected_with_healthy_input"/>
    <testcase time="0.0439999999999969" classname="summarize_num_patients" name="summarize_num_patients_works_as_expected_with_healthy_input"/>
    <testcase time="0.0320000000000107" classname="summarize_num_patients" name="summarize_num_patients_works_as_expected_with_healthy_input"/>
    <testcase time="0.0489999999999924" classname="summarize_num_patients" name="summarize_num_patients_works_as_expected_with_healthy_input"/>
    <testcase time="0.00500000000000966" classname="summarize_num_patients" name="s_num_patients_count_by_works_as_expected_with_healthy_input"/>
    <testcase time="0.0189999999999912" classname="summarize_num_patients" name="s_num_patients_count_by_works_as_expected_with_healthy_input"/>
    <testcase time="0.00499999999999545" classname="summarize_num_patients" name="s_num_patients_count_by_with_missing_works_as_expected_with_healthy_input"/>
    <testcase time="0.0180000000000007" classname="summarize_num_patients" name="s_num_patients_count_by_with_missing_works_as_expected_with_healthy_input"/>
    <testcase time="0.00500000000000966" classname="summarize_num_patients" name="s_num_patients_count_by_with_missing_case_2_works_as_expected_with_healthy_input"/>
    <testcase time="0.0189999999999912" classname="summarize_num_patients" name="s_num_patients_count_by_with_missing_case_2_works_as_expected_with_healthy_input"/>
    <testcase time="0.00500000000000966" classname="summarize_num_patients" name="s_num_patients_content_with_count_by_works_as_expected_with_healthy_input"/>
    <testcase time="0.0189999999999912" classname="summarize_num_patients" name="s_num_patients_content_with_count_by_works_as_expected_with_healthy_input"/>
    <testcase time="0.00500000000000966" classname="summarize_num_patients" name="s_num_patients_content_with_count_by_case_2_works_as_expected_with_healthy_input"/>
    <testcase time="0.0189999999999912" classname="summarize_num_patients" name="s_num_patients_content_with_count_by_case_2_works_as_expected_with_healthy_input"/>
    <testcase time="0.00500000000000966" classname="summarize_num_patients" name="s_num_patients_content_with_count_by_trivial_cases_identical_to_without_count_by"/>
    <testcase time="0.0189999999999912" classname="summarize_num_patients" name="s_num_patients_content_with_count_by_trivial_cases_identical_to_without_count_by"/>
    <testcase time="0.0409999999999968" classname="summarize_num_patients" name="summarize_num_patients_with_count_by_works_as_expected_with_healthy_input"/>
    <testcase time="0.0490000000000066" classname="summarize_num_patients" name="summarize_num_patients_with_count_by_works_as_expected_with_healthy_input"/>
    <testcase time="0.0379999999999967" classname="summarize_num_patients" name="summarize_num_patients_with_count_by_works_as_expected_with_healthy_input"/>
    <testcase time="0.0420000000000016" classname="summarize_num_patients" name="summarize_num_patients_with_count_by_works_as_expected_with_healthy_input"/>
    <testcase time="0.0309999999999917" classname="summarize_num_patients" name="summarize_num_patients_with_count_by_works_as_expected_with_healthy_input"/>
    <testcase time="0.0430000000000064" classname="summarize_num_patients" name="summarize_num_patients_with_count_by_works_as_expected_with_healthy_input"/>
    <testcase time="0.0319999999999965" classname="summarize_num_patients" name="summarize_num_patients_with_count_by_works_as_expected_with_healthy_input"/>
    <testcase time="0.0439999999999969" classname="summarize_num_patients" name="summarize_num_patients_with_count_by_works_as_expected_with_healthy_input"/>
    <testcase time="0.046999999999997" classname="summarize_num_patients" name="summarize_num_patients_with_count_by_different_combinations_works_as_expected_with_healthy_input"/>
    <testcase time="0.0490000000000066" classname="summarize_num_patients" name="summarize_num_patients_with_count_by_different_combinations_works_as_expected_with_healthy_input"/>
    <testcase time="0.140000000000001" classname="summarize_num_patients" name="analyze_num_patients_works_well_for_pagination"/>
    <testcase time="0.0969999999999942" classname="summarize_num_patients" name="analyze_num_patients_works_well_for_pagination"/>
    <testcase time="0.174999999999997" classname="summarize_num_patients" name="analyze_num_patients_works_well_for_pagination"/>
    <testcase time="0.0350000000000108" classname="summarize_num_patients" name="analyze_num_patients_works_well_for_pagination"/>
    <testcase time="0.133999999999986" classname="summarize_num_patients" name="summarize_num_patients_works_as_expected_with_risk_difference_column"/>
    <testcase time="0.0830000000000126" classname="summarize_num_patients" name="summarize_num_patients_works_as_expected_with_risk_difference_column"/>
    <testcase time="0.173999999999992" classname="summarize_num_patients" name="summarize_num_patients_works_as_expected_with_risk_difference_column"/>
    <testcase time="0.106999999999999" classname="summarize_num_patients" name="summarize_num_patients_works_as_expected_with_risk_difference_column"/>
    <testcase time="0.061000000000007" classname="summarize_num_patients" name="analyze_num_patients_works_as_expected_with_risk_difference_column"/>
    <testcase time="0.0570000000000022" classname="summarize_num_patients" name="analyze_num_patients_works_as_expected_with_risk_difference_column"/>
    <testcase time="0.0699999999999932" classname="summarize_num_patients" name="analyze_num_patients_works_as_expected_with_risk_difference_column"/>
    <testcase time="0.061000000000007" classname="summarize_num_patients" name="analyze_num_patients_works_as_expected_with_risk_difference_column"/>
  </testsuite>
  <testsuite name="summarize_patients_exposure_in_cols" timestamp="2024-09-16T10:24:40Z" hostname="64234e8771a2" tests="18" skipped="0" failures="0" errors="0" time="0.818">
    <testcase time="0.0109999999999957" classname="summarize_patients_exposure_in_cols" name="s_count_patients_sum_exposure_works_as_expected"/>
    <testcase time="0.0189999999999912" classname="summarize_patients_exposure_in_cols" name="s_count_patients_sum_exposure_works_as_expected"/>
    <testcase time="0.007000000000005" classname="summarize_patients_exposure_in_cols" name="a_count_patients_sum_exposure_works_as_expected"/>
    <testcase time="0.019999999999996" classname="summarize_patients_exposure_in_cols" name="a_count_patients_sum_exposure_works_as_expected"/>
    <testcase time="0.0930000000000035" classname="summarize_patients_exposure_in_cols" name="summarize_patients_exposure_in_cols_works_well_with_default_arguments"/>
    <testcase time="0.078000000000003" classname="summarize_patients_exposure_in_cols" name="summarize_patients_exposure_in_cols_works_well_with_default_arguments"/>
    <testcase time="0.0609999999999928" classname="summarize_patients_exposure_in_cols" name="summarize_patients_exposure_in_cols_works_well_with_custom_arguments"/>
    <testcase time="0.0620000000000118" classname="summarize_patients_exposure_in_cols" name="summarize_patients_exposure_in_cols_works_well_with_custom_arguments"/>
    <testcase time="0.0379999999999967" classname="summarize_patients_exposure_in_cols" name="summarize_patients_exposure_in_cols_returns_correct_column_label_when_no_variable_split_and_only_one_statistic"/>
    <testcase time="0.019999999999996" classname="summarize_patients_exposure_in_cols" name="summarize_patients_exposure_in_cols_returns_correct_column_label_when_no_variable_split_and_only_one_statistic"/>
    <testcase time="0.0660000000000025" classname="summarize_patients_exposure_in_cols" name="analyze_patients_exposure_in_cols_works_well_with_default_arguments"/>
    <testcase time="0.0750000000000028" classname="summarize_patients_exposure_in_cols" name="analyze_patients_exposure_in_cols_works_well_with_default_arguments"/>
    <testcase time="0.0490000000000066" classname="summarize_patients_exposure_in_cols" name="analyze_patients_exposure_in_cols_works_well_with_custom_arguments"/>
    <testcase time="0.0660000000000025" classname="summarize_patients_exposure_in_cols" name="analyze_patients_exposure_in_cols_works_well_with_custom_arguments"/>
    <testcase time="0.0259999999999962" classname="summarize_patients_exposure_in_cols" name="analyze_patients_exposure_in_cols_works_with_no_variable_split_and_only_one_statistic"/>
    <testcase time="0.0370000000000061" classname="summarize_patients_exposure_in_cols" name="analyze_patients_exposure_in_cols_works_with_no_variable_split_and_only_one_statistic"/>
    <testcase time="0.039999999999992" classname="summarize_patients_exposure_in_cols" name="patients_exposure_in_cols_works_with_totals_after_the_row_split"/>
    <testcase time="0.0499999999999972" classname="summarize_patients_exposure_in_cols" name="patients_exposure_in_cols_works_with_totals_after_the_row_split"/>
  </testsuite>
  <testsuite name="survival_biomarkers_subgroups" timestamp="2024-09-16T10:24:41Z" hostname="64234e8771a2" tests="19" skipped="0" failures="0" errors="0" time="2.462">
    <testcase time="0.166000000000011" classname="survival_biomarkers_subgroups" name="extract_survival_biomarkers_functions_as_expected_with_valid_input_and_default_arguments"/>
    <testcase time="0.0219999999999914" classname="survival_biomarkers_subgroups" name="extract_survival_biomarkers_functions_as_expected_with_valid_input_and_default_arguments"/>
    <testcase time="0.149000000000001" classname="survival_biomarkers_subgroups" name="extract_survival_biomarkers_works_as_expected_with_groups_lists"/>
    <testcase time="0.0300000000000011" classname="survival_biomarkers_subgroups" name="extract_survival_biomarkers_works_as_expected_with_groups_lists"/>
    <testcase time="0.424000000000007" classname="survival_biomarkers_subgroups" name="tabulate_survival_biomarkers_works_as_expected_with_valid_input"/>
    <testcase time="0.141999999999996" classname="survival_biomarkers_subgroups" name="tabulate_survival_biomarkers_works_as_expected_with_valid_input"/>
    <testcase time="0.00199999999999534" classname="survival_biomarkers_subgroups" name="tabulate_survival_biomarkers_works_as_expected_with_valid_input"/>
    <testcase time="0.0190000000000055" classname="survival_biomarkers_subgroups" name="tabulate_survival_biomarkers_works_as_expected_with_valid_input"/>
    <testcase time="0.0289999999999964" classname="survival_biomarkers_subgroups" name="tabulate_survival_biomarkers_functions_as_expected_with_NULL_subgroups"/>
    <testcase time="0.117999999999995" classname="survival_biomarkers_subgroups" name="tabulate_survival_biomarkers_functions_as_expected_with_NULL_subgroups"/>
    <testcase time="0.0730000000000075" classname="survival_biomarkers_subgroups" name="tabulate_survival_biomarkers_functions_as_expected_with_NULL_subgroups"/>
    <testcase time="0.0609999999999928" classname="survival_biomarkers_subgroups" name="tabulate_survival_biomarkers_works_with_only_a_single_biomarker_in_the_data_frame"/>
    <testcase time="0.00200000000000955" classname="survival_biomarkers_subgroups" name="tabulate_survival_biomarkers_works_with_only_a_single_biomarker_in_the_data_frame"/>
    <testcase time="0.0669999999999931" classname="survival_biomarkers_subgroups" name="tabulate_survival_biomarkers_works_with_only_a_single_biomarker_in_the_data_frame"/>
    <testcase time="0.432000000000002" classname="survival_biomarkers_subgroups" name="tabulate_survival_biomarkers_na_str_argument_works_as_expected"/>
    <testcase time="0.138000000000005" classname="survival_biomarkers_subgroups" name="tabulate_survival_biomarkers_na_str_argument_works_as_expected"/>
    <testcase time="0.449999999999989" classname="survival_biomarkers_subgroups" name="label_all_argument_to_extract_survival_subgroups_works_as_expected"/>
    <testcase time="0.00200000000000955" classname="survival_biomarkers_subgroups" name="label_all_argument_to_extract_survival_subgroups_works_as_expected"/>
    <testcase time="0.135999999999996" classname="survival_biomarkers_subgroups" name="label_all_argument_to_extract_survival_subgroups_works_as_expected"/>
  </testsuite>
  <testsuite name="survival_coxph_pairwise" timestamp="2024-09-16T10:24:43Z" hostname="64234e8771a2" tests="17" skipped="0" failures="0" errors="0" time="0.671">
    <testcase time="0.019999999999996" classname="survival_coxph_pairwise" name="s_coxph_pairwise_works_with_default_arguments_and_no_stratification_factors"/>
    <testcase time="0.0190000000000055" classname="survival_coxph_pairwise" name="s_coxph_pairwise_works_with_default_arguments_and_no_stratification_factors"/>
    <testcase time="0.0220000000000056" classname="survival_coxph_pairwise" name="s_coxph_pairwise_works_with_customized_arguments_and_no_stratification_factors"/>
    <testcase time="0.0189999999999912" classname="survival_coxph_pairwise" name="s_coxph_pairwise_works_with_customized_arguments_and_no_stratification_factors"/>
    <testcase time="0.0150000000000006" classname="survival_coxph_pairwise" name="s_coxph_pairwise_works_with_default_arguments_and_stratification_factors"/>
    <testcase time="0.0180000000000007" classname="survival_coxph_pairwise" name="s_coxph_pairwise_works_with_default_arguments_and_stratification_factors"/>
    <testcase time="0.0150000000000006" classname="survival_coxph_pairwise" name="s_coxph_pairwise_works_with_customized_arguments_and_stratification_factors"/>
    <testcase time="0.0190000000000055" classname="survival_coxph_pairwise" name="s_coxph_pairwise_works_with_customized_arguments_and_stratification_factors"/>
    <testcase time="0.0829999999999984" classname="survival_coxph_pairwise" name="coxph_pairwise_works_with_default_arguments_and_no_stratification_factors"/>
    <testcase time="0.0549999999999926" classname="survival_coxph_pairwise" name="coxph_pairwise_works_with_default_arguments_and_no_stratification_factors"/>
    <testcase time="0.0690000000000026" classname="survival_coxph_pairwise" name="coxph_pairwise_works_with_customized_arguments_and_no_stratification_factors"/>
    <testcase time="0.0550000000000068" classname="survival_coxph_pairwise" name="coxph_pairwise_works_with_customized_arguments_and_no_stratification_factors"/>
    <testcase time="0.063999999999993" classname="survival_coxph_pairwise" name="coxph_pairwise_works_with_default_arguments_and_stratification_factors"/>
    <testcase time="0.0550000000000068" classname="survival_coxph_pairwise" name="coxph_pairwise_works_with_default_arguments_and_stratification_factors"/>
    <testcase time="0.070999999999998" classname="survival_coxph_pairwise" name="coxph_pairwise_works_with_customized_arguments_and_stratification_factors"/>
    <testcase time="0.0519999999999925" classname="survival_coxph_pairwise" name="coxph_pairwise_works_with_customized_arguments_and_stratification_factors"/>
    <testcase time="0.0200000000000102" classname="survival_coxph_pairwise" name="s_coxph_pairwise_gets_p_value_log_rank_calculated_by_survival_survdiff_"/>
  </testsuite>
  <testsuite name="survival_duration_subgroups" timestamp="2024-09-16T10:24:44Z" hostname="64234e8771a2" tests="37" skipped="0" failures="0" errors="0" time="5.229">
    <testcase time="0.0989999999999895" classname="survival_duration_subgroups" name="extract_survival_subgroups_functions_as_expected_with_valid_input_and_default_arguments"/>
    <testcase time="0.0220000000000056" classname="survival_duration_subgroups" name="extract_survival_subgroups_functions_as_expected_with_valid_input_and_default_arguments"/>
    <testcase time="0.097999999999999" classname="survival_duration_subgroups" name="extract_survival_subgroups_works_as_expected_with_groups_lists"/>
    <testcase time="0.019999999999996" classname="survival_duration_subgroups" name="extract_survival_subgroups_works_as_expected_with_groups_lists"/>
    <testcase time="0.00100000000000477" classname="survival_duration_subgroups" name="extract_survival_subgroups_works_as_expected_with_groups_lists"/>
    <testcase time="0.019999999999996" classname="survival_duration_subgroups" name="extract_survival_subgroups_works_as_expected_with_groups_lists"/>
    <testcase time="0.0150000000000006" classname="survival_duration_subgroups" name="extract_survival_subgroups_functions_as_expected_with_NULL_subgroups"/>
    <testcase time="0.0210000000000008" classname="survival_duration_subgroups" name="extract_survival_subgroups_functions_as_expected_with_NULL_subgroups"/>
    <testcase time="0.0319999999999965" classname="survival_duration_subgroups" name="a_survival_subgroups_functions_as_expected_with_valid_input"/>
    <testcase time="0.0450000000000017" classname="survival_duration_subgroups" name="a_survival_subgroups_functions_as_expected_with_valid_input"/>
    <testcase time="0.427000000000007" classname="survival_duration_subgroups" name="tabulate_survival_subgroups_functions_as_expected_with_valid_input"/>
    <testcase time="0.134" classname="survival_duration_subgroups" name="tabulate_survival_subgroups_functions_as_expected_with_valid_input"/>
    <testcase time="0.155000000000001" classname="survival_duration_subgroups" name="tabulate_survival_subgroups_functions_as_expected_with_NULL_subgroups"/>
    <testcase time="0.090999999999994" classname="survival_duration_subgroups" name="tabulate_survival_subgroups_functions_as_expected_with_NULL_subgroups"/>
    <testcase time="0.326999999999998" classname="survival_duration_subgroups" name="tabulate_survival_subgroups_functions_as_expected_with_extreme_values_in_subgroups"/>
    <testcase time="0.111000000000004" classname="survival_duration_subgroups" name="tabulate_survival_subgroups_functions_as_expected_with_extreme_values_in_subgroups"/>
    <testcase time="0.097999999999999" classname="survival_duration_subgroups" name="tabulate_survival_subgroups_functions_as_expected_when_one_arm_has_0_records"/>
    <testcase time="0.352999999999994" classname="survival_duration_subgroups" name="tabulate_survival_subgroups_functions_as_expected_when_one_arm_has_0_records"/>
    <testcase time="0.137" classname="survival_duration_subgroups" name="tabulate_survival_subgroups_functions_as_expected_when_one_arm_has_0_records"/>
    <testcase time="0.109999999999999" classname="survival_duration_subgroups" name="tabulate_survival_subgroups_works_correctly_with_both_n_tot_and_n_tot_events_in_vars_"/>
    <testcase time="0.104000000000013" classname="survival_duration_subgroups" name="tabulate_survival_subgroups_works_correctly_with_both_n_tot_and_n_tot_events_in_vars_"/>
    <testcase time="0.019999999999996" classname="survival_duration_subgroups" name="tabulate_survival_subgroups_works_correctly_with_both_n_tot_and_n_tot_events_in_vars_"/>
    <testcase time="0.36999999999999" classname="survival_duration_subgroups" name="tabulate_survival_subgroups_works_correctly_with_both_n_tot_and_n_tot_events_in_vars_"/>
    <testcase time="0.0220000000000056" classname="survival_duration_subgroups" name="tabulate_survival_subgroups_works_correctly_with_both_n_tot_and_n_tot_events_in_vars_"/>
    <testcase time="0.0999999999999943" classname="survival_duration_subgroups" name="tabulate_survival_subgroups_works_correctly_with_both_n_tot_and_n_tot_events_in_vars_"/>
    <testcase time="0.0210000000000008" classname="survival_duration_subgroups" name="tabulate_survival_subgroups_works_correctly_with_both_n_tot_and_n_tot_events_in_vars_"/>
    <testcase time="0.00500000000000966" classname="survival_duration_subgroups" name="d_survival_subgroups_colvars_functions_as_expected_with_valid_input"/>
    <testcase time="0.0189999999999912" classname="survival_duration_subgroups" name="d_survival_subgroups_colvars_functions_as_expected_with_valid_input"/>
    <testcase time="0.433000000000007" classname="survival_duration_subgroups" name="tabulate_survival_subgroups_.formats_argument_works_as_expected"/>
    <testcase time="0.122" classname="survival_duration_subgroups" name="tabulate_survival_subgroups_.formats_argument_works_as_expected"/>
    <testcase time="0.432999999999993" classname="survival_duration_subgroups" name="tabulate_survival_subgroups_na_str_argument_works_as_expected"/>
    <testcase time="0.111000000000004" classname="survival_duration_subgroups" name="tabulate_survival_subgroups_na_str_argument_works_as_expected"/>
    <testcase time="0.441000000000003" classname="survival_duration_subgroups" name="label_all_argument_to_extract_survival_subgroups_works_as_expected"/>
    <testcase time="0.00199999999999534" classname="survival_duration_subgroups" name="label_all_argument_to_extract_survival_subgroups_works_as_expected"/>
    <testcase time="0.115000000000009" classname="survival_duration_subgroups" name="label_all_argument_to_extract_survival_subgroups_works_as_expected"/>
    <testcase time="0.462999999999994" classname="survival_duration_subgroups" name="tabulate_survival_subgroups_riskdiff_argument_works_as_expected"/>
    <testcase time="0.132000000000005" classname="survival_duration_subgroups" name="tabulate_survival_subgroups_riskdiff_argument_works_as_expected"/>
  </testsuite>
  <testsuite name="survival_time" timestamp="2024-09-16T10:24:49Z" hostname="64234e8771a2" tests="16" skipped="0" failures="0" errors="0" time="0.575">
    <testcase time="0.0169999999999959" classname="survival_time" name="s_surv_time_works_with_default_arguments"/>
    <testcase time="0.0190000000000055" classname="survival_time" name="s_surv_time_works_with_default_arguments"/>
    <testcase time="0.0120000000000005" classname="survival_time" name="s_surv_time_works_with_customized_arguments"/>
    <testcase time="0.019999999999996" classname="survival_time" name="s_surv_time_works_with_customized_arguments"/>
    <testcase time="0.0109999999999957" classname="survival_time" name="a_surv_time_works_with_default_arguments"/>
    <testcase time="0.0210000000000008" classname="survival_time" name="a_surv_time_works_with_default_arguments"/>
    <testcase time="0.0109999999999957" classname="survival_time" name="a_surv_time_works_with_customized_arguments"/>
    <testcase time="0.0290000000000106" classname="survival_time" name="a_surv_time_works_with_customized_arguments"/>
    <testcase time="0.0579999999999927" classname="survival_time" name="surv_time_works_with_default_arguments"/>
    <testcase time="0.0589999999999975" classname="survival_time" name="surv_time_works_with_default_arguments"/>
    <testcase time="0.0680000000000121" classname="survival_time" name="surv_time_works_with_customized_arguments"/>
    <testcase time="0.0859999999999985" classname="survival_time" name="surv_time_works_with_customized_arguments"/>
    <testcase time="0.0719999999999885" classname="survival_time" name="surv_time_works_with_referential_footnotes"/>
    <testcase time="0.0750000000000028" classname="survival_time" name="surv_time_works_with_referential_footnotes"/>
    <testcase time="0.00900000000000034" classname="survival_time" name="a_surv_time_works_when_is_event_only_has_TRUE_observations"/>
    <testcase time="0.00800000000000978" classname="survival_time" name="a_surv_time_works_when_is_event_only_has_FALSE_observations"/>
  </testsuite>
  <testsuite name="survival_timepoint" timestamp="2024-09-16T10:24:50Z" hostname="64234e8771a2" tests="21" skipped="0" failures="0" errors="0" time="0.883">
    <testcase time="0.0149999999999864" classname="survival_timepoint" name="s_surv_timepoint_works_with_default_arguments"/>
    <testcase time="0.0200000000000102" classname="survival_timepoint" name="s_surv_timepoint_works_with_default_arguments"/>
    <testcase time="0.0330000000000013" classname="survival_timepoint" name="s_surv_timepoint_works_with_customized_arguments"/>
    <testcase time="0.0240000000000009" classname="survival_timepoint" name="s_surv_timepoint_works_with_customized_arguments"/>
    <testcase time="0.00999999999999091" classname="survival_timepoint" name="s_surv_timepoint_also_works_when_there_are_0_patients_at_risk"/>
    <testcase time="0.00200000000000955" classname="survival_timepoint" name="s_surv_timepoint_also_works_when_there_are_0_patients_at_risk"/>
    <testcase time="0.0189999999999912" classname="survival_timepoint" name="s_surv_timepoint_also_works_when_there_are_0_patients_at_risk"/>
    <testcase time="0.0690000000000026" classname="survival_timepoint" name="surv_timepoint_works_with_default_arguments"/>
    <testcase time="0.0559999999999974" classname="survival_timepoint" name="surv_timepoint_works_with_default_arguments"/>
    <testcase time="0.0559999999999974" classname="survival_timepoint" name="surv_timepoint_works_with_customized_arguments"/>
    <testcase time="0.0680000000000121" classname="survival_timepoint" name="surv_timepoint_works_with_customized_arguments"/>
    <testcase time="0.0159999999999911" classname="survival_timepoint" name="s_surv_timepoint_diff_works_with_default_arguments_for_comparison_group"/>
    <testcase time="0.0190000000000055" classname="survival_timepoint" name="s_surv_timepoint_diff_works_with_default_arguments_for_comparison_group"/>
    <testcase time="0.0139999999999958" classname="survival_timepoint" name="s_surv_timepoint_diff_works_with_customized_arguments_for_comparison_arm"/>
    <testcase time="0.0190000000000055" classname="survival_timepoint" name="s_surv_timepoint_diff_works_with_customized_arguments_for_comparison_arm"/>
    <testcase time="0.0809999999999889" classname="survival_timepoint" name="surv_timepoint_for_survival_diff_works_with_default_arguments"/>
    <testcase time="0.0660000000000025" classname="survival_timepoint" name="surv_timepoint_for_survival_diff_works_with_default_arguments"/>
    <testcase time="0.0660000000000025" classname="survival_timepoint" name="surv_timepoint_for_survival_diff_works_with_customized_arguments"/>
    <testcase time="0.054000000000002" classname="survival_timepoint" name="surv_timepoint_for_survival_diff_works_with_customized_arguments"/>
    <testcase time="0.0960000000000036" classname="survival_timepoint" name="surv_timepoint_works_with_method_both"/>
    <testcase time="0.0799999999999983" classname="survival_timepoint" name="surv_timepoint_works_with_method_both"/>
  </testsuite>
  <testsuite name="test_proportion_diff" timestamp="2024-09-16T10:24:51Z" hostname="64234e8771a2" tests="23" skipped="0" failures="0" errors="0" time="0.642">
    <testcase time="0.00999999999999091" classname="test_proportion_diff" name="prop_chisq_returns_right_result"/>
    <testcase time="0.0190000000000055" classname="test_proportion_diff" name="prop_chisq_returns_right_result"/>
    <testcase time="0.00600000000000023" classname="test_proportion_diff" name="prop_cmh_returns_right_result"/>
    <testcase time="0.0180000000000007" classname="test_proportion_diff" name="prop_cmh_returns_right_result"/>
    <testcase time="0.00900000000000034" classname="test_proportion_diff" name="prop_cmh_also_works_when_there_are_strata_with_just_one_observation"/>
    <testcase time="0.00199999999999534" classname="test_proportion_diff" name="prop_cmh_also_works_when_there_are_strata_with_just_one_observation"/>
    <testcase time="0.0190000000000055" classname="test_proportion_diff" name="prop_cmh_also_works_when_there_are_strata_with_just_one_observation"/>
    <testcase time="0.00600000000000023" classname="test_proportion_diff" name="prop_fisher_returns_right_result"/>
    <testcase time="0.0190000000000055" classname="test_proportion_diff" name="prop_fisher_returns_right_result"/>
    <testcase time="0.0499999999999972" classname="test_proportion_diff" name="prop_schouten_returns_right_result"/>
    <testcase time="0.019999999999996" classname="test_proportion_diff" name="prop_schouten_returns_right_result"/>
    <testcase time="0.007000000000005" classname="test_proportion_diff" name="s_test_proportion_diff_and_d_test_proportion_diff_return_right_result"/>
    <testcase time="0.0279999999999916" classname="test_proportion_diff" name="s_test_proportion_diff_and_d_test_proportion_diff_return_right_result"/>
    <testcase time="0.0550000000000068" classname="test_proportion_diff" name="test_proportion_diff_returns_right_result"/>
    <testcase time="0.0420000000000016" classname="test_proportion_diff" name="test_proportion_diff_returns_right_result"/>
    <testcase time="0.0360000000000014" classname="test_proportion_diff" name="test_proportion_diff_edge_case_all_responder_by_chisq"/>
    <testcase time="0.0419999999999874" classname="test_proportion_diff" name="test_proportion_diff_edge_case_all_responder_by_chisq"/>
    <testcase time="0.0370000000000061" classname="test_proportion_diff" name="test_proportion_diff_edge_case_all_responder_by_schouten"/>
    <testcase time="0.0520000000000067" classname="test_proportion_diff" name="test_proportion_diff_edge_case_all_responder_by_schouten"/>
    <testcase time="0.039999999999992" classname="test_proportion_diff" name="test_proportion_diff_edge_case_all_responder_by_fisher"/>
    <testcase time="0.0430000000000064" classname="test_proportion_diff" name="test_proportion_diff_edge_case_all_responder_by_fisher"/>
    <testcase time="0.0379999999999967" classname="test_proportion_diff" name="test_proportion_diff_edge_case_all_responder_by_CMH"/>
    <testcase time="0.0439999999999969" classname="test_proportion_diff" name="test_proportion_diff_edge_case_all_responder_by_CMH"/>
  </testsuite>
  <testsuite name="utils" timestamp="2024-09-16T10:24:51Z" hostname="64234e8771a2" tests="140" skipped="0" failures="0" errors="0" time="1.652">
    <testcase time="0.0130000000000052" classname="utils" name="f_conf_level_works_for_proportion"/>
    <testcase time="0.019999999999996" classname="utils" name="f_conf_level_works_for_proportion"/>
    <testcase time="0.00799999999999557" classname="utils" name="f_conf_level_fails_for_non_proportion_input"/>
    <testcase time="0.00400000000000489" classname="utils" name="f_conf_level_fails_for_non_proportion_input"/>
    <testcase time="0.00499999999999545" classname="utils" name="f_pval_works_for_numeric_input"/>
    <testcase time="0.0190000000000055" classname="utils" name="f_pval_works_for_numeric_input"/>
    <testcase time="0.00799999999999557" classname="utils" name="f_pval_fails_for_non_numeric_input"/>
    <testcase time="0.0130000000000052" classname="utils" name="f_pval_fails_for_non_numeric_input"/>
    <testcase time="0.00600000000000023" classname="utils" name="make_names_works_as_expected"/>
    <testcase time="0.0219999999999914" classname="utils" name="make_names_works_as_expected"/>
    <testcase time="0.00500000000000966" classname="utils" name="get_covariates_works_for_a_character_vector"/>
    <testcase time="0.0180000000000007" classname="utils" name="get_covariates_works_for_a_character_vector"/>
    <testcase time="0.00799999999999557" classname="utils" name="get_covariates_fails_for_non_character_input"/>
    <testcase time="0.00499999999999545" classname="utils" name="get_covariates_fails_for_non_character_input"/>
    <testcase time="0.00500000000000966" classname="utils" name="to_n_fails_for_non_character_input"/>
    <testcase time="0.00300000000000011" classname="utils" name="to_n_fails_for_non_character_input"/>
    <testcase time="0.00300000000000011" classname="utils" name="to_n_fails_for_non_character_input"/>
    <testcase time="0.00399999999999068" classname="utils" name="to_n_fails_for_non_character_input"/>
    <testcase time="0.00400000000000489" classname="utils" name="month2day_works_correctly"/>
    <testcase time="0.0190000000000055" classname="utils" name="month2day_works_correctly"/>
    <testcase time="0.00499999999999545" classname="utils" name="day2month_works_correctly"/>
    <testcase time="0.0190000000000055" classname="utils" name="day2month_works_correctly"/>
    <testcase time="0.00399999999999068" classname="utils" name="empty_vector_if_na_works_correctly"/>
    <testcase time="0.0190000000000055" classname="utils" name="empty_vector_if_na_works_correctly"/>
    <testcase time="0.00600000000000023" classname="utils" name="extract_by_name_works_for_NULL_input"/>
    <testcase time="0.00600000000000023" classname="utils" name="extract_by_name_works_for_non_NULL_input"/>
    <testcase time="0.00499999999999545" classname="utils" name="extract_by_name_returns_NULL_when_there_is_no_overlap"/>
    <testcase time="0.0190000000000055" classname="utils" name="extract_by_name_returns_NULL_when_there_is_no_overlap"/>
    <testcase time="0.00499999999999545" classname="utils" name="aesi_label_works_as_expected_for_SMQ"/>
    <testcase time="0.0190000000000055" classname="utils" name="aesi_label_works_as_expected_for_SMQ"/>
    <testcase time="0.00499999999999545" classname="utils" name="aesi_label_works_as_expected_for_CQ"/>
    <testcase time="0.0190000000000055" classname="utils" name="aesi_label_works_as_expected_for_CQ"/>
    <testcase time="0.00399999999999068" classname="utils" name="aesi_label_works_as_expected_when_input_includes_multiple_values"/>
    <testcase time="0.0260000000000105" classname="utils" name="aesi_label_works_as_expected_when_input_includes_multiple_values"/>
    <testcase time="0.00199999999999534" classname="utils" name="aesi_label_works_as_expected_when_input_includes_multiple_values"/>
    <testcase time="0.0240000000000009" classname="utils" name="aesi_label_works_as_expected_when_input_includes_multiple_values"/>
    <testcase time="0.00999999999999091" classname="utils" name="get_smooths_dimensions_without_grouping"/>
    <testcase time="0.00200000000000955" classname="utils" name="get_smooths_dimensions_without_grouping"/>
    <testcase time="0.00999999999999091" classname="utils" name="get_smooths_dimensions_with_grouping"/>
    <testcase time="0.00300000000000011" classname="utils" name="get_smooths_dimensions_with_grouping"/>
    <testcase time="0.0130000000000052" classname="utils" name="get_smooths_proper_splits_across_groups"/>
    <testcase time="0.019999999999996" classname="utils" name="get_smooths_relative_intervals_level"/>
    <testcase time="0.00200000000000955" classname="utils" name="get_smooths_relative_intervals_level"/>
    <testcase time="0.00499999999999545" classname="utils" name="n_available_works_as_expected"/>
    <testcase time="0.0190000000000055" classname="utils" name="n_available_works_as_expected"/>
    <testcase time="0.00499999999999545" classname="utils" name="range_noinf_for_INT_no_zero_len_data_no_NAs_no_Inf_and_with_all_default_options"/>
    <testcase time="0.019999999999996" classname="utils" name="range_noinf_for_INT_no_zero_len_data_no_NAs_no_Inf_and_with_all_default_options"/>
    <testcase time="0.00400000000000489" classname="utils" name="range_noinf_for_INT_no_zero_len_data_no_NAs_no_Inf_with_na.rm_TRUE_finite_FALSE_d_"/>
    <testcase time="0.0189999999999912" classname="utils" name="range_noinf_for_INT_no_zero_len_data_no_NAs_no_Inf_with_na.rm_TRUE_finite_FALSE_d_"/>
    <testcase time="0.00500000000000966" classname="utils" name="range_noinf_for_INT_no_zero_len_data_no_NAs_no_Inf_with_na.rm_FALSE_def_finite_TRUE_"/>
    <testcase time="0.0189999999999912" classname="utils" name="range_noinf_for_INT_no_zero_len_data_no_NAs_no_Inf_with_na.rm_FALSE_def_finite_TRUE_"/>
    <testcase time="0.00500000000000966" classname="utils" name="range_noinf_for_INT_no_zero_len_data_no_NAs_no_Inf_with_na.rm_TRUE_finite_TRUE_"/>
    <testcase time="0.0189999999999912" classname="utils" name="range_noinf_for_INT_no_zero_len_data_no_NAs_no_Inf_with_na.rm_TRUE_finite_TRUE_"/>
    <testcase time="0.00400000000000489" classname="utils" name="range_noinf_for_INT_no_zero_len_data_with_NAs_no_Inf_and_with_default_options"/>
    <testcase time="0.019999999999996" classname="utils" name="range_noinf_for_INT_no_zero_len_data_with_NAs_no_Inf_and_with_default_options"/>
    <testcase time="0.00400000000000489" classname="utils" name="range_noinf_for_INT_no_zero_len_data_with_NAs_no_Inf_with_na.rm_TRUE_finite_FALSE_def_"/>
    <testcase time="0.019999999999996" classname="utils" name="range_noinf_for_INT_no_zero_len_data_with_NAs_no_Inf_with_na.rm_TRUE_finite_FALSE_def_"/>
    <testcase time="0.00399999999999068" classname="utils" name="range_noinf_for_INT_no_zero_len_data_with_NAs_no_Inf_with_na.rm_FALSE_def_finite_TRUE_"/>
    <testcase time="0.0310000000000059" classname="utils" name="range_noinf_for_INT_no_zero_len_data_with_NAs_no_Inf_with_na.rm_FALSE_def_finite_TRUE_"/>
    <testcase time="0.00600000000000023" classname="utils" name="range_noinf_for_INT_no_zero_len_data_with_NAs_no_Inf_with_na.rm_TRUE_finite_TRUE_"/>
    <testcase time="0.0189999999999912" classname="utils" name="range_noinf_for_INT_no_zero_len_data_with_NAs_no_Inf_with_na.rm_TRUE_finite_TRUE_"/>
    <testcase time="0.00500000000000966" classname="utils" name="range_noinf_for_INT_with_zero_len_data_no_NAs_no_Inf_and_with_all_default_options"/>
    <testcase time="0.0189999999999912" classname="utils" name="range_noinf_for_INT_with_zero_len_data_no_NAs_no_Inf_and_with_all_default_options"/>
    <testcase time="0.00500000000000966" classname="utils" name="range_noinf_for_INT_with_zero_len_data_no_NAs_no_Inf_with_na.rm_TRUE_finite_FALSE_def_"/>
    <testcase time="0.0189999999999912" classname="utils" name="range_noinf_for_INT_with_zero_len_data_no_NAs_no_Inf_with_na.rm_TRUE_finite_FALSE_def_"/>
    <testcase time="0.00500000000000966" classname="utils" name="range_noinf_for_INT_with_zero_len_data_no_NAs_no_Inf_with_na.rm_FALSE_def_finite_TRUE_"/>
    <testcase time="0.0179999999999865" classname="utils" name="range_noinf_for_INT_with_zero_len_data_no_NAs_no_Inf_with_na.rm_FALSE_def_finite_TRUE_"/>
    <testcase time="0.00500000000000966" classname="utils" name="range_noinf_for_INT_with_zero_len_data_no_NAs_no_Inf_with_na.rm_TRUE_finite_TRUE_"/>
    <testcase time="0.019999999999996" classname="utils" name="range_noinf_for_INT_with_zero_len_data_no_NAs_no_Inf_with_na.rm_TRUE_finite_TRUE_"/>
    <testcase time="0.00400000000000489" classname="utils" name="range_noinf_for_INT_with_zero_len_data_with_NAs_no_Inf_and_with_default_options"/>
    <testcase time="0.019999999999996" classname="utils" name="range_noinf_for_INT_with_zero_len_data_with_NAs_no_Inf_and_with_default_options"/>
    <testcase time="0.00400000000000489" classname="utils" name="range_noinf_for_INT_with_zero_len_data_with_NAs_no_Inf_with_na.rm_TRUE_finite_FALSE_def_"/>
    <testcase time="0.0189999999999912" classname="utils" name="range_noinf_for_INT_with_zero_len_data_with_NAs_no_Inf_with_na.rm_TRUE_finite_FALSE_def_"/>
    <testcase time="0.00400000000000489" classname="utils" name="range_noinf_for_INT_with_zero_len_data_with_NAs_no_Inf_with_na.rm_FALSE_def_finite_TRUE_"/>
    <testcase time="0.019999999999996" classname="utils" name="range_noinf_for_INT_with_zero_len_data_with_NAs_no_Inf_with_na.rm_FALSE_def_finite_TRUE_"/>
    <testcase time="0.00499999999999545" classname="utils" name="range_noinf_for_INT_with_zero_len_data_with_NAs_no_Inf_with_na.rm_TRUE_finite_TRUE_"/>
    <testcase time="0.0190000000000055" classname="utils" name="range_noinf_for_INT_with_zero_len_data_with_NAs_no_Inf_with_na.rm_TRUE_finite_TRUE_"/>
    <testcase time="0.00499999999999545" classname="utils" name="range_noinf_for_DOUBLE_no_zero_len_data_no_NAs_no_Inf_and_with_all_default_options"/>
    <testcase time="0.0259999999999962" classname="utils" name="range_noinf_for_DOUBLE_no_zero_len_data_no_NAs_no_Inf_and_with_all_default_options"/>
    <testcase time="0.00600000000000023" classname="utils" name="range_noinf_for_DOUBLE_no_zero_len_data_no_NAs_no_Inf_with_na.rm_TRUE_finite_FALSE_def_"/>
    <testcase time="0.0230000000000103" classname="utils" name="range_noinf_for_DOUBLE_no_zero_len_data_no_NAs_no_Inf_with_na.rm_TRUE_finite_FALSE_def_"/>
    <testcase time="0.00499999999999545" classname="utils" name="range_noinf_for_DOUBLE_no_zero_len_data_no_NAs_no_Inf_with_na.rm_FALSE_def_finite_TRUE_"/>
    <testcase time="0.0190000000000055" classname="utils" name="range_noinf_for_DOUBLE_no_zero_len_data_no_NAs_no_Inf_with_na.rm_FALSE_def_finite_TRUE_"/>
    <testcase time="0.00399999999999068" classname="utils" name="range_noinf_for_DOUBLE_no_zero_len_data_no_NAs_no_Inf_with_na.rm_TRUE_finite_TRUE_"/>
    <testcase time="0.0190000000000055" classname="utils" name="range_noinf_for_DOUBLE_no_zero_len_data_no_NAs_no_Inf_with_na.rm_TRUE_finite_TRUE_"/>
    <testcase time="0.00499999999999545" classname="utils" name="range_noinf_for_DOUBLE_no_zero_len_data_no_NAs_with_Inf_and_with_all_default_options"/>
    <testcase time="0.0190000000000055" classname="utils" name="range_noinf_for_DOUBLE_no_zero_len_data_no_NAs_with_Inf_and_with_all_default_options"/>
    <testcase time="0.00499999999999545" classname="utils" name="range_noinf_for_DOUBLE_no_zero_len_data_no_NAs_with_Inf_with_na.rm_TRUE_finite_FALSE_def_"/>
    <testcase time="0.0190000000000055" classname="utils" name="range_noinf_for_DOUBLE_no_zero_len_data_no_NAs_with_Inf_with_na.rm_TRUE_finite_FALSE_def_"/>
    <testcase time="0.00499999999999545" classname="utils" name="range_noinf_for_DOUBLE_no_zero_len_data_no_NAs_with_Inf_with_na.rm_FALSE_def_finite_TRUE_"/>
    <testcase time="0.0190000000000055" classname="utils" name="range_noinf_for_DOUBLE_no_zero_len_data_no_NAs_with_Inf_with_na.rm_FALSE_def_finite_TRUE_"/>
    <testcase time="0.00499999999999545" classname="utils" name="range_noinf_for_DOUBLE_no_zero_len_data_no_NAs_with_Inf_with_na.rm_TRUE_finite_TRUE_"/>
    <testcase time="0.0190000000000055" classname="utils" name="range_noinf_for_DOUBLE_no_zero_len_data_no_NAs_with_Inf_with_na.rm_TRUE_finite_TRUE_"/>
    <testcase time="0.00499999999999545" classname="utils" name="range_noinf_for_DOUBLE_no_zero_len_data_with_NAs_no_Inf_and_with_default_options"/>
    <testcase time="0.019999999999996" classname="utils" name="range_noinf_for_DOUBLE_no_zero_len_data_with_NAs_no_Inf_and_with_default_options"/>
    <testcase time="0.00400000000000489" classname="utils" name="range_noinf_for_DOUBLE_no_zero_len_data_with_NAs_no_Inf_with_na.rm_TRUE_finite_FALSE_def_"/>
    <testcase time="0.019999999999996" classname="utils" name="range_noinf_for_DOUBLE_no_zero_len_data_with_NAs_no_Inf_with_na.rm_TRUE_finite_FALSE_def_"/>
    <testcase time="0.00400000000000489" classname="utils" name="range_noinf_for_DOUBLE_no_zero_len_data_with_NAs_no_Inf_with_na.rm_FALSE_def_finite_TRUE_"/>
    <testcase time="0.0190000000000055" classname="utils" name="range_noinf_for_DOUBLE_no_zero_len_data_with_NAs_no_Inf_with_na.rm_FALSE_def_finite_TRUE_"/>
    <testcase time="0.00499999999999545" classname="utils" name="range_noinf_for_DOUBLE_no_zero_len_data_with_NAs_no_Inf_with_na.rm_TRUE_finite_TRUE_"/>
    <testcase time="0.034000000000006" classname="utils" name="range_noinf_for_DOUBLE_no_zero_len_data_with_NAs_no_Inf_with_na.rm_TRUE_finite_TRUE_"/>
    <testcase time="0.00600000000000023" classname="utils" name="range_noinf_for_DOUBLE_no_zero_len_data_with_NAs_with_Inf_and_with_default_options"/>
    <testcase time="0.00499999999999545" classname="utils" name="range_noinf_for_DOUBLE_no_zero_len_data_with_NAs_with_Inf_with_na.rm_TRUE_finite_FALSE_def_"/>
    <testcase time="0.0190000000000055" classname="utils" name="range_noinf_for_DOUBLE_no_zero_len_data_with_NAs_with_Inf_with_na.rm_TRUE_finite_FALSE_def_"/>
    <testcase time="0.00499999999999545" classname="utils" name="range_noinf_for_DOUBLE_no_zero_len_data_with_NAs_with_Inf_with_na.rm_FALSE_def_finite_TRUE_"/>
    <testcase time="0.0190000000000055" classname="utils" name="range_noinf_for_DOUBLE_no_zero_len_data_with_NAs_with_Inf_with_na.rm_FALSE_def_finite_TRUE_"/>
    <testcase time="0.00499999999999545" classname="utils" name="range_noinf_for_DOUBLE_no_zero_len_data_with_NAs_with_Inf_with_na.rm_TRUE_finite_TRUE_"/>
    <testcase time="0.0180000000000007" classname="utils" name="range_noinf_for_DOUBLE_no_zero_len_data_with_NAs_with_Inf_with_na.rm_TRUE_finite_TRUE_"/>
    <testcase time="0.00499999999999545" classname="utils" name="range_noinf_for_DOUBLE_with_zero_len_data_no_NAs_no_Inf_and_with_all_default_options"/>
    <testcase time="0.0200000000000102" classname="utils" name="range_noinf_for_DOUBLE_with_zero_len_data_no_NAs_no_Inf_and_with_all_default_options"/>
    <testcase time="0.00499999999999545" classname="utils" name="range_noinf_for_DOUBLE_with_zero_len_data_no_NAs_no_Inf_with_na.rm_TRUE_finite_FALSE_def_"/>
    <testcase time="0.0190000000000055" classname="utils" name="range_noinf_for_DOUBLE_with_zero_len_data_no_NAs_no_Inf_with_na.rm_TRUE_finite_FALSE_def_"/>
    <testcase time="0.00499999999999545" classname="utils" name="range_noinf_for_DOUBLE_with_zero_len_data_no_NAs_no_Inf_with_na.rm_FALSE_def_finite_TRUE_"/>
    <testcase time="0.0190000000000055" classname="utils" name="range_noinf_for_DOUBLE_with_zero_len_data_no_NAs_no_Inf_with_na.rm_FALSE_def_finite_TRUE_"/>
    <testcase time="0.00499999999999545" classname="utils" name="range_noinf_for_DOUBLE_with_zero_len_data_no_NAs_no_Inf_with_na.rm_TRUE_finite_TRUE_"/>
    <testcase time="0.019999999999996" classname="utils" name="range_noinf_for_DOUBLE_with_zero_len_data_no_NAs_no_Inf_with_na.rm_TRUE_finite_TRUE_"/>
    <testcase time="0.00499999999999545" classname="utils" name="range_noinf_for_DOUBLE_with_zero_len_data_no_NAs_with_Inf_and_with_all_default_options"/>
    <testcase time="0.0190000000000055" classname="utils" name="range_noinf_for_DOUBLE_with_zero_len_data_no_NAs_with_Inf_and_with_all_default_options"/>
    <testcase time="0.00499999999999545" classname="utils" name="range_noinf_for_DOUBLE_with_zero_len_data_no_NAs_with_Inf_with_na.rm_TRUE_finite_FALSE_def_"/>
    <testcase time="0.0190000000000055" classname="utils" name="range_noinf_for_DOUBLE_with_zero_len_data_no_NAs_with_Inf_with_na.rm_TRUE_finite_FALSE_def_"/>
    <testcase time="0.0120000000000005" classname="utils" name="range_noinf_for_DOUBLE_with_zero_len_data_no_NAs_with_Inf_with_na.rm_FALSE_def_finite_TRUE_"/>
    <testcase time="0.0259999999999962" classname="utils" name="range_noinf_for_DOUBLE_with_zero_len_data_no_NAs_with_Inf_with_na.rm_FALSE_def_finite_TRUE_"/>
    <testcase time="0.00500000000000966" classname="utils" name="range_noinf_for_DOUBLE_with_zero_len_data_no_NAs_with_Inf_with_na.rm_TRUE_finite_TRUE_"/>
    <testcase time="0.0189999999999912" classname="utils" name="range_noinf_for_DOUBLE_with_zero_len_data_no_NAs_with_Inf_with_na.rm_TRUE_finite_TRUE_"/>
    <testcase time="0.00500000000000966" classname="utils" name="range_noinf_for_DOUBLE_with_zero_len_data_with_NAs_no_Inf_and_with_default_options"/>
    <testcase time="0.0189999999999912" classname="utils" name="range_noinf_for_DOUBLE_with_zero_len_data_with_NAs_no_Inf_and_with_default_options"/>
    <testcase time="0.00499999999999545" classname="utils" name="range_noinf_for_DOUBLE_with_zero_len_data_with_NAs_no_Inf_with_na.rm_TRUE_finite_FALSE_def_"/>
    <testcase time="0.0190000000000055" classname="utils" name="range_noinf_for_DOUBLE_with_zero_len_data_with_NAs_no_Inf_with_na.rm_TRUE_finite_FALSE_def_"/>
    <testcase time="0.00499999999999545" classname="utils" name="range_noinf_for_DOUBLE_with_zero_len_data_with_NAs_no_Inf_with_na.rm_FALSE_def_finite_TRUE_"/>
    <testcase time="0.0190000000000055" classname="utils" name="range_noinf_for_DOUBLE_with_zero_len_data_with_NAs_no_Inf_with_na.rm_FALSE_def_finite_TRUE_"/>
    <testcase time="0.00600000000000023" classname="utils" name="range_noinf_for_DOUBLE_with_zero_len_data_with_NAs_no_Inf_with_na.rm_TRUE_finite_TRUE_"/>
    <testcase time="0.0190000000000055" classname="utils" name="range_noinf_for_DOUBLE_with_zero_len_data_with_NAs_no_Inf_with_na.rm_TRUE_finite_TRUE_"/>
    <testcase time="0.00499999999999545" classname="utils" name="range_noinf_for_DOUBLE_with_zero_len_data_with_NAs_with_Inf_and_with_default_options"/>
    <testcase time="0.019999999999996" classname="utils" name="range_noinf_for_DOUBLE_with_zero_len_data_with_NAs_with_Inf_and_with_default_options"/>
    <testcase time="0.00500000000000966" classname="utils" name="range_noinf_for_DOUBLE_with_zero_len_data_with_NAs_with_Inf_with_na.rm_TRUE_finite_FALSE_def_"/>
    <testcase time="0.0189999999999912" classname="utils" name="range_noinf_for_DOUBLE_with_zero_len_data_with_NAs_with_Inf_with_na.rm_TRUE_finite_FALSE_def_"/>
    <testcase time="0.00499999999999545" classname="utils" name="range_noinf_for_DOUBLE_with_zero_len_data_with_NAs_with_Inf_with_na.rm_FALSE_def_finite_TRUE_"/>
    <testcase time="0.0200000000000102" classname="utils" name="range_noinf_for_DOUBLE_with_zero_len_data_with_NAs_with_Inf_with_na.rm_FALSE_def_finite_TRUE_"/>
    <testcase time="0.00499999999999545" classname="utils" name="range_noinf_for_DOUBLE_with_zero_len_data_with_NAs_with_Inf_with_na.rm_TRUE_finite_TRUE_"/>
    <testcase time="0.0190000000000055" classname="utils" name="range_noinf_for_DOUBLE_with_zero_len_data_with_NAs_with_Inf_with_na.rm_TRUE_finite_TRUE_"/>
  </testsuite>
  <testsuite name="utils_checkmate" timestamp="2024-09-16T10:24:53Z" hostname="64234e8771a2" tests="42" skipped="0" failures="0" errors="0" time="0.195">
    <testcase time="0.0169999999999959" classname="utils_checkmate" name="assert_list_of_variables_is_silent_with_healthy_input"/>
    <testcase time="0.00199999999999534" classname="utils_checkmate" name="assert_list_of_variables_is_silent_with_healthy_input"/>
    <testcase time="0.00200000000000955" classname="utils_checkmate" name="assert_list_of_variables_is_silent_with_healthy_input"/>
    <testcase time="0.0109999999999957" classname="utils_checkmate" name="assert_list_of_variables_fails_with_wrong_input"/>
    <testcase time="0.00499999999999545" classname="utils_checkmate" name="assert_list_of_variables_fails_with_wrong_input"/>
    <testcase time="0.00500000000000966" classname="utils_checkmate" name="assert_list_of_variables_fails_with_wrong_input"/>
    <testcase time="0.00399999999999068" classname="utils_checkmate" name="assert_list_of_variables_fails_with_wrong_input"/>
    <testcase time="0.00500000000000966" classname="utils_checkmate" name="assert_df_with_variables_is_silent_with_healthy_input"/>
    <testcase time="0.00199999999999534" classname="utils_checkmate" name="assert_df_with_variables_is_silent_with_healthy_input"/>
    <testcase time="0.00199999999999534" classname="utils_checkmate" name="assert_df_with_variables_is_silent_with_healthy_input"/>
    <testcase time="0.00800000000000978" classname="utils_checkmate" name="assert_df_with_variables_fails_with_wrong_input"/>
    <testcase time="0.00399999999999068" classname="utils_checkmate" name="assert_df_with_variables_fails_with_wrong_input"/>
    <testcase time="0.00500000000000966" classname="utils_checkmate" name="assert_df_with_variables_fails_with_wrong_input"/>
    <testcase time="0.00399999999999068" classname="utils_checkmate" name="assert_df_with_variables_fails_with_wrong_input"/>
    <testcase time="0.00499999999999545" classname="utils_checkmate" name="assert_df_with_variables_fails_with_wrong_input"/>
    <testcase time="0.00400000000000489" classname="utils_checkmate" name="assert_valid_factor_is_silent_with_healthy_input"/>
    <testcase time="0.00199999999999534" classname="utils_checkmate" name="assert_valid_factor_is_silent_with_healthy_input"/>
    <testcase time="0.007000000000005" classname="utils_checkmate" name="assert_valid_factor_fails_with_wrong_input"/>
    <testcase time="0.00499999999999545" classname="utils_checkmate" name="assert_valid_factor_fails_with_wrong_input"/>
    <testcase time="0.00400000000000489" classname="utils_checkmate" name="assert_valid_factor_fails_with_wrong_input"/>
    <testcase time="0.00400000000000489" classname="utils_checkmate" name="assert_valid_factor_fails_with_wrong_input"/>
    <testcase time="0.00499999999999545" classname="utils_checkmate" name="assert_df_with_factors_is_silent_with_healthy_input"/>
    <testcase time="0.00199999999999534" classname="utils_checkmate" name="assert_df_with_factors_is_silent_with_healthy_input"/>
    <testcase time="0.00200000000000955" classname="utils_checkmate" name="assert_df_with_factors_is_silent_with_healthy_input"/>
    <testcase time="0.00199999999999534" classname="utils_checkmate" name="assert_df_with_factors_is_silent_with_healthy_input"/>
    <testcase time="0.00900000000000034" classname="utils_checkmate" name="assert_df_with_factors_fails_with_wrong_input"/>
    <testcase time="0.00400000000000489" classname="utils_checkmate" name="assert_df_with_factors_fails_with_wrong_input"/>
    <testcase time="0.00499999999999545" classname="utils_checkmate" name="assert_df_with_factors_fails_with_wrong_input"/>
    <testcase time="0.00499999999999545" classname="utils_checkmate" name="assert_df_with_factors_fails_with_wrong_input"/>
    <testcase time="0.00500000000000966" classname="utils_checkmate" name="assert_df_with_factors_fails_with_wrong_input"/>
    <testcase time="0.00499999999999545" classname="utils_checkmate" name="assert_df_with_factors_fails_with_wrong_input"/>
    <testcase time="0.00400000000000489" classname="utils_checkmate" name="assert_df_with_factors_fails_with_wrong_input"/>
    <testcase time="0.00499999999999545" classname="utils_checkmate" name="assert_df_with_factors_fails_with_wrong_input"/>
    <testcase time="0.00499999999999545" classname="utils_checkmate" name="assert_proportion_value_is_silent_with_healthy_input"/>
    <testcase time="0.00100000000000477" classname="utils_checkmate" name="assert_proportion_value_is_silent_with_healthy_input"/>
    <testcase time="0.00199999999999534" classname="utils_checkmate" name="assert_proportion_value_is_silent_with_healthy_input"/>
    <testcase time="0.00100000000000477" classname="utils_checkmate" name="assert_proportion_value_is_silent_with_healthy_input"/>
    <testcase time="0.00799999999999557" classname="utils_checkmate" name="assert_proportion_value_fails_with_wrong_input"/>
    <testcase time="0.00400000000000489" classname="utils_checkmate" name="assert_proportion_value_fails_with_wrong_input"/>
    <testcase time="0.00499999999999545" classname="utils_checkmate" name="assert_proportion_value_fails_with_wrong_input"/>
    <testcase time="0.00400000000000489" classname="utils_checkmate" name="assert_proportion_value_fails_with_wrong_input"/>
    <testcase time="0.00499999999999545" classname="utils_checkmate" name="assert_proportion_value_fails_with_wrong_input"/>
  </testsuite>
  <testsuite name="utils_default_stats_formats_labels" timestamp="2024-09-16T10:24:53Z" hostname="64234e8771a2" tests="56" skipped="0" failures="3" errors="0" time="0.477">
    <testcase time="0.00900000000000034" classname="utils_default_stats_formats_labels" name="get_stats_works_as_expected_for_defaults"/>
    <testcase time="0.019999999999996" classname="utils_default_stats_formats_labels" name="get_stats_works_as_expected_for_defaults"/>
    <testcase time="0.00100000000000477" classname="utils_default_stats_formats_labels" name="get_stats_works_as_expected_for_defaults"/>
    <testcase time="0.0190000000000055" classname="utils_default_stats_formats_labels" name="get_stats_works_as_expected_for_defaults"/>
    <testcase time="0.00199999999999534" classname="utils_default_stats_formats_labels" name="get_stats_works_as_expected_for_defaults"/>
    <testcase time="0.0259999999999962" classname="utils_default_stats_formats_labels" name="get_stats_works_as_expected_for_defaults"/>
    <testcase time="0.00300000000000011" classname="utils_default_stats_formats_labels" name="get_stats_works_as_expected_for_defaults"/>
    <testcase time="0.0330000000000013" classname="utils_default_stats_formats_labels" name="get_stats_works_as_expected_for_defaults">
      <failure type="failure" message="Snapshot of code has changed: ('test-utils_default_stats_formats_labels.R:14:3')">Snapshot of code has changed:
old vs new
  Code
    res
  Output
-    [1] "n"            "sum"          "mean"         "sd"           "se"          
-    [6] "mean_sd"      "mean_se"      "mean_ci"      "mean_sei"     "mean_sdi"    
-   [11] "mean_pval"    "median"       "mad"          "median_ci"    "quantiles"   
-   [16] "iqr"          "range"        "min"          "max"          "median_range"
-   [21] "cv"           "geom_mean"    "geom_mean_ci" "geom_cv"     
+    [1] "n"              "sum"            "mean"           "sd"            
+    [5] "se"             "mean_sd"        "mean_se"        "mean_ci"       
+    [9] "mean_sei"       "mean_sdi"       "mean_pval"      "median"        
+   [13] "mad"            "median_ci"      "quantiles"      "iqr"           
+   [17] "range"          "min"            "max"            "median_range"  
+   [21] "cv"             "geom_mean"      "geom_mean_ci"   "geom_cv"       
+   [25] "mean_long"      "median_long"    "geom_mean_long"

* Run `testthat::snapshot_accept('utils_default_stats_formats_labels')` to accept the change.
* Run `testthat::snapshot_review('utils_default_stats_formats_labels')` to interactively review the change.</failure>
    </testcase>
    <testcase time="0.0120000000000005" classname="utils_default_stats_formats_labels" name="get_stats_works_as_expected_for_defaults"/>
    <testcase time="0.00300000000000011" classname="utils_default_stats_formats_labels" name="get_stats_works_as_expected_for_defaults"/>
    <testcase time="0.00300000000000011" classname="utils_default_stats_formats_labels" name="get_stats_works_as_expected_for_defaults"/>
    <testcase time="0.00499999999999545" classname="utils_default_stats_formats_labels" name="get_stats_works_well_with_pval"/>
    <testcase time="0.00300000000000011" classname="utils_default_stats_formats_labels" name="get_stats_works_well_with_pval"/>
    <testcase time="0.00300000000000011" classname="utils_default_stats_formats_labels" name="get_stats_works_well_with_pval"/>
    <testcase time="0.00400000000000489" classname="utils_default_stats_formats_labels" name="get_stats_works_well_with_pval"/>
    <testcase time="0.00400000000000489" classname="utils_default_stats_formats_labels" name="get_stats_works_well_with_pval"/>
    <testcase time="0.00499999999999545" classname="utils_default_stats_formats_labels" name="get_stats_works_well_with_pval"/>
    <testcase time="0.00400000000000489" classname="utils_default_stats_formats_labels" name="get_stats_works_as_expected_for_selection_of_stats"/>
    <testcase time="0.00300000000000011" classname="utils_default_stats_formats_labels" name="get_stats_works_as_expected_for_selection_of_stats"/>
    <testcase time="0.00399999999999068" classname="utils_default_stats_formats_labels" name="get_stats_works_as_expected_for_selection_of_stats"/>
    <testcase time="0.00400000000000489" classname="utils_default_stats_formats_labels" name="get_stats_works_as_expected_for_selection_of_stats"/>
    <testcase time="0.00499999999999545" classname="utils_default_stats_formats_labels" name="get_formats_from_stats_works_as_expected"/>
    <testcase time="0.00200000000000955" classname="utils_default_stats_formats_labels" name="get_formats_from_stats_works_as_expected"/>
    <testcase time="0.00300000000000011" classname="utils_default_stats_formats_labels" name="get_formats_from_stats_works_as_expected"/>
    <testcase time="0.00300000000000011" classname="utils_default_stats_formats_labels" name="get_formats_from_stats_works_as_expected"/>
    <testcase time="0.00199999999999534" classname="utils_default_stats_formats_labels" name="get_formats_from_stats_works_as_expected"/>
    <testcase time="0.00300000000000011" classname="utils_default_stats_formats_labels" name="get_formats_from_stats_works_as_expected"/>
    <testcase time="0.00300000000000011" classname="utils_default_stats_formats_labels" name="get_formats_from_stats_works_as_expected"/>
    <testcase time="0.00499999999999545" classname="utils_default_stats_formats_labels" name="get_labels_from_stats_works_as_expected"/>
    <testcase time="0.0200000000000102" classname="utils_default_stats_formats_labels" name="get_labels_from_stats_works_as_expected"/>
    <testcase time="0.00199999999999534" classname="utils_default_stats_formats_labels" name="get_labels_from_stats_works_as_expected"/>
    <testcase time="0.00300000000000011" classname="utils_default_stats_formats_labels" name="get_labels_from_stats_works_as_expected"/>
    <testcase time="0.00300000000000011" classname="utils_default_stats_formats_labels" name="get_labels_from_stats_works_as_expected"/>
    <testcase time="0.00300000000000011" classname="utils_default_stats_formats_labels" name="get_labels_from_stats_works_as_expected"/>
    <testcase time="0.00199999999999534" classname="utils_default_stats_formats_labels" name="get_labels_from_stats_works_as_expected"/>
    <testcase time="0.00199999999999534" classname="utils_default_stats_formats_labels" name="get_labels_from_stats_works_as_expected"/>
    <testcase time="0.00500000000000966" classname="utils_default_stats_formats_labels" name="get_indents_from_stats_works_as_expected"/>
    <testcase time="0.0189999999999912" classname="utils_default_stats_formats_labels" name="get_indents_from_stats_works_as_expected"/>
    <testcase time="0.00300000000000011" classname="utils_default_stats_formats_labels" name="get_indents_from_stats_works_as_expected"/>
    <testcase time="0.00300000000000011" classname="utils_default_stats_formats_labels" name="get_indents_from_stats_works_as_expected"/>
    <testcase time="0.00300000000000011" classname="utils_default_stats_formats_labels" name="get_indents_from_stats_works_as_expected"/>
    <testcase time="0.00300000000000011" classname="utils_default_stats_formats_labels" name="get_indents_from_stats_works_as_expected"/>
    <testcase time="0.0229999999999961" classname="utils_default_stats_formats_labels" name="labels_use_control_works_as_expected"/>
    <testcase time="0.0190000000000055" classname="utils_default_stats_formats_labels" name="labels_use_control_works_as_expected"/>
    <testcase time="0.0150000000000006" classname="utils_default_stats_formats_labels" name="summary_formats_works_as_expected"/>
    <testcase time="0.00199999999999534" classname="utils_default_stats_formats_labels" name="summary_formats_works_as_expected"/>
    <testcase time="0.0430000000000064" classname="utils_default_stats_formats_labels" name="summary_formats_works_as_expected">
      <failure type="failure" message="Snapshot of code has changed: ('test-utils_default_stats_formats_labels.R:207:3')">Snapshot of code has changed:
old vs new
  Code
    res
  Output
-                      n                  sum                 mean 
-                  "xx."               "xx.x"               "xx.x" 
-                     sd                   se              mean_sd 
-                 "xx.x"               "xx.x"        "xx.x (xx.x)" 
-                mean_se              mean_ci             mean_sei 
-          "xx.x (xx.x)"     "(xx.xx, xx.xx)"     "(xx.xx, xx.xx)" 
-               mean_sdi            mean_pval               median 
-       "(xx.xx, xx.xx)" "x.xxxx | (&lt;0.0001)"               "xx.x" 
-                    mad            median_ci            quantiles 
-                 "xx.x"     "(xx.xx, xx.xx)"        "xx.x - xx.x" 
-                    iqr                range                  min 
-                 "xx.x"        "xx.x - xx.x"               "xx.x" 
-                    max         median_range                   cv 
-                 "xx.x" "xx.x (xx.x - xx.x)"               "xx.x" 
-              geom_mean         geom_mean_ci              geom_cv 
-                 "xx.x"     "(xx.xx, xx.xx)"               "xx.x" 
+                         n                     sum                    mean 
+                     "xx."                  "xx.x"                  "xx.x" 
+                        sd                      se                 mean_sd 
+                    "xx.x"                  "xx.x"           "xx.x (xx.x)" 
+                   mean_se                 mean_ci                mean_sei 
+             "xx.x (xx.x)"        "(xx.xx, xx.xx)"        "(xx.xx, xx.xx)" 
+                  mean_sdi               mean_pval                  median 
+          "(xx.xx, xx.xx)"    "x.xxxx | (&lt;0.0001)"                  "xx.x" 
+                       mad               median_ci               quantiles 
+                    "xx.x"        "(xx.xx, xx.xx)"           "xx.x - xx.x" 
+                       iqr                   range                     min 
+                    "xx.x"           "xx.x - xx.x"                  "xx.x" 
+                       max            median_range                      cv 
+                    "xx.x"    "xx.x (xx.x - xx.x)"                  "xx.x" 
+                 geom_mean            geom_mean_ci                 geom_cv 
+                    "xx.x"        "(xx.xx, xx.xx)"                  "xx.x" 
+               median_long 
+   "xx.xx (xx.xx - xx.xx)" 

* Run `testthat::snapshot_accept('utils_default_stats_formats_labels')` to accept the change.
* Run `testthat::snapshot_review('utils_default_stats_formats_labels')` to interactively review the change.</failure>
    </testcase>
    <testcase time="0.0180000000000007" classname="utils_default_stats_formats_labels" name="summary_formats_works_as_expected"/>
    <testcase time="0.00300000000000011" classname="utils_default_stats_formats_labels" name="summary_formats_works_as_expected"/>
    <testcase time="0.00300000000000011" classname="utils_default_stats_formats_labels" name="summary_formats_works_as_expected"/>
    <testcase time="0.0139999999999958" classname="utils_default_stats_formats_labels" name="summary_labels_works_as_expected"/>
    <testcase time="0.00199999999999534" classname="utils_default_stats_formats_labels" name="summary_labels_works_as_expected"/>
    <testcase time="0.0280000000000058" classname="utils_default_stats_formats_labels" name="summary_labels_works_as_expected">
      <failure type="failure" message="Snapshot of code has changed: ('test-utils_default_stats_formats_labels.R:217:3')">Snapshot of code has changed:
old[25:27] vs new[25:31]
                               cv                     geom_mean 
                         "CV (%)"              "Geometric Mean" 
                     geom_mean_ci                       geom_cv 
          "Geometric Mean 95% CI"         "CV % Geometric Mean" 
+                       mean_long                   median_long 
+                     "mean_long"             "Median (95% CI)" 
+                  geom_mean_long 
+                "geom_mean_long" 

* Run `testthat::snapshot_accept('utils_default_stats_formats_labels')` to accept the change.
* Run `testthat::snapshot_review('utils_default_stats_formats_labels')` to interactively review the change.</failure>
    </testcase>
    <testcase time="0.0190000000000055" classname="utils_default_stats_formats_labels" name="summary_labels_works_as_expected"/>
    <testcase time="0.00199999999999534" classname="utils_default_stats_formats_labels" name="summary_labels_works_as_expected"/>
    <testcase time="0.0190000000000055" classname="utils_default_stats_formats_labels" name="summary_labels_works_as_expected"/>
  </testsuite>
  <testsuite name="utils_factor" timestamp="2024-09-16T10:24:53Z" hostname="64234e8771a2" tests="47" skipped="0" failures="0" errors="0" time="0.458">
    <testcase time="0.0139999999999958" classname="utils_factor" name="combine_vectors_works_correctly"/>
    <testcase time="0.00799999999999557" classname="utils_factor" name="as_factor_keep_attributes_works_correctly_for_a_character_vector"/>
    <testcase time="0.00100000000000477" classname="utils_factor" name="as_factor_keep_attributes_works_correctly_for_a_character_vector"/>
    <testcase time="0.0189999999999912" classname="utils_factor" name="as_factor_keep_attributes_works_correctly_for_a_character_vector"/>
    <testcase time="0.00800000000000978" classname="utils_factor" name="as_factor_keep_attributes_converts_empty_strings_for_a_character_vector"/>
    <testcase time="0.00199999999999534" classname="utils_factor" name="as_factor_keep_attributes_converts_empty_strings_for_a_character_vector"/>
    <testcase time="0.0190000000000055" classname="utils_factor" name="as_factor_keep_attributes_converts_empty_strings_for_a_character_vector"/>
    <testcase time="0.00799999999999557" classname="utils_factor" name="as_factor_keep_attributes_shows_correct_name_of_vector_in_warning"/>
    <testcase time="0.00499999999999545" classname="utils_factor" name="as_factor_keep_attributes_does_not_modify_a_factor_at_all"/>
    <testcase time="0.00100000000000477" classname="utils_factor" name="as_factor_keep_attributes_does_not_modify_a_factor_at_all"/>
    <testcase time="0.019999999999996" classname="utils_factor" name="as_factor_keep_attributes_does_not_modify_a_factor_at_all"/>
    <testcase time="0.00500000000000966" classname="utils_factor" name="bins_percent_labels_works_as_expected"/>
    <testcase time="0.0319999999999965" classname="utils_factor" name="bins_percent_labels_works_as_expected"/>
    <testcase time="0.00199999999999534" classname="utils_factor" name="bins_percent_labels_works_as_expected"/>
    <testcase time="0.0190000000000055" classname="utils_factor" name="bins_percent_labels_works_as_expected"/>
    <testcase time="0.00199999999999534" classname="utils_factor" name="bins_percent_labels_works_as_expected"/>
    <testcase time="0.0190000000000055" classname="utils_factor" name="bins_percent_labels_works_as_expected"/>
    <testcase time="0.00499999999999545" classname="utils_factor" name="cut_quantile_bins_works_as_expected_with_default_settings"/>
    <testcase time="0.00100000000000477" classname="utils_factor" name="cut_quantile_bins_works_as_expected_with_default_settings"/>
    <testcase time="0.0189999999999912" classname="utils_factor" name="cut_quantile_bins_works_as_expected_with_default_settings"/>
    <testcase time="0.00300000000000011" classname="utils_factor" name="cut_quantile_bins_works_as_expected_with_default_settings"/>
    <testcase time="0.00300000000000011" classname="utils_factor" name="cut_quantile_bins_works_as_expected_with_default_settings"/>
    <testcase time="0.00200000000000955" classname="utils_factor" name="cut_quantile_bins_works_as_expected_with_default_settings"/>
    <testcase time="0.00499999999999545" classname="utils_factor" name="cut_quantile_bins_works_with_custom_quantiles"/>
    <testcase time="0.0190000000000055" classname="utils_factor" name="cut_quantile_bins_works_with_custom_quantiles"/>
    <testcase time="0.00499999999999545" classname="utils_factor" name="cut_quantile_bins_works_with_custom_labels"/>
    <testcase time="0.0190000000000055" classname="utils_factor" name="cut_quantile_bins_works_with_custom_labels"/>
    <testcase time="0.00600000000000023" classname="utils_factor" name="cut_quantile_bins_preserves_NAs_in_result"/>
    <testcase time="0.00499999999999545" classname="utils_factor" name="cut_quantile_bins_also_works_when_there_are_only_NAs"/>
    <testcase time="0.00199999999999534" classname="utils_factor" name="cut_quantile_bins_also_works_when_there_are_only_NAs"/>
    <testcase time="0.0190000000000055" classname="utils_factor" name="cut_quantile_bins_also_works_when_there_are_only_NAs"/>
    <testcase time="0.00199999999999534" classname="utils_factor" name="cut_quantile_bins_also_works_when_there_are_only_NAs"/>
    <testcase time="0.00799999999999557" classname="utils_factor" name="cut_quantile_bins_gives_error_message_if_there_are_duplicate_quantiles"/>
    <testcase time="0.00499999999999545" classname="utils_factor" name="cut_quantile_bins_does_work_also_if_an_empty_probs_vector_is_used"/>
    <testcase time="0.00200000000000955" classname="utils_factor" name="cut_quantile_bins_does_work_also_if_an_empty_probs_vector_is_used"/>
    <testcase time="0.00300000000000011" classname="utils_factor" name="cut_quantile_bins_does_work_also_if_an_empty_probs_vector_is_used"/>
    <testcase time="0.00399999999999068" classname="utils_factor" name="fct_discard_works_as_expected"/>
    <testcase time="0.0200000000000102" classname="utils_factor" name="fct_discard_works_as_expected"/>
    <testcase time="0.00499999999999545" classname="utils_factor" name="fct_explicit_na_if_works_as_expected_with_factor_input"/>
    <testcase time="0.0190000000000055" classname="utils_factor" name="fct_explicit_na_if_works_as_expected_with_factor_input"/>
    <testcase time="0.00600000000000023" classname="utils_factor" name="fct_collapse_only_works_as_expected"/>
    <testcase time="0.0300000000000011" classname="utils_factor" name="fct_collapse_only_works_as_expected"/>
    <testcase time="0.00599999999998602" classname="utils_factor" name="fct_collapse_only_uses_the_customized_na_level_as_expected"/>
    <testcase time="0.0200000000000102" classname="utils_factor" name="fct_collapse_only_uses_the_customized_na_level_as_expected"/>
    <testcase time="0.00499999999999545" classname="utils_factor" name="fct_collapse_only_works_as_expected_with_character_input"/>
    <testcase time="0.0180000000000007" classname="utils_factor" name="fct_collapse_only_works_as_expected_with_character_input"/>
    <testcase time="0.00799999999999557" classname="utils_factor" name="fct_collapse_only_gives_comprehensible_error_when_.na_level_is_contained_in_new_levels"/>
  </testsuite>
  <testsuite name="utils_ggplot" timestamp="2024-09-16T10:24:54Z" hostname="64234e8771a2" tests="6" skipped="3" failures="0" errors="0" time="0.476">
    <testcase time="0.179000000000002" classname="utils_ggplot" name="rtable2gg_works_as_expected"/>
    <testcase time="0.00100000000000477" classname="utils_ggplot" name="rtable2gg_works_as_expected">
      <skipped message="Reason: On CI ('test-utils_ggplot.R:19:3')"/>
    </testcase>
    <testcase time="0.266999999999996" classname="utils_ggplot" name="rtable2gg_works_with_multiple_column_splits"/>
    <testcase time="0.00100000000000477" classname="utils_ggplot" name="rtable2gg_works_with_multiple_column_splits">
      <skipped message="Reason: On CI ('test-utils_ggplot.R:53:3')"/>
    </testcase>
    <testcase time="0.027000000000001" classname="utils_ggplot" name="df2gg_works_as_expected"/>
    <testcase time="0.000999999999990564" classname="utils_ggplot" name="df2gg_works_as_expected">
      <skipped message="Reason: On CI ('test-utils_ggplot.R:59:3')"/>
    </testcase>
  </testsuite>
  <testsuite name="utils_grid" timestamp="2024-09-16T10:24:54Z" hostname="64234e8771a2" tests="8" skipped="0" failures="0" errors="0" time="0.202">
    <testcase time="0.0320000000000107" classname="utils_grid" name="stack_grobs_works_with_default_settings"/>
    <testcase time="0.0150000000000006" classname="utils_grid" name="stack_grobs_works_with_a_single_grob"/>
    <testcase time="0.0319999999999965" classname="utils_grid" name="arrange_grobs_works_with_default_settings"/>
    <testcase time="0.0229999999999961" classname="utils_grid" name="arrange_grobs_works_with_multiple_dimensions"/>
    <testcase time="0.0319999999999965" classname="utils_grid" name="arrange_grobs_works_with_a_single_column"/>
    <testcase time="0.0330000000000013" classname="utils_grid" name="arrange_grobs_returns_error_when_invalid_dimensions_are_given"/>
    <testcase time="0.0190000000000055" classname="utils_grid" name="arrange_grobs_works_with_a_single_grob"/>
    <testcase time="0.0160000000000053" classname="utils_grid" name="draw_grob_works_with_viewport_specified"/>
  </testsuite>
  <testsuite name="utils_rtables" timestamp="2024-09-16T10:24:55Z" hostname="64234e8771a2" tests="59" skipped="0" failures="0" errors="0" time="4.171">
    <testcase time="0.555999999999997" classname="utils_rtables" name="to_string_matrix_works_correctly"/>
    <testcase time="0.0210000000000008" classname="utils_rtables" name="to_string_matrix_works_correctly"/>
    <testcase time="0.10499999999999" classname="utils_rtables" name="to_string_matrix_works_correctly"/>
    <testcase time="0.0200000000000102" classname="utils_rtables" name="to_string_matrix_works_correctly"/>
    <testcase time="0.0699999999999932" classname="utils_rtables" name="to_string_matrix_works_correctly"/>
    <testcase time="0.019999999999996" classname="utils_rtables" name="to_string_matrix_works_correctly"/>
    <testcase time="0.0990000000000038" classname="utils_rtables" name="to_string_matrix_works_correctly"/>
    <testcase time="0.0249999999999915" classname="utils_rtables" name="to_string_matrix_works_correctly"/>
    <testcase time="0.00500000000000966" classname="utils_rtables" name="unlist_and_blank_na_works_as_expected_if_not_all_missing"/>
    <testcase time="0.0189999999999912" classname="utils_rtables" name="unlist_and_blank_na_works_as_expected_if_not_all_missing"/>
    <testcase time="0.00400000000000489" classname="utils_rtables" name="unlist_and_blank_na_works_as_expected_if_all_missing"/>
    <testcase time="0.019999999999996" classname="utils_rtables" name="unlist_and_blank_na_works_as_expected_if_all_missing"/>
    <testcase time="0.00400000000000489" classname="utils_rtables" name="cfun_by_flag_works_as_expected"/>
    <testcase time="0.00199999999999534" classname="utils_rtables" name="cfun_by_flag_works_as_expected"/>
    <testcase time="0.0190000000000055" classname="utils_rtables" name="cfun_by_flag_works_as_expected"/>
    <testcase time="0.00499999999999545" classname="utils_rtables" name="labels_or_names_works_correctly"/>
    <testcase time="0.0190000000000055" classname="utils_rtables" name="labels_or_names_works_correctly"/>
    <testcase time="0.00199999999999534" classname="utils_rtables" name="labels_or_names_works_correctly"/>
    <testcase time="0.0190000000000055" classname="utils_rtables" name="labels_or_names_works_correctly"/>
    <testcase time="0.00100000000000477" classname="utils_rtables" name="labels_or_names_works_correctly"/>
    <testcase time="0.019999999999996" classname="utils_rtables" name="labels_or_names_works_correctly"/>
    <testcase time="0.00100000000000477" classname="utils_rtables" name="labels_or_names_works_correctly"/>
    <testcase time="0.0190000000000055" classname="utils_rtables" name="labels_or_names_works_correctly"/>
    <testcase time="0.00600000000000023" classname="utils_rtables" name="c_label_n_works_as_expected"/>
    <testcase time="0.019999999999996" classname="utils_rtables" name="c_label_n_works_as_expected"/>
    <testcase time="0.00499999999999545" classname="utils_rtables" name="c_label_n_alt_works_as_expected"/>
    <testcase time="0.0200000000000102" classname="utils_rtables" name="c_label_n_alt_works_as_expected"/>
    <testcase time="0.0559999999999974" classname="utils_rtables" name="add_rowcounts_works_with_one_row_split"/>
    <testcase time="0.039999999999992" classname="utils_rtables" name="add_rowcounts_works_with_one_row_split"/>
    <testcase time="1.205" classname="utils_rtables" name="add_rowcounts_works_with_multiple_column_and_row_splits"/>
    <testcase time="0.356999999999999" classname="utils_rtables" name="add_rowcounts_works_with_multiple_column_and_row_splits"/>
    <testcase time="0.106000000000009" classname="utils_rtables" name="add_rowcounts_works_with_pruning"/>
    <testcase time="0.0829999999999984" classname="utils_rtables" name="add_rowcounts_works_with_pruning"/>
    <testcase time="0.070999999999998" classname="utils_rtables" name="add_rowcounts_works_with_pruning"/>
    <testcase time="0.0580000000000069" classname="utils_rtables" name="add_rowcounts_works_with_pruning"/>
    <testcase time="0.125999999999991" classname="utils_rtables" name="add_rowcounts_works_with_alt_counts_TRUE"/>
    <testcase time="0.0700000000000074" classname="utils_rtables" name="add_rowcounts_works_with_alt_counts_TRUE"/>
    <testcase time="0.0259999999999962" classname="utils_rtables" name="h_col_indices_works_as_expected"/>
    <testcase time="0.0190000000000055" classname="utils_rtables" name="h_col_indices_works_as_expected"/>
    <testcase time="0.0229999999999961" classname="utils_rtables" name="as.rtable.data.frame_works_correctly"/>
    <testcase time="0.0810000000000031" classname="utils_rtables" name="as.rtable.data.frame_works_correctly"/>
    <testcase time="0.00900000000000034" classname="utils_rtables" name="as.rtable.data.frame_fails_when_a_column_is_not_numeric"/>
    <testcase time="0.0240000000000009" classname="utils_rtables" name="as.rtable.data.frame_uses_variable_labels_for_column_headers_when_they_are_available"/>
    <testcase time="0.0189999999999912" classname="utils_rtables" name="as.rtable.data.frame_uses_variable_labels_for_column_headers_when_they_are_available"/>
    <testcase time="0.00500000000000966" classname="utils_rtables" name="h_split_param_divides_param_values"/>
    <testcase time="0.019999999999996" classname="utils_rtables" name="h_split_param_divides_param_values"/>
    <testcase time="0.000999999999990564" classname="utils_rtables" name="h_split_param_divides_param_values"/>
    <testcase time="0.0200000000000102" classname="utils_rtables" name="h_split_param_divides_param_values"/>
    <testcase time="0.00499999999999545" classname="utils_rtables" name="afun_selected_stats_works_for_NULL_input"/>
    <testcase time="0.019999999999996" classname="utils_rtables" name="afun_selected_stats_works_for_NULL_input"/>
    <testcase time="0.00500000000000966" classname="utils_rtables" name="afun_selected_stats_works_for_character_input"/>
    <testcase time="0.0189999999999912" classname="utils_rtables" name="afun_selected_stats_works_for_character_input"/>
    <testcase time="0.111000000000004" classname="utils_rtables" name="append_varlabels_works_as_expected"/>
    <testcase time="0.070999999999998" classname="utils_rtables" name="append_varlabels_works_as_expected"/>
    <testcase time="0.0870000000000033" classname="utils_rtables" name="append_varlabels_correctly_concatenates_multiple_variable_labels"/>
    <testcase time="0.0829999999999984" classname="utils_rtables" name="append_varlabels_correctly_concatenates_multiple_variable_labels"/>
    <testcase time="0.131" classname="utils_rtables" name="default_na_str_works_properly"/>
    <testcase time="0.0390000000000015" classname="utils_rtables" name="default_na_str_works_properly"/>
    <testcase time="0.0549999999999926" classname="utils_rtables" name="default_na_str_works_properly"/>
  </testsuite>
  <testsuite name="utils_split_fun" timestamp="2024-09-16T10:24:59Z" hostname="64234e8771a2" tests="19" skipped="0" failures="0" errors="0" time="1.37">
    <testcase time="0.0230000000000103" classname="utils_split_fun" name="ref_group_position_last_split_fun_gives_error_when_ref_group_is_undefined"/>
    <testcase time="0.0769999999999982" classname="utils_split_fun" name="analyze_vars_works_as_expected_with_ref_group_position_last_split_fun"/>
    <testcase time="0.00300000000000011" classname="utils_split_fun" name="analyze_vars_works_as_expected_with_ref_group_position_last_split_fun"/>
    <testcase time="0.0900000000000034" classname="utils_split_fun" name="analyze_vars_works_as_expected_with_ref_group_position_last_split_fun"/>
    <testcase time="0.0719999999999885" classname="utils_split_fun" name="analyze_vars_works_as_expected_with_ref_group_position_last_split_fun"/>
    <testcase time="0.0600000000000023" classname="utils_split_fun" name="compare_vars_works_as_expected_with_ref_group_first_split_fun"/>
    <testcase time="0.00300000000000011" classname="utils_split_fun" name="compare_vars_works_as_expected_with_ref_group_first_split_fun"/>
    <testcase time="0.0720000000000027" classname="utils_split_fun" name="compare_vars_works_as_expected_with_ref_group_first_split_fun"/>
    <testcase time="0.135999999999996" classname="utils_split_fun" name="summarize_ancova_works_as_expected_with_ref_group_position_split_fun"/>
    <testcase time="0.00300000000000011" classname="utils_split_fun" name="summarize_ancova_works_as_expected_with_ref_group_position_split_fun"/>
    <testcase time="0.0589999999999975" classname="utils_split_fun" name="summarize_ancova_works_as_expected_with_ref_group_position_split_fun"/>
    <testcase time="0.111000000000004" classname="utils_split_fun" name="binary_endpoint_layouts_work_as_expected_with_ref_group_position_last_split_fun"/>
    <testcase time="0.00400000000000489" classname="utils_split_fun" name="binary_endpoint_layouts_work_as_expected_with_ref_group_position_last_split_fun"/>
    <testcase time="0.0649999999999977" classname="utils_split_fun" name="binary_endpoint_layouts_work_as_expected_with_ref_group_position_last_split_fun"/>
    <testcase time="0.141000000000005" classname="utils_split_fun" name="time_to_event_layouts_works_as_expected_with_ref_group_position_last_split_fun"/>
    <testcase time="0.0949999999999989" classname="utils_split_fun" name="time_to_event_layouts_works_as_expected_with_ref_group_position_last_split_fun"/>
    <testcase time="0.137999999999991" classname="utils_split_fun" name="summarize_ancova_works_as_expected_with_ref_group_position_last_split_fun"/>
    <testcase time="0.054000000000002" classname="utils_split_fun" name="summarize_ancova_works_as_expected_with_ref_group_position_last_split_fun"/>
    <testcase time="0.164000000000001" classname="utils_split_fun" name="level_order_works_for_integerish_and_characters"/>
  </testsuite>
</testsuites>
